
#perform minimization with the stopping tolerance in energy, force, max number of force and energy evealuations
minimize  1e-35 1e-35 500000 1000000
WARNING: Resetting reneighboring criteria during minimization (../min.cpp:168)
Neighbor list info ...
  1 neighbor list requests
  update every 1 steps, delay 0 steps, check yes
  max neighbors/atom: 2000, page size: 100000
  master list distance cutoff = 14
  ghost atom cutoff = 14
  binsize = 7 -> bins = 10 10 10
Memory usage per processor = 3.83066 Mbytes
Step PotEng Time Lx Ly Press Density Pxx Pyy c_eatoms 
       0   -13513.105            0         64.9         64.9   -1775.3447    2.8071313   -1795.6364   -1765.2483   -13513.105 
       1   -13543.667            1      64.8351      64.8351   -1745.0882    2.8155696   -1765.4408   -1734.9614   -13543.667 
       2   -13573.829            2      64.7702      64.7702   -1713.7675    2.8240417   -1734.1814   -1703.6103   -13573.829 
       3   -13603.581            3      64.7053      64.7053   -1681.3584    2.8325479   -1701.8338   -1671.1706   -13603.581 
       4    -13632.91            4      64.6404      64.6404   -1647.8363    2.8410882   -1668.3734   -1637.6178    -13632.91 
       5   -13661.805            5      64.5755      64.5755   -1613.1757    2.8496629   -1633.7748   -1602.9264   -13661.805 
       6   -13690.254            6      64.5106      64.5106    -1577.351    2.8582722   -1598.0123   -1567.0707   -13690.254 
       7   -13718.244            7      64.4457      64.4457   -1540.3357    2.8669161   -1561.0595   -1530.0243   -13718.244 
       8   -13745.764            8      64.3808      64.3808    -1502.103     2.875595   -1522.8895   -1491.7603   -13745.764 
       9   -13772.801            9      64.3159      64.3159   -1462.6254    2.8843089   -1483.4749   -1452.2514   -13772.801 
      10   -13799.342           10       64.251       64.251   -1421.8748    2.8930581   -1442.7876   -1411.4693   -13799.342 
      11   -13825.373           11      64.1861      64.1861   -1379.8226    2.9018426   -1400.7989   -1369.3856   -13825.373 
      12   -13850.882           12      64.1212      64.1212   -1336.4397    2.9106628   -1357.4798    -1325.971   -13850.882 
      13   -13875.855           13      64.0563      64.0563   -1291.6962    2.9195188   -1312.8002   -1281.1956   -13875.855 
      14   -13900.277           14      63.9914      63.9914   -1245.5616    2.9284107   -1266.7299    -1235.029   -13900.277 
      15   -13924.136           15      63.9265      63.9265   -1198.0048    2.9373388   -1219.2376     -1187.44   -13924.136 
      16   -13947.415           16      63.8616      63.8616    -1148.994    2.9463032   -1170.2917   -1138.3971   -13947.415 
      17   -13970.102           17      63.7967      63.7967   -1098.4969    2.9553041   -1119.8597   -1087.8676   -13970.102 
      18    -13992.18           18      63.7318      63.7318   -1046.4804    2.9643418   -1067.9085   -1035.8186    -13992.18 
      19   -14013.634           19      63.6669      63.6669   -992.91065    2.9734163   -1014.4043   -982.21618   -14013.634 
      20    -14034.45           20       63.602       63.602   -937.75317    2.9825278   -959.31269   -927.02593    -14034.45 
      21    -14054.61           21      63.5371      63.5371   -880.97275    2.9916767    -902.5984    -870.2126    -14054.61 
      22     -14074.1           22      63.4722      63.4722   -822.53344     3.000863   -844.22549   -811.74025     -14074.1 
      23   -14092.902           23      63.4073      63.4073   -762.39852     3.010087   -784.15725   -751.57215   -14092.902 
      24       -14111           24      63.3424      63.3424   -700.53051    3.0193488   -722.35619   -689.67083       -14111 
      25   -14128.376           25      63.2775      63.2775   -636.89116    3.0286486   -658.78406   -625.99803   -14128.376 
      26   -14145.014           26      63.2126      63.2126   -571.44139    3.0379867    -593.4018   -560.51468   -14145.014 
      27   -14160.896           27      63.1477      63.1477   -504.14133    3.0473632   -526.16952   -493.18089   -14160.896 
      28   -14176.003           28      63.0828      63.0828   -434.95025    3.0567783    -457.0465   -423.95595   -14176.003 
      29   -14190.318           29      63.0179      63.0179   -363.82658    3.0662322   -385.99116   -352.79828   -14190.318 
      30   -14203.821           30       62.953       62.953   -290.72787    3.0757252   -312.96108   -279.66543   -14203.821 
      31   -14216.494           31      62.8881      62.8881    -215.6108    3.0852574   -237.91291   -204.51406   -14216.494 
      32   -14228.316           32      62.8232      62.8232    -138.4311     3.094829    -160.8024   -127.29994   -14228.316 
      33   -14239.269           33      62.7583      62.7583    -59.14362    3.1044403   -81.584395   -47.977894   -14239.269 
      34   -14249.332           34      62.6934      62.6934    22.297769    3.1140914   -0.2127699    33.498208   -14249.332 
      35   -14258.485           35      62.6285      62.6285    105.94015    3.1237825    83.359562    117.17545   -14258.485 
      36   -14266.706           36      62.5636      62.5636    191.83161    3.1335139    169.18067    203.10191   -14266.706 
      37   -14273.974           37      62.4987      62.4987    280.02122    3.1432858    257.29965    291.32667   -14273.974 
      38   -14280.269           38      62.4338      62.4338    370.55911    3.1530984     347.7666    381.89984   -14280.269 
      39   -14285.566           39      62.3689      62.3689    463.49643    3.1629518     440.6327    474.87261   -14285.566 
      40   -14289.845           40       62.304       62.304    558.88544    3.1728463    535.95018     570.2972   -14289.845 
      41   -14293.082           41      62.2391      62.2391    656.77947    3.1827821    633.77239    668.22696   -14293.082 
      42   -14393.648           42      62.1742      62.1742     701.1346    3.1927595     678.0554    712.61798   -14393.648 
      43   -14395.348           43      62.1093      62.1093    803.67398    3.2027786    780.52236     815.1934   -14395.348 
      44   -14395.939           44      62.0444      62.0444    908.87968    3.2128397    885.65533    920.43529   -14395.939 
      45    -14395.94           45    62.042162    62.042162    912.55527    3.2131873    889.32841    924.11213    -14395.94 
      46    -14395.94           46    62.042139    62.042139    912.59406     3.213191    889.36717    924.15093    -14395.94 
      47    -14395.94           47    62.042138    62.042138    912.59448     3.213191    889.36759    924.15135    -14395.94 
      48    -14395.94           48    62.042138    62.042138    912.59449     3.213191     889.3676    924.15136    -14395.94 
      49    -14395.94           49    62.042138    62.042138    912.59449     3.213191     889.3676    924.15136    -14395.94 
      50    -14395.94           50    62.042138    62.042138    912.59449     3.213191     889.3676    924.15136    -14395.94 
      51    -14395.94           51    62.042138    62.042138    912.59449     3.213191     889.3676    924.15136    -14395.94 
      52    -14395.94           52    62.042138    62.042138    912.59449     3.213191     889.3676    924.15136    -14395.94 
      53    -14395.94           53    62.042138    62.042138    912.59449     3.213191     889.3676    924.15136    -14395.94 
      54    -14395.94           54    62.042138    62.042138    912.59449     3.213191     889.3676    924.15136    -14395.94 
      55    -14395.94           55    62.042138    62.042138    912.59449     3.213191     889.3676    924.15136    -14395.94 
Loop time of 0.48507 on 4 procs for 55 steps with 5324 atoms

99.8% CPU use with 4 MPI tasks x no OpenMP threads

Minimization stats:
  Stopping criterion = energy tolerance
  Energy initial, next-to-last, final = 
        -13513.1053263       -14396.44338       -14396.44338
  Force two-norm initial, final = 30770 1.15931e-10
  Force max component initial, final = 30770 1.15213e-10
  Final line search alpha, max atom move = 1 1.15213e-10
  Iterations, force evaluations = 55 66

MPI task timing breakdown:
Section |  min time  |  avg time  |  max time  |%varavg| %total
---------------------------------------------------------------
Pair    | 0.32887    | 0.3608     | 0.3938     |   3.8 | 74.38
Neigh   | 0.032039   | 0.036259   | 0.040491   |   1.6 |  7.48
Comm    | 0.024289   | 0.061391   | 0.097427   |  10.5 | 12.66
Output  | 0.0061018  | 0.0061836  | 0.0063529  |   0.1 |  1.27
Modify  | 0          | 0          | 0          |   0.0 |  0.00
Other   |            | 0.02044    |            |       |  4.21

Nlocal:    1331 ave 1584 max 1100 min
Histogram: 1 0 0 0 2 0 0 0 0 1
Nghost:    4869 ave 5100 max 4616 min
Histogram: 1 0 0 0 0 2 0 0 0 1
Neighs:    165044 ave 196416 max 136400 min
Histogram: 1 0 0 0 2 0 0 0 0 1

Total # of neighbors = 660176
Ave neighs/atom = 124
Neighbor list builds = 5
Dangerous builds = 0

### Print variables and properties of interest ################################
variable   natoms equal "count(all)"
variable   teng equal "c_eatoms"
variable   length equal "lx"
variable   ecoh equal "v_teng/v_natoms"

print   "Total energy (eV) = ${teng};"
Total energy (eV) = -14395.9395739605;
print   "Number of atoms = ${natoms};"
Number of atoms = 5324;
print   "Box length (Angstroms) = ${length};"
Box length (Angstroms) = 62.0421384751216;
print   "Cohesive energy (eV) = ${ecoh};"
Cohesive energy (eV) = -2.70397061870032;








reset_timestep 0

thermo 5
# specify the thermodynamics to calculate and show as output
thermo_style custom step time lx ly lz press density pxx pyy pzz pe temp pe ke etotal

# dump command for writing the trajectories for every N=250 steps
dump 1 all atom 100 ./dump/CV/equi_*.atom

# Run for the simulation for desired amount of timesteps until equilibration
log ./logfiles/CV/equi.log
