run 20000
Neighbor list info ...
  1 neighbor list requests
  update every 1 steps, delay 10 steps, check yes
  max neighbors/atom: 2000, page size: 100000
  master list distance cutoff = 14
  ghost atom cutoff = 14
  binsize = 7 -> bins = 86 86 86
Memory usage per processor = 4.37871 Mbytes
Step Time Lx Ly Lz Press Density Pxx Pyy Pzz PotEng Temp PotEng KinEng TotEng 
       0            0      600.974      600.974      600.974    1.0029861 0.0035353285   0.97743061    1.0157016    1.0158261            0       300.15            0    4762.4356    4762.4356 
      50          500      600.974      600.974      600.974    1.0029861 0.0035353285   0.97743061    1.0157016    1.0158261            0       300.15            0    4762.4356    4762.4356 
     100         1000      600.974      600.974      600.974    1.0029861 0.0035353285   0.97743061    1.0157016    1.0158261            0       300.15            0    4762.4356    4762.4356 
     150         1500      600.974      600.974      600.974    1.0029861 0.0035353285   0.97743061    1.0157016    1.0158261            0       300.15            0    4762.4356    4762.4356 
     200         2000      600.974      600.974      600.974    1.0029861 0.0035353285   0.97743061    1.0157016    1.0158261            0       300.15            0    4762.4356    4762.4356 
     250         2500      600.974      600.974      600.974    1.0029861 0.0035353285   0.97743061    1.0157016    1.0158261            0       300.15            0    4762.4356    4762.4356 
     300         3000      600.974      600.974      600.974    1.0029861 0.0035353285   0.97743061    1.0157016    1.0158261            0       300.15            0    4762.4356    4762.4356 
     350         3500      600.974      600.974      600.974    1.0029861 0.0035353285   0.97743061    1.0157016    1.0158261            0       300.15            0    4762.4356    4762.4356 
     400         4000      600.974      600.974      600.974    1.0029711 0.0035353285   0.97741111    1.0156896    1.0158127 -0.027029596    300.15063 -0.027029596    4762.4455    4762.4185 
     450         4500      600.974      600.974      600.974    1.0028546 0.0035353285   0.97726633    1.0156172    1.0156803   -0.2632711    300.15976   -0.2632711    4762.5905    4762.3273 
     500         5000      600.974      600.974      600.974    1.0022432 0.0035353285   0.97633326    1.0151435     1.015253   -2.3113863    300.23299   -2.3113863    4763.7525    4761.4411 
     550         5500      600.974      600.974      600.974    1.0026293 0.0035353285   0.97350597    1.0123616    1.0220203   -5.4702836    300.15844   -5.4702836    4762.5695    4757.0992 
     600         6000      600.974      600.974      600.974    1.0015329 0.0035353285    0.9729834    1.0102503    1.0213649   -7.8041309    299.92305   -7.8041309    4758.8347    4751.0306 
     650         6500      600.974      600.974      600.974    1.0033604 0.0035353285    0.9697685    1.0159122    1.0244004    -8.962259    299.86661    -8.962259    4757.9391    4748.9768 
     700         7000      600.974      600.974      600.974      1.00654 0.0035353285   0.97079117     1.014998    1.0338308   -7.4361814    300.45497   -7.4361814    4767.2745    4759.8383 
     750         7500      600.974      600.974      600.974    1.0074717 0.0035353285   0.97474686    1.0150325    1.0326357    -7.904345    301.31083    -7.904345    4780.8543    4772.9499 
     800         8000      600.974      600.974      600.974    1.0059028 0.0035353285    0.9750622    1.0137887    1.0288575   -7.0772207     300.0713   -7.0772207    4761.1869    4754.1096 
     850         8500      600.974      600.974      600.974   0.99138611 0.0035353285   0.95908807   0.99978392    1.0152863   -9.6222165    297.20442   -9.6222165    4715.6986    4706.0764 
     900         9000      600.974      600.974      600.974   0.99868017 0.0035353285   0.96694957    1.0078726    1.0212183   -8.3150206    297.96256   -8.3150206    4727.7278    4719.4128 
     950         9500      600.974      600.974      600.974    1.0156918 0.0035353285   0.98366296    1.0237556     1.039657   -9.3679178    304.75755   -9.3679178    4835.5429     4826.175 
    1000        10000      600.974      600.974      600.974    1.0165572 0.0035353285   0.98142528    1.0287541    1.0394922   -7.9710947    303.77821   -7.9710947    4820.0039    4812.0328 
    1050        10500      600.974      600.974      600.974   0.99064891 0.0035353285   0.95709302   0.99745627    1.0173974   -9.4118896     296.8755   -9.4118896    4710.4796    4701.0677 
    1100        11000      600.974      600.974      600.974   0.99490415 0.0035353285   0.96372051    1.0026048    1.0183871    -10.41907    297.57049    -10.41907    4721.5069    4711.0878 
    1150        11500      600.974      600.974      600.974    1.0055929 0.0035353285   0.97421631    1.0102121    1.0323503   -10.958049    300.68084   -10.958049    4770.8583    4759.9003 
    1200        12000      600.974      600.974      600.974    1.0060009 0.0035353285   0.97639261    1.0115886    1.0300214   -12.442738    302.24626   -12.442738    4795.6966    4783.2539 
    1250        12500      600.974      600.974      600.974   0.99647674 0.0035353285   0.96422981   0.99857508    1.0266253   -12.000295    298.77645   -12.000295    4740.6417    4728.6414 
    1300        13000      600.974      600.974      600.974   0.97843923 0.0035353285   0.95268609   0.97476035    1.0078713   -9.4591683    292.35474   -9.4591683    4638.7494    4629.2902 
    1350        13500      600.974      600.974      600.974   0.99584754 0.0035353285   0.96581998   0.99832929    1.0233934   -10.111032    298.71504   -10.111032    4739.6672    4729.5562 
    1400        14000      600.974      600.974      600.974     1.008847 0.0035353285   0.97876675    1.0120735    1.0357008   -10.292694    302.62111   -10.292694    4801.6443    4791.3516 
    1450        14500      600.974      600.974      600.974    1.0007984 0.0035353285   0.96997058    1.0031588    1.0292657   -11.806993    300.67842   -11.806993      4770.82     4759.013 
    1500        15000      600.974      600.974      600.974   0.99782729 0.0035353285   0.96498953    1.0036793     1.024813   -9.5012328    297.32353   -9.5012328    4717.5884    4708.0872 
    1550        15500      600.974      600.974      600.974   0.99549227 0.0035353285    0.9674676   0.99623316     1.022776    -11.68805    298.29011    -11.68805     4732.925     4721.237 
    1600        16000      600.974      600.974      600.974     1.023493 0.0035353285   0.99382543    1.0294847     1.047169   -11.425779    306.09915   -11.425779    4856.8299    4845.4041 
    1650        16500      600.974      600.974      600.974     1.016647 0.0035353285   0.98707533    1.0225617    1.0403039   -10.884746    303.81129   -10.884746    4820.5287    4809.6439 
    1700        17000      600.974      600.974      600.974   0.99372272 0.0035353285    0.9656508   0.99509464    1.0204227   -11.801271    297.97079   -11.801271    4727.8583    4716.0571 
    1750        17500      600.974      600.974      600.974   0.99672893 0.0035353285   0.96819795    1.0002695    1.0217194   -11.148198    298.57839   -11.148198    4737.4992     4726.351 
    1800        18000      600.974      600.974      600.974    1.0070336 0.0035353285   0.98096382    1.0101458    1.0299912   -11.566008    301.32132   -11.566008    4781.0208    4769.4548 
    1850        18500      600.974      600.974      600.974    1.0129567 0.0035353285     0.986002    1.0113854    1.0414827   -10.935298    302.36168   -10.935298     4797.528    4786.5927 
    1900        19000      600.974      600.974      600.974    0.9919973 0.0035353285   0.96639831   0.99452797    1.0150656    -10.87812    297.00005    -10.87812    4712.4558    4701.5776 
    1950        19500      600.974      600.974      600.974   0.98018196 0.0035353285     0.952281   0.98374197    1.0045229   -11.960083    294.26372   -11.960083    4669.0389    4657.0788 
    2000        20000      600.974      600.974      600.974    1.0035916 0.0035353285   0.97478979    1.0081824    1.0278025   -13.247113    301.37948   -13.247113    4781.9435    4768.6964 
    2050        20500      600.974      600.974      600.974    1.0130991 0.0035353285   0.98701986    1.0145713    1.0377062   -13.281151    303.42859   -13.281151    4814.4565    4801.1754 
    2100        21000      600.974      600.974      600.974    1.0024678 0.0035353285   0.97416256    1.0037789    1.0294619   -10.569067    299.87634   -10.569067    4758.0934    4747.5244 
    2150        21500      600.974      600.974      600.974   0.99386175 0.0035353285   0.96750928   0.99208672    1.0219892    -10.99669    297.54476    -10.99669    4721.0987     4710.102 
    2200        22000      600.974      600.974      600.974    1.0055345 0.0035353285   0.98089175    1.0038544    1.0318572   -12.151571    301.78361   -12.151571    4788.3558    4776.2042 
    2250        22500      600.974      600.974      600.974    1.0304487 0.0035353285    1.0044192    1.0290434    1.0578834   -12.443932    309.46967   -12.443932    4910.3095    4897.8655 
    2300        23000      600.974      600.974      600.974    1.0097593 0.0035353285   0.98440171    1.0091854    1.0356906   -10.476515      302.112   -10.476515    4793.5663    4783.0898 
    2350        23500      600.974      600.974      600.974   0.99342038 0.0035353285   0.96713897   0.99028948    1.0228327   -12.117787    298.17648   -12.117787    4731.1221    4719.0043 
    2400        24000      600.974      600.974      600.974   0.99620761 0.0035353285   0.96978357   0.99280808    1.0260312   -13.370811    298.99296   -13.370811     4744.077    4730.7061 
    2450        24500      600.974      600.974      600.974    1.0106147 0.0035353285   0.98142938    1.0078375    1.0425772   -13.724655    303.32131   -13.724655    4812.7543    4799.0297 
    2500        25000      600.974      600.974      600.974    1.0159707 0.0035353285   0.98831237    1.0153947    1.0442052    -13.16248    305.20078    -13.16248    4842.5756    4829.4131 
    2550        25500      600.974      600.974      600.974   0.98886997 0.0035353285   0.96324246   0.98681427    1.0165532   -11.241929    296.50517   -11.241929    4704.6036    4693.3617 
    2600        26000      600.974      600.974      600.974   0.98497716 0.0035353285   0.95976279   0.98302751    1.0121412   -11.561472    295.69158   -11.561472    4691.6945    4680.1331 
    2650        26500      600.974      600.974      600.974    1.0052529 0.0035353285   0.97837363    1.0046152      1.03277   -11.735647    301.46638   -11.735647    4783.3223    4771.5867 
    2700        27000      600.974      600.974      600.974      1.00806 0.0035353285   0.98089533    1.0076722    1.0356126   -12.799602    302.78092   -12.799602      4804.18    4791.3804 
    2750        27500      600.974      600.974      600.974    1.0007536 0.0035353285   0.97609061   0.99799289    1.0281772   -12.330353    300.04206   -12.330353    4760.7229    4748.3925 
    2800        28000      600.974      600.974      600.974   0.99447776 0.0035353285   0.96697803   0.99229456    1.0241607   -12.005143    298.62938   -12.005143    4738.3081     4726.303 
    2850        28500      600.974      600.974      600.974   0.99903926 0.0035353285   0.97267996   0.99665706    1.0277808   -11.716936    299.54028   -11.716936    4752.7613    4741.0444 
    2900        29000      600.974      600.974      600.974    0.9985158 0.0035353285   0.97230967   0.99549659    1.0277411   -13.580068    300.26052   -13.580068    4764.1892    4750.6091 
    2950        29500      600.974      600.974      600.974    1.0037639 0.0035353285   0.97730737     0.999248    1.0347364   -12.968961     300.4176   -12.968961    4766.6815    4753.7125 
    3000        30000      600.974      600.974      600.974    1.0012087 0.0035353285   0.98038183   0.99288028     1.030364   -12.191949    299.99331   -12.191949    4759.9495    4747.7575 
    3050        30500      600.974      600.974      600.974    0.9959496 0.0035353285    0.9670281   0.99327731    1.0275434   -12.324829    299.04308   -12.324829    4744.8723    4732.5475 
    3100        31000      600.974      600.974      600.974   0.99835695 0.0035353285   0.97224363   0.99252933    1.0302979   -11.935081    299.48058   -11.935081    4751.8139    4739.8789 
    3150        31500      600.974      600.974      600.974    1.0070104 0.0035353285   0.98018403    1.0015867    1.0392604   -10.951956    302.32331   -10.951956    4796.9192    4785.9672 
    3200        32000      600.974      600.974      600.974    1.0100884 0.0035353285   0.97920177    1.0031451    1.0479182   -10.193672    302.81208   -10.193672    4804.6744    4794.4807 
    3250        32500      600.974      600.974      600.974   0.99175411 0.0035353285   0.96317935   0.98968931    1.0223937   -11.952629    296.94407   -11.952629    4711.5676     4699.615 
    3300        33000      600.974      600.974      600.974   0.98640452 0.0035353285   0.96568771   0.98025862    1.0132672   -11.902288    295.11217   -11.902288    4682.5011    4670.5988 
    3350        33500      600.974      600.974      600.974    1.0099119 0.0035353285    0.9825683    1.0052316     1.041936   -12.149061    302.90993   -12.149061     4806.227    4794.0779 
    3400        34000      600.974      600.974      600.974     1.012728 0.0035353285   0.98513069    1.0063259    1.0467273     -14.4427    303.90574     -14.4427    4822.0273    4807.5846 
    3450        34500      600.974      600.974      600.974    1.0021102 0.0035353285   0.98005096   0.99267772    1.0336019   -13.786149    300.14617   -13.786149    4762.3748    4748.5886 
    3500        35000      600.974      600.974      600.974   0.99079434 0.0035353285   0.96661804   0.98139077    1.0243742    -13.86081     297.8738    -13.86081    4726.3194    4712.4586 
    3550        35500      600.974      600.974      600.974    1.0079407 0.0035353285   0.98479766     1.000671    1.0383533   -11.498302    300.09301   -11.498302    4761.5313     4750.033 
    3600        36000      600.974      600.974      600.974    1.0351714 0.0035353285    1.0045211    1.0311463    1.0698467   -10.122065    307.74122   -10.122065    4882.8843    4872.7622 
    3650        36500      600.974      600.974      600.974    1.0132824 0.0035353285    0.9878557     1.004909    1.0470824   -11.209486     303.4518   -11.209486    4814.8247    4803.6152 
    3700        37000      600.974      600.974      600.974   0.99456566 0.0035353285   0.96766713   0.98863325    1.0273966   -10.412845    298.00418   -10.412845    4728.3882    4717.9753 
    3750        37500      600.974      600.974      600.974   0.99991419 0.0035353285   0.97123329   0.99703938    1.0314699   -9.4901189    299.28479   -9.4901189    4748.7074    4739.2173 
    3800        38000      600.974      600.974      600.974    1.0074516 0.0035353285   0.98041609   0.99902069     1.042918   -10.712321    302.45334   -10.712321    4798.9823      4788.27 
    3850        38500      600.974      600.974      600.974    1.0123475 0.0035353285   0.98937084     1.004759    1.0429127   -10.506657    302.38021   -10.506657     4797.822    4787.3153 
    3900        39000      600.974      600.974      600.974   0.98486295 0.0035353285   0.96135771   0.97897292    1.0142582   -11.580827    295.36764   -11.580827    4686.5546    4674.9738 
    3950        39500      600.974      600.974      600.974   0.98439045 0.0035353285   0.96078492   0.97756526    1.0148212   -11.740694    295.25731   -11.740694     4684.804    4673.0633 
    4000        40000      600.974      600.974      600.974    1.0083329 0.0035353285   0.98523069    1.0009586    1.0388094   -9.7336596    302.23846   -9.7336596    4795.5729    4785.8392 
    4050        40500      600.974      600.974      600.974     1.005142 0.0035353285   0.98016808    1.0001226    1.0351355   -10.277677    302.21238   -10.277677    4795.1591    4784.8814 
    4100        41000      600.974      600.974      600.974   0.99628754 0.0035353285   0.97302023   0.98943742     1.026405   -12.423614    299.43055   -12.423614    4751.0201    4738.5965 
    4150        41500      600.974      600.974      600.974   0.99429389 0.0035353285   0.96684211   0.98971651     1.026323   -12.134334     297.6883   -12.134334    4723.3762    4711.2418 
    4200        42000      600.974      600.974      600.974    1.0071921 0.0035353285   0.98526779   0.99765222    1.0386562   -12.410519    302.01659   -12.410519    4792.0526     4779.642 
    4250        42500      600.974      600.974      600.974    1.0266227 0.0035353285    1.0003997    1.0198119    1.0596567   -10.892096    307.10002   -10.892096    4872.7105    4861.8185 
    4300        43000      600.974      600.974      600.974    1.0005181 0.0035353285   0.97591379   0.99398981    1.0316507   -10.457773    300.36726   -10.457773    4765.8828     4755.425 
    4350        43500      600.974      600.974      600.974   0.99103713 0.0035353285   0.97012176   0.98106356    1.0219261   -11.173374    297.51109   -11.173374    4720.5644     4709.391 
    4400        44000      600.974      600.974      600.974   0.99863094 0.0035353285   0.97658085   0.98972914    1.0295828   -12.224738    299.91447   -12.224738    4758.6985    4746.4738 
    4450        44500      600.974      600.974      600.974    1.0143304 0.0035353285   0.98767179    1.0104726    1.0448469   -11.500678    302.52747   -11.500678    4800.1585    4788.6578 
    4500        45000      600.974      600.974      600.974    1.0024101 0.0035353285    0.9787742   0.99310504    1.0353511   -14.404777    300.92226   -14.404777    4774.6889    4760.2841 
    4550        45500      600.974      600.974      600.974   0.98217532 0.0035353285   0.96199631   0.96894499    1.0155847   -9.5777484    293.35786   -9.5777484    4654.6657     4645.088 
    4600        46000      600.974      600.974      600.974   0.99262749 0.0035353285   0.97162622   0.98306288    1.0231934    -11.05598    297.45869    -11.05598     4719.733    4708.6771 
    4650        46500      600.974      600.974      600.974    1.0117168 0.0035353285   0.99283034    1.0005615    1.0417586   -10.485897    302.84576   -10.485897    4805.2088    4794.7229 
    4700        47000      600.974      600.974      600.974    1.0036408 0.0035353285   0.98339823   0.99384111     1.033683   -11.560834    301.59614   -11.560834    4785.3813    4773.8204 
    4750        47500      600.974      600.974      600.974   0.99564669 0.0035353285    0.9774689   0.98575355    1.0237176    -11.22532    298.10347    -11.22532    4729.9636    4718.7383 
    4800        48000      600.974      600.974      600.974   0.99291317 0.0035353285   0.96996972    0.9856383    1.0231315   -11.126214    297.34283   -11.126214    4717.8946    4706.7684 
    4850        48500      600.974      600.974      600.974     1.015137 0.0035353285   0.99309274    1.0093468    1.0429714   -12.112621    305.03779   -12.112621    4839.9895    4827.8769 
    4900        49000      600.974      600.974      600.974    1.0196446 0.0035353285   0.99866069    1.0112431      1.04903   -10.618548    305.07158   -10.618548    4840.5256    4829.9071 
    4950        49500      600.974      600.974      600.974   0.99529795 0.0035353285   0.97414981   0.98991158    1.0218325   -9.4685156    297.91543   -9.4685156      4726.98    4717.5115 
    5000        50000      600.974      600.974      600.974    0.9914462 0.0035353285   0.97355281   0.98541304    1.0153727   -10.707364     297.5539   -10.707364    4721.2436    4710.5362 
    5050        50500      600.974      600.974      600.974    1.0098384 0.0035353285   0.98775631    1.0043282    1.0374306   -9.8636905    301.34262   -9.8636905    4781.3588    4771.4951 
    5100        51000      600.974      600.974      600.974    1.0126133 0.0035353285   0.98775377    1.0078246    1.0422614   -12.344863    303.43065   -12.344863    4814.4891    4802.1443 
    5150        51500      600.974      600.974      600.974   0.98388207 0.0035353285   0.96257732   0.97703218    1.0120367    -12.12244    295.45605    -12.12244    4687.9573    4675.8349 
    5200        52000      600.974      600.974      600.974   0.98077677 0.0035353285   0.95869964    0.9718306    1.0118001   -11.447803    293.62661   -11.447803    4658.9299    4647.4821 
    5250        52500      600.974      600.974      600.974    1.0032127 0.0035353285   0.98244835   0.99407812    1.0331117   -12.306999    301.01915   -12.306999    4776.2262    4763.9192 
    5300        53000      600.974      600.974      600.974    1.0109239 0.0035353285   0.98926473     1.003382     1.040125   -11.345904    302.73268   -11.345904    4803.4145    4792.0686 
    5350        53500      600.974      600.974      600.974   0.99887576 0.0035353285   0.97617459    0.9903618    1.0300909   -12.085527    299.54372   -12.085527    4752.8159    4740.7303 
    5400        54000      600.974      600.974      600.974   0.98754932 0.0035353285   0.97082368   0.97657205    1.0152522   -10.204457    295.43682   -10.204457    4687.6523    4677.4478 
    5450        54500      600.974      600.974      600.974   0.99712601 0.0035353285   0.97538193   0.98786703    1.0281291   -10.420793    298.70941   -10.420793    4739.5779    4729.1571 
    5500        55000      600.974      600.974      600.974    1.0210368 0.0035353285    1.0000755    1.0126537    1.0503811   -10.136716    305.80649   -10.136716    4852.1863    4842.0495 
    5550        55500      600.974      600.974      600.974     1.009366 0.0035353285   0.98643035   0.99808209    1.0435855   -9.5172501    301.65714   -9.5172501    4786.3491    4776.8318 
    5600        56000      600.974      600.974      600.974   0.99087565 0.0035353285   0.96719743   0.98130443    1.0241251   -11.679283    297.05797   -11.679283    4713.3748    4701.6955 
    5650        56500      600.974      600.974      600.974   0.99706531 0.0035353285   0.97410766   0.99080314    1.0262851   -12.263568    298.73054   -12.263568    4739.9132    4727.6497 
    5700        57000      600.974      600.974      600.974    1.0080616 0.0035353285   0.98613566    1.0004057    1.0376436   -13.996576     302.4537   -13.996576    4798.9881    4784.9915 
    5750        57500      600.974      600.974      600.974    1.0120705 0.0035353285   0.99017636    1.0039567    1.0420784   -11.176476     301.8025   -11.176476    4788.6555     4777.479 
    5800        58000      600.974      600.974      600.974   0.97495991 0.0035353285   0.95584902    0.9666638    1.0023669   -10.967788      292.472   -10.967788    4640.6099    4629.6421 
    5850        58500      600.974      600.974      600.974   0.98836485 0.0035353285    0.9679241   0.97932885    1.0178416   -10.574731     296.4265   -10.574731    4703.3554    4692.7807 
    5900        59000      600.974      600.974      600.974    1.0097968 0.0035353285    0.9875046     1.005999    1.0358867   -11.399738    302.81224   -11.399738    4804.6769    4793.2772 
    5950        59500      600.974      600.974      600.974    1.0070101 0.0035353285   0.98569453    1.0009573    1.0343785   -12.725646    302.28089   -12.725646    4796.2462    4783.5205 
    6000        60000      600.974      600.974      600.974   0.99293077 0.0035353285   0.97193422   0.98589323    1.0209649   -10.771504     297.2818   -10.771504    4716.9262    4706.1547 
    6050        60500      600.974      600.974      600.974   0.98669598 0.0035353285   0.96764379   0.98131192    1.0111322   -10.218035    295.99272   -10.218035    4696.4726    4686.2546 
    6100        61000      600.974      600.974      600.974    1.0174313 0.0035353285   0.99876992    1.0124527    1.0410713   -9.8947256    305.61585   -9.8947256    4849.1614    4839.2667 
    6150        61500      600.974      600.974      600.974    1.0161635 0.0035353285   0.99938727    1.0084836    1.0406197   -10.510182    304.78942   -10.510182    4836.0486    4825.5384 
    6200        62000      600.974      600.974      600.974   0.99504809 0.0035353285    0.9767021    0.9886768    1.0197654   -11.441496    298.87183   -11.441496     4742.155    4730.7135 
    6250        62500      600.974      600.974      600.974   0.99308754 0.0035353285   0.97776577   0.98584399    1.0156529    -12.39618    298.05283    -12.39618    4729.1601    4716.7639 
    6300        63000      600.974      600.974      600.974    1.0040105 0.0035353285   0.98631777   0.99548657    1.0302271   -11.828043     301.1019   -11.828043    4777.5393    4765.7113 
    6350        63500      600.974      600.974      600.974    1.0186429 0.0035353285    1.0015626    1.0115314    1.0428346   -12.551221    305.70784   -12.551221     4850.621    4838.0698 
    6400        64000      600.974      600.974      600.974    1.0241823 0.0035353285    1.0045058    1.0155548    1.0524862   -11.447766    305.85859   -11.447766    4853.0129    4841.5651 
    6450        64500      600.974      600.974      600.974   0.99395331 0.0035353285      0.97779   0.98974239    1.0143275   -11.422739     297.1264   -11.422739    4714.4606    4703.0379 
    6500        65000      600.974      600.974      600.974   0.99063891 0.0035353285   0.97345138    0.9859411    1.0125243    -12.86606    296.99909    -12.86606    4712.4406    4699.5746 
    6550        65500      600.974      600.974      600.974    1.0121215 0.0035353285   0.99724652    1.0080218     1.031096   -10.306341    302.36213   -10.306341    4797.5351    4787.2288 
    6600        66000      600.974      600.974      600.974    1.0108543 0.0035353285   0.99458154    1.0059408    1.0320405   -11.693359    303.73428   -11.693359    4819.3069    4807.6135 
    6650        66500      600.974      600.974      600.974   0.99081365 0.0035353285   0.97548763   0.98216887    1.0147844   -12.363287    296.79469   -12.363287    4709.1973     4696.834 
    6700        67000      600.974      600.974      600.974   0.98163458 0.0035353285   0.96562825    0.9743182    1.0049573   -11.165913    293.46591   -11.165913    4656.3801    4645.2142 
    6750        67500      600.974      600.974      600.974   0.99472033 0.0035353285   0.97769515   0.98997158    1.0164943   -11.701242    297.50439   -11.701242    4720.4581    4708.7569 
    6800        68000      600.974      600.974      600.974    1.0051295 0.0035353285   0.99257099   0.99752701    1.0252904   -11.419461    300.98964   -11.419461    4775.7581    4764.3386 
    6850        68500      600.974      600.974      600.974    1.0073454 0.0035353285   0.98998338    1.0016656    1.0303871   -11.784391    302.76172   -11.784391    4803.8754    4792.0911 
    6900        69000      600.974      600.974      600.974    1.0003086 0.0035353285   0.98404805   0.99223184    1.0246459   -12.159187    299.37822   -12.159187    4750.1899    4738.0307 
    6950        69500      600.974      600.974      600.974   0.98333255 0.0035353285   0.96725073   0.97664083    1.0061061   -11.793701      294.633   -11.793701    4674.8982    4663.1045 
    7000        70000      600.974      600.974      600.974   0.99851759 0.0035353285   0.98140861    0.9918163    1.0223279   -12.224919     300.0292   -12.224919    4760.5189     4748.294 
    7050        70500      600.974      600.974      600.974     1.023259 0.0035353285    1.0061598    1.0081823    1.0554349   -11.396371    305.50931   -11.396371    4847.4709    4836.0745 
    7100        71000      600.974      600.974      600.974    1.0069999 0.0035353285   0.98902362   0.99626243    1.0357135   -11.584004    301.17535   -11.584004    4778.7047    4767.1207 
    7150        71500      600.974      600.974      600.974   0.99310452 0.0035353285   0.97477387   0.98548394    1.0190557   -12.481111    297.80283   -12.481111    4725.1934    4712.7123 
    7200        72000      600.974      600.974      600.974   0.99654231 0.0035353285   0.97876356   0.98808698    1.0227764    -13.54623    299.22134    -13.54623    4747.7008    4734.1545 
    7250        72500      600.974      600.974      600.974    1.0168506 0.0035353285   0.99772581    1.0089274    1.0438985   -14.032305    305.03232   -14.032305    4839.9027    4825.8704 
    7300        73000      600.974      600.974      600.974    1.0358327 0.0035353285    1.0201849    1.0254947    1.0618186   -13.205133    310.10521   -13.205133    4920.3934    4907.1882 
    7350        73500      600.974      600.974      600.974   0.99835258 0.0035353285   0.97946446   0.99098935    1.0246039   -11.969568    299.49912   -11.969568    4752.1081    4740.1386 
    7400        74000      600.974      600.974      600.974   0.99145856 0.0035353285   0.97124309   0.98620708    1.0169255   -12.110966    297.44889   -12.110966    4719.5775    4707.4665 
    7450        74500      600.974      600.974      600.974    1.0050028 0.0035353285   0.98712231   0.99770606      1.03018   -10.640614    300.78495   -10.640614    4772.5103    4761.8697 
    7500        75000      600.974      600.974      600.974    1.0143818 0.0035353285   0.99613574    1.0111068    1.0359029   -9.1392762    303.85166   -9.1392762    4821.1693      4812.03 
    7550        75500      600.974      600.974      600.974   0.99963114 0.0035353285   0.97949524   0.99531446    1.0240837   -9.8259075    299.86065   -9.8259075    4757.8445    4748.0186 
    7600        76000      600.974      600.974      600.974   0.98443324 0.0035353285    0.9650305   0.98145513    1.0068141   -9.4783415    293.92414   -9.4783415    4663.6508    4654.1724 
    7650        76500      600.974      600.974      600.974    0.9978359 0.0035353285   0.97907584   0.99147801    1.0229538   -10.449521    298.33484   -10.449521    4733.6347    4723.1852 
    7700        77000      600.974      600.974      600.974    1.0049564 0.0035353285   0.98233707    1.0006704    1.0318618   -10.415541     301.3367   -10.415541    4781.2647    4770.8492 
    7750        77500      600.974      600.974      600.974    1.0016131 0.0035353285   0.98167792   0.99582106    1.0273404    -12.38929    300.74567    -12.38929     4771.887    4759.4977 
    7800        78000      600.974      600.974      600.974   0.99875349 0.0035353285   0.97269012   0.99508718    1.0284832   -10.787288    298.87234   -10.787288    4742.1632    4731.3759 
    7850        78500      600.974      600.974      600.974   0.99499228 0.0035353285   0.97114858   0.99080272    1.0230255   -9.6621268    298.25032   -9.6621268    4732.2936    4722.6315 
    7900        79000      600.974      600.974      600.974    1.0097045 0.0035353285   0.98877031     1.006654    1.0336892   -10.910657    302.51207   -10.910657    4799.9143    4789.0036 
    7950        79500      600.974      600.974      600.974    1.0177426 0.0035353285   0.99439588    1.0146285    1.0442034    -11.07963     305.0304    -11.07963    4839.8722    4828.7926 
    8000        80000      600.974      600.974      600.974    0.9958327 0.0035353285   0.96927595   0.99519626    1.0230259   -10.458748    298.26654   -10.458748    4732.5509    4722.0922 
    8050        80500      600.974      600.974      600.974   0.99140709 0.0035353285   0.96676824   0.98034662    1.0271064    -9.389442    295.74734    -9.389442    4692.5792    4683.1897 
    8100        81000      600.974      600.974      600.974    1.0004122 0.0035353285   0.97521052   0.99801003    1.0280162   -9.7149515    299.75057   -9.7149515    4756.0979    4746.3829 
    8150        81500      600.974      600.974      600.974    1.0057144 0.0035353285    0.9819353   0.99839601    1.0368119   -9.0857259    301.47134   -9.0857259    4783.4011    4774.3154 
    8200        82000      600.974      600.974      600.974    1.0024445 0.0035353285    0.9763205   0.99768797    1.0333251    -10.12796    300.63355    -10.12796     4770.108      4759.98 
    8250        82500      600.974      600.974      600.974   0.99707607 0.0035353285   0.97116251   0.99293923    1.0271265   -11.992877    299.38698   -11.992877    4750.3289     4738.336 
    8300        83000      600.974      600.974      600.974   0.99945252 0.0035353285   0.97684534   0.99511098    1.0264012   -10.748478     298.7872   -10.748478    4740.8122    4730.0638 
    8350        83500      600.974      600.974      600.974    1.0064115 0.0035353285   0.98071777     1.001944    1.0365725   -10.546605    301.08867   -10.546605    4777.3293    4766.7827 
    8400        84000      600.974      600.974      600.974    1.0119844 0.0035353285   0.98331082    1.0085748    1.0440676   -10.577066    303.06117   -10.577066    4808.6266    4798.0496 
    8450        84500      600.974      600.974      600.974    1.0014877 0.0035353285   0.97579321   0.99465135    1.0340186    -9.577533    299.64315    -9.577533    4754.3935    4744.8159 
    8500        85000      600.974      600.974      600.974   0.98531896 0.0035353285   0.95855625   0.98265068      1.01475   -12.098701    295.84721   -12.098701    4694.1639    4682.0652 
    8550        85500      600.974      600.974      600.974    1.0017229 0.0035353285   0.97733049    0.9981271    1.0297111   -12.102446    299.84153   -12.102446    4757.5411    4745.4387 
    8600        86000      600.974      600.974      600.974    1.0233332 0.0035353285   0.99541206    1.0194168    1.0551708   -12.541021    306.21022   -12.541021    4858.5922    4846.0511 
    8650        86500      600.974      600.974      600.974    1.0081065 0.0035353285   0.97933024      1.00555    1.0394392   -12.349573    302.41762   -12.349573    4798.4156    4786.0661 
    8700        87000      600.974      600.974      600.974   0.99931535 0.0035353285   0.97141531   0.99313562    1.0333951   -12.504742    299.38761   -12.504742    4750.3389    4737.8342 
    8750        87500      600.974      600.974      600.974   0.99691409 0.0035353285   0.97021371   0.98920146    1.0313271   -12.339884    299.25159   -12.339884    4748.1807    4735.8408 
    8800        88000      600.974      600.974      600.974     1.005657 0.0035353285   0.97812625   0.99515436    1.0436905   -11.315423    301.34063   -11.315423    4781.3272    4770.0118 
    8850        88500      600.974      600.974      600.974    1.0199622 0.0035353285   0.99078944    1.0083683    1.0607289   -11.582594    305.83739   -11.582594    4852.6766     4841.094 
    8900        89000      600.974      600.974      600.974    1.0157388 0.0035353285   0.98517309    1.0094012    1.0526422   -10.562411     303.3553   -10.562411    4813.2937    4802.7313 
    8950        89500      600.974      600.974      600.974   0.98553784 0.0035353285   0.95975395   0.97596752     1.020892   -11.931491    296.28277   -11.931491    4701.0748    4689.1433 
    9000        90000      600.974      600.974      600.974   0.99329245 0.0035353285   0.96602455   0.98301135    1.0308414   -12.012614    297.97216   -12.012614    4727.8801    4715.8675 
    9050        90500      600.974      600.974      600.974    1.0090003 0.0035353285   0.98163631    1.0008395     1.044525   -13.109197    302.97807   -13.109197    4807.3081    4794.1989 
    9100        91000      600.974      600.974      600.974    1.0094811 0.0035353285   0.97910501    1.0036458    1.0456924   -12.198203    302.48689   -12.198203    4799.5148    4787.3166 
    9150        91500      600.974      600.974      600.974   0.98158865 0.0035353285   0.95258868   0.97143205    1.0207452   -12.129036    294.44299   -12.129036    4671.8834    4659.7543 
    9200        92000      600.974      600.974      600.974   0.97111946 0.0035353285   0.94586392   0.96008305    1.0074114     -13.6228    291.11547     -13.6228     4619.086    4605.4632 
    9250        92500      600.974      600.974      600.974   0.99223947 0.0035353285   0.96570028   0.98496827    1.0260499   -14.354058    296.62746   -14.354058     4706.544    4692.1899 
    9300        93000      600.974      600.974      600.974     1.010343 0.0035353285   0.98092112   0.99829804    1.0518099   -11.366152    301.30202   -11.366152    4780.7146    4769.3484 
    9350        93500      600.974      600.974      600.974    1.0138862 0.0035353285   0.98497758    1.0070728    1.0496081   -10.910735    303.26383   -10.910735    4811.8424    4800.9316 
    9400        94000      600.974      600.974      600.974    1.0010671 0.0035353285   0.97018557    0.9923064    1.0407093   -10.131003    299.13331   -10.131003    4746.3039    4736.1729 
    9450        94500      600.974      600.974      600.974   0.98880317 0.0035353285   0.95695932    0.9797253    1.0297249   -10.118624    295.33763   -10.118624    4686.0785    4675.9599 
    9500        95000      600.974      600.974      600.974    1.0070291 0.0035353285   0.97439887   0.99616961    1.0505189   -7.8556964     301.0726   -7.8556964    4777.0743    4769.2186 
    9550        95500      600.974      600.974      600.974    1.0213388 0.0035353285   0.99183108    1.0122869    1.0598984   -8.4872411    306.03762   -8.4872411    4855.8537    4847.3664 
    9600        96000      600.974      600.974      600.974    1.0069991 0.0035353285   0.97459147    1.0007894    1.0456163   -9.8959468    301.68118   -9.8959468    4786.7305    4776.8346 
    9650        96500      600.974      600.974      600.974   0.99682921 0.0035353285   0.96530248   0.98788836    1.0372968   -10.002886    298.42188   -10.002886    4735.0157    4725.0128 
    9700        97000      600.974      600.974      600.974   0.99822195 0.0035353285   0.96516547   0.98938391    1.0401165   -9.6600538    299.00365   -9.6600538    4744.2466    4734.5866 
    9750        97500      600.974      600.974      600.974    1.0118067 0.0035353285   0.98093759    1.0033624      1.05112   -10.787884    304.14751   -10.787884    4825.8635    4815.0756 
    9800        98000      600.974      600.974      600.974    1.0340681 0.0035353285    1.0041862    1.0252669    1.0727511   -9.8735894    308.79709   -9.8735894    4899.6377    4889.7641 
    9850        98500      600.974      600.974      600.974    1.0006063 0.0035353285   0.97102716   0.99504909    1.0357428    -11.15214    299.16315    -11.15214    4746.7774    4735.6253 
    9900        99000      600.974      600.974      600.974   0.99423261 0.0035353285    0.9592342   0.99119471    1.0322689   -11.388058     297.2844   -11.388058    4716.9675    4705.5795 
    9950        99500      600.974      600.974      600.974    1.0035632 0.0035353285   0.97001415   0.99670837    1.0439672   -12.393382    301.04934   -12.393382    4776.7053    4764.3119 
   10000       100000      600.974      600.974      600.974    1.0111701 0.0035353285   0.97858844    1.0037328     1.051189   -12.020321    303.85756   -12.020321    4821.2629    4809.2425 
   10050       100500      600.974      600.974      600.974   0.99652595 0.0035353285   0.96543156   0.98662899    1.0375173   -11.199429    298.98789   -11.199429    4743.9965    4732.7971 
   10100       101000      600.974      600.974      600.974   0.97656138 0.0035353285   0.94605786   0.96837325     1.015253   -11.483342    293.55006   -11.483342    4657.7154     4646.232 
   10150       101500      600.974      600.974      600.974   0.99442714 0.0035353285   0.96240491   0.98443395    1.0364425   -10.528773    298.56382   -10.528773    4737.2679    4726.7391 
   10200       102000      600.974      600.974      600.974    1.0087958 0.0035353285   0.97157405    1.0063686    1.0484446   -8.2781746    301.05103   -8.2781746    4776.7321    4768.4539 
   10250       102500      600.974      600.974      600.974     1.004025 0.0035353285   0.97123759   0.99553025    1.0453072   -9.3866217    300.70127   -9.3866217    4771.1826     4761.796 
   10300       103000      600.974      600.974      600.974   0.99713019 0.0035353285   0.96581141   0.98739979    1.0381794   -9.2571352    298.74365   -9.2571352    4740.1213    4730.8641 
   10350       103500      600.974      600.974      600.974   0.98976963 0.0035353285    0.9572924   0.98165742    1.0303591   -9.8033275    296.93254   -9.8033275    4711.3846    4701.5813 
   10400       104000      600.974      600.974      600.974    1.0019006 0.0035353285   0.96747939   0.99511142     1.043111   -10.465476    300.41905   -10.465476    4766.7045     4756.239 
   10450       104500      600.974      600.974      600.974    1.0186022 0.0035353285     0.984256    1.0104854    1.0610651   -11.076367    305.09822   -11.076367    4840.9483    4829.8719 
   10500       105000      600.974      600.974      600.974    1.0056759 0.0035353285    0.9694442    1.0013368    1.0462467   -10.365272    300.70318   -10.365272    4771.2128    4760.8475 
   10550       105500      600.974      600.974      600.974   0.98478285 0.0035353285   0.95056337   0.97691352    1.0268717   -11.339516    295.67846   -11.339516    4691.4864    4680.1468 
   10600       106000      600.974      600.974      600.974   0.99575966 0.0035353285   0.96681121   0.98528811    1.0351796   -10.379515    298.26293   -10.379515    4732.4937    4722.1142 
   10650       106500      600.974      600.974      600.974    1.0015158 0.0035353285    0.9710826    0.9922425    1.0412224   -11.856648    300.81283   -11.856648    4772.9526     4761.096 
   10700       107000      600.974      600.974      600.974    1.0053101 0.0035353285    0.9711713    1.0005048    1.0442543   -10.980289    300.92738   -10.980289    4774.7702    4763.7899 
   10750       107500      600.974      600.974      600.974   0.99983393 0.0035353285   0.96619341   0.99432677    1.0389816   -10.602235    299.50272   -10.602235    4752.1652     4741.563 
   10800       108000      600.974      600.974      600.974   0.98823774 0.0035353285   0.95383102   0.97717355    1.0337086   -10.395162    295.63521   -10.395162    4690.8001     4680.405 
   10850       108500      600.974      600.974      600.974   0.98740421 0.0035353285   0.95431799   0.98169593    1.0261987   -12.758676    295.58742   -12.758676    4690.0419    4677.2832 
   10900       109000      600.974      600.974      600.974    1.0139224 0.0035353285   0.97788692    1.0072062    1.0566742   -12.912666    303.09062   -12.912666    4809.0939    4796.1813 
   10950       109500      600.974      600.974      600.974    1.0124218 0.0035353285   0.97657876    1.0033744    1.0573123   -11.947861    303.44388   -11.947861     4814.699    4802.7512 
   11000       110000      600.974      600.974      600.974   0.99511082 0.0035353285   0.96099552   0.98678289     1.037554   -9.7067016    298.08649   -9.7067016    4729.6942    4719.9875 
   11050       110500      600.974      600.974      600.974    0.9886974 0.0035353285   0.95518688   0.97866407    1.0322412   -10.893097    296.85164   -10.893097    4710.1011     4699.208 
   11100       111000      600.974      600.974      600.974    1.0149197 0.0035353285   0.97968679    1.0047566    1.0603158    -10.20484    303.99787    -10.20484    4823.4892    4813.2844 
   11150       111500      600.974      600.974      600.974     1.035368 0.0035353285   0.99660603     1.026367    1.0831311   -8.1854864     309.1949   -8.1854864    4905.9498    4897.7643 
   11200       112000      600.974      600.974      600.974    1.0120727 0.0035353285   0.97975966   0.99963892    1.0568196   -9.5531454    303.31759   -9.5531454    4812.6953    4803.1422 
   11250       112500      600.974      600.974      600.974   0.99244914 0.0035353285     0.956845   0.98053447     1.039968   -9.6845433    297.95054   -9.6845433    4727.5371    4717.8525 
   11300       113000      600.974      600.974      600.974   0.99131618 0.0035353285   0.95617521   0.98241732     1.035356   -9.8681257    297.60004   -9.8681257    4721.9757    4712.1076 
   11350       113500      600.974      600.974      600.974    1.0116712 0.0035353285   0.97623553    1.0030503    1.0557277   -10.581208    302.80037   -10.581208    4804.4887    4793.9075 
   11400       114000      600.974      600.974      600.974    1.0173431 0.0035353285   0.98020567    1.0077239    1.0640998   -11.576505     304.9067   -11.576505    4837.9095     4826.333 
   11450       114500      600.974      600.974      600.974   0.98608324 0.0035353285   0.95451205   0.97531581    1.0284219   -12.563649     295.8542   -12.563649    4694.2747     4681.711 
   11500       115000      600.974      600.974      600.974   0.98497059 0.0035353285    0.9520239   0.97486029    1.0280276   -11.981339    295.30089   -11.981339    4685.4955    4673.5141 
   11550       115500      600.974      600.974      600.974    1.0008234 0.0035353285   0.96612809   0.99117564    1.0451665   -12.623427    300.55491   -12.623427    4768.8602    4756.2368 
   11600       116000      600.974      600.974      600.974    1.0085579 0.0035353285   0.97557688   0.99832588    1.0517709    -12.77144    302.53925    -12.77144    4800.3455    4787.5741 
   11650       116500      600.974      600.974      600.974   0.99863119 0.0035353285   0.96485832   0.98950565    1.0415296   -11.460079    299.81939   -11.460079    4757.1898    4745.7298 
   11700       117000      600.974      600.974      600.974   0.97658861 0.0035353285   0.94406626   0.96860855     1.017091   -9.7111432     293.3519   -9.7111432    4654.5711      4644.86 
   11750       117500      600.974      600.974      600.974   0.97688558 0.0035353285    0.9435615   0.96889457    1.0182007   -10.359357    293.62286   -10.359357    4658.8705    4648.5111 
   11800       118000      600.974      600.974      600.974    1.0159511 0.0035353285   0.98347697      1.01368    1.0506963   -8.5240591    302.98615   -8.5240591    4807.4363    4798.9123 
   11850       118500      600.974      600.974      600.974    1.0094335 0.0035353285    0.9794559   0.99941054     1.049434   -10.770603     302.3949   -10.770603     4798.055    4787.2844 
   11900       119000      600.974      600.974      600.974   0.99318659 0.0035353285   0.96109289   0.98311292     1.035354   -9.5570855     297.5706   -9.5570855    4721.5086    4711.9515 
   11950       119500      600.974      600.974      600.974   0.98919199 0.0035353285   0.95898541   0.97900379    1.0295868   -12.415612     297.0597   -12.415612    4713.4022    4700.9866 
   12000       120000      600.974      600.974      600.974    1.0176025 0.0035353285   0.98911102    1.0090756     1.054621   -12.175338    304.66671   -12.175338    4834.1016    4821.9262 
   12050       120500      600.974      600.974      600.974    1.0222615 0.0035353285   0.99722403    1.0059215     1.063639   -10.260395    305.68668   -10.260395    4850.2853    4840.0249 
   12100       121000      600.974      600.974      600.974    1.0050736 0.0035353285   0.97592397   0.99310429    1.0461924   -8.8510159    300.58446   -8.8510159     4769.329     4760.478 
   12150       121500      600.974      600.974      600.974   0.99833111 0.0035353285   0.96718527   0.98774792    1.0400601   -8.2897456     299.1833   -8.2897456    4747.0972    4738.8074 
   12200       122000      600.974      600.974      600.974    1.0051235 0.0035353285   0.97963542   0.99092405     1.044811   -8.5927392    299.81179   -8.5927392    4757.0692    4748.4765 
   12250       122500      600.974      600.974      600.974    1.0098951 0.0035353285   0.98423195   0.99160168    1.0538517   -11.026075    302.17822   -11.026075    4794.6171     4783.591 
   12300       123000      600.974      600.974      600.974    1.0156095 0.0035353285   0.98688893    1.0000135     1.059926   -12.219095    303.49643   -12.219095    4815.5329    4803.3138 
   12350       123500      600.974      600.974      600.974   0.99279078 0.0035353285   0.96412372   0.98123938    1.0330092   -14.580964    298.24817   -14.580964    4732.2596    4717.6786 
   12400       124000      600.974      600.974      600.974    0.9850335 0.0035353285   0.95691595   0.97451851     1.023666   -13.722953    295.39968   -13.722953    4687.0629      4673.34 
   12450       124500      600.974      600.974      600.974    1.0065808 0.0035353285   0.97737522   0.99567949    1.0466877   -11.619268    301.44783   -11.619268    4783.0281    4771.4088 
   12500       125000      600.974      600.974      600.974    1.0135295 0.0035353285   0.98517182    1.0013799    1.0540366   -12.825272    304.37587   -12.825272    4829.4869    4816.6616 
   12550       125500      600.974      600.974      600.974    1.0041352 0.0035353285   0.97475219   0.99318507    1.0444684   -12.885373    301.31001   -12.885373    4780.8414     4767.956 
   12600       126000      600.974      600.974      600.974    1.0004366 0.0035353285   0.97349143   0.99056824      1.03725   -10.343013    299.09371   -10.343013    4745.6756    4735.3326 
   12650       126500      600.974      600.974      600.974   0.99808008 0.0035353285   0.97136146   0.98493554    1.0379432   -11.604561    299.38928   -11.604561    4750.3653    4738.7607 
   12700       127000      600.974      600.974      600.974    1.0105516 0.0035353285   0.98284572   0.99724256    1.0515665   -11.806064    302.85037   -11.806064    4805.2819    4793.4758 
   12750       127500      600.974      600.974      600.974    1.0281216 0.0035353285    1.0018848    1.0163218    1.0661581    -12.76962    307.83915    -12.76962    4884.4382    4871.6686 
   12800       128000      600.974      600.974      600.974    1.0022593 0.0035353285   0.97466073    0.9883237    1.0437934   -12.676523    300.38711   -12.676523    4766.1978    4753.5213 
   12850       128500      600.974      600.974      600.974   0.98674475 0.0035353285   0.95913418    0.9730754    1.0280247    -13.80848    296.95519    -13.80848     4711.744    4697.9356 
   12900       129000      600.974      600.974      600.974    1.0027411 0.0035353285   0.97108944   0.99171635    1.0454175   -12.017198    299.91825   -12.017198    4758.7584    4746.7412 
   12950       129500      600.974      600.974      600.974     1.014201 0.0035353285   0.98394275    1.0030581    1.0556021   -13.777341    303.65869   -13.777341    4818.1075    4804.3301 
   13000       130000      600.974      600.974      600.974    0.9989047 0.0035353285   0.97022006   0.98759112    1.0389029    -13.54763    300.33235    -13.54763    4765.3289    4751.7813 
   13050       130500      600.974      600.974      600.974   0.97568994 0.0035353285   0.94675122    0.9653302    1.0149884    -12.22988    292.69861    -12.22988    4644.2055    4631.9756 
   13100       131000      600.974      600.974      600.974   0.99153907 0.0035353285   0.96257006   0.97989874    1.0321484   -12.398294    297.87626   -12.398294    4726.3586    4713.9603 
   13150       131500      600.974      600.974      600.974    1.0065621 0.0035353285   0.98051088   0.99171699    1.0474585   -12.289357    301.88109   -12.289357    4789.9026    4777.6132 
   13200       132000      600.974      600.974      600.974    1.0038847 0.0035353285   0.97725517   0.98990358    1.0444954   -12.963855    301.32908   -12.963855    4781.1439      4768.18 
   13250       132500      600.974      600.974      600.974   0.99349216 0.0035353285   0.96346773   0.97948635    1.0375224   -13.098353    297.94335   -13.098353    4727.4229    4714.3246 
   13300       133000      600.974      600.974      600.974   0.98024352 0.0035353285    0.9524334   0.96569007    1.0226071   -14.270834    294.22334   -14.270834    4668.3982    4654.1274 
   13350       133500      600.974      600.974      600.974   0.99949121 0.0035353285   0.97200225   0.98498934     1.041482   -12.114066    298.72518   -12.114066    4739.8282    4727.7142 
   13400       134000      600.974      600.974      600.974    1.0145447 0.0035353285   0.98421244   0.99921097    1.0602105   -13.501795    304.70595   -13.501795    4834.7241    4821.2224 
   13450       134500      600.974      600.974      600.974    1.0023252 0.0035353285   0.97072326   0.98945909    1.0467933   -12.565581    301.31078   -12.565581    4780.8535    4768.2879 
   13500       135000      600.974      600.974      600.974   0.99336764 0.0035353285   0.96068015   0.97646961    1.0429531   -9.7562498    296.51663   -9.7562498    4704.7854    4695.0292 
   13550       135500      600.974      600.974      600.974   0.99411659 0.0035353285   0.96213519   0.97961532    1.0405993   -11.900359    298.67379   -11.900359    4739.0128    4727.1125 
   13600       136000      600.974      600.974      600.974     1.017687 0.0035353285   0.98256794    1.0061693    1.0643238   -12.500937    305.23313   -12.500937    4843.0889    4830.5879 
   13650       136500      600.974      600.974      600.974    1.0356073 0.0035353285    1.0013982    1.0195174    1.0859063    -12.89374    310.79609    -12.89374    4931.3555    4918.4618 
   13700       137000      600.974      600.974      600.974    1.0129029 0.0035353285   0.98010522    1.0018264    1.0567772    -11.83217    303.19242    -11.83217    4810.7092     4798.877 
   13750       137500      600.974      600.974      600.974   0.98915018 0.0035353285   0.95728837   0.97549591    1.0346663   -11.339799     296.7802   -11.339799    4708.9675    4697.6277 
   13800       138000      600.974      600.974      600.974   0.99208145 0.0035353285    0.9624098   0.97808374    1.0357508   -10.388222    298.14878   -10.388222    4730.6826    4720.2944 
   13850       138500      600.974      600.974      600.974    1.0137354 0.0035353285    0.9820867    1.0011118    1.0580079   -10.663577    303.46147   -10.663577    4814.9781    4804.3146 
   13900       139000      600.974      600.974      600.974    1.0089661 0.0035353285   0.98052663   0.99282772    1.0535438   -12.053385    303.15587   -12.053385    4810.1293    4798.0759 
   13950       139500      600.974      600.974      600.974   0.98955634 0.0035353285    0.9641766   0.97188479    1.0326076   -10.427896    295.88396   -10.427896    4694.7469     4684.319 
   14000       140000      600.974      600.974      600.974   0.98621686 0.0035353285    0.9579505   0.96938286    1.0313172   -10.196649    295.95878   -10.196649    4695.9342    4685.7375 
   14050       140500      600.974      600.974      600.974   0.99986999 0.0035353285   0.96960867   0.98547097    1.0445303   -9.7576912     300.0186   -9.7576912    4760.3507     4750.593 
   14100       141000      600.974      600.974      600.974    1.0069478 0.0035353285   0.98562724   0.98534503     1.049871   -7.7122885    300.67295   -7.7122885    4770.7332    4763.0209 
   14150       141500      600.974      600.974      600.974    1.0014228 0.0035353285   0.97172594   0.98783695    1.0447056   -12.181707    300.33708   -12.181707    4765.4039    4753.2222 
   14200       142000      600.974      600.974      600.974   0.99627711 0.0035353285    0.9720608   0.97969412    1.0370764   -14.290909    298.63939   -14.290909     4738.467    4724.1761 
   14250       142500      600.974      600.974      600.974   0.99224574 0.0035353285   0.96359165   0.97652177    1.0366238   -16.665441    297.44414   -16.665441     4719.502    4702.8366 
   14300       143000      600.974      600.974      600.974    1.0046281 0.0035353285   0.97695104    0.9882298    1.0487033   -16.032865     301.2439   -16.032865    4779.7924    4763.7595 
   14350       143500      600.974      600.974      600.974    1.0185064 0.0035353285   0.98997906   0.99980228    1.0657378   -14.065241    304.93525   -14.065241    4838.3625    4824.2972 
   14400       144000      600.974      600.974      600.974    1.0011329 0.0035353285   0.97126207   0.98912052    1.0430161   -15.476482    299.74382   -15.476482    4755.9908    4740.5144 
   14450       144500      600.974      600.974      600.974   0.98467332 0.0035353285   0.95768836   0.96686926    1.0294623   -15.663233    295.21193   -15.663233    4684.0839    4668.4207 
   14500       145000      600.974      600.974      600.974   0.99828089 0.0035353285   0.97573657   0.98204108     1.037065   -13.942703     298.4605   -13.942703    4735.6286    4721.6859 
   14550       145500      600.974      600.974      600.974    1.0037931 0.0035353285   0.97835424   0.98686852    1.0461566   -14.400007    300.94716   -14.400007    4775.0841     4760.684 
   14600       146000      600.974      600.974      600.974    1.0105394 0.0035353285   0.98092081   0.99840721    1.0522902   -10.418598    300.70321   -10.418598    4771.2133    4760.7947 
   14650       146500      600.974      600.974      600.974    1.0004905 0.0035353285   0.96611116   0.98424772    1.0511126   -9.6723597    299.00807   -9.6723597    4744.3168    4734.6445 
   14700       147000      600.974      600.974      600.974   0.98470647 0.0035353285   0.95916435    0.9685593    1.0263957   -11.572921    295.09112   -11.572921    4682.1671    4670.5942 
   14750       147500      600.974      600.974      600.974    0.9901382 0.0035353285   0.96047545   0.97364937    1.0362898   -11.981869    296.68155   -11.981869    4707.4023    4695.4204 
   14800       148000      600.974      600.974      600.974    1.0142602 0.0035353285   0.98573524   0.99830978    1.0587355    -12.29555    303.83645    -12.29555    4820.9279    4808.6324 
   14850       148500      600.974      600.974      600.974    1.0109317 0.0035353285   0.98360697   0.99538106     1.053807   -12.766138    302.81485   -12.766138    4804.7185    4791.9523 
   14900       149000      600.974      600.974      600.974   0.99412592 0.0035353285   0.96747161   0.97715404    1.0377521     -12.9456    297.49337     -12.9456    4720.2832    4707.3376 
   14950       149500      600.974      600.974      600.974    0.9955215 0.0035353285   0.97422692   0.97730438    1.0350332   -12.916061     297.3381   -12.916061    4717.8196    4704.9035 
   15000       150000      600.974      600.974      600.974    1.0041208 0.0035353285   0.97835386   0.98917456    1.0448339   -12.961148    301.60928   -12.961148    4785.5898    4772.6287 
   15050       150500      600.974      600.974      600.974    1.0094727 0.0035353285   0.98211838   0.99325621    1.0530436   -11.411535    302.42473   -11.411535    4798.5284    4787.1169 
   15100       151000      600.974      600.974      600.974    1.0007509 0.0035353285   0.97394074   0.98452355    1.0437884   -11.742856    300.74656   -11.742856    4771.9012    4760.1583 
   15150       151500      600.974      600.974      600.974   0.99740454 0.0035353285   0.97159874   0.97765046    1.0429644   -11.266139    298.42369   -11.266139    4735.0445    4723.7784 
   15200       152000      600.974      600.974      600.974   0.99624403 0.0035353285   0.97485089   0.97556585    1.0383153   -11.454482    298.87646   -11.454482    4742.2285    4730.7741 
   15250       152500      600.974      600.974      600.974    1.0143667 0.0035353285   0.99307362     0.991123    1.0589035   -8.2994617    302.95298   -8.2994617      4806.91    4798.6106 
   15300       153000      600.974      600.974      600.974    1.0145948 0.0035353285   0.99106635   0.99446035    1.0582576   -9.6976094    304.48807   -9.6976094    4831.2672    4821.5696 
   15350       153500      600.974      600.974      600.974   0.98853959 0.0035353285   0.96558082   0.96945225    1.0305857   -11.087844    296.42409   -11.087844    4703.3172    4692.2293 
   15400       154000      600.974      600.974      600.974   0.99457406 0.0035353285   0.97312534   0.97653005    1.0340668   -7.2861202    295.32376   -7.2861202    4685.8584    4678.5723 
   15450       154500      600.974      600.974      600.974    1.0019017 0.0035353285   0.97684622   0.98355316    1.0453059   -10.655269    300.56725   -10.655269     4769.056    4758.4007 
   15500       155000      600.974      600.974      600.974    1.0097776 0.0035353285   0.98582969   0.98815744    1.0553455   -9.0153415    301.74763   -9.0153415    4787.7849    4778.7696 
   15550       155500      600.974      600.974      600.974    0.9996946 0.0035353285   0.97423482   0.98117091    1.0436781   -10.776144    300.24134   -10.776144    4763.8849    4753.1087 
   15600       156000      600.974      600.974      600.974   0.99714734 0.0035353285   0.97144573   0.98002276    1.0399735   -11.619976    298.52904   -11.619976    4736.7161    4725.0962 
   15650       156500      600.974      600.974      600.974   0.99786251 0.0035353285   0.97569794   0.97776086    1.0401287   -10.509601    298.53454   -10.509601    4736.8033    4726.2937 
   15700       157000      600.974      600.974      600.974    1.0087679 0.0035353285    0.9830802   0.99172475    1.0514987   -11.766652    302.67242   -11.766652    4802.4584    4790.6918 
   15750       157500      600.974      600.974      600.974    1.0118571 0.0035353285    0.9890434   0.99474857    1.0517793   -10.194599    303.24665   -10.194599    4811.5697    4801.3751 
   15800       158000      600.974      600.974      600.974   0.99596633 0.0035353285   0.97725871   0.97475675    1.0358835    -8.700643    297.71877    -8.700643    4723.8597     4715.159 
   15850       158500      600.974      600.974      600.974   0.98717684 0.0035353285   0.96689737   0.96723858    1.0273946   -10.415752    296.01904   -10.415752    4696.8903    4686.4745 
   15900       159000      600.974      600.974      600.974    1.0116624 0.0035353285   0.99099735    0.9914607    1.0525292     -9.88532    303.07998     -9.88532    4808.9251    4799.0398 
   15950       159500      600.974      600.974      600.974    1.0183343 0.0035353285   0.99894223   0.99544779     1.060613   -9.9829765    305.44317   -9.9829765    4846.4216    4836.4386 
   16000       160000      600.974      600.974      600.974    1.0061838 0.0035353285    0.9845844   0.98361912    1.0503477   -10.113168     301.5897   -10.113168    4785.2792     4775.166 
   16050       160500      600.974      600.974      600.974   0.99588096 0.0035353285   0.97341652   0.97583914    1.0383872   -12.502992    299.08148   -12.502992    4745.4816    4732.9786 
   16100       161000      600.974      600.974      600.974    1.0010839 0.0035353285   0.98366729   0.97955552     1.040029   -11.144739      298.697   -11.144739    4739.3811    4728.2364 
   16150       161500      600.974      600.974      600.974    1.0126054 0.0035353285   0.98570366   0.99491788    1.0571948   -11.748083    302.83477   -11.748083    4805.0345    4793.2864 
   16200       162000      600.974      600.974      600.974    1.0252573 0.0035353285    1.0018172    1.0053022    1.0686526   -11.908446    307.26978   -11.908446    4875.4042    4863.4957 
   16250       162500      600.974      600.974      600.974    1.0016487 0.0035353285   0.98144728   0.98169001    1.0418088   -8.6350564    299.06542   -8.6350564    4745.2268    4736.5917 
   16300       163000      600.974      600.974      600.974   0.98804861 0.0035353285   0.96785797   0.96745023    1.0288376   -10.726091    296.64892   -10.726091    4706.8845    4696.1584 
   16350       163500      600.974      600.974      600.974    1.0037706 0.0035353285   0.98573332   0.98124195    1.0443365    -9.482653    300.34241    -9.482653    4765.4886    4756.0059 
   16400       164000      600.974      600.974      600.974    1.0113478 0.0035353285   0.99016857   0.99055522    1.0533195   -11.439494    303.26577   -11.439494     4811.873    4800.4335 
   16450       164500      600.974      600.974      600.974     1.004112 0.0035353285   0.97564572    0.9897935    1.0468967   -7.4436011    299.02378   -7.4436011     4744.566    4737.1224 
   16500       165000      600.974      600.974      600.974   0.97366501 0.0035353285    0.9488435   0.95738899    1.0147625    -9.331793    291.84317    -9.331793    4630.6323    4621.3006 
   16550       165500      600.974      600.974      600.974   0.99118939 0.0035353285   0.96784718     0.971579     1.034142   -10.221107    297.24922   -10.221107    4716.4094    4706.1883 
   16600       166000      600.974      600.974      600.974    1.0029043 0.0035353285   0.97694799   0.98308739    1.0486774   -11.512535    301.02666   -11.512535    4776.3454    4764.8329 
   16650       166500      600.974      600.974      600.974    1.0048052 0.0035353285   0.98103307   0.98440792    1.0489746   -12.287665    301.55325   -12.287665    4784.7007    4772.4131 
   16700       167000      600.974      600.974      600.974   0.99665779 0.0035353285   0.97039122   0.97866326    1.0409189   -12.425218    298.92277   -12.425218    4742.9633    4730.5381 
   16750       167500      600.974      600.974      600.974   0.98225505 0.0035353285   0.95642597    0.9630602     1.027279   -12.977941    294.92052   -12.977941    4679.4603    4666.4823 
   16800       168000      600.974      600.974      600.974   0.99544595 0.0035353285   0.97150958   0.97912552    1.0357027   -12.286138    298.50517   -12.286138    4736.3373    4724.0512 
   16850       168500      600.974      600.974      600.974    1.0184251 0.0035353285   0.99246375    0.9982975    1.0645139   -10.114903    304.91596   -10.114903    4838.0564    4827.9415 
   16900       169000      600.974      600.974      600.974    1.0073531 0.0035353285   0.98559976   0.98847639    1.0479832   -10.937328    301.73588   -10.937328    4787.5986    4776.6612 
   16950       169500      600.974      600.974      600.974   0.99527103 0.0035353285   0.97134556   0.97758526    1.0368823   -12.054076    297.49858   -12.054076     4720.366    4708.3119 
   17000       170000      600.974      600.974      600.974   0.99521641 0.0035353285   0.97069985   0.97661392    1.0383354   -12.032404    298.55818   -12.032404    4737.1784     4725.146 
   17050       170500      600.974      600.974      600.974    1.0047616 0.0035353285   0.97617001   0.98821605    1.0498988   -11.081157    300.63522   -11.081157    4770.1345    4759.0534 
   17100       171000      600.974      600.974      600.974    1.0022636 0.0035353285   0.97554103   0.98498318    1.0462665   -13.121064    300.79015   -13.121064    4772.5928    4759.4718 
   17150       171500      600.974      600.974      600.974    1.0004518 0.0035353285   0.97303853   0.98335437    1.0449625   -13.139836    300.06717   -13.139836    4761.1214    4747.9815 
   17200       172000      600.974      600.974      600.974   0.99879794 0.0035353285   0.97502042   0.97924561    1.0421278   -10.559963    299.43348   -10.559963    4751.0666    4740.5067 
   17250       172500      600.974      600.974      600.974    1.0020559 0.0035353285   0.97425577   0.98373992    1.0481721   -10.038015    300.44737   -10.038015    4767.1539    4757.1159 
   17300       173000      600.974      600.974      600.974    1.0107346 0.0035353285   0.98195787    0.9928746    1.0573713   -9.9930026     302.9277   -9.9930026     4806.509     4796.516 
   17350       173500      600.974      600.974      600.974    1.0055691 0.0035353285    0.9782815   0.98501955    1.0534061   -10.105372    301.10913   -10.105372     4777.654    4767.5487 
   17400       174000      600.974      600.974      600.974   0.98932211 0.0035353285   0.96276292   0.97154709    1.0336563   -10.731589    296.13779   -10.731589    4698.7744    4688.0429 
   17450       174500      600.974      600.974      600.974   0.99237056 0.0035353285   0.96587348   0.97111597    1.0401222   -11.585951    297.61845   -11.585951    4722.2679     4710.682 
   17500       175000      600.974      600.974      600.974    1.0198588 0.0035353285   0.98946016    1.0024067    1.0677096    -11.99035    305.68225    -11.99035     4850.215    4838.2247 
   17550       175500      600.974      600.974      600.974    1.0135545 0.0035353285   0.98522866   0.99537182     1.060063   -12.913787    303.69095   -12.913787    4818.6193    4805.7055 
   17600       176000      600.974      600.974      600.974    1.0028612 0.0035353285   0.97170032   0.98751375    1.0493697   -12.078074    299.74977   -12.078074    4756.0852    4744.0071 
   17650       176500      600.974      600.974      600.974   0.99511816 0.0035353285   0.96491806   0.97759224    1.0428442   -13.835157    298.91584   -13.835157    4742.8534    4729.0183 
   17700       177000      600.974      600.974      600.974    1.0041413 0.0035353285   0.97265247   0.98547849    1.0542929   -11.761979    300.54544   -11.761979    4768.7099    4756.9479 
   17750       177500      600.974      600.974      600.974    1.0214347 0.0035353285    0.9921637    1.0029223    1.0692181   -12.480348    306.00545   -12.480348    4855.3431    4842.8628 
   17800       178000      600.974      600.974      600.974    1.0213474 0.0035353285   0.99166872    1.0005062    1.0718674    -12.47057    306.00302    -12.47057    4855.3047    4842.8341 
   17850       178500      600.974      600.974      600.974   0.99100439 0.0035353285    0.9602192   0.97397575    1.0388182   -13.796277    297.39369   -13.796277    4718.7016    4704.9053 
   17900       179000      600.974      600.974      600.974   0.99584712 0.0035353285   0.96990813   0.97609124     1.041542   -12.762672    297.62848   -12.762672    4722.4269    4709.6643 
   17950       179500      600.974      600.974      600.974    1.0082265 0.0035353285     0.980591   0.98889842      1.05519   -13.416752    302.20878   -13.416752    4795.1019    4781.6852 
   18000       180000      600.974      600.974      600.974    1.0126176 0.0035353285   0.98333654    0.9917155    1.0628007   -12.517652    303.51197   -12.517652    4815.7794    4803.2618 
   18050       180500      600.974      600.974      600.974   0.98462807 0.0035353285     0.959683   0.96505681    1.0291444   -11.093853    294.98656   -11.093853    4680.5081    4669.4143 
   18100       181000      600.974      600.974      600.974   0.98059653 0.0035353285   0.95528136   0.96101181    1.0254964   -10.502479    293.86794   -10.502479     4662.759    4652.2565 
   18150       181500      600.974      600.974      600.974    0.9985555 0.0035353285   0.96970492   0.97816779    1.0477938   -11.384785    299.85379   -11.384785    4757.7356    4746.3508 
   18200       182000      600.974      600.974      600.974     1.004974 0.0035353285   0.97829366   0.98483884    1.0517895   -13.473744    301.99067   -13.473744    4791.6413    4778.1675 
   18250       182500      600.974      600.974      600.974    1.0030214 0.0035353285   0.97950491   0.98193736    1.0476221   -12.954042    300.34677   -12.954042    4765.5576    4752.6036 
   18300       183000      600.974      600.974      600.974   0.98876944 0.0035353285   0.96537106   0.96771256    1.0332247   -12.149889    295.92394   -12.149889    4695.3813    4683.2314 
   18350       183500      600.974      600.974      600.974   0.98493496 0.0035353285   0.95046302   0.97533469    1.0290072    -12.30175    294.11219    -12.30175    4666.6346    4654.3328 
   18400       184000      600.974      600.974      600.974     1.010772 0.0035353285   0.98319114    0.9935807    1.0555443   -13.784918    302.88058   -13.784918    4805.7613    4791.9764 
   18450       184500      600.974      600.974      600.974    1.0154133 0.0035353285   0.98788382   0.99928869    1.0590673   -12.297674    303.79565   -12.297674    4820.2806    4807.9829 
   18500       185000      600.974      600.974      600.974   0.99929808 0.0035353285   0.97484461   0.98012286    1.0429268   -11.873762    298.53229   -11.873762    4736.7676    4724.8938 
   18550       185500      600.974      600.974      600.974   0.98976265 0.0035353285   0.96195029   0.97349542    1.0338422   -14.655425    297.01938   -14.655425    4712.7625     4698.107 
   18600       186000      600.974      600.974      600.974     1.006304 0.0035353285   0.97852277    0.9901897    1.0501996   -15.305808    301.94466   -15.305808    4790.9113    4775.6055 
   18650       186500      600.974      600.974      600.974    1.0340304 0.0035353285    1.0076088    1.0148397    1.0796426   -15.402725    309.92496   -15.402725    4917.5334    4902.1306 
   18700       187000      600.974      600.974      600.974    1.0063509 0.0035353285   0.97711825   0.98578154    1.0561528   -14.019104    301.15072   -14.019104    4778.3138    4764.2947 
   18750       187500      600.974      600.974      600.974   0.98713316 0.0035353285   0.95928712   0.96938771    1.0327247   -13.151156    296.38867   -13.151156    4702.7551    4689.6039 
   18800       188000      600.974      600.974      600.974    1.0022638 0.0035353285   0.97051893    0.9872827    1.0489897   -12.453945     300.0751   -12.453945    4761.2472    4748.7933 
   18850       188500      600.974      600.974      600.974    1.0161002 0.0035353285   0.98973795   0.99393375    1.0646289   -10.354534    303.96515   -10.354534    4822.9701    4812.6155 
   18900       189000      600.974      600.974      600.974    1.0057563 0.0035353285   0.97807831   0.98474534    1.0544452   -10.258519    300.99384   -10.258519    4775.8247    4765.5662 
   18950       189500      600.974      600.974      600.974   0.98394503 0.0035353285   0.95612962    0.9625251    1.0331804   -10.340789    295.51893   -10.340789    4688.9551    4678.6144 
   19000       190000      600.974      600.974      600.974    1.0013333 0.0035353285   0.97103759   0.98132905    1.0516333   -9.5836219    298.40221   -9.5836219    4734.7036      4725.12 
   19050       190500      600.974      600.974      600.974    1.0232707 0.0035353285   0.99629025    1.0007314    1.0727905    -12.44672    306.07814    -12.44672    4856.4965    4844.0498 
   19100       191000      600.974      600.974      600.974     1.013481 0.0035353285   0.98792243   0.98892539    1.0635952   -13.123261    303.50148   -13.123261     4815.613    4802.4897 
   19150       191500      600.974      600.974      600.974    1.0002616 0.0035353285   0.97605544   0.98047505    1.0442543   -12.839066    299.04046   -12.839066    4744.8307    4731.9917 
   19200       192000      600.974      600.974      600.974   0.98867543 0.0035353285   0.96368332   0.96624255    1.0361004   -13.591259    297.59833   -13.591259    4721.9486    4708.3574 
   19250       192500      600.974      600.974      600.974    1.0045461 0.0035353285   0.97963819   0.98040451    1.0535955   -13.776115    301.84176   -13.776115    4789.2785    4775.5024 
   19300       193000      600.974      600.974      600.974    1.0235696 0.0035353285   0.99711643    1.0003003    1.0732922   -13.575037    307.06212   -13.575037    4872.1093    4858.5342 
   19350       193500      600.974      600.974      600.974   0.99770838 0.0035353285   0.97381295   0.97225557    1.0470566   -12.021586    299.06054   -12.021586    4745.1493    4733.1277 
   19400       194000      600.974      600.974      600.974   0.98552448 0.0035353285   0.95936905   0.96389804    1.0333064   -12.937596    295.94118   -12.937596    4695.6548    4682.7172 
   19450       194500      600.974      600.974      600.974    1.0019539 0.0035353285   0.98057715   0.97515522    1.0501293   -14.729452    300.51698   -14.729452    4768.2585     4753.529 
   19500       195000      600.974      600.974      600.974    1.0134575 0.0035353285   0.99177813   0.98649678    1.0620975   -15.006483     303.5378   -15.006483    4816.1893    4801.1828 
   19550       195500      600.974      600.974      600.974   0.99897987 0.0035353285   0.97880826   0.97433872    1.0437926   -12.847684    299.81947   -12.847684    4757.1911    4744.3435 
   19600       196000      600.974      600.974      600.974   0.97644492 0.0035353285   0.95283474   0.95342591    1.0230741   -11.032358    292.91627   -11.032358    4647.6591    4636.6267 
   19650       196500      600.974      600.974      600.974   0.99441622 0.0035353285    0.9719721   0.97243322    1.0388433   -11.678406    298.57648   -11.678406    4737.4688    4725.7904 
   19700       197000      600.974      600.974      600.974    1.0094253 0.0035353285   0.98488168   0.98930993    1.0540842   -12.113919     303.2738   -12.113919    4812.0005    4799.8865 
   19750       197500      600.974      600.974      600.974    1.0037528 0.0035353285   0.98099501   0.98232667    1.0479366   -10.909752    300.34033   -10.909752    4765.4556    4754.5459 
   19800       198000      600.974      600.974      600.974   0.99017615 0.0035353285   0.96552352   0.96664086    1.0383641   -12.771442     297.1984   -12.771442    4715.6031    4702.8316 
   19850       198500      600.974      600.974      600.974   0.99863357 0.0035353285    0.9795351   0.97570704    1.0406586   -13.150956    299.03446   -13.150956    4744.7355    4731.5846 
   19900       199000      600.974      600.974      600.974    1.0212321 0.0035353285   0.99605267   0.99894677    1.0686968   -13.530803    305.45514   -13.530803    4846.6115    4833.0807 
   19950       199500      600.974      600.974      600.974    1.0122432 0.0035353285   0.98699874   0.99490344    1.0548273   -12.588851    303.18961   -12.588851    4810.6646    4798.0758 
   20000       200000      600.974      600.974      600.974   0.98461106 0.0035353285   0.96134975   0.96662916    1.0258543   -11.959302    295.28986   -11.959302    4685.3205    4673.3612 
Loop time of 2.91201 on 4 procs for 20000 steps with 5324 atoms

Performance: 5934.044 ns/day, 0.004 hours/ns, 6868.106 timesteps/s
99.8% CPU use with 4 MPI tasks x no OpenMP threads

MPI task timing breakdown:
Section |  min time  |  avg time  |  max time  |%varavg| %total
---------------------------------------------------------------
Pair    | 0.24225    | 0.24808    | 0.25345    |   0.8 |  8.52
Neigh   | 0.67586    | 0.68231    | 0.68959    |   0.7 | 23.43
Comm    | 0.48904    | 0.51007    | 0.53362    |   2.7 | 17.52
Output  | 0.097799   | 0.098374   | 0.099978   |   0.3 |  3.38
Modify  | 1.1984     | 1.2132     | 1.2277     |   1.2 | 41.66
Other   |            | 0.16       |            |       |  5.49

Nlocal:    1331 ave 1357 max 1313 min
Histogram: 1 0 1 0 1 0 0 0 0 1
Nghost:    358.25 ave 376 max 349 min
Histogram: 1 1 1 0 0 0 0 0 0 1
Neighs:    196 ave 221 max 178 min
Histogram: 1 1 0 0 1 0 0 0 0 1

Total # of neighbors = 784
Ave neighs/atom = 0.147258
Neighbor list builds = 1194
Dangerous builds = 0

quit
