run 20000
Neighbor list info ...
  1 neighbor list requests
  update every 1 steps, delay 10 steps, check yes
  max neighbors/atom: 2000, page size: 100000
  master list distance cutoff = 14
  ghost atom cutoff = 14
  binsize = 7 -> bins = 86 86 86
Memory usage per processor = 4.37871 Mbytes
Step Time Lx Ly Lz Press Density Pxx Pyy Pzz PotEng Temp PotEng KinEng TotEng 
       0            0      600.974      600.974      600.974    1.0063277 0.0035353285   0.98068708    1.0190856    1.0192105            0       301.15            0    4778.3024    4778.3024 
      50          500      600.974      600.974      600.974    1.0063277 0.0035353285   0.98068708    1.0190856    1.0192105            0       301.15            0    4778.3024    4778.3024 
     100         1000      600.974      600.974      600.974    1.0063277 0.0035353285   0.98068708    1.0190856    1.0192105            0       301.15            0    4778.3024    4778.3024 
     150         1500      600.974      600.974      600.974    1.0063277 0.0035353285   0.98068708    1.0190856    1.0192105            0       301.15            0    4778.3024    4778.3024 
     200         2000      600.974      600.974      600.974    1.0063277 0.0035353285   0.98068708    1.0190856    1.0192105            0       301.15            0    4778.3024    4778.3024 
     250         2500      600.974      600.974      600.974    1.0063277 0.0035353285   0.98068708    1.0190856    1.0192105            0       301.15            0    4778.3024    4778.3024 
     300         3000      600.974      600.974      600.974    1.0063277 0.0035353285   0.98068708    1.0190856    1.0192105            0       301.15            0    4778.3024    4778.3024 
     350         3500      600.974      600.974      600.974    1.0063277 0.0035353285   0.98068708    1.0190856    1.0192105            0       301.15            0    4778.3024    4778.3024 
     400         4000      600.974      600.974      600.974    1.0063125 0.0035353285   0.98066719    1.0190734    1.0191968 -0.027669218    301.15066 -0.027669218    4778.3129    4778.2852 
     450         4500      600.974      600.974      600.974    1.0061918 0.0035353285   0.98051721     1.018999    1.0190591  -0.27248375    301.16013  -0.27248375    4778.4631    4778.1906 
     500         5000      600.974      600.974      600.974    1.0055842 0.0035353285   0.97957651    1.0185055    1.0186708   -2.3813794    301.23532   -2.3813794    4779.6563    4777.2749 
     550         5500      600.974      600.974      600.974    1.0056619 0.0035353285   0.97638766    1.0155884    1.0250098   -5.6146645    301.16276   -5.6146645     4778.505    4772.8903 
     600         6000      600.974      600.974      600.974    1.0048844 0.0035353285   0.97658154    1.0135191    1.0245525   -7.8756617    300.92146   -7.8756617    4774.6762    4766.8005 
     650         6500      600.974      600.974      600.974    1.0064339 0.0035353285   0.97307819    1.0189224    1.0273011   -9.1163314    300.87947   -9.1163314      4774.01    4764.8936 
     700         7000      600.974      600.974      600.974    1.0099232 0.0035353285   0.97457497    1.0187573    1.0364373   -7.4278287    301.47079   -7.4278287    4783.3924    4775.9646 
     750         7500      600.974      600.974      600.974    1.0107389 0.0035353285   0.97812897    1.0182068    1.0358809   -8.0001612    302.32507   -8.0001612    4796.9471    4788.9469 
     800         8000      600.974      600.974      600.974    1.0093188 0.0035353285   0.97846347    1.0170911    1.0324017   -6.9311402    301.02281   -6.9311402    4776.2844    4769.3533 
     850         8500      600.974      600.974      600.974   0.99448683 0.0035353285   0.96217961    1.0030915    1.0181894   -9.6756032    298.16141   -9.6756032    4730.8829    4721.2073 
     900         9000      600.974      600.974      600.974    1.0023412 0.0035353285    0.9704082    1.0114064    1.0252089   -8.2728954    299.02434   -8.2728954    4744.5749     4736.302 
     950         9500      600.974      600.974      600.974    1.0192103 0.0035353285   0.98707228    1.0272453    1.0433132   -9.3966308    305.84493   -9.3966308    4852.7962    4843.3996 
    1000        10000      600.974      600.974      600.974    1.0196644 0.0035353285     0.984694    1.0312899    1.0430092   -8.0234295    304.69451   -8.0234295    4834.5427    4826.5193 
    1050        10500      600.974      600.974      600.974   0.99370148 0.0035353285   0.96014979    1.0008186    1.0201361   -9.4540696    297.83107   -9.4540696    4725.6414    4716.1874 
    1100        11000      600.974      600.974      600.974   0.99867054 0.0035353285   0.96739914    1.0063277    1.0222847   -10.362077    298.60325   -10.362077    4737.8936    4727.5315 
    1150        11500      600.974      600.974      600.974    1.0087486 0.0035353285   0.97763967    1.0127699    1.0358362   -11.135138    301.73485   -11.135138    4787.5822    4776.4471 
    1200        12000      600.974      600.974      600.974    1.0093681 0.0035353285   0.97952689    1.0152589    1.0333185    -12.40103    303.24409    -12.40103     4811.529     4799.128 
    1250        12500      600.974      600.974      600.974   0.99908271 0.0035353285   0.96703031    1.0020649    1.0281529   -12.241873    299.67793   -12.241873    4754.9453    4742.7034 
    1300        13000      600.974      600.974      600.974   0.98007321 0.0035353285   0.95380343   0.97765122     1.008765   -10.441692    293.39616   -10.441692    4655.2734    4644.8317 
    1350        13500      600.974      600.974      600.974   0.99975277 0.0035353285   0.96949151    1.0026794    1.0270874   -10.041596    299.85542   -10.041596    4757.7616      4747.72 
    1400        14000      600.974      600.974      600.974    1.0124432 0.0035353285   0.98232426    1.0157592    1.0392461    -10.21632    303.63526    -10.21632    4817.7357    4807.5194 
    1450        14500      600.974      600.974      600.974    1.0038217 0.0035353285    0.9728547    1.0063279    1.0322826   -11.939264    301.63937   -11.939264    4786.0672     4774.128 
    1500        15000      600.974      600.974      600.974   0.99997258 0.0035353285   0.96754388    1.0046611    1.0277127   -10.318569    298.32789   -10.318569    4733.5244    4723.2058 
    1550        15500      600.974      600.974      600.974    0.9985181 0.0035353285   0.96971313    1.0003024    1.0255388   -12.074327    299.40675   -12.074327    4750.6425    4738.5682 
    1600        16000      600.974      600.974      600.974    1.0266845 0.0035353285    0.9974888    1.0316936    1.0508712   -11.826685    307.24324   -11.826685     4874.983    4863.1563 
    1650        16500      600.974      600.974      600.974    1.0199958 0.0035353285   0.99051607    1.0262688    1.0432027   -10.472388    304.66603   -10.472388    4834.0908    4823.6184 
    1700        17000      600.974      600.974      600.974   0.99781551 0.0035353285   0.97147872   0.99851546    1.0234524    -11.13322    298.91159    -11.13322     4742.786    4731.6528 
    1750        17500      600.974      600.974      600.974    1.0004595 0.0035353285   0.97088735     1.004688    1.0258031   -11.134234    299.62236   -11.134234    4754.0636    4742.9293 
    1800        18000      600.974      600.974      600.974    1.0101629 0.0035353285   0.98379752     1.013373     1.033318   -11.991004     302.3977   -11.991004    4798.0995    4786.1085 
    1850        18500      600.974      600.974      600.974    1.0160548 0.0035353285   0.98917099    1.0145051    1.0444884   -10.719179    303.37604   -10.719179    4813.6227    4802.9035 
    1900        19000      600.974      600.974      600.974   0.99551863 0.0035353285   0.96962182   0.99846032    1.0184738   -10.774105    297.96321   -10.774105    4727.7382    4716.9641 
    1950        19500      600.974      600.974      600.974   0.98378786 0.0035353285   0.95616743   0.98736362    1.0078325   -11.942365    295.34385   -11.942365    4686.1771    4674.2347 
    2000        20000      600.974      600.974      600.974    1.0077715 0.0035353285   0.97853826    1.0125753    1.0322011    -13.21982    302.46046    -13.21982    4799.0954    4785.8756 
    2050        20500      600.974      600.974      600.974    1.0161743 0.0035353285   0.98889673    1.0177692     1.041857   -13.479074     304.4907   -13.479074    4831.3089    4817.8298 
    2100        21000      600.974      600.974      600.974    1.0053483 0.0035353285   0.97655665     1.007345    1.0321433   -10.795685    300.87817   -10.795685    4773.9894    4763.1937 
    2150        21500      600.974      600.974      600.974   0.99834939 0.0035353285   0.97187275   0.99632241     1.026853   -10.358149    298.57416   -10.358149    4737.4319    4727.0738 
    2200        22000      600.974      600.974      600.974    1.0074298 0.0035353285   0.98263591    1.0058941    1.0337593    -12.34187    302.50805    -12.34187    4799.8504    4787.5086 
    2250        22500      600.974      600.974      600.974    1.0366443 0.0035353285    1.0100694    1.0354952    1.0643682   -12.038783    311.06491   -12.038783    4935.6208     4923.582 
    2300        23000      600.974      600.974      600.974    1.0148136 0.0035353285   0.98900162    1.0140716    1.0413675   -10.777591    303.86953   -10.777591    4821.4528    4810.6752 
    2350        23500      600.974      600.974      600.974   0.99859822 0.0035353285   0.97189272   0.99552701    1.0283749   -11.681055    299.37797   -11.681055    4750.1859    4738.5048 
    2400        24000      600.974      600.974      600.974   0.99902214 0.0035353285   0.97344971   0.99513559    1.0284811   -13.043526    299.54669   -13.043526     4752.863    4739.8195 
    2450        24500      600.974      600.974      600.974    1.0123092 0.0035353285   0.98332929    1.0098266    1.0437717    -13.45511    303.73245    -13.45511    4819.2778    4805.8227 
    2500        25000      600.974      600.974      600.974    1.0197205 0.0035353285   0.99193386    1.0189923    1.0482353   -13.283458    306.44583   -13.283458    4862.3305    4849.0471 
    2550        25500      600.974      600.974      600.974   0.99435034 0.0035353285   0.96885633   0.99252136    1.0216733   -11.416857    298.27678   -11.416857    4732.7135    4721.2967 
    2600        26000      600.974      600.974      600.974   0.98611012 0.0035353285     0.961087   0.98429404    1.0129493     -11.9882    296.27416     -11.9882    4700.9383    4688.9501 
    2650        26500      600.974      600.974      600.974    1.0057947 0.0035353285   0.97931745    1.0046829    1.0333838   -12.164083    301.83512   -12.164083    4789.1732    4777.0091 
    2700        27000      600.974      600.974      600.974    1.0117593 0.0035353285    0.9846332    1.0116306     1.039014   -12.666321    303.74905   -12.666321    4819.5411    4806.8748 
    2750        27500      600.974      600.974      600.974    1.0047166 0.0035353285   0.97887367    1.0019841     1.033292   -12.482933    301.34439   -12.482933    4781.3868    4768.9039 
    2800        28000      600.974      600.974      600.974   0.99716476 0.0035353285   0.96982811   0.99416279    1.0275034    -11.78203    299.41873    -11.78203    4750.8326    4739.0506 
    2850        28500      600.974      600.974      600.974     1.006148 0.0035353285   0.98046613    1.0025174    1.0354605   -11.799231    301.68785   -11.799231    4786.8365    4775.0373 
    2900        29000      600.974      600.974      600.974    1.0345321 0.0035353285    1.0072627    1.0318336       1.0645   -13.995171    311.13799   -13.995171    4936.7805    4922.7853 
    2950        29500      600.974      600.974      600.974      1.01568 0.0035353285   0.98852124    1.0121132    1.0464054   -13.004752    304.03102   -13.004752    4824.0151    4811.0104 
    3000        30000      600.974      600.974      600.974   0.99618828 0.0035353285   0.97533498   0.98835215    1.0248777   -12.756969    298.77357   -12.756969    4740.5959    4727.8389 
    3050        30500      600.974      600.974      600.974   0.99898072 0.0035353285    0.9690168   0.99611427    1.0318111   -11.450979    299.48879   -11.450979    4751.9443    4740.4933 
    3100        31000      600.974      600.974      600.974    1.0147883 0.0035353285   0.98734765    1.0093382    1.0476792   -11.649152    304.30884   -11.649152    4828.4232    4816.7741 
    3150        31500      600.974      600.974      600.974    1.0160878 0.0035353285   0.98895535    1.0110973    1.0482108   -10.863789    305.10263   -10.863789    4841.0183    4830.1545 
    3200        32000      600.974      600.974      600.974   0.98630288 0.0035353285   0.95654078   0.98049559    1.0218723   -10.958918    295.90934   -10.958918    4695.1496    4684.1907 
    3250        32500      600.974      600.974      600.974   0.99102857 0.0035353285   0.96238204   0.99021781    1.0204859    -12.25682    296.74024    -12.25682    4708.3335    4696.0767 
    3300        33000      600.974      600.974      600.974      1.00937 0.0035353285   0.98422617    1.0039938      1.03989   -12.190372    302.06832   -12.190372    4792.8732    4780.6829 
    3350        33500      600.974      600.974      600.974    1.0120107 0.0035353285   0.98286765    1.0104097    1.0427546   -11.264565    302.96633   -11.264565    4807.1219    4795.8573 
    3400        34000      600.974      600.974      600.974    1.0042455 0.0035353285    0.9783111   0.99698413    1.0374412   -13.382007      300.611   -13.382007    4769.7503    4756.3683 
    3450        34500      600.974      600.974      600.974   0.98869251 0.0035353285   0.96444665   0.98005758    1.0215733   -14.376249    296.54974   -14.376249    4705.3108    4690.9345 
    3500        35000      600.974      600.974      600.974   0.97664814 0.0035353285   0.95230866   0.96786285    1.0097729   -14.029832    293.66405   -14.029832     4659.524    4645.4942 
    3550        35500      600.974      600.974      600.974    1.0135212 0.0035353285    0.9944587    1.0045474    1.0415575   -12.076775    302.02822   -12.076775    4792.2371    4780.1603 
    3600        36000      600.974      600.974      600.974    1.0198593 0.0035353285   0.99212786    1.0113565    1.0560935   -12.933111    304.66292   -12.933111    4834.0414    4821.1083 
    3650        36500      600.974      600.974      600.974    1.0028028 0.0035353285   0.97740983   0.99520203    1.0357965   -10.963984    300.34368   -10.963984    4765.5087    4754.5448 
    3700        37000      600.974      600.974      600.974   0.99055528 0.0035353285   0.96369095   0.98482134    1.0231535   -10.746065    296.98594   -10.746065     4712.232    4701.4859 
    3750        37500      600.974      600.974      600.974    1.0118593 0.0035353285   0.98318397    1.0082933    1.0441006   -9.1090703    302.53044   -9.1090703    4800.2057    4791.0966 
    3800        38000      600.974      600.974      600.974    1.0264355 0.0035353285   0.99911431    1.0193803    1.0608119   -10.939391    308.29509   -10.939391    4891.6725    4880.7331 
    3850        38500      600.974      600.974      600.974    1.0158232 0.0035353285   0.99297349    1.0079359    1.0465601   -10.217796     303.0964   -10.217796    4809.1856    4798.9678 
    3900        39000      600.974      600.974      600.974   0.99826839 0.0035353285   0.97486416   0.99201408    1.0279269   -12.467192    299.66537   -12.467192    4754.7461    4742.2789 
    3950        39500      600.974      600.974      600.974    1.0002467 0.0035353285   0.97642763   0.99359003    1.0307225   -11.398577     299.7606   -11.398577     4756.257    4744.8585 
    4000        40000      600.974      600.974      600.974    1.0154815 0.0035353285   0.99185365    1.0085079     1.046083   -9.3931049    304.21038   -9.3931049    4826.8611     4817.468 
    4050        40500      600.974      600.974      600.974    1.0278455 0.0035353285    1.0019362    1.0238916    1.0577087   -10.258119    308.82662   -10.258119    4900.1062     4889.848 
    4100        41000      600.974      600.974      600.974   0.99939732 0.0035353285   0.97749405   0.99176151    1.0289364   -12.026446    299.99083   -12.026446    4759.9101    4747.8837 
    4150        41500      600.974      600.974      600.974   0.99271918 0.0035353285   0.96552874   0.98904174    1.0235871   -12.685314    297.56643   -12.685314    4721.4425    4708.7572 
    4200        42000      600.974      600.974      600.974    1.0069117 0.0035353285   0.98435807   0.99878853    1.0375886   -12.707671    301.88806   -12.707671    4790.0132    4777.3055 
    4250        42500      600.974      600.974      600.974    1.0160521 0.0035353285   0.99276562    1.0097423    1.0456484   -12.057066     304.7712   -12.057066    4835.7595    4823.7025 
    4300        43000      600.974      600.974      600.974    1.0003971 0.0035353285   0.97705359   0.99397455    1.0301632   -9.9869007    299.95761   -9.9869007     4759.383    4749.3961 
    4350        43500      600.974      600.974      600.974   0.97825353 0.0035353285   0.95996509   0.96861192    1.0061836   -11.276878    293.72642   -11.276878    4660.5137    4649.2368 
    4400        44000      600.974      600.974      600.974   0.99513048 0.0035353285   0.97331059   0.98703904    1.0250418   -12.365779    298.48976   -12.365779    4736.0929    4723.7271 
    4450        44500      600.974      600.974      600.974    1.0098699 0.0035353285   0.98488054    1.0054177    1.0393115   -13.476911    301.56755   -13.476911    4784.9276    4771.4507 
    4500        45000      600.974      600.974      600.974    1.0077824 0.0035353285   0.98593231   0.99823476    1.0391801   -14.028473    302.46316   -14.028473    4799.1382    4785.1097 
    4550        45500      600.974      600.974      600.974    1.0011568 0.0035353285   0.98096789   0.98959012    1.0329125   -11.553332    300.54012   -11.553332    4768.6255    4757.0722 
    4600        46000      600.974      600.974      600.974   0.99015838 0.0035353285   0.96959048   0.98047403    1.0204106   -10.563388     296.6769   -10.563388    4707.3285    4696.7651 
    4650        46500      600.974      600.974      600.974   0.99698169 0.0035353285   0.97758322   0.98854823    1.0248136     -10.3361    298.50101     -10.3361    4736.2713    4725.9352 
    4700        47000      600.974      600.974      600.974    1.0192978 0.0035353285   0.99862281    1.0113793    1.0478914   -10.796721    305.80493   -10.796721    4852.1615    4841.3647 
    4750        47500      600.974      600.974      600.974    1.0170246 0.0035353285    1.0005493    1.0060663    1.0444581   -9.8911957     303.6318   -9.8911957    4817.6808    4807.7896 
    4800        48000      600.974      600.974      600.974   0.99652671 0.0035353285    0.9751645   0.98900613    1.0254095   -12.109886    298.87098   -12.109886    4742.1416    4730.0317 
    4850        48500      600.974      600.974      600.974   0.99701268 0.0035353285   0.97554651   0.99089292    1.0245986   -11.683996    299.30823   -11.683996    4749.0793    4737.3953 
    4900        49000      600.974      600.974      600.974    1.0045278 0.0035353285   0.98407151   0.99677245    1.0327395   -11.068683    301.24124   -11.068683    4779.7502    4768.6815 
    4950        49500      600.974      600.974      600.974    1.0063298 0.0035353285   0.98489186    1.0014259    1.0326717   -10.186775    301.87307   -10.186775    4789.7753    4779.5885 
    5000        50000      600.974      600.974      600.974    1.0028369 0.0035353285   0.98242204    0.9977682    1.0283205   -11.784568     301.2656   -11.784568    4780.1366     4768.352 
    5050        50500      600.974      600.974      600.974   0.99585938 0.0035353285    0.9752184    0.9915627     1.020797    -10.63977     297.7935    -10.63977    4725.0454    4714.4057 
    5100        51000      600.974      600.974      600.974   0.98250676 0.0035353285   0.96156529   0.97683778    1.0091172   -12.248965    294.96726   -12.248965    4680.2018    4667.9529 
    5150        51500      600.974      600.974      600.974    1.0089062 0.0035353285   0.98697639    1.0021161    1.0376262   -10.866327    302.01853   -10.866327    4792.0833     4781.217 
    5200        52000      600.974      600.974      600.974    1.0186645 0.0035353285   0.99731151    1.0102404    1.0484416   -10.938234    304.84949   -10.938234    4837.0017    4826.0634 
    5250        52500      600.974      600.974      600.974    1.0043091 0.0035353285   0.98345744   0.99587148    1.0335985   -11.268078    300.66927   -11.268078    4770.6747    4759.4066 
    5300        53000      600.974      600.974      600.974   0.99188871 0.0035353285   0.97078945   0.98412105    1.0207556   -11.660474    297.17608   -11.660474    4715.2488    4703.5884 
    5350        53500      600.974      600.974      600.974     1.011407 0.0035353285   0.99005106    1.0021209     1.042049   -12.153345    302.76594   -12.153345    4803.9424     4791.789 
    5400        54000      600.974      600.974      600.974    1.0309953 0.0035353285     1.009122    1.0238887     1.059975   -12.963593    309.32321   -12.963593    4907.9855    4895.0219 
    5450        54500      600.974      600.974      600.974    1.0103366 0.0035353285   0.98798067    1.0034111     1.039618   -12.111833    302.96986   -12.111833     4807.178    4795.0661 
    5500        55000      600.974      600.974      600.974   0.99718991 0.0035353285   0.97787121   0.99043382    1.0232647   -11.144389    298.84947   -11.144389    4741.8003    4730.6559 
    5550        55500      600.974      600.974      600.974     1.004069 0.0035353285   0.98382812   0.99548979    1.0328892   -9.4083225    299.70559   -9.4083225    4755.3842    4745.9758 
    5600        56000      600.974      600.974      600.974    1.0163779 0.0035353285   0.99270318    1.0125293    1.0439012   -11.565621    305.07974   -11.565621     4840.655    4829.0894 
    5650        56500      600.974      600.974      600.974    1.0235408 0.0035353285   0.99994876    1.0211596    1.0495141   -12.133746    306.64466   -12.133746    4865.4854    4853.3516 
    5700        57000      600.974      600.974      600.974   0.99262977 0.0035353285   0.97013881   0.98742487    1.0203256   -11.984564    296.78709   -11.984564    4709.0769    4697.0923 
    5750        57500      600.974      600.974      600.974   0.99332541 0.0035353285   0.97261618   0.98640281    1.0209572   -11.324088    297.42733   -11.324088    4719.2353    4707.9112 
    5800        58000      600.974      600.974      600.974    1.0090446 0.0035353285   0.98837667    1.0061146    1.0326426   -12.460529    303.26963   -12.460529    4811.9344    4799.4738 
    5850        58500      600.974      600.974      600.974    1.0123736 0.0035353285   0.99048137    1.0096817    1.0369578   -11.272285    303.96199   -11.272285    4822.9199    4811.6476 
    5900        59000      600.974      600.974      600.974    1.0000295 0.0035353285   0.98157059   0.99525537    1.0232624   -10.690176    299.40684   -10.690176     4750.644    4739.9538 
    5950        59500      600.974      600.974      600.974   0.98302186 0.0035353285   0.96043161   0.98035298     1.008281   -10.664657    294.23636   -10.664657    4668.6047    4657.9401 
    6000        60000      600.974      600.974      600.974   0.98537844 0.0035353285   0.96386067   0.98308248    1.0091922   -11.435736    295.42226   -11.435736    4687.4212    4675.9855 
    6050        60500      600.974      600.974      600.974    1.0148843 0.0035353285    0.9905582    1.0155192    1.0385755   -10.676419    304.21727   -10.676419    4826.9703    4816.2939 
    6100        61000      600.974      600.974      600.974    1.0179564 0.0035353285   0.99143859    1.0153225     1.047108   -7.2559284    304.06651   -7.2559284    4824.5784    4817.3224 
    6150        61500      600.974      600.974      600.974   0.99692985 0.0035353285   0.97810322   0.99382493    1.0188614   -9.5302768    298.62745   -9.5302768    4738.2776    4728.7473 
    6200        62000      600.974      600.974      600.974   0.98946631 0.0035353285   0.97018714   0.98480257    1.0134092   -11.324006    297.61398   -11.324006     4722.197     4710.873 
    6250        62500      600.974      600.974      600.974    1.0165338 0.0035353285   0.99727664    1.0136716    1.0386532   -11.095172    304.52869   -11.095172    4831.9116    4820.8165 
    6300        63000      600.974      600.974      600.974    1.0224065 0.0035353285    1.0015834    1.0195968    1.0460393   -11.052009    306.84127   -11.052009     4868.605     4857.553 
    6350        63500      600.974      600.974      600.974    1.0085233 0.0035353285   0.98576364    1.0038715    1.0359347   -10.862146    302.65063   -10.862146    4802.1127    4791.2506 
    6400        64000      600.974      600.974      600.974    1.0034158 0.0035353285   0.98182325   0.99796627     1.030458   -11.654914    300.63823   -11.654914    4770.1823    4758.5274 
    6450        64500      600.974      600.974      600.974    1.0011131 0.0035353285   0.97924289   0.99889161    1.0252048   -12.611536    299.95965   -12.611536    4759.4153    4746.8038 
    6500        65000      600.974      600.974      600.974    1.0095211 0.0035353285   0.98816874     1.007114    1.0332805   -11.905994    301.84233   -11.905994    4789.2875    4777.3815 
    6550        65500      600.974      600.974      600.974    1.0185782 0.0035353285   0.99695411    1.0166374     1.042143   -12.883239    305.78258   -12.883239    4851.8069    4838.9236 
    6600        66000      600.974      600.974      600.974    1.0125774 0.0035353285   0.99511039     1.007003    1.0356189   -11.793835    302.94473   -11.793835    4806.7791    4794.9853 
    6650        66500      600.974      600.974      600.974   0.98868274 0.0035353285   0.96911438   0.98127442    1.0156594   -13.007485     296.3038   -13.007485    4701.4085     4688.401 
    6700        67000      600.974      600.974      600.974    0.9976801 0.0035353285   0.97979029   0.99357245    1.0196776   -12.998813    298.94191   -12.998813     4743.267    4730.2682 
    6750        67500      600.974      600.974      600.974    1.0103323 0.0035353285   0.98959909      1.00458    1.0368179   -13.864141    303.44679   -13.864141    4814.7453    4800.8812 
    6800        68000      600.974      600.974      600.974    1.0077042 0.0035353285   0.98929456    1.0009646    1.0328534    -13.64128    302.78351    -13.64128    4804.2212    4790.5799 
    6850        68500      600.974      600.974      600.974     1.003849 0.0035353285   0.98742779   0.99573396    1.0283854    -12.89461    300.90421    -12.89461    4774.4025    4761.5079 
    6900        69000      600.974      600.974      600.974    1.0056189 0.0035353285   0.99122023   0.99508488    1.0305515   -12.992281    300.26294   -12.992281    4764.2277    4751.2354 
    6950        69500      600.974      600.974      600.974    1.0059187 0.0035353285   0.98783873   0.99899082    1.0309266   -13.176295    301.80723   -13.176295    4788.7306    4775.5543 
    7000        70000      600.974      600.974      600.974    1.0274889 0.0035353285    1.0077977    1.0211085    1.0535606   -12.334934     308.2297   -12.334934    4890.6351    4878.3001 
    7050        70500      600.974      600.974      600.974     1.017341 0.0035353285   0.99945227    1.0072592    1.0453116    -13.98511    304.85583    -13.98511    4837.1022    4823.1171 
    7100        71000      600.974      600.974      600.974   0.99561262 0.0035353285   0.97770293   0.98399609    1.0251388   -13.174903    298.21636   -13.174903    4731.7549      4718.58 
    7150        71500      600.974      600.974      600.974   0.99744459 0.0035353285   0.97747157   0.99145528    1.0234069   -13.170917    299.34799   -13.170917    4749.7103    4736.5394 
    7200        72000      600.974      600.974      600.974    1.0135566 0.0035353285   0.99812359    1.0038044    1.0387419   -13.301275    303.83579   -13.301275    4820.9174    4807.6162 
    7250        72500      600.974      600.974      600.974    1.0148892 0.0035353285   0.99483481    1.0053815    1.0444512   -14.409362    304.55182   -14.409362    4832.2787    4817.8693 
    7300        73000      600.974      600.974      600.974   0.98349045 0.0035353285     0.965742    0.9767834     1.007946   -14.281803    295.16026   -14.281803    4683.2641    4668.9823 
    7350        73500      600.974      600.974      600.974    0.9879023 0.0035353285   0.97021043   0.98036349     1.013133   -13.802035    296.51893   -13.802035     4704.822      4691.02 
    7400        74000      600.974      600.974      600.974    1.0110217 0.0035353285   0.99309702   0.99988069    1.0400872    -11.77628    302.57357    -11.77628      4800.89    4789.1137 
    7450        74500      600.974      600.974      600.974    1.0144613 0.0035353285   0.99450077    1.0043014    1.0445818   -9.4924003    302.96368   -9.4924003    4807.0799    4797.5875 
    7500        75000      600.974      600.974      600.974   0.99844143 0.0035353285   0.97713839   0.98925026    1.0289356   -11.939046    300.08623   -11.939046    4761.4238    4749.4847 
    7550        75500      600.974      600.974      600.974   0.99054886 0.0035353285   0.96838744    0.9798052    1.0234539   -10.782326     296.3799   -10.782326     4702.616    4691.8337 
    7600        76000      600.974      600.974      600.974   0.99384436 0.0035353285   0.97091809   0.98576711    1.0248479   -11.056856    297.58399   -11.056856    4721.7211    4710.6643 
    7650        76500      600.974      600.974      600.974    1.0178025 0.0035353285   0.99608861    1.0117785    1.0455403   -9.9976537    305.14552   -9.9976537    4841.6988    4831.7012 
    7700        77000      600.974      600.974      600.974    1.0151424 0.0035353285   0.99259736    1.0091491    1.0436808   -10.298553    304.18938   -10.298553    4826.5278    4816.2292 
    7750        77500      600.974      600.974      600.974   0.99774628 0.0035353285   0.97590167    0.9888872      1.02845   -10.130239    298.17855   -10.130239     4731.155    4721.0247 
    7800        78000      600.974      600.974      600.974    0.9928251 0.0035353285   0.96882016   0.98605785    1.0235973   -11.646914    298.31444   -11.646914     4733.311    4721.6641 
    7850        78500      600.974      600.974      600.974    1.0115934 0.0035353285   0.98849554    1.0036443    1.0426404   -11.632034    302.99434   -11.632034    4807.5663    4795.9343 
    7900        79000      600.974      600.974      600.974    1.0111956 0.0035353285    0.9893468     1.003273     1.040967    -13.99403    304.07939    -13.99403    4824.7826    4810.7886 
    7950        79500      600.974      600.974      600.974    1.0085207 0.0035353285   0.98592186    1.0010425    1.0385977   -13.063981    302.29733   -13.063981     4796.507     4783.443 
    8000        80000      600.974      600.974      600.974    1.0005184 0.0035353285   0.97943105   0.99072026     1.031404   -13.562966    300.37362   -13.562966    4765.9837    4752.4208 
    8050        80500      600.974      600.974      600.974    1.0008586 0.0035353285   0.98090514   0.99110706    1.0305637   -12.671071    299.52116   -12.671071    4752.4579    4739.7869 
    8100        81000      600.974      600.974      600.974    1.0072924 0.0035353285   0.98530666   0.99650499    1.0400655   -12.188154    302.30857   -12.188154    4796.6853    4784.4971 
    8150        81500      600.974      600.974      600.974     1.022224 0.0035353285     1.001271    1.0094609      1.05594   -10.818614    306.02364   -10.818614    4855.6317    4844.8131 
    8200        82000      600.974      600.974      600.974    1.0040204 0.0035353285   0.98074394   0.99552991    1.0357874   -11.781758    301.38613   -11.781758    4782.0491    4770.2674 
    8250        82500      600.974      600.974      600.974   0.98645276 0.0035353285     0.965196   0.97798498    1.0161773     -10.9426    295.78454     -10.9426    4693.1696     4682.227 
    8300        83000      600.974      600.974      600.974   0.99932497 0.0035353285   0.97723023    0.9932661    1.0274786   -11.395313    299.82626   -11.395313    4757.2989    4745.9035 
    8350        83500      600.974      600.974      600.974    1.0082408 0.0035353285   0.98500791    1.0006165    1.0390979   -11.928787    303.12118   -11.928787    4809.5788      4797.65 
    8400        84000      600.974      600.974      600.974    1.0089892 0.0035353285   0.98264937    1.0055616    1.0387568   -11.581376    302.09877   -11.581376    4793.3564     4781.775 
    8450        84500      600.974      600.974      600.974    1.0021575 0.0035353285   0.97873219   0.99501597    1.0327243   -11.307399    300.31294   -11.307399     4765.021    4753.7136 
    8500        85000      600.974      600.974      600.974    1.0005953 0.0035353285   0.97734272   0.99366218    1.0307811   -12.615752    300.30378   -12.615752    4764.8756    4752.2599 
    8550        85500      600.974      600.974      600.974    1.0202907 0.0035353285   0.99960814    1.0122464    1.0490176   -12.352114    306.02379   -12.352114    4855.6342    4843.2821 
    8600        86000      600.974      600.974      600.974    1.0250422 0.0035353285    1.0049875    1.0164417    1.0536975   -13.885229    307.83814   -13.885229    4884.4222     4870.537 
    8650        86500      600.974      600.974      600.974   0.99823271 0.0035353285   0.97699886   0.98833654    1.0293627   -12.661205    299.68432   -12.661205    4755.0467    4742.3855 
    8700        87000      600.974      600.974      600.974   0.99323781 0.0035353285     0.973793   0.98097247     1.024948   -12.063595    298.20357   -12.063595    4731.5519    4719.4883 
    8750        87500      600.974      600.974      600.974    1.0088483 0.0035353285   0.99016422   0.99808072    1.0382998   -12.090635    302.35049   -12.090635    4797.3504    4785.2598 
    8800        88000      600.974      600.974      600.974    1.0204633 0.0035353285   0.99699416    1.0120994    1.0522965    -12.28324    305.51332    -12.28324    4847.5346    4835.2513 
    8850        88500      600.974      600.974      600.974   0.99291078 0.0035353285   0.97262411   0.98251546    1.0235928    -13.12127    298.29764    -13.12127    4733.0444    4719.9232 
    8900        89000      600.974      600.974      600.974    0.9813077 0.0035353285    0.9603969    0.9713607    1.0121655   -12.170508    294.79563   -12.170508    4677.4786    4665.3081 
    8950        89500      600.974      600.974      600.974    1.0023065 0.0035353285   0.97864807   0.99229348     1.035978   -11.110004    301.03944   -11.110004    4776.5483    4765.4383 
    9000        90000      600.974      600.974      600.974    1.0131319 0.0035353285   0.98919496    1.0053495    1.0448512   -12.272454    303.62543   -12.272454    4817.5798    4805.3073 
    9050        90500      600.974      600.974      600.974    1.0058504 0.0035353285   0.98470903   0.99628516    1.0365571   -12.739982    301.31561   -12.739982    4780.9302    4768.1902 
    9100        91000      600.974      600.974      600.974   0.99205976 0.0035353285   0.97154174   0.98132664    1.0233109    -11.07119    296.92181    -11.07119    4711.2144    4700.1432 
    9150        91500      600.974      600.974      600.974   0.98365665 0.0035353285   0.96243819   0.97476617    1.0137656   -12.286387    295.32357   -12.286387    4685.8553    4673.5689 
    9200        92000      600.974      600.974      600.974    1.0136475 0.0035353285   0.99463398    1.0027192    1.0435895   -13.565813    303.65953   -13.565813    4818.1208    4804.5549 
    9250        92500      600.974      600.974      600.974    1.0190223 0.0035353285   0.99919104      1.00744     1.050436   -13.988073    305.30513   -13.988073    4844.2312    4830.2432 
    9300        93000      600.974      600.974      600.974   0.99911805 0.0035353285   0.97676761   0.99031695    1.0302696   -12.857679    299.49475   -12.857679    4752.0388    4739.1811 
    9350        93500      600.974      600.974      600.974    0.9930723 0.0035353285   0.97397805   0.98275849    1.0224804     -11.2625    297.48982     -11.2625    4720.2269    4708.9644 
    9400        94000      600.974      600.974      600.974    1.0136832 0.0035353285   0.98746406   0.99876098    1.0548245    -9.118628    302.21692    -9.118628     4795.231    4786.1124 
    9450        94500      600.974      600.974      600.974    1.0219259 0.0035353285   0.99513778    1.0115861    1.0590537   -11.383379    306.55082   -11.383379    4863.9964    4852.6131 
    9500        95000      600.974      600.974      600.974    0.9905453 0.0035353285   0.96724287   0.97816994    1.0262231   -11.122424    296.72879   -11.122424    4708.1517    4697.0293 
    9550        95500      600.974      600.974      600.974   0.98652043 0.0035353285   0.96500281   0.97133366    1.0232248    -9.953106    295.11203    -9.953106    4682.4989    4672.5458 
    9600        96000      600.974      600.974      600.974    1.0099347 0.0035353285   0.99071499   0.99814555    1.0409436   -11.358706    302.76247   -11.358706    4803.8873    4792.5286 
    9650        96500      600.974      600.974      600.974    1.0195019 0.0035353285   0.99451766    1.0062672    1.0577207   -10.171569     304.6298   -10.171569     4833.516    4823.3444 
    9700        97000      600.974      600.974      600.974   0.99956364 0.0035353285   0.97907888   0.98662921    1.0329828   -11.213256    299.87847   -11.213256    4758.1273    4746.9141 
    9750        97500      600.974      600.974      600.974   0.98812108 0.0035353285   0.96592849   0.97510628    1.0233285   -11.863733     296.7954   -11.863733    4709.2087    4697.3449 
    9800        98000      600.974      600.974      600.974    1.0125212 0.0035353285   0.99107792    1.0024171    1.0440685   -12.559007    303.47037   -12.559007    4815.1195    4802.5604 
    9850        98500      600.974      600.974      600.974    1.0268657 0.0035353285    1.0064556      1.01368    1.0604615   -14.822914    308.12938   -14.822914    4889.0433    4874.2203 
    9900        99000      600.974      600.974      600.974    1.0109919 0.0035353285   0.99008203   0.99986013    1.0430337   -12.931159    302.96335   -12.931159    4807.0745    4794.1434 
    9950        99500      600.974      600.974      600.974   0.99886748 0.0035353285   0.97311503   0.98480793    1.0386795   -12.804281    299.24477   -12.804281    4748.0725    4735.2682 
   10000       100000      600.974      600.974      600.974   0.99935884 0.0035353285   0.97770622   0.98742058    1.0329497   -13.525515    299.70915   -13.525515    4755.4406    4741.9151 
   10050       100500      600.974      600.974      600.974    1.0162497 0.0035353285   0.99603515    1.0027451    1.0499689   -12.519794     305.0811   -12.519794    4840.6766    4828.1569 
   10100       101000      600.974      600.974      600.974    1.0290496 0.0035353285    1.0113169    1.0141981    1.0616338   -10.816425    308.09634   -10.816425     4888.519    4877.7026 
   10150       101500      600.974      600.974      600.974   0.99378585 0.0035353285   0.97468648   0.97974716    1.0269239   -11.790675    298.16434   -11.790675    4730.9294    4719.1387 
   10200       102000      600.974      600.974      600.974   0.99335405 0.0035353285   0.97156102   0.98087515     1.027626   -10.067246    297.65734   -10.067246     4722.885    4712.8177 
   10250       102500      600.974      600.974      600.974    1.0085302 0.0035353285   0.98625564   0.99589362    1.0434413    -8.701007    302.70218    -8.701007    4802.9307    4794.2297 
   10300       103000      600.974      600.974      600.974    1.0138912 0.0035353285    0.9921066    1.0007629    1.0488042   -9.0302179    304.39983   -9.0302179     4829.867    4820.8367 
   10350       103500      600.974      600.974      600.974   0.99673487 0.0035353285   0.97553484   0.98426291    1.0304069   -9.5208446     298.7823   -9.5208446    4740.7346    4731.2137 
   10400       104000      600.974      600.974      600.974    0.9791992 0.0035353285   0.95987738   0.96476666    1.0129536    -11.69483    293.79282    -11.69483    4661.5672    4649.8723 
   10450       104500      600.974      600.974      600.974     1.006645 0.0035353285   0.98986403   0.98772477    1.0423463   -10.254391    301.09097   -10.254391    4777.3658    4767.1114 
   10500       105000      600.974      600.974      600.974    1.0093291 0.0035353285   0.98979711   0.99422637    1.0439637   -10.182766    302.95956   -10.182766    4807.0145    4796.8318 
   10550       105500      600.974      600.974      600.974    1.0062405 0.0035353285   0.98347873   0.99351117    1.0417317   -7.5958161    300.64096   -7.5958161    4770.2256    4762.6298 
   10600       106000      600.974      600.974      600.974    0.9995751 0.0035353285   0.98486106   0.98149983    1.0323644   -6.8409745    298.65194   -6.8409745    4738.6661    4731.8251 
   10650       106500      600.974      600.974      600.974    1.0046454 0.0035353285   0.98707072   0.98993592    1.0369294   -9.4850196    301.13437   -9.4850196    4778.0545    4768.5695 
   10700       107000      600.974      600.974      600.974    1.0231556 0.0035353285    1.0043964    1.0062685     1.058802   -10.869232     306.2887   -10.869232    4859.8374    4848.9681 
   10750       107500      600.974      600.974      600.974    1.0113908 0.0035353285    0.9929795   0.99853084    1.0426621   -11.765267     303.1048   -11.765267     4809.319    4797.5537 
   10800       108000      600.974      600.974      600.974   0.98830952 0.0035353285   0.97091689   0.97282049    1.0211912   -9.7282902    295.80793   -9.7282902    4693.5406    4683.8123 
   10850       108500      600.974      600.974      600.974   0.99541269 0.0035353285   0.97704773   0.98247562    1.0267147   -11.522202    299.14737   -11.522202     4746.527    4735.0048 
   10900       109000      600.974      600.974      600.974    1.0105166 0.0035353285   0.99510276   0.99430489     1.042142   -11.208123    303.00349   -11.208123    4807.7116    4796.5034 
   10950       109500      600.974      600.974      600.974     1.008182 0.0035353285   0.98995431   0.99489168    1.0396999   -9.9545998    302.58348   -9.9545998    4801.0473    4791.0927 
   11000       110000      600.974      600.974      600.974    1.0022459 0.0035353285   0.98229601   0.99146441    1.0329773   -5.6974075    298.67649   -5.6974075    4739.0556    4733.3582 
   11050       110500      600.974      600.974      600.974   0.97318916 0.0035353285   0.95608463   0.96028586     1.003197   -9.1981485    291.66837   -9.1981485    4627.8588    4618.6607 
   11100       111000      600.974      600.974      600.974    0.9895388 0.0035353285   0.97338547   0.97316843    1.0220625   -9.8443509    296.22815   -9.8443509    4700.2083    4690.3639 
   11150       111500      600.974      600.974      600.974    1.0117857 0.0035353285   0.99423121    0.9956987    1.0454273    -9.792385     302.8773    -9.792385    4805.7093    4795.9169 
   11200       112000      600.974      600.974      600.974    1.0104384 0.0035353285   0.99422679   0.99631261    1.0407757   -10.872994    302.77006   -10.872994    4804.0077    4793.1347 
   11250       112500      600.974      600.974      600.974   0.99908843 0.0035353285    0.9813252   0.98349564    1.0324444   -12.078651    299.12081   -12.078651    4746.1057     4734.027 
   11300       113000      600.974      600.974      600.974   0.99258801 0.0035353285   0.97209961    0.9803259    1.0253385   -11.358001    297.48862   -11.358001    4720.2078    4708.8498 
   11350       113500      600.974      600.974      600.974    1.0172174 0.0035353285   0.99808408    1.0068236    1.0467447   -11.329134    304.47194   -11.329134    4831.0112    4819.6821 
   11400       114000      600.974      600.974      600.974     1.025858 0.0035353285    1.0070727    1.0131868    1.0573145   -11.095151    306.81644   -11.095151     4868.211    4857.1158 
   11450       114500      600.974      600.974      600.974    1.0062321 0.0035353285   0.98488208   0.99630735     1.037507   -9.6505936     300.8703   -9.6505936    4773.8645    4764.2139 
   11500       115000      600.974      600.974      600.974   0.99851015 0.0035353285   0.97784798   0.98843743    1.0292451   -11.724467    299.61932   -11.724467    4754.0154    4742.2909 
   11550       115500      600.974      600.974      600.974    1.0043976 0.0035353285   0.98413691   0.99499186    1.0340641   -13.104512    301.22227   -13.104512    4779.4491    4766.3446 
   11600       116000      600.974      600.974      600.974    1.0096547 0.0035353285   0.98975279   0.99855247    1.0406588   -12.882399    303.04503   -12.882399    4808.3707    4795.4883 
   11650       116500      600.974      600.974      600.974    1.0107683 0.0035353285   0.99000944    1.0043357    1.0379597   -10.709473    302.53716   -10.709473    4800.3123    4789.6029 
   11700       117000      600.974      600.974      600.974   0.99108999 0.0035353285   0.97036159   0.98352189    1.0193865   -10.998785    297.72126   -10.998785    4723.8991    4712.9003 
   11750       117500      600.974      600.974      600.974   0.99247448 0.0035353285   0.97385827   0.98307824    1.0204869   -9.9398826    297.66054   -9.9398826    4722.9357    4712.9958 
   11800       118000      600.974      600.974      600.974    1.0192343 0.0035353285   0.99800483    1.0083322    1.0513659   -9.8743637    304.41437   -9.8743637    4830.0978    4820.2234 
   11850       118500      600.974      600.974      600.974    1.0195192 0.0035353285   0.99756348     1.012928    1.0480662   -12.484763    304.81796   -12.484763    4836.5015    4824.0167 
   11900       119000      600.974      600.974      600.974    1.0041154 0.0035353285   0.97981988    1.0002076    1.0323188   -13.378515    299.61168   -13.378515    4753.8942    4740.5157 
   11950       119500      600.974      600.974      600.974   0.99475332 0.0035353285   0.97277928   0.99107861    1.0204021   -16.047617    299.25484   -16.047617    4748.2322    4732.1845 
   12000       120000      600.974      600.974      600.974    1.0041413 0.0035353285   0.98251536    1.0000073    1.0299012   -14.190155    301.03207   -14.190155    4776.4312    4762.2411 
   12050       120500      600.974      600.974      600.974    1.0075075 0.0035353285   0.98660107    1.0025244    1.0333971    -13.27021    302.73259    -13.27021    4803.4131    4790.1429 
   12100       121000      600.974      600.974      600.974    1.0072399 0.0035353285   0.98597426    1.0054927    1.0302528   -11.359067    301.68794   -11.359067    4786.8379    4775.4788 
   12150       121500      600.974      600.974      600.974   0.98803768 0.0035353285    0.9688892   0.98628198    1.0089419   -13.333471    296.08113   -13.333471    4697.8754    4684.5419 
   12200       122000      600.974      600.974      600.974    0.9914047 0.0035353285   0.96806955   0.99298057     1.013164    -13.12312     297.0564    -13.12312    4713.3499    4700.2268 
   12250       122500      600.974      600.974      600.974    1.0157095 0.0035353285   0.99209111    1.0123076    1.0427299   -12.634691    304.55885   -12.634691    4832.3902    4819.7556 
   12300       123000      600.974      600.974      600.974    1.0122832 0.0035353285   0.99075996    1.0077942    1.0382955   -14.152342    303.72303   -14.152342    4819.1283    4804.9759 
   12350       123500      600.974      600.974      600.974    1.0004862 0.0035353285   0.97920899   0.99759717    1.0246523   -13.304389    299.82257   -13.304389    4757.2403    4743.9359 
   12400       124000      600.974      600.974      600.974   0.99818419 0.0035353285   0.97655184   0.99257343    1.0254273   -11.237934    299.15849   -11.237934    4746.7034    4735.4655 
   12450       124500      600.974      600.974      600.974    1.0110024 0.0035353285   0.99017631    1.0053873    1.0374437   -11.859602    303.56889   -11.859602    4816.6827    4804.8231 
   12500       125000      600.974      600.974      600.974    1.0431897 0.0035353285    1.0180839    1.0382823    1.0732031   -11.248834    312.49142   -11.248834    4958.2551    4947.0063 
   12550       125500      600.974      600.974      600.974    1.0213008 0.0035353285   0.99991861    1.0165653    1.0474186   -11.853947    305.48674   -11.853947    4847.1129     4835.259 
   12600       126000      600.974      600.974      600.974    1.0044732 0.0035353285    0.9811414    1.0001871    1.0320912   -11.895066    300.78017   -11.895066    4772.4344    4760.5394 
   12650       126500      600.974      600.974      600.974   0.99589563 0.0035353285   0.97263731   0.99053806    1.0245115   -9.8049507    298.69413   -9.8049507    4739.3356    4729.5306 
   12700       127000      600.974      600.974      600.974    1.0024429 0.0035353285    0.9809239   0.99840815    1.0279965   -10.619649    301.34299   -10.619649    4781.3646     4770.745 
   12750       127500      600.974      600.974      600.974    1.0220383 0.0035353285   0.99849133    1.0193613    1.0482624   -12.079243     305.9251   -12.079243    4854.0682     4841.989 
   12800       128000      600.974      600.974      600.974    1.0081504 0.0035353285   0.98659793    1.0061452     1.031708   -11.753813    302.41184   -11.753813    4798.3239    4786.5701 
   12850       128500      600.974      600.974      600.974   0.98397743 0.0035353285   0.96358586   0.97896117    1.0093853   -11.481052    295.38836   -11.481052    4686.8834    4675.4023 
   12900       129000      600.974      600.974      600.974   0.99720848 0.0035353285   0.97532972   0.99484407    1.0214516   -10.817396    299.13384   -10.817396    4746.3124     4735.495 
   12950       129500      600.974      600.974      600.974    1.0088261 0.0035353285     0.987007    1.0066371    1.0328341   -10.883087    302.96513   -10.883087    4807.1029    4796.2198 
   13000       130000      600.974      600.974      600.974    1.0103534 0.0035353285   0.98847487    1.0097178    1.0328676   -10.990764    302.34167   -10.990764    4797.2105    4786.2197 
   13050       130500      600.974      600.974      600.974    0.9964641 0.0035353285   0.97344364   0.99340077    1.0225479   -12.841596    299.71205   -12.841596    4755.4867    4742.6451 
   13100       131000      600.974      600.974      600.974   0.99200202 0.0035353285   0.97006727   0.99090966    1.0150291   -9.8029936    295.50748   -9.8029936    4688.7735    4678.9705 
   13150       131500      600.974      600.974      600.974   0.98635468 0.0035353285   0.96822688   0.98144293    1.0093942   -12.409871    295.69917   -12.409871    4691.8149     4679.405 
   13200       132000      600.974      600.974      600.974    1.0138043 0.0035353285    0.9925545    1.0088087    1.0400497   -11.632918    303.77428   -11.632918    4819.9415    4808.3086 
   13250       132500      600.974      600.974      600.974    1.0168387 0.0035353285   0.99618002     1.010367    1.0439692   -12.039076    304.39522   -12.039076    4829.7938    4817.7548 
   13300       133000      600.974      600.974      600.974   0.99742551 0.0035353285   0.97956461   0.99261992     1.020092    -13.96503    299.20765    -13.96503    4747.4835    4733.5185 
   13350       133500      600.974      600.974      600.974   0.99321623 0.0035353285   0.97449896   0.98975909    1.0153906   -13.602431    297.38711   -13.602431    4718.5972    4704.9948 
   13400       134000      600.974      600.974      600.974    1.0183121 0.0035353285   0.99735732     1.013876    1.0437029   -13.593112    305.30843   -13.593112    4844.2836    4830.6905 
   13450       134500      600.974      600.974      600.974    1.0258272 0.0035353285    1.0079177    1.0216786    1.0478852    -12.78409     308.0606    -12.78409    4887.9519    4875.1678 
   13500       135000      600.974      600.974      600.974    1.0138656 0.0035353285    0.9982275     1.011518    1.0318512   -11.323406    302.61054   -11.323406    4801.4766    4790.1532 
   13550       135500      600.974      600.974      600.974    1.0012744 0.0035353285   0.97921099    0.9953644    1.0292477   -11.973738    299.01614   -11.973738    4744.4449    4732.4711 
   13600       136000      600.974      600.974      600.974    1.0021646 0.0035353285   0.97899518   0.99893282    1.0285658    -12.12161    299.54175    -12.12161    4752.7845    4740.6629 
   13650       136500      600.974      600.974      600.974    1.0190398 0.0035353285    1.0044066    1.0142823    1.0384305   -12.928974    305.20294   -12.928974    4842.6099    4829.6809 
   13700       137000      600.974      600.974      600.974     1.024464 0.0035353285    1.0058776    1.0208466    1.0466676   -13.078238    307.52867   -13.078238    4879.5119    4866.4337 
   13750       137500      600.974      600.974      600.974   0.99518917 0.0035353285   0.97554986   0.99492521    1.0150924   -11.975471    297.41652   -11.975471    4719.0638    4707.0883 
   13800       138000      600.974      600.974      600.974   0.99605498 0.0035353285   0.97410853   0.99475805    1.0192984   -12.859169    297.76987   -12.859169    4724.6705    4711.8113 
   13850       138500      600.974      600.974      600.974    1.0083716 0.0035353285    0.9905436    1.0042372     1.030334   -12.587021    302.97895   -12.587021    4807.3221    4794.7351 
   13900       139000      600.974      600.974      600.974    1.0150242 0.0035353285   0.99508903    1.0160829    1.0339007   -11.735215    304.11316   -11.735215    4825.3185    4813.5833 
   13950       139500      600.974      600.974      600.974   0.99856235 0.0035353285   0.98234141   0.99661366     1.016732   -12.418667    298.40509   -12.418667    4734.7493    4722.3307 
   14000       140000      600.974      600.974      600.974    0.9808896 0.0035353285   0.96189518   0.98109625   0.99967738   -12.802625    293.33783   -12.802625    4654.3479    4641.5452 
   14050       140500      600.974      600.974      600.974     1.010997 0.0035353285   0.99016699    1.0105235    1.0323005   -13.799847    303.44289   -13.799847    4814.6834    4800.8835 
   14100       141000      600.974      600.974      600.974    1.0144068 0.0035353285    0.9952478    1.0140547    1.0339179     -12.9159    304.40501     -12.9159    4829.9492    4817.0333 
   14150       141500      600.974      600.974      600.974   0.99840551 0.0035353285   0.97827182   0.99619291    1.0207518   -12.779139    299.61122   -12.779139    4753.8869    4741.1078 
   14200       142000      600.974      600.974      600.974   0.99501091 0.0035353285   0.97697865    0.9930656    1.0149885   -10.904691    297.58884   -10.904691    4721.7981    4710.8934 
   14250       142500      600.974      600.974      600.974    1.0091339 0.0035353285   0.99081524    1.0087936    1.0277929   -13.053241    302.77488   -13.053241    4804.0842     4791.031 
   14300       143000      600.974      600.974      600.974    1.0255503 0.0035353285    1.0044568    1.0284544    1.0437397   -13.272949    306.41868   -13.272949    4861.8998    4848.6269 
   14350       143500      600.974      600.974      600.974    0.9987811 0.0035353285   0.97963295   0.99735024    1.0193601   -11.984537    299.18641   -11.984537    4747.1465     4735.162 
   14400       144000      600.974      600.974      600.974   0.98884159 0.0035353285   0.96870157   0.99045986    1.0073633   -11.030167    295.81768   -11.030167    4693.6953    4682.6651 
   14450       144500      600.974      600.974      600.974    1.0041015 0.0035353285   0.98701821     1.004037    1.0212493   -9.9994674    300.03537   -9.9994674    4760.6168    4750.6173 
   14500       145000      600.974      600.974      600.974    1.0148692 0.0035353285    1.0009689    1.0127018    1.0309368    -10.85773    303.73917    -10.85773    4819.3844    4808.5267 
   14550       145500      600.974      600.974      600.974    1.0108222 0.0035353285   0.99626991    1.0079268    1.0282698   -11.218045    302.33835   -11.218045    4797.1578    4785.9397 
   14600       146000      600.974      600.974      600.974   0.98692326 0.0035353285   0.97185737   0.98488877    1.0040236   -11.671019    295.74942   -11.671019    4692.6122    4680.9412 
   14650       146500      600.974      600.974      600.974   0.98719058 0.0035353285   0.97306183    0.9859831    1.0025268   -12.006241    296.12739   -12.006241    4698.6094    4686.6031 
   14700       147000      600.974      600.974      600.974     1.020953 0.0035353285    1.0072878    1.0178154    1.0377558   -11.087202    305.68445   -11.087202    4850.2499    4839.1627 
   14750       147500      600.974      600.974      600.974    1.0118392 0.0035353285   0.99329693    1.0136972    1.0285235    -10.79714    303.27482    -10.79714    4812.0167    4801.2196 
   14800       148000      600.974      600.974      600.974   0.99870553 0.0035353285   0.98027337    1.0003033    1.0155399   -9.7749303    298.30587   -9.7749303    4733.1751    4723.4001 
   14850       148500      600.974      600.974      600.974   0.99702943 0.0035353285   0.97711378   0.99930267    1.0146718   -12.409221    298.83675   -12.409221    4741.5985    4729.1892 
   14900       149000      600.974      600.974      600.974    1.0231021 0.0035353285    1.0045655    1.0252482    1.0394924   -11.665991    305.79575   -11.665991    4852.0159    4840.3499 
   14950       149500      600.974      600.974      600.974    1.0223665 0.0035353285    1.0031494    1.0226041     1.041346   -12.041462    306.82034   -12.041462    4868.2729    4856.2314 
   15000       150000      600.974      600.974      600.974   0.98940172 0.0035353285   0.97086278   0.98911658    1.0082258   -11.898446     297.1695   -11.898446    4715.1445     4703.246 
   15050       150500      600.974      600.974      600.974   0.99362014 0.0035353285   0.97313166    0.9950145    1.0127143   -10.757583     298.5529   -10.757583    4737.0946     4726.337 
   15100       151000      600.974      600.974      600.974    1.0131466 0.0035353285   0.98710249    1.0196533    1.0326841   -9.7534008    303.36292   -9.7534008    4813.4146    4803.6612 
   15150       151500      600.974      600.974      600.974    1.0146753 0.0035353285   0.99319472    1.0154228    1.0354083   -11.395932    304.24162   -11.395932    4827.3567    4815.9608 
   15200       152000      600.974      600.974      600.974   0.99731345 0.0035353285     0.973091    1.0039792    1.0148701   -11.149518    298.21131   -11.149518    4731.6746    4720.5251 
   15250       152500      600.974      600.974      600.974   0.98476999 0.0035353285   0.96305136   0.98943933    1.0018193   -11.058557    295.94006   -11.058557    4695.6371    4684.5785 
   15300       153000      600.974      600.974      600.974     1.016564 0.0035353285   0.99229653    1.0246336     1.032762   -9.4678302    304.61937   -9.4678302    4833.3504    4823.8826 
   15350       153500      600.974      600.974      600.974    1.0180397 0.0035353285    0.9974576    1.0210801    1.0355813    -11.94494    305.52508    -11.94494    4847.7212    4835.7763 
   15400       154000      600.974      600.974      600.974    1.0023061 0.0035353285   0.98683038     1.002781     1.017307   -12.029463     300.7041   -12.029463    4771.2274    4759.1979 
   15450       154500      600.974      600.974      600.974   0.99801448 0.0035353285   0.98381506   0.99944817    1.0107802   -8.7165689    297.88118   -8.7165689    4726.4366      4717.72 
   15500       155000      600.974      600.974      600.974    1.0068229 0.0035353285   0.98978294    1.0063286    1.0243571    -11.32883    301.59901    -11.32883    4785.4268     4774.098 
   15550       155500      600.974      600.974      600.974    1.0254597 0.0035353285    1.0090408     1.025545    1.0417935    -12.92476    307.76444    -12.92476    4883.2528    4870.3281 
   15600       156000      600.974      600.974      600.974    1.0042426 0.0035353285   0.98674577    1.0034436    1.0225385   -14.002463     301.5215   -14.002463    4784.1969    4770.1944 
   15650       156500      600.974      600.974      600.974   0.98711011 0.0035353285    0.9716664   0.98469378    1.0049701   -13.689016    296.45094   -13.689016    4703.7431    4690.0541 
   15700       157000      600.974      600.974      600.974    1.0042204 0.0035353285   0.99052109    1.0037044    1.0184358   -12.496372    300.80865   -12.496372    4772.8863    4760.3899 
   15750       157500      600.974      600.974      600.974    1.0166337 0.0035353285   0.99909863     1.014647    1.0361554   -12.777374    304.54119   -12.777374    4832.1099    4819.3326 
   15800       158000      600.974      600.974      600.974    1.0063185 0.0035353285   0.99012289    1.0081656     1.020667   -13.786585    301.77973   -13.786585    4788.2944    4774.5078 
   15850       158500      600.974      600.974      600.974   0.98580536 0.0035353285   0.96616345    0.9900058    1.0012468    -11.88187    295.09707    -11.88187    4682.2615    4670.3797 
   15900       159000      600.974      600.974      600.974   0.99772926 0.0035353285    0.9770498   0.99925623    1.0168818   -12.152461    298.97336   -12.152461    4743.7661    4731.6136 
   15950       159500      600.974      600.974      600.974    1.0250278 0.0035353285    1.0115697    1.0268207     1.036693   -14.013451    306.57138   -14.013451    4864.3227    4850.3093 
   16000       160000      600.974      600.974      600.974    1.0105564 0.0035353285   0.99641593    1.0119432    1.0233102    -13.77827    302.27764    -13.77827    4796.1945    4782.4162 
   16050       160500      600.974      600.974      600.974   0.99549047 0.0035353285   0.97728402   0.99638197    1.0128054   -13.021502    297.81227   -13.021502    4725.3431    4712.3216 
   16100       161000      600.974      600.974      600.974    1.0029123 0.0035353285   0.98243855    1.0065692    1.0197292   -12.764407    299.60744   -12.764407    4753.8269    4741.0625 
   16150       161500      600.974      600.974      600.974    1.0196703 0.0035353285     1.004166    1.0213165    1.0335284   -14.659606    306.12252   -14.659606    4857.2007    4842.5411 
   16200       162000      600.974      600.974      600.974    1.0170811 0.0035353285     1.004091    1.0198853    1.0272671   -12.386736     304.2764   -12.386736    4827.9085    4815.5218 
   16250       162500      600.974      600.974      600.974   0.98472526 0.0035353285   0.97073732   0.98723062   0.99620784   -16.005742    295.34044   -16.005742     4686.123    4670.1173 
   16300       163000      600.974      600.974      600.974   0.99648464 0.0035353285   0.98199582   0.99566061    1.0117975   -15.353676     298.5101   -15.353676    4736.4156    4721.0619 
   16350       163500      600.974      600.974      600.974    1.0131101 0.0035353285   0.99958919    1.0137822     1.025959   -12.827706    303.47003   -12.827706    4815.1141    4802.2864 
   16400       164000      600.974      600.974      600.974    1.0136467 0.0035353285   0.99627269    1.0135351    1.0311322   -12.273348    303.46362   -12.273348    4815.0124     4802.739 
   16450       164500      600.974      600.974      600.974   0.99670524 0.0035353285   0.98038928   0.99901087    1.0107156   -10.632345    297.50596   -10.632345     4720.483    4709.8507 
   16500       165000      600.974      600.974      600.974   0.98280349 0.0035353285   0.96709618   0.98378517   0.99752911   -14.610757    295.16792   -14.610757    4683.3857    4668.7749 
   16550       165500      600.974      600.974      600.974    1.0202978 0.0035353285    1.0034217    1.0214997    1.0359718   -13.797801    305.71627   -13.797801    4850.7547    4836.9569 
   16600       166000      600.974      600.974      600.974    1.0149327 0.0035353285   0.99931245    1.0156375     1.029848   -12.498302    304.93838   -12.498302    4838.4121    4825.9138 
   16650       166500      600.974      600.974      600.974   0.99762713 0.0035353285   0.98322774   0.99582545    1.0138282   -10.993592    299.03981   -10.993592    4744.8204    4733.8268 
   16700       167000      600.974      600.974      600.974    0.9955444 0.0035353285    0.9753609     0.996385    1.0148873   -11.964767    298.24787   -11.964767    4732.2548    4720.2901 
   16750       167500      600.974      600.974      600.974    1.0104982 0.0035353285   0.99153626    1.0143172    1.0256412   -14.492789    303.83758   -14.492789    4820.9459    4806.4531 
   16800       168000      600.974      600.974      600.974     1.026197 0.0035353285    1.0067265    1.0301505     1.041714   -14.599164    307.57859   -14.599164     4880.304    4865.7048 
   16850       168500      600.974      600.974      600.974   0.99149092 0.0035353285   0.97277362   0.99454334    1.0071558   -14.599564    297.04671   -14.599564    4713.1961    4698.5966 
   16900       169000      600.974      600.974      600.974   0.98943055 0.0035353285   0.97235877   0.99248876    1.0034441   -13.353683     296.7136   -13.353683    4707.9107    4694.5571 
   16950       169500      600.974      600.974      600.974    1.0120265 0.0035353285   0.99137609    1.0131239    1.0315796   -12.641833    302.96393   -12.641833    4807.0838     4794.442 
   17000       170000      600.974      600.974      600.974    1.0154443 0.0035353285   0.99831604    1.0178515    1.0301654   -13.346058    304.40631   -13.346058    4829.9699    4816.6238 
   17050       170500      600.974      600.974      600.974    1.0016719 0.0035353285   0.98920012    1.0008576    1.0149578   -11.145192     299.2527   -11.145192    4748.1983    4737.0531 
   17100       171000      600.974      600.974      600.974   0.98609678 0.0035353285   0.96794241    0.9871959     1.003152   -12.419284    295.68111   -12.419284    4691.5283     4679.109 
   17150       171500      600.974      600.974      600.974    1.0172347 0.0035353285    1.0000105    1.0184191    1.0332744    -13.13294    305.06798    -13.13294    4840.4684    4827.3355 
   17200       172000      600.974      600.974      600.974    1.0212033 0.0035353285     1.003334    1.0219372    1.0383388   -12.907355    306.64504   -12.907355    4865.4914    4852.5841 
   17250       172500      600.974      600.974      600.974    1.0034269 0.0035353285   0.98633139    1.0077434     1.016206   -11.742876    299.98355   -11.742876    4759.7946    4748.0517 
   17300       173000      600.974      600.974      600.974   0.99280378 0.0035353285   0.97509097   0.99778616    1.0055342   -13.624642    298.21816   -13.624642    4731.7834    4718.1588 
   17350       173500      600.974      600.974      600.974     1.006381 0.0035353285   0.99246785    1.0089992     1.017676   -12.659615    302.17442   -12.659615    4794.5568    4781.8972 
   17400       174000      600.974      600.974      600.974    1.0263744 0.0035353285     1.006233    1.0368841    1.0360063   -10.690867    306.70954   -10.690867    4866.5148    4855.8239 
   17450       174500      600.974      600.974      600.974     1.005632 0.0035353285   0.99024785    1.0103905    1.0162576   -11.841558    300.35629   -11.841558    4765.7088    4753.8672 
   17500       175000      600.974      600.974      600.974   0.98466963 0.0035353285   0.96864862    0.9858001   0.99956018   -13.576111    295.43618   -13.576111    4687.6422    4674.0661 
   17550       175500      600.974      600.974      600.974    1.0031549 0.0035353285   0.98764874    1.0038134    1.0180025   -13.188019    301.06765   -13.188019    4776.9958    4763.8078 
   17600       176000      600.974      600.974      600.974    1.0166182 0.0035353285   0.99885157    1.0176418    1.0333613   -13.231672    304.56447   -13.231672    4832.4794    4819.2477 
   17650       176500      600.974      600.974      600.974    1.0048604 0.0035353285   0.98972023    1.0077087    1.0171523    -13.55079    301.53501    -13.55079    4784.4113    4770.8605 
   17700       177000      600.974      600.974      600.974   0.98885663 0.0035353285   0.97510745   0.98982874    1.0016337   -15.008021    296.58011   -15.008021    4705.7926    4690.7846 
   17750       177500      600.974      600.974      600.974   0.99728102 0.0035353285   0.98057855    1.0006227    1.0106418   -14.863505    298.70986   -14.863505    4739.5852    4724.7217 
   17800       178000      600.974      600.974      600.974    1.0251605 0.0035353285    1.0089778    1.0298955    1.0366084   -15.592521    307.29054   -15.592521    4875.7335     4860.141 
   17850       178500      600.974      600.974      600.974    1.0092747 0.0035353285   0.99767218    1.0119379    1.0182141   -13.894285    303.07726   -13.894285    4808.8819    4794.9877 
   17900       179000      600.974      600.974      600.974   0.99424801 0.0035353285   0.97665012   0.99569942    1.0103945   -12.651889    297.72601   -12.651889    4723.9745    4711.3226 
   17950       179500      600.974      600.974      600.974    0.9976648 0.0035353285   0.98282508    1.0006869    1.0094824   -13.276577    299.62801   -13.276577    4754.1533    4740.8767 
   18000       180000      600.974      600.974      600.974     1.018581 0.0035353285    1.0051289    1.0216046    1.0290094   -11.963491    304.89594   -11.963491    4837.7388    4825.7753 
   18050       180500      600.974      600.974      600.974    1.0155825 0.0035353285     1.004807    1.0168824    1.0250579   -13.630922    304.12412   -13.630922    4825.4924    4811.8615 
   18100       181000      600.974      600.974      600.974    0.9807308 0.0035353285   0.96774527   0.98415205   0.99029507   -13.820517    294.01627   -13.820517    4665.1125     4651.292 
   18150       181500      600.974      600.974      600.974    0.9984197 0.0035353285   0.98191101    1.0075118    1.0058362   -11.549505    298.16331   -11.549505    4730.9131    4719.3636 
   18200       182000      600.974      600.974      600.974    1.0159519 0.0035353285    1.0056302    1.0139231    1.0283023   -11.911372    303.72857   -11.911372    4819.2162    4807.3048 
   18250       182500      600.974      600.974      600.974    1.0111756 0.0035353285   0.99876619     1.010954    1.0238066   -11.100799    302.95009   -11.100799    4806.8643    4795.7635 
   18300       183000      600.974      600.974      600.974   0.99221393 0.0035353285   0.98013761    0.9948481    1.0016561   -11.429762    298.01823   -11.429762    4728.6111    4717.1814 
   18350       183500      600.974      600.974      600.974   0.98637712 0.0035353285   0.97437789   0.98991265   0.99484082   -10.877996    295.97968   -10.877996    4696.2658    4685.3878 
   18400       184000      600.974      600.974      600.974    1.0233901 0.0035353285    1.0172854    1.0215398    1.0313452   -7.9160024    305.25691   -7.9160024    4843.4662    4835.5502 
   18450       184500      600.974      600.974      600.974    1.0213087 0.0035353285    1.0120278    1.0221852    1.0297131   -10.069906    305.58405   -10.069906    4848.6569     4838.587 
   18500       185000      600.974      600.974      600.974   0.99912918 0.0035353285    0.9868746    1.0039812    1.0065317   -12.371802    299.31588   -12.371802    4749.2007    4736.8289 
   18550       185500      600.974      600.974      600.974   0.99627395 0.0035353285   0.98685354   0.99931454    1.0026538    -13.96367     298.4244    -13.96367    4735.0557    4721.0921 
   18600       186000      600.974      600.974      600.974    1.0072168 0.0035353285   0.99634903    1.0091984    1.0161029   -14.491912     302.4228   -14.491912    4798.4977    4784.0058 
   18650       186500      600.974      600.974      600.974    1.0189628 0.0035353285    1.0078427    1.0233772    1.0256684   -14.502574    306.16645   -14.502574    4857.8977    4843.3951 
   18700       187000      600.974      600.974      600.974    1.0091693 0.0035353285   0.99946367    1.0098041      1.01824   -13.855175    302.89448   -13.855175    4805.9818    4792.1267 
   18750       187500      600.974      600.974      600.974   0.98811243 0.0035353285   0.98019314   0.98785062   0.99629352   -13.099801    296.22396   -13.099801    4700.1417    4687.0419 
   18800       188000      600.974      600.974      600.974   0.99795737 0.0035353285   0.98897246   0.99868199    1.0062177   -13.382426    299.23843   -13.382426    4747.9719    4734.5894 
   18850       188500      600.974      600.974      600.974    1.0149259 0.0035353285    1.0040908    1.0172108    1.0234761   -13.645864    304.86165   -13.645864    4837.1947    4823.5488 
   18900       189000      600.974      600.974      600.974    1.0089941 0.0035353285   0.99837494    1.0114998    1.0171077   -13.632785    303.09517   -13.632785    4809.1661    4795.5333 
   18950       189500      600.974      600.974      600.974   0.99327554 0.0035353285   0.97998018   0.99462746     1.005219   -13.317517    297.53278   -13.317517    4720.9086     4707.591 
   19000       190000      600.974      600.974      600.974   0.99524844 0.0035353285   0.98377347   0.99625663    1.0057152     -14.0547    298.28783     -14.0547    4732.8888    4718.8341 
   19050       190500      600.974      600.974      600.974    1.0317825 0.0035353285    1.0219826    1.0319968     1.041368   -15.993715    309.76426   -15.993715    4914.9836    4898.9899 
   19100       191000      600.974      600.974      600.974    1.0246151 0.0035353285    1.0157145    1.0262205    1.0319103    -12.91002    304.38349    -12.91002    4829.6078    4816.6977 
   19150       191500      600.974      600.974      600.974   0.99488404 0.0035353285   0.98745658   0.99605368    1.0011419    -14.27999    298.45712    -14.27999     4735.575     4721.295 
   19200       192000      600.974      600.974      600.974   0.99549161 0.0035353285   0.98622483    1.0005572   0.99969282   -14.495822    298.89211   -14.495822    4742.4768     4727.981 
   19250       192500      600.974      600.974      600.974    1.0129726 0.0035353285   0.99984817     1.017217    1.0218525   -13.175424    304.18394   -13.175424    4826.4415    4813.2661 
   19300       193000      600.974      600.974      600.974    1.0158258 0.0035353285      1.00372    1.0217807    1.0219765   -12.232949    305.27652   -12.232949    4843.7773    4831.5444 
   19350       193500      600.974      600.974      600.974   0.98536858 0.0035353285   0.97485752   0.98840326   0.99284498   -12.392746    295.61174   -12.392746    4690.4276    4678.0349 
   19400       194000      600.974      600.974      600.974   0.98857379 0.0035353285   0.97958329   0.99098939   0.99514869   -11.547103    296.28838   -11.547103    4701.1638    4689.6167 
   19450       194500      600.974      600.974      600.974    1.0078878 0.0035353285   0.99287536    1.0155047    1.0152833   -12.648782    301.82509   -12.648782     4789.014    4776.3652 
   19500       195000      600.974      600.974      600.974    1.0106989 0.0035353285   0.99941495    1.0168498     1.015832   -14.698738    303.47343   -14.698738    4815.1679    4800.4692 
   19550       195500      600.974      600.974      600.974    1.0021652 0.0035353285   0.98915568    1.0077401    1.0095997   -14.045939    300.41197   -14.045939    4766.5922    4752.5463 
   19600       196000      600.974      600.974      600.974   0.98646955 0.0035353285   0.97207341   0.99655826   0.99077698   -12.989383    294.40718   -12.989383    4671.3151    4658.3257 
   19650       196500      600.974      600.974      600.974   0.98208896 0.0035353285   0.97115397   0.98591925   0.98919365   -14.404086    295.56359   -14.404086    4689.6637    4675.2597 
   19700       197000      600.974      600.974      600.974    1.0168237 0.0035353285    1.0053779    1.0237029    1.0213902   -12.606657    304.52471   -12.606657    4831.8484    4819.2418 
   19750       197500      600.974      600.974      600.974    1.0174127 0.0035353285    1.0023598    1.0198167    1.0300617   -10.557542    303.24724   -10.557542    4811.5791    4801.0215 
   19800       198000      600.974      600.974      600.974   0.99587099 0.0035353285   0.98099448   0.99894752     1.007671   -12.163581     298.3116   -12.163581     4733.266    4721.1025 
   19850       198500      600.974      600.974      600.974   0.99380895 0.0035353285   0.98141725   0.99992247    1.0000871   -11.879796    298.14454   -11.879796    4730.6152    4718.7354 
   19900       199000      600.974      600.974      600.974    1.0251554 0.0035353285    1.0144555    1.0312055    1.0298054   -11.089249    306.23731   -11.089249    4859.0221    4847.9328 
   19950       199500      600.974      600.974      600.974    1.0244254 0.0035353285     1.010671    1.0252366    1.0373685   -13.253697    306.63666   -13.253697    4865.3585    4852.1048 
   20000       200000      600.974      600.974      600.974    1.0054649 0.0035353285   0.98828539    1.0124785    1.0156309   -13.362072    302.10806   -13.362072    4793.5038    4780.1417 
Loop time of 2.8961 on 4 procs for 20000 steps with 5324 atoms

Performance: 5966.640 ns/day, 0.004 hours/ns, 6905.834 timesteps/s
99.7% CPU use with 4 MPI tasks x no OpenMP threads

MPI task timing breakdown:
Section |  min time  |  avg time  |  max time  |%varavg| %total
---------------------------------------------------------------
Pair    | 0.23899    | 0.24681    | 0.25458    |   1.1 |  8.52
Neigh   | 0.67848    | 0.68464    | 0.68907    |   0.6 | 23.64
Comm    | 0.48683    | 0.50234    | 0.5262     |   2.1 | 17.35
Output  | 0.096812   | 0.097405   | 0.099011   |   0.3 |  3.36
Modify  | 1.1918     | 1.208      | 1.221      |   1.0 | 41.71
Other   |            | 0.157      |            |       |  5.42

Nlocal:    1331 ave 1356 max 1289 min
Histogram: 1 0 0 0 0 0 0 1 1 1
Nghost:    338.25 ave 356 max 305 min
Histogram: 1 0 0 0 0 0 1 0 0 2
Neighs:    178.75 ave 194 max 162 min
Histogram: 1 0 0 0 1 0 1 0 0 1

Total # of neighbors = 715
Ave neighs/atom = 0.134298
Neighbor list builds = 1200
Dangerous builds = 0

quit
