run 20000
Neighbor list info ...
  1 neighbor list requests
  update every 1 steps, delay 10 steps, check yes
  max neighbors/atom: 2000, page size: 100000
  master list distance cutoff = 14
  ghost atom cutoff = 14
  binsize = 7 -> bins = 86 86 86
Memory usage per processor = 4.37871 Mbytes
Step Time Lx Ly Lz Press Density Pxx Pyy Pzz PotEng Temp PotEng KinEng TotEng 
       0            0      600.974      600.974      600.974   0.99964449 0.0035353285   0.97417414    1.0123176    1.0124417            0       299.15            0    4746.5687    4746.5687 
      50          500      600.974      600.974      600.974   0.99964449 0.0035353285   0.97417414    1.0123176    1.0124417            0       299.15            0    4746.5687    4746.5687 
     100         1000      600.974      600.974      600.974   0.99964449 0.0035353285   0.97417414    1.0123176    1.0124417            0       299.15            0    4746.5687    4746.5687 
     150         1500      600.974      600.974      600.974   0.99964449 0.0035353285   0.97417414    1.0123176    1.0124417            0       299.15            0    4746.5687    4746.5687 
     200         2000      600.974      600.974      600.974   0.99964449 0.0035353285   0.97417414    1.0123176    1.0124417            0       299.15            0    4746.5687    4746.5687 
     250         2500      600.974      600.974      600.974   0.99964449 0.0035353285   0.97417414    1.0123176    1.0124417            0       299.15            0    4746.5687    4746.5687 
     300         3000      600.974      600.974      600.974   0.99964449 0.0035353285   0.97417414    1.0123176    1.0124417            0       299.15            0    4746.5687    4746.5687 
     350         3500      600.974      600.974      600.974   0.99964449 0.0035353285   0.97417414    1.0123176    1.0124417            0       299.15            0    4746.5687    4746.5687 
     400         4000      600.974      600.974      600.974    0.9996298 0.0035353285   0.97415499    1.0123058    1.0124286 -0.026405742    299.15059 -0.026405742    4746.5781    4746.5517 
     450         4500      600.974      600.974      600.974   0.99951729 0.0035353285   0.97401451    1.0122363     1.012301  -0.25434107    299.15941  -0.25434107    4746.7181    4746.4638 
     500         5000      600.974      600.974      600.974   0.99890396 0.0035353285   0.97309319     1.011781    1.0118377   -2.2426167    299.23069   -2.2426167    4747.8491    4745.6065 
     550         5500      600.974      600.974      600.974   0.99964609 0.0035353285   0.97068425    1.0091499    1.0191042   -5.2964146    299.15206   -5.2964146    4746.6014     4741.305 
     600         6000      600.974      600.974      600.974   0.99821007 0.0035353285   0.96944104     1.006963    1.0182262   -7.7153217    298.92336   -7.7153217    4742.9727    4735.2574 
     650         6500      600.974      600.974      600.974    1.0003117 0.0035353285   0.96647946    1.0129094    1.0215461   -8.7918898    298.85289   -8.7918898    4741.8545    4733.0626 
     700         7000      600.974      600.974      600.974    1.0031594 0.0035353285   0.96707802    1.0112255    1.0311747   -7.4370172    299.43894   -7.4370172    4751.1533    4743.7163 
     750         7500      600.974      600.974      600.974    1.0041962 0.0035353285   0.97138203    1.0119132    1.0292934   -7.8142568    300.29692   -7.8142568    4764.7668    4756.9525 
     800         8000      600.974      600.974      600.974    1.0022928 0.0035353285   0.97145878    1.0102536     1.025166   -7.3635566    299.12763   -7.3635566    4746.2137    4738.8502 
     850         8500      600.974      600.974      600.974   0.98830646 0.0035353285   0.95598451   0.99652038    1.0124145   -9.5538327    296.24644   -9.5538327    4700.4984    4690.9446 
     900         9000      600.974      600.974      600.974   0.99498018 0.0035353285   0.96339323    1.0042885    1.0172588   -8.3824873      296.905   -8.3824873    4710.9476    4702.5651 
     950         9500      600.974      600.974      600.974     1.012193 0.0035353285   0.98023787    1.0203296    1.0360116   -9.3348115    303.66845   -9.3348115    4818.2623    4808.9275 
    1000        10000      600.974      600.974      600.974    1.0133788 0.0035353285   0.97817964    1.0260496    1.0359071   -7.9611196    302.86137   -7.9611196    4805.4565    4797.4954 
    1050        10500      600.974      600.974      600.974   0.98767104 0.0035353285   0.95409429   0.99411834    1.0148005   -9.3248179    295.92099   -9.3248179    4695.3345    4686.0097 
    1100        11000      600.974      600.974      600.974   0.99109673 0.0035353285   0.96009982   0.99871003    1.0144803    -10.50505    296.54155    -10.50505    4705.1809    4694.6758 
    1150        11500      600.974      600.974      600.974    1.0022737 0.0035353285   0.97063496    1.0077217    1.0284644   -10.904319    299.63465   -10.904319    4754.2585    4743.3542 
    1200        12000      600.974      600.974      600.974    1.0026999 0.0035353285   0.97330426    1.0079332    1.0268621   -12.453997    301.24539   -12.453997     4779.816     4767.362 
    1250        12500      600.974      600.974      600.974   0.99393567 0.0035353285   0.96148784   0.99519489    1.0251243   -11.715757    297.86951   -11.715757    4726.2514    4714.5356 
    1300        13000      600.974      600.974      600.974   0.97661373 0.0035353285   0.95096919   0.97201813    1.0068539   -8.6109171    291.32629   -8.6109171     4622.431    4613.8201 
    1350        13500      600.974      600.974      600.974   0.99195441 0.0035353285   0.96215116   0.99401287    1.0196992   -10.171849    297.57522   -10.171849     4721.582    4711.4101 
    1400        14000      600.974      600.974      600.974    1.0052571 0.0035353285   0.97516951    1.0084493    1.0321524   -10.367387    301.60689   -10.367387    4785.5519    4775.1845 
    1450        14500      600.974      600.974      600.974   0.99782168 0.0035353285   0.96718661   0.99994919    1.0263292   -11.665769    299.71528   -11.665769    4755.5379    4743.8722 
    1500        15000      600.974      600.974      600.974   0.99462873 0.0035353285   0.96210631    1.0007986    1.0209813   -9.4792246    296.37037   -9.4792246    4702.4647    4692.9855 
    1550        15500      600.974      600.974      600.974   0.99289094 0.0035353285   0.96574481   0.99212931    1.0207987   -10.954097    297.15797   -10.954097    4714.9614    4704.0073 
    1600        16000      600.974      600.974      600.974    1.0199826 0.0035353285   0.98966883    1.0265828     1.043696   -11.229713    304.96674   -11.229713    4838.8621    4827.6324 
    1650        16500      600.974      600.974      600.974    1.0130897 0.0035353285   0.98383099     1.018168      1.03727   -11.384681    302.95889   -11.384681    4807.0038    4795.6191 
    1700        17000      600.974      600.974      600.974   0.99030731 0.0035353285   0.96076235   0.99189265    1.0182669   -11.950237    296.99914   -11.950237    4712.4414    4700.4912 
    1750        17500      600.974      600.974      600.974   0.99273407 0.0035353285   0.96460109   0.99615815     1.017443   -11.368965    297.54782   -11.368965    4721.1472    4709.7783 
    1800        18000      600.974      600.974      600.974    1.0035456 0.0035353285   0.97716988    1.0067336    1.0267334   -11.423907    300.26365   -11.423907    4764.2389     4752.815 
    1850        18500      600.974      600.974      600.974    1.0095711 0.0035353285   0.98235126    1.0082133    1.0381488   -11.348139    301.36271   -11.348139    4781.6775    4770.3293 
    1900        19000      600.974      600.974      600.974   0.98838965 0.0035353285   0.96287494   0.99059098     1.011703    -11.04888    296.04682    -11.04888    4697.3311    4686.2822 
    1950        19500      600.974      600.974      600.974   0.97638651 0.0035353285    0.9481932   0.97986959    1.0010967   -12.123646    293.19146   -12.123646    4652.0254    4639.9018 
    2000        20000      600.974      600.974      600.974   0.99956989 0.0035353285   0.97115049    1.0038649    1.0236943   -13.194115    300.28851   -13.194115    4764.6333    4751.4392 
    2050        20500      600.974      600.974      600.974    1.0106094 0.0035353285   0.98541242    1.0121504    1.0342654   -12.680101    302.33976   -12.680101    4797.1801       4784.5 
    2100        21000      600.974      600.974      600.974   0.99915524 0.0035353285   0.97140177     1.000038     1.026026    -10.62133    298.89618    -10.62133    4742.5415    4731.9201 
    2150        21500      600.974      600.974      600.974   0.98951573 0.0035353285   0.96323028   0.98797241    1.0173445   -11.497208    296.50875   -11.497208    4704.6604    4693.1632 
    2200        22000      600.974      600.974      600.974    1.0030911 0.0035353285   0.97793887    1.0015025    1.0298318   -11.879047    300.83793   -11.879047    4773.3508    4761.4718 
    2250        22500      600.974      600.974      600.974    1.0250551 0.0035353285   0.99955432     1.023348    1.0522629   -12.602621    307.98189   -12.602621     4886.703    4874.1004 
    2300        23000      600.974      600.974      600.974    1.0042805 0.0035353285   0.97867301    1.0038581    1.0303104   -11.123216    300.68237   -11.123216    4770.8826    4759.7594 
    2350        23500      600.974      600.974      600.974   0.98870296 0.0035353285   0.96250479   0.98563563    1.0179685   -12.426846    297.03673   -12.426846    4713.0377    4700.6109 
    2400        24000      600.974      600.974      600.974   0.99319774 0.0035353285   0.96617061   0.99037517    1.0230474   -13.595813    298.31057   -13.595813    4733.2496    4719.6538 
    2450        24500      600.974      600.974      600.974    1.0082905 0.0035353285   0.97932208     1.005825    1.0397246   -13.927706    302.66034   -13.927706    4802.2668    4788.3391 
    2500        25000      600.974      600.974      600.974     1.012393 0.0035353285   0.98519713    1.0119814    1.0400006   -12.835161     303.8821   -12.835161    4821.6523    4808.8172 
    2550        25500      600.974      600.974      600.974    0.9843536 0.0035353285   0.95854945   0.98211011    1.0124012   -11.208625    295.08628   -11.208625    4682.0904    4670.8817 
    2600        26000      600.974      600.974      600.974   0.98398156 0.0035353285   0.95876519   0.98150965    1.0116699    -10.73369    294.95734    -10.73369    4680.0445    4669.3108 
    2650        26500      600.974      600.974      600.974    1.0044585 0.0035353285   0.97777649    1.0040761    1.0315229   -11.008118      300.869   -11.008118    4773.8439    4762.8358 
    2700        27000      600.974      600.974      600.974    1.0052775 0.0035353285   0.97818278    1.0045755    1.0330742   -12.281183    301.74503   -12.281183    4787.7437    4775.4625 
    2750        27500      600.974      600.974      600.974   0.99721565 0.0035353285   0.97293247   0.99449435    1.0242201    -12.08502    298.79572    -12.08502    4740.9475    4728.8624 
    2800        28000      600.974      600.974      600.974    0.9917502 0.0035353285   0.96405839   0.99092264    1.0202696   -11.964832    297.66347   -11.964832    4722.9822    4711.0174 
    2850        28500      600.974      600.974      600.974   0.99479254 0.0035353285    0.9689078   0.99162391    1.0238459   -12.305567    298.61747   -12.305567    4738.1192    4725.8136 
    2900        29000      600.974      600.974      600.974   0.99602991 0.0035353285   0.97004593   0.99266321    1.0253806   -13.146081    299.37574   -13.146081    4750.1505    4737.0044 
    2950        29500      600.974      600.974      600.974    1.0011303 0.0035353285   0.97525579   0.99571819     1.032417   -12.667646    299.50956   -12.667646    4752.2739    4739.6062 
    3000        30000      600.974      600.974      600.974   0.99713176 0.0035353285   0.97587288   0.98897601    1.0265464   -11.741326    298.55748   -11.741326    4737.1673    4725.4259 
    3050        30500      600.974      600.974      600.974   0.98831885 0.0035353285    0.9601825   0.98595335    1.0188207    -12.47775    296.74363    -12.47775    4708.3873    4695.9095 
    3100        31000      600.974      600.974      600.974    0.9952737 0.0035353285   0.97114094   0.98854961    1.0261306   -11.959857    298.44144   -11.959857    4735.3261    4723.3662 
    3150        31500      600.974      600.974      600.974    1.0097822 0.0035353285   0.98324199    1.0035324    1.0425723   -11.059615    303.09642   -11.059615     4809.186    4798.1264 
    3200        32000      600.974      600.974      600.974    1.0048211 0.0035353285   0.97486771   0.99794077    1.0416548   -10.387785    301.44582   -10.387785    4782.9961    4772.6084 
    3250        32500      600.974      600.974      600.974    0.9815844 0.0035353285   0.95367568   0.97749331    1.0135842   -11.990315    294.03358   -11.990315    4665.3872    4653.3969 
    3300        33000      600.974      600.974      600.974    0.9884517 0.0035353285   0.96840438   0.98197611    1.0149746   -12.195514    295.84931   -12.195514    4694.1972    4682.0017 
    3350        33500      600.974      600.974      600.974   0.99711421 0.0035353285   0.97148255   0.98971157    1.0301485   -13.121766    299.59972   -13.121766    4753.7044    4740.5827 
    3400        34000      600.974      600.974      600.974   0.99984788 0.0035353285   0.97182974   0.99443179    1.0332821   -14.395386    300.23132   -14.395386    4763.7259    4749.3305 
    3450        34500      600.974      600.974      600.974   0.99772444 0.0035353285   0.97589354   0.98825645    1.0290233   -13.643256    298.78099   -13.643256    4740.7137    4727.0705 
    3500        35000      600.974      600.974      600.974    0.9838525 0.0035353285   0.96041883   0.97382938    1.0173093   -13.836387    295.81476   -13.836387     4693.649    4679.8126 
    3550        35500      600.974      600.974      600.974   0.98743779 0.0035353285   0.95997907   0.98050034     1.021834   -12.112225     294.3369   -12.112225    4670.1999    4658.0877 
    3600        36000      600.974      600.974      600.974    1.0121245 0.0035353285   0.98494197    1.0104268    1.0410049    -11.56905    301.28013    -11.56905    4780.3672    4768.7982 
    3650        36500      600.974      600.974      600.974    1.0103325 0.0035353285   0.98642361    1.0025931    1.0419808   -12.837557    303.20383   -12.837557    4810.8902    4798.0527 
    3700        37000      600.974      600.974      600.974   0.99391283 0.0035353285   0.96860845   0.98702669    1.0261033   -10.407014    297.61588   -10.407014     4722.227      4711.82 
    3750        37500      600.974      600.974      600.974   0.98452933 0.0035353285   0.95803207   0.97984414    1.0157118    -10.95134    295.52325    -10.95134    4689.0237    4678.0723 
    3800        38000      600.974      600.974      600.974   0.99733566 0.0035353285   0.97040763    0.9871669    1.0344325   -9.5585704    298.67743   -9.5585704    4739.0705    4729.5119 
    3850        38500      600.974      600.974      600.974    1.0013182 0.0035353285   0.97755486    0.9937054    1.0326945   -11.678338    299.80775   -11.678338    4757.0052    4745.3269 
    3900        39000      600.974      600.974      600.974   0.99784773 0.0035353285   0.97224899    0.9923143    1.0289799   -12.262576    299.31322   -12.262576    4749.1586     4736.896 
    3950        39500      600.974      600.974      600.974   0.99574764 0.0035353285   0.97125853   0.98786587    1.0281185   -11.424843    298.28045   -11.424843    4732.7717    4721.3469 
    4000        40000      600.974      600.974      600.974   0.99455469 0.0035353285   0.97176211   0.98653917    1.0253628   -10.488355    298.29379   -10.488355    4732.9834     4722.495 
    4050        40500      600.974      600.974      600.974    1.0024778 0.0035353285   0.97802021   0.99676175    1.0326515   -10.351173    301.41228   -10.351173    4782.4641    4772.1129 
    4100        41000      600.974      600.974      600.974    1.0075287 0.0035353285   0.98433918    1.0003015    1.0379455   -12.125916    302.79651   -12.125916    4804.4274    4792.3015 
    4150        41500      600.974      600.974      600.974   0.99346897 0.0035353285   0.96800203   0.98460091     1.027804   -10.855618    296.61494   -10.855618    4706.3453    4695.4897 
    4200        42000      600.974      600.974      600.974   0.98173473 0.0035353285   0.96031622   0.97277286    1.0121151   -12.914219     294.4494   -12.914219     4671.985    4659.0708 
    4250        42500      600.974      600.974      600.974    1.0066341 0.0035353285   0.98121101   0.99760372    1.0410876   -10.022627    300.52367   -10.022627    4768.3645    4758.3419 
    4300        43000      600.974      600.974      600.974    1.0067552 0.0035353285   0.98314823   0.99969314    1.0374244   -10.608058    302.60206   -10.608058    4801.3421     4790.734 
    4350        43500      600.974      600.974      600.974   0.99948913 0.0035353285   0.97740264   0.98963653    1.0314282   -10.498296    299.95174   -10.498296    4759.2898    4748.7915 
    4400        44000      600.974      600.974      600.974   0.99039509 0.0035353285   0.96816021   0.98070208     1.022323   -11.373959     297.4485   -11.373959    4719.5712    4708.1973 
    4450        44500      600.974      600.974      600.974   0.99552836 0.0035353285   0.97127664   0.98895585    1.0263526    -12.34216    297.89987    -12.34216    4726.7331    4714.3909 
    4500        45000      600.974      600.974      600.974    1.0156221 0.0035353285   0.99116786    1.0052257    1.0504728   -14.309418    304.34643   -14.309418    4829.0198    4814.7103 
    4550        45500      600.974      600.974      600.974    1.0170832 0.0035353285   0.99211632     1.006834    1.0522994   -11.744289    304.80246   -11.744289    4836.2555    4824.5113 
    4600        46000      600.974      600.974      600.974   0.98807423 0.0035353285   0.96595334    0.9771784     1.021091   -11.691322    296.56328   -11.691322    4705.5257    4693.8344 
    4650        46500      600.974      600.974      600.974    0.9901891 0.0035353285   0.96853748   0.97811665    1.0239132   -11.338643    296.86011   -11.338643    4710.2354    4698.8968 
    4700        47000      600.974      600.974      600.974    1.0015861 0.0035353285   0.97772854   0.99119198    1.0358378    -10.63965    300.51939    -10.63965    4768.2967     4757.657 
    4750        47500      600.974      600.974      600.974    1.0050898 0.0035353285   0.98303557   0.99478059    1.0374534   -12.280783    302.06121   -12.280783    4792.7605    4780.4797 
    4800        48000      600.974      600.974      600.974   0.98513608 0.0035353285   0.96026494    0.9786321    1.0165112   -12.762368    295.28292   -12.762368    4685.2104     4672.448 
    4850        48500      600.974      600.974      600.974   0.97300376 0.0035353285   0.95022479   0.96753178    1.0012547    -12.01788    292.25573    -12.01788    4637.1783    4625.1604 
    4900        49000      600.974      600.974      600.974   0.99704639 0.0035353285   0.97292685   0.98909966    1.0291127   -10.442334     298.7179   -10.442334    4739.7127    4729.2703 
    4950        49500      600.974      600.974      600.974    1.0040486 0.0035353285   0.98067226    0.9959034    1.0355701   -10.208975    300.67378   -10.208975    4770.7463    4760.5373 
    5000        50000      600.974      600.974      600.974   0.99624405 0.0035353285   0.97406891    0.9914108    1.0232525   -11.282065    299.39446   -11.282065    4750.4476    4739.1655 
    5050        50500      600.974      600.974      600.974   0.99314388 0.0035353285   0.97066695    0.9859677     1.022797   -10.259055    296.30949   -10.259055    4701.4988    4691.2398 
    5100        51000      600.974      600.974      600.974   0.98556544 0.0035353285   0.96218929   0.98227483    1.0122322   -11.619377    295.00536   -11.619377    4680.8064     4669.187 
    5150        51500      600.974      600.974      600.974    1.0045448 0.0035353285   0.97977838   0.99776355    1.0360925   -11.813776    301.51098   -11.813776      4784.03    4772.2163 
    5200        52000      600.974      600.974      600.974    1.0140854 0.0035353285   0.98874543    1.0079631    1.0455477   -11.445975    303.77134   -11.445975    4819.8949    4808.4489 
    5250        52500      600.974      600.974      600.974   0.99159527 0.0035353285    0.9676985   0.98500647    1.0220809   -12.302208    297.81816   -12.302208    4725.4367    4713.1345 
    5300        53000      600.974      600.974      600.974   0.98641701 0.0035353285   0.96255846    0.9817683    1.0149243   -11.918473    295.66741   -11.918473     4691.311    4679.3926 
    5350        53500      600.974      600.974      600.974   0.99515182 0.0035353285   0.97059492   0.98793083    1.0269297   -12.104844    298.39439   -12.104844    4734.5797    4722.4748 
    5400        54000      600.974      600.974      600.974    1.0040147 0.0035353285    0.9825791   0.99587591    1.0335891   -11.102364    299.76216   -11.102364    4756.2818    4745.1794 
    5450        54500      600.974      600.974      600.974   0.99665687 0.0035353285   0.97233516   0.99083495    1.0268005   -12.154268    299.61083   -12.154268    4753.8807    4741.7264 
    5500        55000      600.974      600.974      600.974   0.99538155 0.0035353285   0.96927562   0.99443987    1.0224292    -9.771802    298.06963    -9.771802    4729.4267    4719.6549 
    5550        55500      600.974      600.974      600.974   0.98334016 0.0035353285   0.96072516   0.97737604    1.0119193   -11.179855    295.14637   -11.179855    4683.0437    4671.8639 
    5600        56000      600.974      600.974      600.974   0.99056353 0.0035353285   0.96527726   0.98331835     1.023095   -11.683986      297.147   -11.683986    4714.7875    4703.1035 
    5650        56500      600.974      600.974      600.974    1.0116132 0.0035353285   0.98340414    1.0057294    1.0457062   -11.179078    303.08122   -11.179078    4808.9448    4797.7657 
    5700        57000      600.974      600.974      600.974    1.0053727 0.0035353285   0.98056884   0.99998487    1.0355644   -11.971131    301.69244   -11.971131    4786.9092    4774.9381 
    5750        57500      600.974      600.974      600.974   0.98579332 0.0035353285   0.96099768   0.98151303    1.0148693   -12.074462    295.27052   -12.074462    4685.0136    4672.9392 
    5800        58000      600.974      600.974      600.974   0.99176708 0.0035353285   0.96961235   0.98984176    1.0158471   -9.8923675    295.87142   -9.8923675    4694.5481    4684.6557 
    5850        58500      600.974      600.974      600.974    1.0015236 0.0035353285     0.974527   0.99456351    1.0354802   -9.2301204    298.74362   -9.2301204    4740.1209    4730.8907 
    5900        59000      600.974      600.974      600.974   0.99951618 0.0035353285   0.97282958   0.99826786    1.0274511   -11.932626    299.76245   -11.932626    4756.2864    4744.3538 
    5950        59500      600.974      600.974      600.974    1.0011698 0.0035353285   0.97231028   0.99919477    1.0320044   -11.349725     299.3543   -11.349725    4749.8104    4738.4607 
    6000        60000      600.974      600.974      600.974   0.99420935 0.0035353285   0.96558291   0.99094915     1.026096   -11.281348    297.63692   -11.281348     4722.561    4711.2797 
    6050        60500      600.974      600.974      600.974   0.98826587 0.0035353285   0.95908526   0.98398935     1.021723   -10.471087    296.17342   -10.471087    4699.3398    4688.8687 
    6100        61000      600.974      600.974      600.974   0.99851375 0.0035353285   0.97196416    0.9958106    1.0277665   -11.681349    300.23046   -11.681349    4763.7122    4752.0308 
    6150        61500      600.974      600.974      600.974    1.0118515 0.0035353285   0.98683014    1.0083508    1.0403735   -11.610263    303.97339   -11.610263    4823.1008    4811.4905 
    6200        62000      600.974      600.974      600.974   0.99396371 0.0035353285   0.96766887    0.9912404    1.0229819   -11.676783    298.64613   -11.676783     4738.574    4726.8972 
    6250        62500      600.974      600.974      600.974   0.98095165 0.0035353285   0.95649083    0.9756263    1.0107378   -11.872664    294.12974   -11.872664    4666.9131    4655.0404 
    6300        63000      600.974      600.974      600.974    0.9934734 0.0035353285    0.9675779   0.98714806    1.0256942   -12.162847    297.45065   -12.162847    4719.6055    4707.4426 
    6350        63500      600.974      600.974      600.974   0.99775579 0.0035353285   0.97263385   0.99468152     1.025952   -12.672527    299.99628   -12.672527    4759.9965     4747.324 
    6400        64000      600.974      600.974      600.974    1.0010166 0.0035353285   0.97495619   0.99640335    1.0316902   -12.569409    300.03006   -12.569409    4760.5325    4747.9631 
    6450        64500      600.974      600.974      600.974   0.99277174 0.0035353285   0.96687955   0.99048063     1.020955   -13.800375    297.80323   -13.800375    4725.1997    4711.3993 
    6500        65000      600.974      600.974      600.974    0.9755205 0.0035353285   0.94990181   0.97368548    1.0029742   -13.995933    292.55427   -13.995933    4641.9152    4627.9193 
    6550        65500      600.974      600.974      600.974   0.98904964 0.0035353285   0.96259533   0.98792104    1.0166326    -14.62261    295.92462    -14.62261     4695.392    4680.7694 
    6600        66000      600.974      600.974      600.974    1.0104297 0.0035353285   0.98151898    1.0131307    1.0366393   -11.978437    302.46479   -11.978437     4799.164    4787.1856 
    6650        66500      600.974      600.974      600.974    1.0061309 0.0035353285   0.98328438    1.0022747    1.0328337   -10.775236    300.65871   -10.775236    4770.5072    4759.7319 
    6700        67000      600.974      600.974      600.974   0.98808243 0.0035353285   0.96178346   0.98631394    1.0161499   -11.793764    296.36867   -11.793764    4702.4378     4690.644 
    6750        67500      600.974      600.974      600.974   0.99145663 0.0035353285   0.96763044   0.98818625    1.0185532   -12.236421    296.71359   -12.236421    4707.9105    4695.6741 
    6800        68000      600.974      600.974      600.974    1.0275563 0.0035353285    1.0055529    1.0243691    1.0527467   -8.7500831    306.19215   -8.7500831    4858.3054    4849.5553 
    6850        68500      600.974      600.974      600.974    1.0095974 0.0035353285   0.98388676    1.0052474    1.0396579    -11.09643    303.66589    -11.09643    4818.2217    4807.1253 
    6900        69000      600.974      600.974      600.974   0.99530627 0.0035353285   0.96965974   0.99322529    1.0230338   -11.792965    298.06567   -11.792965    4729.3638    4717.5708 
    6950        69500      600.974      600.974      600.974    0.9982416 0.0035353285   0.96790391   0.99438018    1.0324407   -10.589674    297.30824   -10.589674    4717.3458    4706.7561 
    7000        70000      600.974      600.974      600.974   0.99970181 0.0035353285   0.97356015   0.99463006    1.0309152   -12.755463    300.32852   -12.755463    4765.2682    4752.5128 
    7050        70500      600.974      600.974      600.974    1.0169675 0.0035353285   0.98835655    1.0112505    1.0512955   -12.459602    304.81782   -12.459602    4836.4992    4824.0396 
    7100        71000      600.974      600.974      600.974    1.0073227 0.0035353285   0.98182663    1.0008121    1.0393293   -13.628742    302.70162   -13.628742    4802.9219    4789.2931 
    7150        71500      600.974      600.974      600.974   0.98367513 0.0035353285   0.95603157   0.98099142    1.0140024   -13.058909    294.97521   -13.058909     4680.328    4667.2691 
    7200        72000      600.974      600.974      600.974   0.98845148 0.0035353285   0.96253336   0.98091883    1.0219023   -13.233711    296.98869   -13.233711    4712.2755    4699.0418 
    7250        72500      600.974      600.974      600.974    1.0058609 0.0035353285   0.97994296    0.9990025    1.0386373   -13.651108    302.23674   -13.651108    4795.5455    4781.8944 
    7300        73000      600.974      600.974      600.974    1.0054781 0.0035353285   0.98155975   0.99753709    1.0373374   -14.106866    301.51452   -14.106866    4784.0863    4769.9794 
    7350        73500      600.974      600.974      600.974    0.9829168 0.0035353285   0.95818544   0.97616436    1.0144006   -13.337404    295.16863   -13.337404     4683.397    4670.0596 
    7400        74000      600.974      600.974      600.974   0.96729911 0.0035353285   0.94198978   0.96194007   0.99796748   -10.333872     290.0231   -10.333872    4601.7535    4591.4196 
    7450        74500      600.974      600.974      600.974   0.99569978 0.0035353285   0.96985403   0.98837629     1.028869   -10.035543    297.55737   -10.035543    4721.2987    4711.2632 
    7500        75000      600.974      600.974      600.974    1.0140878 0.0035353285   0.98799861    1.0097529     1.044512   -9.5033106    303.25286   -9.5033106    4811.6682    4802.1649 
    7550        75500      600.974      600.974      600.974    1.0018808 0.0035353285    0.9747365    0.9956633    1.0352427   -9.9237615    300.34513   -9.9237615    4765.5316    4755.6079 
    7600        76000      600.974      600.974      600.974   0.98611169 0.0035353285   0.96218487   0.98040861    1.0157416   -11.552437    295.44558   -11.552437    4687.7912    4676.2388 
    7650        76500      600.974      600.974      600.974   0.99064322 0.0035353285    0.9647074   0.98243699    1.0247853   -11.108127    297.28321   -11.108127    4716.9486    4705.8405 
    7700        77000      600.974      600.974      600.974    1.0110555 0.0035353285   0.98207205    1.0048408    1.0462538   -9.9545508    303.82708   -9.9545508    4820.7792    4810.8247 
    7750        77500      600.974      600.974      600.974    1.0104969 0.0035353285    0.9810154    1.0023409    1.0481344   -9.2398163    302.28494   -9.2398163    4796.3104    4787.0706 
    7800        78000      600.974      600.974      600.974   0.99956159 0.0035353285   0.97217127   0.99119394    1.0353196   -10.238043    298.25167   -10.238043    4732.3151    4722.0771 
    7850        78500      600.974      600.974      600.974   0.99601582 0.0035353285   0.96383639   0.98831171    1.0358994   -10.977112    298.43962   -10.977112    4735.2972    4724.3201 
    7900        79000      600.974      600.974      600.974    1.0021319 0.0035353285   0.97433378   0.99542486    1.0366372   -10.784417    299.73978   -10.784417    4755.9267    4745.1423 
    7950        79500      600.974      600.974      600.974    1.0031336 0.0035353285   0.97611625   0.99387482    1.0394098   -10.418547    300.60143   -10.418547    4769.5983    4759.1798 
    8000        80000      600.974      600.974      600.974   0.99487799 0.0035353285    0.9636869   0.98856877    1.0323783   -11.373414    298.38765   -11.373414    4734.4727    4723.0993 
    8050        80500      600.974      600.974      600.974    0.9817072 0.0035353285   0.95297723   0.97334811    1.0187963   -12.105603    294.61782   -12.105603    4674.6574    4662.5518 
    8100        81000      600.974      600.974      600.974   0.99523064 0.0035353285   0.96704107   0.98916354    1.0294873   -11.592772    298.33921   -11.592772    4733.7041    4722.1113 
    8150        81500      600.974      600.974      600.974    1.0140164 0.0035353285   0.98462059     1.004985    1.0524437   -10.929324     304.1652   -10.929324    4826.1442    4815.2148 
    8200        82000      600.974      600.974      600.974    1.0037818 0.0035353285   0.97517464   0.99824968    1.0379212   -11.381387    300.90218   -11.381387    4774.3703    4762.9889 
    8250        82500      600.974      600.974      600.974   0.99063118 0.0035353285   0.96001746   0.98608562    1.0257905   -11.521208     297.5557   -11.521208    4721.2722     4709.751 
    8300        83000      600.974      600.974      600.974   0.99559436 0.0035353285   0.96718879   0.98829872    1.0312956   -11.713119    298.23694   -11.713119    4732.0814    4720.3683 
    8350        83500      600.974      600.974      600.974   0.99956699 0.0035353285   0.97029701   0.99459457    1.0338094    -11.75744     299.7799    -11.75744    4756.5632    4744.8058 
    8400        84000      600.974      600.974      600.974   0.99987767 0.0035353285   0.96939385   0.99699628    1.0332429   -12.209386    300.25543   -12.209386    4764.1084     4751.899 
    8450        84500      600.974      600.974      600.974   0.98938568 0.0035353285   0.96115444   0.98423874    1.0227639   -12.415448    296.72072   -12.415448    4708.0237    4695.6083 
    8500        85000      600.974      600.974      600.974   0.97963362 0.0035353285   0.94885013   0.97349274     1.016558   -13.853651    293.96169   -13.853651    4664.2466     4650.393 
    8550        85500      600.974      600.974      600.974    1.0035702 0.0035353285   0.97159259    1.0011983    1.0379198   -13.387199    300.12916   -13.387199    4762.1049    4748.7177 
    8600        86000      600.974      600.974      600.974    1.0086447 0.0035353285   0.97842092    1.0029915    1.0445217   -13.631571    303.20909   -13.631571    4810.9737    4797.3421 
    8650        86500      600.974      600.974      600.974    1.0004499 0.0035353285   0.96978233   0.99431578    1.0372516    -12.64608    298.93799    -12.64608    4743.2048    4730.5588 
    8700        87000      600.974      600.974      600.974   0.98726728 0.0035353285   0.95888762   0.97928219     1.023632   -11.978282    295.94278   -11.978282    4695.6802    4683.7019 
    8750        87500      600.974      600.974      600.974   0.99393803 0.0035353285   0.96674956   0.98545963    1.0296049   -10.266456     297.9388   -10.266456    4727.3508    4717.0843 
    8800        88000      600.974      600.974      600.974   0.99912363 0.0035353285    0.9731102   0.99051163    1.0337491   -11.012214    299.26397   -11.012214    4748.3772     4737.365 
    8850        88500      600.974      600.974      600.974   0.99912351 0.0035353285   0.97209222    0.9925159    1.0327624   -12.540624    299.67945   -12.540624    4754.9695    4742.4289 
    8900        89000      600.974      600.974      600.974   0.99896202 0.0035353285   0.97131346   0.99037082    1.0352018   -13.741671    299.00378   -13.741671    4744.2487     4730.507 
    8950        89500      600.974      600.974      600.974    0.9913213 0.0035353285   0.96606681   0.97947183    1.0284252   -13.799702    297.26018   -13.799702    4716.5832    4702.7835 
    9000        90000      600.974      600.974      600.974   0.99124499 0.0035353285   0.96252888   0.98460741    1.0265987   -13.666767     297.4237   -13.666767    4719.1778     4705.511 
    9050        90500      600.974      600.974      600.974    1.0104407 0.0035353285   0.98462859    1.0013883    1.0453053   -12.622413    302.09672   -12.622413     4793.324    4780.7016 
    9100        91000      600.974      600.974      600.974    1.0124263 0.0035353285   0.98611969    1.0073193    1.0438401   -11.540988    303.12833   -11.540988    4809.6922    4798.1513 
    9150        91500      600.974      600.974      600.974   0.98394868 0.0035353285   0.96051287   0.97500857    1.0163246   -11.600473    295.69341   -11.600473    4691.7236    4680.1231 
    9200        92000      600.974      600.974      600.974   0.98235394 0.0035353285   0.95669423   0.97527264     1.015095    -12.53224    294.77405    -12.53224    4677.1362    4664.6039 
    9250        92500      600.974      600.974      600.974    1.0004133 0.0035353285   0.97367913    0.9960812    1.0314794   -12.748245    298.97017   -12.748245    4743.7155    4730.9672 
    9300        93000      600.974      600.974      600.974    1.0025449 0.0035353285   0.97472771   0.99408746    1.0388196   -13.780526    300.19889   -13.780526    4763.2113    4749.4308 
    9350        93500      600.974      600.974      600.974   0.99716129 0.0035353285   0.96916727    0.9910976     1.031219   -12.364707    299.18212   -12.364707    4747.0783    4734.7136 
    9400        94000      600.974      600.974      600.974   0.99179792 0.0035353285   0.96183214    0.9899234    1.0236382   -9.9320981    297.30143   -9.9320981    4717.2377    4707.3056 
    9450        94500      600.974      600.974      600.974   0.98929123 0.0035353285   0.95842317    0.9824595     1.026991   -9.0706832    296.14695   -9.0706832    4698.9199    4689.8492 
    9500        95000      600.974      600.974      600.974    1.0032213 0.0035353285   0.97131355   0.99762175    1.0407287   -10.475679    300.42467   -10.475679    4766.7938    4756.3181 
    9550        95500      600.974      600.974      600.974    1.0112561 0.0035353285   0.97707646    1.0061504    1.0505413   -12.681586     303.5592   -12.681586    4816.5289    4803.8473 
    9600        96000      600.974      600.974      600.974   0.99669578 0.0035353285   0.96412214   0.99306227    1.0329029   -12.092617    298.22847   -12.092617     4731.947    4719.8544 
    9650        96500      600.974      600.974      600.974   0.98523867 0.0035353285   0.95357266   0.97806963    1.0240737   -11.363637    294.24037   -11.363637    4668.6684    4657.3048 
    9700        97000      600.974      600.974      600.974   0.99261143 0.0035353285   0.95886159   0.98898016    1.0299925   -13.045127    298.33326   -13.045127    4733.6096    4720.5645 
    9750        97500      600.974      600.974      600.974    1.0011101 0.0035353285   0.96857811   0.99464125    1.0401111   -11.236161    300.27261   -11.236161     4764.381    4753.1449 
    9800        98000      600.974      600.974      600.974   0.99779494 0.0035353285   0.96692674   0.99071381    1.0357443   -11.228178     299.4995   -11.228178    4752.1142     4740.886 
    9850        98500      600.974      600.974      600.974   0.99473818 0.0035353285   0.96572308   0.98912986    1.0293616   -11.436238    298.13837   -11.436238    4730.5174    4719.0811 
    9900        99000      600.974      600.974      600.974   0.99555064 0.0035353285   0.96422875   0.98865838    1.0337648   -11.469891    297.83757   -11.469891    4725.7446    4714.2747 
    9950        99500      600.974      600.974      600.974    1.0043541 0.0035353285    0.9770658   0.99636187    1.0396345   -12.876753    301.25009   -12.876753    4779.8905    4767.0138 
   10000       100000      600.974      600.974      600.974    1.0098694 0.0035353285    0.9774772    1.0069719    1.0451591   -13.315075    303.10877   -13.315075     4809.382     4796.067 
   10050       100500      600.974      600.974      600.974   0.99290669 0.0035353285   0.96522664   0.98678857    1.0267048   -12.778477    297.17958   -12.778477    4715.3044    4702.5259 
   10100       101000      600.974      600.974      600.974   0.98174562 0.0035353285   0.95704322   0.97545235    1.0127413   -12.912286    294.45215   -12.912286    4672.0286    4659.1163 
   10150       101500      600.974      600.974      600.974     1.000609 0.0035353285   0.97178058   0.99560868    1.0344377   -11.317719    299.90976   -11.317719    4758.6237     4747.306 
   10200       102000      600.974      600.974      600.974    1.0114359 0.0035353285   0.97954247     1.009856    1.0449093   -11.816968    302.30406   -11.816968    4796.6137    4784.7967 
   10250       102500      600.974      600.974      600.974    1.0031707 0.0035353285   0.97344116    1.0028974    1.0331736    -11.60815    300.02191    -11.60815    4760.4032    4748.7951 
   10300       103000      600.974      600.974      600.974   0.99034448 0.0035353285   0.96097859   0.98487951    1.0251753   -12.378505    297.62432   -12.378505    4722.3609    4709.9824 
   10350       103500      600.974      600.974      600.974   0.99193287 0.0035353285   0.96121206   0.98770145    1.0268851   -11.475111     297.7899   -11.475111    4724.9882    4713.5131 
   10400       104000      600.974      600.974      600.974    1.0132682 0.0035353285   0.98630733    1.0079293    1.0455681   -10.841946    303.88642   -10.841946    4821.7209    4810.8789 
   10450       104500      600.974      600.974      600.974    1.0202045 0.0035353285   0.98921629    1.0165294    1.0548678   -11.583853    305.01351   -11.583853    4839.6042    4828.0203 
   10500       105000      600.974      600.974      600.974   0.98804707 0.0035353285   0.95818664   0.98514199    1.0208126   -13.198485    296.70963   -13.198485    4707.8477    4694.6492 
   10550       105500      600.974      600.974      600.974   0.99180873 0.0035353285   0.96163825   0.98990565    1.0238823   -10.697666    296.62302   -10.697666    4706.4735    4695.7758 
   10600       106000      600.974      600.974      600.974   0.99985585 0.0035353285   0.96771799   0.99608368    1.0357659   -12.039184    300.43207   -12.039184    4766.9112     4754.872 
   10650       106500      600.974      600.974      600.974    1.0056448 0.0035353285   0.97348463    1.0015796    1.0418701   -12.593989    302.07753   -12.593989    4793.0194    4780.4255 
   10700       107000      600.974      600.974      600.974   0.98485656 0.0035353285   0.95477475   0.98154621    1.0182487    -13.26769    295.70621    -13.26769    4691.9267     4678.659 
   10750       107500      600.974      600.974      600.974   0.97256592 0.0035353285   0.94130282   0.97060476    1.0057902   -13.491756    292.11491   -13.491756    4634.9441    4621.4523 
   10800       108000      600.974      600.974      600.974   0.99480374 0.0035353285   0.96286357   0.99135512    1.0301925   -12.073066    298.52324   -12.073066     4736.624    4724.5509 
   10850       108500      600.974      600.974      600.974    1.0049462 0.0035353285   0.97332445   0.99928598    1.0422281   -10.690627    300.57637   -10.690627    4769.2007    4758.5101 
   10900       109000      600.974      600.974      600.974   0.99789498 0.0035353285   0.96504047   0.99309328    1.0355512   -13.805203    299.54906   -13.805203    4752.9006    4739.0954 
   10950       109500      600.974      600.974      600.974   0.99432474 0.0035353285   0.95987705     0.991412    1.0316852   -10.736084    296.43434   -10.736084    4703.4797    4692.7436 
   11000       110000      600.974      600.974      600.974   0.98281947 0.0035353285   0.95143136   0.97672037    1.0203067   -12.178793    295.06207   -12.178793    4681.7062    4669.5274 
   11050       110500      600.974      600.974      600.974    1.0057615 0.0035353285   0.97491407    1.0026974    1.0396732   -11.914089    301.40672   -11.914089    4782.3757    4770.4616 
   11100       111000      600.974      600.974      600.974    1.0164111 0.0035353285   0.98359717    1.0082787    1.0573575   -13.696911    303.89999   -13.696911    4821.9362    4808.2393 
   11150       111500      600.974      600.974      600.974    1.0015519 0.0035353285   0.97824809   0.99172378    1.0346837   -13.693444    297.81358   -13.693444     4725.364    4711.6705 
   11200       112000      600.974      600.974      600.974   0.98727889 0.0035353285   0.95568604   0.98550594    1.0206447   -14.236528    295.78699   -14.236528    4693.2084    4678.9719 
   11250       112500      600.974      600.974      600.974   0.99502276 0.0035353285    0.9693735   0.98717238    1.0285224    -12.33254    298.36508    -12.33254    4734.1145     4721.782 
   11300       113000      600.974      600.974      600.974    1.0000926 0.0035353285   0.96998207    0.9954038    1.0348921   -10.720566    299.80516   -10.720566    4756.9641    4746.2436 
   11350       113500      600.974      600.974      600.974   0.99976966 0.0035353285   0.97169513   0.99217016    1.0354437   -11.301598    299.59634   -11.301598    4753.6507    4742.3491 
   11400       114000      600.974      600.974      600.974   0.99620765 0.0035353285   0.96737411    0.9967569    1.0244919   -11.224871    298.20288   -11.224871     4731.541    4720.3161 
   11450       114500      600.974      600.974      600.974   0.98024109 0.0035353285   0.95371462   0.97392336    1.0130853   -13.005798    294.50085   -13.005798    4672.8013    4659.7955 
   11500       115000      600.974      600.974      600.974   0.98381633 0.0035353285   0.95713228   0.97807243    1.0162443    -12.45647    295.45635    -12.45647    4687.9621    4675.5056 
   11550       115500      600.974      600.974      600.974    1.0102952 0.0035353285   0.98211048    1.0061409    1.0426342   -11.484336    302.37971   -11.484336    4797.8141    4786.3298 
   11600       116000      600.974      600.974      600.974    1.0098466 0.0035353285   0.97907807   0.99959828    1.0508634   -12.141157    302.05511   -12.141157    4792.6636    4780.5225 
   11650       116500      600.974      600.974      600.974   0.98670994 0.0035353285   0.96114714   0.97794849    1.0210342   -14.717084    296.55063   -14.717084    4705.3249    4690.6078 
   11700       117000      600.974      600.974      600.974    0.9861196 0.0035353285   0.95646024   0.98004818    1.0218504   -13.467003    295.80528   -13.467003    4693.4986    4680.0316 
   11750       117500      600.974      600.974      600.974    1.0068392 0.0035353285   0.98114079    0.9994081    1.0399686   -11.873543     301.6217   -11.873543    4785.7869    4773.9133 
   11800       118000      600.974      600.974      600.974    1.0285747 0.0035353285   0.99935999    1.0221741    1.0641899   -12.221965    307.69425   -12.221965    4882.1391    4869.9171 
   11850       118500      600.974      600.974      600.974    1.0343769 0.0035353285   0.99993811     1.035037    1.0681556   -10.301828    307.83085   -10.301828    4884.3065    4874.0047 
   11900       119000      600.974      600.974      600.974   0.99106272 0.0035353285   0.96164796   0.98988319     1.021657   -13.102563    297.79727   -13.102563    4725.1051    4712.0026 
   11950       119500      600.974      600.974      600.974   0.98453851 0.0035353285   0.95483263   0.98127562    1.0175073   -12.179414    295.20385   -12.179414    4683.9558    4671.7764 
   12000       120000      600.974      600.974      600.974   0.99951066 0.0035353285   0.97267984   0.99509904    1.0307531   -12.994943    299.80609   -12.994943    4756.9789     4743.984 
   12050       120500      600.974      600.974      600.974    1.0131212 0.0035353285   0.98160624     1.012424    1.0453335   -13.195504    303.21882   -13.195504    4811.1281    4797.9326 
   12100       121000      600.974      600.974      600.974    0.9955005 0.0035353285   0.96416257      0.99172    1.0306189   -13.756837    298.91714   -13.756837     4742.874    4729.1171 
   12150       121500      600.974      600.974      600.974   0.97756354 0.0035353285   0.94553651    0.9732105    1.0139436   -13.324385    293.94728   -13.324385     4664.018    4650.6936 
   12200       122000      600.974      600.974      600.974   0.99109665 0.0035353285   0.95897001   0.98615015    1.0281698   -14.343902    298.13702   -14.343902    4730.4959     4716.152 
   12250       122500      600.974      600.974      600.974    1.0083168 0.0035353285   0.97259682    1.0055504    1.0468032   -13.415109    301.35468   -13.415109      4781.55    4768.1349 
   12300       123000      600.974      600.974      600.974    1.0048411 0.0035353285   0.96822946   0.99788851    1.0484054   -11.911685    299.63567   -11.911685    4754.2748    4742.3631 
   12350       123500      600.974      600.974      600.974   0.99180479 0.0035353285    0.9591352   0.98786264    1.0284165   -15.562171    297.38024   -15.562171    4718.4882    4702.9261 
   12400       124000      600.974      600.974      600.974    0.9905372 0.0035353285    0.9581338   0.98762404    1.0258538   -15.443225    297.63408   -15.443225    4722.5159    4707.0727 
   12450       124500      600.974      600.974      600.974    1.0105689 0.0035353285   0.97669514    1.0084952    1.0465163   -13.857966    303.13101   -13.857966    4809.7349    4795.8769 
   12500       125000      600.974      600.974      600.974    1.0161158 0.0035353285   0.97906675    1.0094623    1.0598185   -13.892897    304.43357   -13.892897    4830.4023    4816.5094 
   12550       125500      600.974      600.974      600.974   0.98414558 0.0035353285   0.95267416    0.9785538    1.0212088   -14.137374    295.65929   -14.137374    4691.1822    4677.0448 
   12600       126000      600.974      600.974      600.974   0.98346398 0.0035353285   0.95116357   0.97901951    1.0202088   -16.300877    295.98672   -16.300877    4696.3774    4680.0765 
   12650       126500      600.974      600.974      600.974     1.005116 0.0035353285   0.97034548    1.0022781    1.0427243   -14.635357    300.07409   -14.635357    4761.2311    4746.5958 
   12700       127000      600.974      600.974      600.974    1.0042028 0.0035353285    0.9720639   0.99934473    1.0411997   -15.431412    301.58912   -15.431412    4785.2699    4769.8385 
   12750       127500      600.974      600.974      600.974   0.99268124 0.0035353285   0.95882046   0.98810911    1.0311142   -12.774307    297.07494   -12.774307     4713.644    4700.8697 
   12800       128000      600.974      600.974      600.974   0.96530792 0.0035353285   0.93228066   0.96312508     1.000518   -13.714288    290.01729   -13.714288    4601.6614    4587.9471 
   12850       128500      600.974      600.974      600.974   0.98777656 0.0035353285   0.95380804   0.98450611    1.0250155   -15.153646     296.7184   -15.153646    4707.9869    4692.8332 
   12900       129000      600.974      600.974      600.974    1.0020026 0.0035353285   0.96853079   0.99816735    1.0393096   -13.892938    299.93687   -13.892938    4759.0539     4745.161 
   12950       129500      600.974      600.974      600.974   0.99761098 0.0035353285   0.96232385   0.99538103     1.035128   -13.131383    300.13582   -13.131383    4762.2105    4749.0791 
   13000       130000      600.974      600.974      600.974   0.99563948 0.0035353285   0.95727818   0.99661057    1.0330297   -13.156177    298.17962   -13.156177    4731.1718    4718.0157 
   13050       130500      600.974      600.974      600.974   0.98900734 0.0035353285   0.95446987   0.98400268    1.0285495   -15.445334    296.21695   -15.445334    4700.0304    4684.5851 
   13100       131000      600.974      600.974      600.974   0.99814959 0.0035353285   0.96474585   0.99554981    1.0341531   -15.934306    299.15388   -15.934306    4746.6303     4730.696 
   13150       131500      600.974      600.974      600.974    1.0201773 0.0035353285   0.98947096    1.0136532    1.0574078   -15.159866    304.53356   -15.159866    4831.9889     4816.829 
   13200       132000      600.974      600.974      600.974   0.99810584 0.0035353285   0.96309532   0.99776798    1.0334542   -14.784603    300.29702   -14.784603    4764.7683    4749.9837 
   13250       132500      600.974      600.974      600.974   0.98116723 0.0035353285   0.94717576   0.98224589      1.01408   -12.521784     294.7512   -12.521784    4676.7737    4664.2519 
   13300       133000      600.974      600.974      600.974   0.99129514 0.0035353285   0.95677863   0.99208493    1.0250219   -12.820913    297.31656   -12.820913    4717.4778    4704.6569 
   13350       133500      600.974      600.974      600.974    1.0009031 0.0035353285   0.96386404   0.99976938     1.039076   -13.173279    300.32598   -13.173279    4765.2278    4752.0545 
   13400       134000      600.974      600.974      600.974    1.0049693 0.0035353285   0.96534341     1.007036    1.0425286   -10.877751    300.37635   -10.877751     4766.027    4755.1493 
   13450       134500      600.974      600.974      600.974   0.98609888 0.0035353285   0.95009465   0.98464299     1.023559   -13.209555    296.41918   -13.209555    4703.2392    4690.0297 
   13500       135000      600.974      600.974      600.974   0.96921753 0.0035353285    0.9377774   0.96632393    1.0035513    -13.95045    290.26301    -13.95045    4605.5601    4591.6097 
   13550       135500      600.974      600.974      600.974    0.9922643 0.0035353285   0.95769996   0.98819572    1.0308972   -14.624068    297.89699   -14.624068    4726.6874    4712.0633 
   13600       136000      600.974      600.974      600.974    1.0037581 0.0035353285   0.97265484    0.9963169    1.0423025   -13.809353    301.16784   -13.809353    4778.5855    4764.7762 
   13650       136500      600.974      600.974      600.974   0.99938086 0.0035353285   0.96705056   0.99204742    1.0390446   -12.934691    299.52179   -12.934691    4752.4679    4739.5332 
   13700       137000      600.974      600.974      600.974   0.99186219 0.0035353285    0.9627821   0.98268841    1.0301161   -13.124525    296.37869   -13.124525    4702.5967    4689.4722 
   13750       137500      600.974      600.974      600.974   0.98951675 0.0035353285   0.96097755   0.97701581    1.0305569   -13.070003    296.88001   -13.070003    4710.5512    4697.4812 
   13800       138000      600.974      600.974      600.974    1.0161283 0.0035353285   0.99087047     1.007338    1.0501763   -10.939379    304.20448   -10.939379    4826.7674     4815.828 
   13850       138500      600.974      600.974      600.974    1.0133053 0.0035353285   0.98431078    1.0068607    1.0487445   -10.876122    303.05844   -10.876122    4808.5834    4797.7073 
   13900       139000      600.974      600.974      600.974   0.98961616 0.0035353285   0.96366106   0.98000472    1.0251827   -13.200906    296.89914   -13.200906    4710.8546    4697.6537 
   13950       139500      600.974      600.974      600.974   0.99297564 0.0035353285   0.96379587   0.98553313    1.0295979   -12.634327    297.22864   -12.634327    4716.0827    4703.4484 
   14000       140000      600.974      600.974      600.974   0.99820842 0.0035353285   0.96772612   0.98919663    1.0377025    -13.01176    299.87815    -13.01176    4758.1222    4745.1104 
   14050       140500      600.974      600.974      600.974    1.0027446 0.0035353285   0.97476856   0.99330605    1.0401593   -13.627618    301.07083   -13.627618    4777.0463    4763.4187 
   14100       141000      600.974      600.974      600.974    0.9880457 0.0035353285   0.96045312   0.98089925    1.0227847   -14.337073    296.55057   -14.337073    4705.3239    4690.9868 
   14150       141500      600.974      600.974      600.974   0.97608167 0.0035353285   0.94749918   0.96592066    1.0148252   -13.545865    291.88449   -13.545865    4631.2879    4617.7421 
   14200       142000      600.974      600.974      600.974   0.99671913 0.0035353285     0.968972   0.98878641     1.032399   -13.242514     299.0034   -13.242514    4744.2427    4731.0002 
   14250       142500      600.974      600.974      600.974    1.0110429 0.0035353285   0.98551304    1.0022125    1.0454032   -11.194868    301.62795   -11.194868     4785.886    4774.6911 
   14300       143000      600.974      600.974      600.974   0.99607329 0.0035353285    0.9735509   0.98468069    1.0299883   -12.406488    299.29543   -12.406488    4748.8763    4736.4698 
   14350       143500      600.974      600.974      600.974   0.98590001 0.0035353285   0.96133829    0.9761653    1.0201964   -12.905058    296.07312   -12.905058    4697.7483    4684.8433 
   14400       144000      600.974      600.974      600.974   0.99271322 0.0035353285   0.96588959   0.98356741    1.0286827   -13.036287    297.24071   -13.036287    4716.2743     4703.238 
   14450       144500      600.974      600.974      600.974    1.0206604 0.0035353285   0.99952971    1.0069549    1.0554967   -12.982533    304.70358   -12.982533    4834.6866     4821.704 
   14500       145000      600.974      600.974      600.974     1.007512 0.0035353285   0.98354939   0.99969984    1.0392868   -12.698245    301.99982   -12.698245    4791.7865    4779.0882 
   14550       145500      600.974      600.974      600.974   0.98946148 0.0035353285   0.96434903   0.98006248    1.0239729   -10.388249    296.00818   -10.388249     4696.718    4686.3297 
   14600       146000      600.974      600.974      600.974   0.99166803 0.0035353285   0.96817267   0.98451098    1.0223204   -12.249081    297.29479   -12.249081    4717.1324    4704.8833 
   14650       146500      600.974      600.974      600.974     1.003472 0.0035353285   0.98132539   0.99397609    1.0351145   -12.656799    300.57593   -12.656799    4769.1938     4756.537 
   14700       147000      600.974      600.974      600.974    1.0025746 0.0035353285   0.97773469   0.99433449    1.0356547   -11.390046    300.69795   -11.390046    4771.1299    4759.7398 
   14750       147500      600.974      600.974      600.974   0.99611104 0.0035353285   0.96994268   0.99005495    1.0283355   -11.202139    298.29605   -11.202139    4733.0193    4721.8171 
   14800       148000      600.974      600.974      600.974   0.97482154 0.0035353285     0.947432   0.96842849    1.0086041    -12.95719    292.28757    -12.95719    4637.6837    4624.7265 
   14850       148500      600.974      600.974      600.974   0.96748109 0.0035353285   0.94305638   0.96197579    0.9974111    -14.53181    289.75158    -14.53181    4597.4454    4582.9136 
   14900       149000      600.974      600.974      600.974     1.000268 0.0035353285   0.97470744   0.99516835    1.0309282   -13.331382    298.97367   -13.331382     4743.771    4730.4396 
   14950       149500      600.974      600.974      600.974     1.009296 0.0035353285    0.9827978    1.0078072    1.0372831   -14.391866    302.31015   -14.391866    4796.7103    4782.3185 
   15000       150000      600.974      600.974      600.974   0.99773711 0.0035353285   0.97287861   0.99191707    1.0284156   -15.868543    299.60056   -15.868543    4753.7177    4737.8492 
   15050       150500      600.974      600.974      600.974   0.98769603 0.0035353285   0.95519821   0.98879016    1.0190997    -13.92798    295.05673    -13.92798    4681.6214    4667.6935 
   15100       151000      600.974      600.974      600.974   0.99570517 0.0035353285   0.96678298   0.99389011    1.0264424    -14.80541    297.84139    -14.80541    4725.8053    4710.9999 
   15150       151500      600.974      600.974      600.974    1.0205171 0.0035353285   0.99129531    1.0163706    1.0538853    -14.23086    305.37888    -14.23086    4845.4015    4831.1706 
   15200       152000      600.974      600.974      600.974    1.0094744 0.0035353285     0.980681    1.0066005    1.0411417   -15.317327    302.21536   -15.317327    4795.2064    4779.8891 
   15250       152500      600.974      600.974      600.974   0.99920909 0.0035353285   0.96918657   0.99706201    1.0313787   -15.517287    298.62289   -15.517287    4738.2052    4722.6879 
   15300       153000      600.974      600.974      600.974   0.99302232 0.0035353285   0.96019471   0.99442374    1.0244485   -15.233266    297.95396   -15.233266    4727.5914    4712.3581 
   15350       153500      600.974      600.974      600.974   0.99858834 0.0035353285   0.97008157   0.99689814    1.0287853    -15.16307    299.99481    -15.16307    4759.9732    4744.8101 
   15400       154000      600.974      600.974      600.974     1.016459 0.0035353285   0.98582034    1.0159867      1.04757   -13.556555    305.21775   -13.556555    4842.8448    4829.2883 
   15450       154500      600.974      600.974      600.974    1.0104549 0.0035353285   0.98166097     1.008543    1.0411607   -14.085204    303.53283   -14.085204    4816.1105    4802.0253 
   15500       155000      600.974      600.974      600.974   0.98487007 0.0035353285   0.95705615   0.98296672    1.0145873   -13.879195    295.65345   -13.879195    4691.0895    4677.2103 
   15550       155500      600.974      600.974      600.974   0.99087409 0.0035353285   0.95926089   0.98933358    1.0240278   -13.503529    297.04848   -13.503529    4713.2243    4699.7208 
   15600       156000      600.974      600.974      600.974    1.0074152 0.0035353285   0.98208909    1.0041471    1.0360093   -13.770479    301.64994   -13.770479     4786.235    4772.4645 
   15650       156500      600.974      600.974      600.974    1.0066772 0.0035353285   0.97488317    1.0039748    1.0411736   -13.337008    301.63745   -13.337008    4786.0368    4772.6998 
   15700       157000      600.974      600.974      600.974    0.9740335 0.0035353285   0.94395813   0.97031128    1.0078311   -14.613765    292.41536   -14.613765    4639.7112    4625.0975 
   15750       157500      600.974      600.974      600.974   0.97730169 0.0035353285   0.95057785    0.9730281    1.0082991   -15.668224    293.14411   -15.668224    4651.2742     4635.606 
   15800       158000      600.974      600.974      600.974   0.99641847 0.0035353285   0.96610968   0.99425108    1.0288946   -15.706872    298.75606   -15.706872    4740.3182    4724.6113 
   15850       158500      600.974      600.974      600.974    1.0029945 0.0035353285   0.97484614   0.99660613    1.0375312   -16.379125    301.08645   -16.379125    4777.2941    4760.9149 
   15900       159000      600.974      600.974      600.974   0.99854602 0.0035353285   0.96966128   0.99309174    1.0328851   -15.397373    299.54066   -15.397373    4752.7673    4737.3699 
   15950       159500      600.974      600.974      600.974   0.97970934 0.0035353285   0.95231654   0.97697152      1.00984    -13.08853      294.438    -13.08853    4671.8041    4658.7156 
   16000       160000      600.974      600.974      600.974   0.98061634 0.0035353285   0.95703826   0.97442155    1.0103892   -12.064315    293.83042   -12.064315    4662.1637    4650.0994 
   16050       160500      600.974      600.974      600.974    1.0099377 0.0035353285   0.98342837    1.0037744    1.0426102    -13.30815    302.99251    -13.30815    4807.5372    4794.2291 
   16100       161000      600.974      600.974      600.974    1.0066191 0.0035353285   0.97896436    1.0009102    1.0399829   -11.262171    302.11736   -11.262171    4793.6513    4782.3892 
   16150       161500      600.974      600.974      600.974   0.99351932 0.0035353285   0.96610504   0.99068083    1.0237721   -9.1798973     296.9136   -9.1798973     4711.084    4701.9042 
   16200       162000      600.974      600.974      600.974   0.98883618 0.0035353285   0.96464798   0.98105369    1.0208069   -10.917079    296.53528   -10.917079    4705.0813    4694.1643 
   16250       162500      600.974      600.974      600.974    1.0090643 0.0035353285   0.98319357    1.0030164    1.0409831   -10.080406    302.76531   -10.080406    4803.9324     4793.852 
   16300       163000      600.974      600.974      600.974    1.0279558 0.0035353285    1.0042768     1.021714    1.0578764   -11.930925    308.46377   -11.930925     4894.349     4882.418 
   16350       163500      600.974      600.974      600.974   0.99092767 0.0035353285   0.96391469    0.9884339    1.0204344   -12.811156    297.45213   -12.811156    4719.6288    4706.8177 
   16400       164000      600.974      600.974      600.974   0.98973113 0.0035353285   0.95941542   0.98750992    1.0222681   -11.729672    296.84981   -11.729672     4710.072    4698.3424 
   16450       164500      600.974      600.974      600.974    1.0043263 0.0035353285   0.97429489    1.0000799    1.0386042    -12.73736    300.74707    -12.73736    4771.9092    4759.1719 
   16500       165000      600.974      600.974      600.974    1.0047287 0.0035353285   0.97478836   0.99935021    1.0400475   -14.961848    302.39952   -14.961848    4798.1284    4783.1666 
   16550       165500      600.974      600.974      600.974   0.99144899 0.0035353285   0.96369721   0.98405996    1.0265898   -13.199056    297.46327   -13.199056    4719.8057    4706.6066 
   16600       166000      600.974      600.974      600.974   0.97952991 0.0035353285   0.94928105   0.97407644    1.0152323   -13.715134    294.36322   -13.715134    4670.6176    4656.9025 
   16650       166500      600.974      600.974      600.974    1.0047171 0.0035353285   0.97193856    1.0019887    1.0402241    -12.80365    301.33413    -12.80365    4781.2241    4768.4204 
   16700       167000      600.974      600.974      600.974    1.0152986 0.0035353285   0.98394245    1.0100023    1.0519509   -13.074313    304.61131   -13.074313    4833.2225    4820.1482 
   16750       167500      600.974      600.974      600.974    1.0042951 0.0035353285   0.97435714     1.003328    1.0352002   -11.978415    300.18873   -11.978415    4763.0502    4751.0717 
   16800       168000      600.974      600.974      600.974   0.98994918 0.0035353285   0.96022977    0.9830634    1.0265544   -12.765292    297.20744   -12.765292    4715.7465    4702.9812 
   16850       168500      600.974      600.974      600.974   0.99441322 0.0035353285   0.96269135   0.99055951    1.0299888   -11.877666     298.1285   -11.877666    4730.3607    4718.4831 
   16900       169000      600.974      600.974      600.974    1.0154414 0.0035353285   0.98738787     1.007367    1.0515694   -11.542098    304.47405   -11.542098    4831.0447    4819.5026 
   16950       169500      600.974      600.974      600.974    1.0231477 0.0035353285   0.99153149    1.0150574    1.0628543   -11.263785    306.29471   -11.263785    4859.9328     4848.669 
   17000       170000      600.974      600.974      600.974   0.98942799 0.0035353285   0.96054299   0.98215152    1.0255895   -10.501198     296.3894   -10.501198    4702.7666    4692.2654 
   17050       170500      600.974      600.974      600.974   0.99429892 0.0035353285   0.96306015   0.98677657      1.03306   -8.5833769    296.69229   -8.5833769    4707.5726    4698.9892 
   17100       171000      600.974      600.974      600.974    1.0047791 0.0035353285   0.97354493    0.9982666    1.0425258   -10.843185    301.22695   -10.843185    4779.5234    4768.6802 
   17150       171500      600.974      600.974      600.974    1.0089737 0.0035353285   0.97773415    1.0033322    1.0458547   -11.456758     302.3567   -11.456758     4797.449    4785.9922 
   17200       172000      600.974      600.974      600.974   0.98885009 0.0035353285   0.96279617   0.98217553    1.0215786   -11.648054    295.33692   -11.648054    4686.0672    4674.4192 
   17250       172500      600.974      600.974      600.974   0.97712592 0.0035353285   0.94823964   0.96967013     1.013468   -14.119123    293.23614   -14.119123    4652.7344    4638.6153 
   17300       173000      600.974      600.974      600.974   0.99802279 0.0035353285   0.97063406   0.98601472    1.0374196   -13.797197    298.56335   -13.797197    4737.2605    4723.4633 
   17350       173500      600.974      600.974      600.974   0.99733827 0.0035353285   0.96911082   0.98686483    1.0360392   -13.707468    300.05582   -13.707468    4760.9413    4747.2338 
   17400       174000      600.974      600.974      600.974   0.99767443 0.0035353285   0.97024052   0.98941684    1.0333659   -12.161767    299.39582   -12.161767    4750.4691    4738.3073 
   17450       174500      600.974      600.974      600.974   0.99110732 0.0035353285   0.96174744   0.98288889    1.0286856   -12.829315    297.70061   -12.829315    4723.5715    4710.7422 
   17500       175000      600.974      600.974      600.974   0.99029523 0.0035353285   0.96301183   0.98572844    1.0221454   -12.104514    296.61837   -12.104514    4706.3998    4694.2953 
   17550       175500      600.974      600.974      600.974    1.0020953 0.0035353285   0.97099397   0.99510819    1.0401837   -13.753069    300.73927   -13.753069    4771.7854    4758.0323 
   17600       176000      600.974      600.974      600.974    1.0143852 0.0035353285   0.98652011    1.0094726    1.0471629   -13.211362    303.85457   -13.211362    4821.2155    4808.0041 
   17650       176500      600.974      600.974      600.974   0.99611384 0.0035353285   0.96704577   0.99039274     1.030903   -12.377646    297.96933   -12.377646    4727.8352    4715.4576 
   17700       177000      600.974      600.974      600.974    0.9812536 0.0035353285   0.95616241   0.97304797    1.0145504   -14.244787    294.40362   -14.244787    4671.2586    4657.0138 
   17750       177500      600.974      600.974      600.974   0.99478008 0.0035353285   0.96557859   0.98439231    1.0343694    -13.08859    298.02471    -13.08859    4728.7139    4715.6253 
   17800       178000      600.974      600.974      600.974    1.0012096 0.0035353285   0.97296713   0.99292879    1.0377328   -11.840677    300.00618   -11.840677    4760.1536    4748.3129 
   17850       178500      600.974      600.974      600.974    1.0005049 0.0035353285   0.97279692   0.99094764      1.03777   -10.938184    299.59958   -10.938184    4753.7021    4742.7639 
   17900       179000      600.974      600.974      600.974   0.99296034 0.0035353285   0.96302925   0.98697649    1.0288753   -10.564259     298.1964   -10.564259    4731.4382    4720.8739 
   17950       179500      600.974      600.974      600.974   0.98880314 0.0035353285   0.96097183   0.98265325    1.0227844   -10.561837    295.90803   -10.561837    4695.1288     4684.567 
   18000       180000      600.974      600.974      600.974   0.99004205 0.0035353285   0.95919309    0.9837738    1.0271592   -13.376541    297.26405   -13.376541    4716.6447    4703.2681 
   18050       180500      600.974      600.974      600.974    1.0104962 0.0035353285   0.97798716    1.0041675    1.0493339   -13.510903    302.76569   -13.510903    4803.9384    4790.4275 
   18100       181000      600.974      600.974      600.974    1.0069632 0.0035353285   0.97517497    0.9991266    1.0465879   -14.746218    302.16912   -14.746218    4794.4727    4779.7265 
   18150       181500      600.974      600.974      600.974   0.98421784 0.0035353285   0.95550252   0.97801905     1.019132   -14.676905     295.1659   -14.676905    4683.3537    4668.6768 
   18200       182000      600.974      600.974      600.974   0.98738136 0.0035353285    0.9569662   0.98031675    1.0248611   -14.225376    295.55535   -14.225376     4689.533    4675.3076 
   18250       182500      600.974      600.974      600.974   0.99570114 0.0035353285    0.9651209   0.99083987    1.0311427    -14.25514    299.10102    -14.25514    4745.7917    4731.5365 
   18300       183000      600.974      600.974      600.974   0.99906929 0.0035353285   0.96816247   0.99138766    1.0376577   -14.070767    299.92651   -14.070767    4758.8896    4744.8188 
   18350       183500      600.974      600.974      600.974    0.9966954 0.0035353285   0.96635656   0.99143689    1.0322928   -14.346699    299.31553   -14.346699    4749.1953    4734.8486 
   18400       184000      600.974      600.974      600.974   0.99470101 0.0035353285   0.96375236   0.98400784    1.0363428    -12.37983    297.31028    -12.37983    4717.3781    4704.9983 
   18450       184500      600.974      600.974      600.974   0.98558037 0.0035353285    0.9544107   0.97844382    1.0238866   -12.514335    295.90174   -12.514335     4695.029    4682.5147 
   18500       185000      600.974      600.974      600.974    1.0020681 0.0035353285   0.97051293   0.99440203    1.0412892   -11.358628    300.36685   -11.358628    4765.8763    4754.5177 
   18550       185500      600.974      600.974      600.974    1.0107638 0.0035353285   0.98105933    1.0031308    1.0481011   -12.421571    303.85142   -12.421571    4821.1654    4808.7438 
   18600       186000      600.974      600.974      600.974   0.99870971 0.0035353285   0.96666089   0.99393458    1.0355336    -11.18368    298.24182    -11.18368    4732.1587     4720.975 
   18650       186500      600.974      600.974      600.974   0.98153729 0.0035353285   0.94997367   0.97626995    1.0183683   -12.938694    294.43934   -12.938694    4671.8255    4658.8868 
   18700       187000      600.974      600.974      600.974   0.99626676 0.0035353285   0.96417934   0.98944289    1.0351781   -10.777507    297.47271   -10.777507    4719.9555     4709.178 
   18750       187500      600.974      600.974      600.974   0.99861674 0.0035353285   0.96724612   0.99173393    1.0368702   -10.984576    299.65431   -10.984576    4754.5705    4743.5859 
   18800       188000      600.974      600.974      600.974   0.99855532 0.0035353285   0.96610158   0.99344962    1.0361147   -11.497314    299.95849   -11.497314    4759.3969    4747.8996 
   18850       188500      600.974      600.974      600.974   0.99809254 0.0035353285   0.96626799     0.995307    1.0327026   -10.308798     298.2608   -10.308798      4732.46    4722.1512 
   18900       189000      600.974      600.974      600.974   0.98034443 0.0035353285   0.94883898   0.97473403    1.0174603   -11.798019    294.28682   -11.798019    4669.4054    4657.6074 
   18950       189500      600.974      600.974      600.974   0.98965913 0.0035353285   0.95733874   0.98260097    1.0290377   -10.743437    296.03544   -10.743437    4697.1505    4686.4071 
   19000       190000      600.974      600.974      600.974    1.0125234 0.0035353285   0.98495944    1.0041571    1.0484535   -11.163474    303.08376   -11.163474    4808.9851    4797.8217 
   19050       190500      600.974      600.974      600.974    1.0057987 0.0035353285   0.97327617   0.99857336    1.0455466   -11.758727    301.70244   -11.758727     4787.068    4775.3093 
   19100       191000      600.974      600.974      600.974   0.98834296 0.0035353285   0.95631532   0.98251066    1.0262029    -11.45352    296.73223    -11.45352    4708.2064    4696.7528 
   19150       191500      600.974      600.974      600.974   0.98942342 0.0035353285   0.95630703   0.98210525     1.029858   -9.4420816    296.78803   -9.4420816    4709.0917    4699.6496 
   19200       192000      600.974      600.974      600.974   0.99907934 0.0035353285   0.96681967   0.99350052    1.0369178   -10.575138    299.21462   -10.575138    4747.5941     4737.019 
   19250       192500      600.974      600.974      600.974   0.99895174 0.0035353285   0.96811541   0.99233273    1.0364071   -11.341866    299.55959   -11.341866    4753.0677    4741.7259 
   19300       193000      600.974      600.974      600.974   0.99691102 0.0035353285   0.96284925   0.99310947    1.0347743   -11.409594    299.03758   -11.409594     4744.785    4733.3754 
   19350       193500      600.974      600.974      600.974   0.99556614 0.0035353285    0.9623019    0.9888421    1.0355544   -11.632448    298.30697   -11.632448    4733.1926    4721.5601 
   19400       194000      600.974      600.974      600.974   0.99647078 0.0035353285   0.96012365   0.98925366     1.040035   -10.881097    298.51123   -10.881097    4736.4334    4725.5523 
   19450       194500      600.974      600.974      600.974    1.0058411 0.0035353285   0.97146378   0.99962717    1.0464324   -10.174021    300.93612   -10.174021    4774.9089    4764.7348 
   19500       195000      600.974      600.974      600.974    1.0045343 0.0035353285   0.97042371   0.99636824    1.0468109   -11.946666    301.68967   -11.946666    4786.8652    4774.9186 
   19550       195500      600.974      600.974      600.974    0.9938946 0.0035353285   0.96306156    0.9812536    1.0373686   -10.834197    296.61745   -10.834197    4706.3851    4695.5509 
   19600       196000      600.974      600.974      600.974   0.97933431 0.0035353285   0.94892478   0.96978399    1.0192942   -11.811681    294.24903   -11.811681    4668.8058    4656.9941 
   19650       196500      600.974      600.974      600.974    1.0129966 0.0035353285   0.99181853    1.0003824    1.0467889   -8.7427301     301.8487   -8.7427301    4789.3887    4780.6459 
   19700       197000      600.974      600.974      600.974    1.0164203 0.0035353285   0.98565907    1.0135132    1.0500885   -10.729412    303.80366   -10.729412    4820.4077    4809.6783 
   19750       197500      600.974      600.974      600.974     1.001544 0.0035353285   0.97411312   0.99155128    1.0389677   -11.750022    299.52562   -11.750022    4752.5286    4740.7786 
   19800       198000      600.974      600.974      600.974   0.98972788 0.0035353285   0.96065076   0.98218745    1.0263454   -11.927707     297.2865   -11.927707    4717.0009    4705.0732 
   19850       198500      600.974      600.974      600.974   0.99729856 0.0035353285   0.96674669   0.99263035    1.0325186   -11.273351    298.72912   -11.273351    4739.8907    4728.6174 
   19900       199000      600.974      600.974      600.974    1.0177002 0.0035353285   0.98797039    1.0104748    1.0546555   -13.834151    305.33512   -13.834151    4844.7071     4830.873 
   19950       199500      600.974      600.974      600.974    1.0214599 0.0035353285   0.99202836    1.0163403     1.056011   -14.746482    307.11324   -14.746482    4872.9204    4858.1739 
   20000       200000      600.974      600.974      600.974   0.99413511 0.0035353285   0.96325227   0.99206496    1.0270881   -12.886179    297.43531   -12.886179     4719.362    4706.4758 
Loop time of 2.93248 on 4 procs for 20000 steps with 5324 atoms

Performance: 5892.633 ns/day, 0.004 hours/ns, 6820.177 timesteps/s
99.9% CPU use with 4 MPI tasks x no OpenMP threads

MPI task timing breakdown:
Section |  min time  |  avg time  |  max time  |%varavg| %total
---------------------------------------------------------------
Pair    | 0.23662    | 0.24842    | 0.25401    |   1.4 |  8.47
Neigh   | 0.69075    | 0.70266    | 0.7116     |   0.9 | 23.96
Comm    | 0.49316    | 0.51403    | 0.54541    |   2.9 | 17.53
Output  | 0.094091   | 0.094652   | 0.096229   |   0.3 |  3.23
Modify  | 1.2018     | 1.2147     | 1.2268     |   0.9 | 41.42
Other   |            | 0.158      |            |       |  5.39

Nlocal:    1331 ave 1376 max 1261 min
Histogram: 1 0 0 0 0 0 1 1 0 1
Nghost:    318 ave 338 max 288 min
Histogram: 1 0 0 0 0 1 0 0 1 1
Neighs:    186.25 ave 217 max 163 min
Histogram: 1 0 0 2 0 0 0 0 0 1

Total # of neighbors = 745
Ave neighs/atom = 0.139932
Neighbor list builds = 1226
Dangerous builds = 0

quit
