
#perform minimization with the stopping tolerance in energy, force, max number of force and energy evealuations
minimize  1e-35 1e-35 500000 1000000
WARNING: Resetting reneighboring criteria during minimization (../min.cpp:168)
Neighbor list info ...
  1 neighbor list requests
  update every 1 steps, delay 0 steps, check yes
  max neighbors/atom: 2000, page size: 100000
  master list distance cutoff = 14
  ghost atom cutoff = 14
  binsize = 7 -> bins = 1 1 1
Memory usage per processor = 3.65684 Mbytes
Step PotEng Time Lx Ly Press Density Pxx Pyy c_eatoms 
       0   -10.152596            0          5.9          5.9   -2571.7385    2.8071313   -2571.7385   -2571.7385   -10.152596 
       1   -10.175558            1       5.8941       5.8941   -2543.8759    2.8155696   -2543.8759   -2543.8759   -10.175558 
       2   -10.198219            2       5.8882       5.8882   -2514.9588    2.8240417   -2514.9588   -2514.9588   -10.198219 
       3   -10.220572            3       5.8823       5.8823    -2484.963    2.8325479    -2484.963    -2484.963   -10.220572 
       4   -10.242607            4       5.8764       5.8764   -2453.8638    2.8410882   -2453.8638   -2453.8638   -10.242607 
       5   -10.264316            5       5.8705       5.8705   -2421.6359    2.8496629   -2421.6359   -2421.6359   -10.264316 
       6    -10.28569            6       5.8646       5.8646   -2388.2537    2.8582722   -2388.2537   -2388.2537    -10.28569 
       7    -10.30672            7       5.8587       5.8587   -2353.6907    2.8669161   -2353.6907   -2353.6907    -10.30672 
       8   -10.327396            8       5.8528       5.8528   -2317.9202     2.875595   -2317.9202   -2317.9202   -10.327396 
       9   -10.347709            9       5.8469       5.8469   -2280.9147    2.8843089   -2280.9147   -2280.9147   -10.347709 
      10    -10.36765           10        5.841        5.841   -2242.6463    2.8930581   -2242.6463   -2242.6463    -10.36765 
      11   -10.387208           11       5.8351       5.8351   -2203.0864    2.9018426   -2203.0864   -2203.0864   -10.387208 
      12   -10.406373           12       5.8292       5.8292   -2162.2058    2.9106628   -2162.2058   -2162.2058   -10.406373 
      13   -10.425135           13       5.8233       5.8233   -2119.9747    2.9195188   -2119.9747   -2119.9747   -10.425135 
      14   -10.443484           14       5.8174       5.8174   -2076.3628    2.9284107   -2076.3628   -2076.3628   -10.443484 
      15   -10.461409           15       5.8115       5.8115   -2031.3389    2.9373388   -2031.3389   -2031.3389   -10.461409 
      16     -10.4789           16       5.8056       5.8056   -1984.8714    2.9463032   -1984.8714   -1984.8714     -10.4789 
      17   -10.495944           17       5.7997       5.7997   -1936.9279    2.9553041   -1936.9279   -1936.9279   -10.495944 
      18   -10.512532           18       5.7938       5.7938   -1887.4754    2.9643418   -1887.4754   -1887.4754   -10.512532 
      19   -10.528651           19       5.7879       5.7879   -1836.4801    2.9734163   -1836.4801   -1836.4801   -10.528651 
      20    -10.54429           20        5.782        5.782   -1783.9076    2.9825278   -1783.9076   -1783.9076    -10.54429 
      21   -10.559437           21       5.7761       5.7761   -1729.7228    2.9916767   -1729.7228   -1729.7228   -10.559437 
      22   -10.574079           22       5.7702       5.7702   -1673.8897     3.000863   -1673.8897   -1673.8897   -10.574079 
      23   -10.588206           23       5.7643       5.7643   -1616.3716     3.010087   -1616.3716   -1616.3716   -10.588206 
      24   -10.601803           24       5.7584       5.7584   -1557.1312    3.0193488   -1557.1312   -1557.1312   -10.601803 
      25   -10.614858           25       5.7525       5.7525   -1496.1303    3.0286486   -1496.1303   -1496.1303   -10.614858 
      26   -10.627359           26       5.7466       5.7466   -1433.3297    3.0379867   -1433.3297   -1433.3297   -10.627359 
      27   -10.639291           27       5.7407       5.7407   -1368.6898    3.0473632   -1368.6898   -1368.6898   -10.639291 
      28   -10.650641           28       5.7348       5.7348   -1302.1698    3.0567783   -1302.1698   -1302.1698   -10.650641 
      29   -10.661396           29       5.7289       5.7289   -1233.7283    3.0662322   -1233.7283   -1233.7283   -10.661396 
      30   -10.671541           30        5.723        5.723   -1163.3228    3.0757252   -1163.3228   -1163.3228   -10.671541 
      31   -10.681062           31       5.7171       5.7171     -1090.91    3.0852574     -1090.91     -1090.91   -10.681062 
      32   -10.689945           32       5.7112       5.7112   -1016.4458     3.094829   -1016.4458   -1016.4458   -10.689945 
      33   -10.698174           33       5.7053       5.7053   -939.88511    3.1044403   -939.88511   -939.88511   -10.698174 
      34   -10.705734           34       5.6994       5.6994   -861.18177    3.1140914   -861.18177   -861.18177   -10.705734 
      35   -10.712611           35       5.6935       5.6935    -780.2888    3.1237825    -780.2888    -780.2888   -10.712611 
      36   -10.718787           36       5.6876       5.6876   -697.15818    3.1335139   -697.15818   -697.15818   -10.718787 
      37   -10.724248           37       5.6817       5.6817   -611.74089    3.1432858   -611.74089   -611.74089   -10.724248 
      38   -10.728977           38       5.6758       5.6758   -523.98686    3.1530984   -523.98686   -523.98686   -10.728977 
      39   -10.732957           39       5.6699       5.6699   -433.84499    3.1629518   -433.84499   -433.84499   -10.732957 
      40   -10.736172           40        5.664        5.664   -341.26309    3.1728463   -341.26309   -341.26309   -10.736172 
      41   -10.738604           41       5.6581       5.6581    -246.1879    3.1827821    -246.1879    -246.1879   -10.738604 
      42   -10.814161           42       5.6522       5.6522   -204.66338    3.1927595   -204.66338   -204.66338   -10.814161 
      43   -10.815438           43       5.6463       5.6463   -104.96646    3.2027786   -104.96646   -104.96646   -10.815438 
      44   -10.815882           44       5.6404       5.6404   -2.6151287    3.2128397   -2.6151287   -2.6151287   -10.815882 
      45   -10.815882           45    5.6401966    5.6401966   0.96183313    3.2131873   0.96183313   0.96183313   -10.815882 
      46   -10.815882           46    5.6401944    5.6401944   0.99986897     3.213191   0.99986897   0.99986897   -10.815882 
      47   -10.815882           47    5.6401944    5.6401944            1     3.213191            1            1   -10.815882 
      48   -10.815882           48    5.6401944    5.6401944            1     3.213191            1            1   -10.815882 
      49   -10.815882           49    5.6401944    5.6401944            1     3.213191            1            1   -10.815882 
Loop time of 0.00340581 on 1 procs for 49 steps with 4 atoms

88.1% CPU use with 1 MPI tasks x no OpenMP threads

Minimization stats:
  Stopping criterion = energy tolerance
  Energy initial, next-to-last, final = 
        -10.1525960378     -10.8162609917     -10.8162609917
  Force two-norm initial, final = 23.1179 1.31504e-14
  Force max component initial, final = 23.1179 8.84887e-15
  Final line search alpha, max atom move = 1 8.84887e-15
  Iterations, force evaluations = 49 54

MPI task timing breakdown:
Section |  min time  |  avg time  |  max time  |%varavg| %total
---------------------------------------------------------------
Pair    | 0.0010693  | 0.0010693  | 0.0010693  |   0.0 | 31.40
Neigh   | 0          | 0          | 0          |   0.0 |  0.00
Comm    | 0.00043845 | 0.00043845 | 0.00043845 |   0.0 | 12.87
Output  | 0.00070047 | 0.00070047 | 0.00070047 |   0.0 | 20.57
Modify  | 0          | 0          | 0          |   0.0 |  0.00
Other   |            | 0.001198   |            |       | 35.16

Nlocal:    4 ave 4 max 4 min
Histogram: 1 0 0 0 0 0 0 0 0 0
Nghost:    662 ave 662 max 662 min
Histogram: 1 0 0 0 0 0 0 0 0 0
Neighs:    448 ave 448 max 448 min
Histogram: 1 0 0 0 0 0 0 0 0 0

Total # of neighbors = 448
Ave neighs/atom = 112
Neighbor list builds = 0
Dangerous builds = 0



### Print variables and properties of interest ################################
variable   natoms equal "count(all)"
variable   teng equal "c_eatoms"
variable   length equal "lx"
variable   ecoh equal "v_teng/v_natoms"

print   "Total energy (eV) = ${teng};"
Total energy (eV) = -10.8158824748015;
print   "NUmber of atoms = ${natoms};"
NUmber of atoms = 4;
print   "Lattice constant (Angstroms) = ${length};"
Lattice constant (Angstroms) = 5.64019440682924;
print   "Cohesive energy (eV) = ${ecoh};"
Cohesive energy (eV) = -2.70397061870037;
Total wall time: 0:00:00
