\BOOKMARK [0][-]{chapter.1}{Three-dimensional atomistic system}{}% 1
\BOOKMARK [1][-]{section.1.1}{Constant temperature and molecular dynamics}{chapter.1}% 2
\BOOKMARK [2][-]{subsection.1.1.1}{Equilibriation}{section.1.1}% 3
\BOOKMARK [2][-]{subsection.1.1.2}{Stability comparison between Noose-Hoover and Berendsen}{section.1.1}% 4
\BOOKMARK [2][-]{subsection.1.1.3}{Dependece on the system-size}{section.1.1}% 5
\BOOKMARK [2][-]{subsection.1.1.4}{MCMC}{section.1.1}% 6
\BOOKMARK [1][-]{section.1.2}{Constant pressure/temperature molecular dynamics}{chapter.1}% 7
\BOOKMARK [2][-]{subsection.1.2.1}{Finding the equilibrium box sizes}{section.1.2}% 8
\BOOKMARK [2][-]{subsection.1.2.2}{Evaluation of CV}{section.1.2}% 9
\BOOKMARK [1][-]{section.1.3}{Phase transition of Krypton}{chapter.1}% 10
\BOOKMARK [2][-]{subsection.1.3.1}{Nose-Hoover dependency on system size}{section.1.3}% 11
\BOOKMARK [2][-]{subsection.1.3.2}{MCMC}{section.1.3}% 12
\BOOKMARK [1][-]{section.1.4}{Constant pressure/temperature thermostats}{chapter.1}% 13
\BOOKMARK [2][-]{subsection.1.4.1}{Equilibrium box size with NPT esemble}{section.1.4}% 14
\BOOKMARK [2][-]{subsection.1.4.2}{CValculation of specific heat capacity}{section.1.4}% 15
\BOOKMARK [1][-]{section.1.5}{Phase transition of Krypton}{chapter.1}% 16
\BOOKMARK [0][-]{chapter.2}{Two-dimensional tensile test}{}% 17
\BOOKMARK [1][-]{section.2.1}{Equilibriation}{chapter.2}% 18
\BOOKMARK [2][-]{subsection.2.1.1}{2.1.1}{section.2.1}% 19
\BOOKMARK [2][-]{subsection.2.1.2}{2.1.2}{section.2.1}% 20
\BOOKMARK [1][-]{section.2.2}{Tensile test}{chapter.2}% 21
