run 20000
Neighbor list info ...
  1 neighbor list requests
  update every 1 steps, delay 10 steps, check yes
  max neighbors/atom: 2000, page size: 100000
  master list distance cutoff = 14
  ghost atom cutoff = 14
  binsize = 7 -> bins = 7 7 7
Memory usage per processor = 3.64346 Mbytes
Step Time Lx Ly Lz Density Volume Press Pxx Pyy Pzz PotEng Temp PotEng KinEng TotEng 
       0            0         47.2         47.2         47.2    2.8071313    105154.05   -2505.4255   -2506.4913   -2505.4163   -2504.3688   -5198.1292           25   -5198.1292    152.54295   -5045.5862 
      50          500    45.310971    45.310971    45.310971    3.1730625    93027.233    24.329845    28.780285    17.654399    26.554852   -5426.1496    14.561877   -5426.1496    88.852469   -5337.2971 
     100         1000    45.359426    45.359426    45.359426    3.1629046    93325.997   -6.5665225   -2.0723651   -9.9202268   -7.7069755   -5407.5777    15.280169   -5407.5777    93.235286   -5314.3424 
     150         1500    45.359978    45.359978    45.359978     3.162789    93329.408    7.8514163    9.5975103    6.4842502    7.4724884   -5406.3886    19.174175   -5406.3886    116.99542   -5289.3932 
     200         2000    45.410051    45.410051    45.410051    3.1523379    93638.828   -0.9328268    10.594037   -9.9421139   -3.4504035   -5381.8388    19.721576   -5381.8388     120.3355   -5261.5033 
     250         2500     45.43816     45.43816     45.43816    3.1464913    93812.822   -1.6650311    1.8901185   -3.8877285   -2.9974834   -5368.2911    21.881962   -5368.2911    133.51756   -5234.7735 
     300         3000    45.447657    45.447657    45.447657    3.1445191    93871.658     5.110425    8.9170952      16.1724   -9.7582199   -5363.9331    25.119736   -5363.9331    153.27355   -5210.6595 
     350         3500    45.475996    45.475996    45.475996    3.1386441     94047.37    1.4259701    10.868756  -0.14170518    -6.449141   -5349.7283    25.608674   -5349.7283    156.25691   -5193.4714 
     400         4000     45.47228     45.47228     45.47228    3.1394136    94024.318    2.7058431     12.53204  -0.46432207   -3.9501891   -5353.3985     27.70735   -5353.3985    169.06244    -5184.336 
     450         4500    45.487386    45.487386    45.487386     3.136287    94118.053   0.06874749  -0.68315988   -7.6850417    8.5744441   -5343.4467    24.582565   -5343.4467    149.99588   -5193.4508 
     500         5000    45.468357    45.468357    45.468357    3.1402263    93999.984    2.0570754    6.7245912    -7.215857    6.6624919    -5352.671    24.325047    -5352.671    148.42458   -5204.2464 
     550         5500    45.454786    45.454786    45.454786    3.1430398    93915.841    1.9143225    1.9542714   -2.6112696    6.3999656    -5360.812    24.733909    -5360.812    150.91934   -5209.8926 
     600         6000    45.456181    45.456181    45.456181    3.1427504     93924.49  -0.41188534   -2.5094389   -2.1369344    3.4107173   -5360.7874    24.967009   -5360.7874    152.34165   -5208.4458 
     650         6500    45.456161    45.456161    45.456161    3.1427546    93924.365    2.7653775    2.3106315    6.8714144  -0.88591328   -5360.3714    25.832446   -5360.3714     157.6223   -5202.7491 
     700         7000    45.475993    45.475993    45.475993    3.1386447    94047.351   0.73891515   -4.8382031     11.65042   -4.5954716   -5349.8551    25.006896   -5349.8551    152.58503   -5197.2701 
     750         7500    45.486891    45.486891    45.486891    3.1363893    94114.983   -1.6440023    -2.204619    -10.73538    8.0079924     -5344.71    24.850283     -5344.71    151.62942   -5193.0805 
     800         8000    45.479129    45.479129    45.479129    3.1379955    94066.811    2.0097405    3.9704969     2.764559   -0.7058344   -5347.3732    24.792593   -5347.3732    151.27742   -5196.0958 
     850         8500    45.467059    45.467059    45.467059    3.1404953    93991.933    3.9622625    4.1228542    6.8901245   0.87380881   -5353.2449    24.510196   -5353.2449    149.55431   -5203.6905 
     900         9000    45.453136    45.453136    45.453136     3.143382    93905.615   0.92895272   -2.3527286    7.5321199   -2.3925331   -5362.5268    25.382639   -5362.5268    154.87771   -5207.6491 
     950         9500    45.460946    45.460946    45.460946    3.1417623    93954.029    -10.73018   -1.9454515   -7.9651092    -22.27998   -5361.1674    25.314948   -5361.1674    154.46468   -5206.7027 
    1000        10000    45.476093    45.476093    45.476093    3.1386241    94047.971   -11.520239    -16.78637   -12.406665   -5.3676829   -5352.6812    24.684437   -5352.6812    150.61748   -5202.0637 
    1050        10500    45.453234    45.453234    45.453234    3.1433617    93906.223    53.176141    45.856766    51.650427    62.021231   -5348.5636    24.828727   -5348.5636    151.49789   -5197.0657 
    1100        11000    45.419171    45.419171    45.419171    3.1504392     93695.26    116.29442    112.34179    115.35828    121.18318   -5351.6909    25.555989   -5351.6909    155.93544   -5195.7554 
    1150        11500    45.476017    45.476017    45.476017    3.1386397    94047.501     -13.1045   -2.8973087   -7.7944708   -28.621719   -5354.0946    25.580887   -5354.0946    156.08737   -5198.0073 
    1200        12000     45.49292     45.49292     45.49292    3.1351426    94152.408   -53.706611    -50.70615    -56.34852   -54.065162   -5354.4331    24.895015   -5354.4331    151.90237   -5202.5308 
    1250        12500    45.468667    45.468667    45.468667    3.1401621    94001.907   -14.102781   -12.978972   -13.066651   -16.262721   -5357.7112    24.776053   -5357.7112    151.17649   -5206.5347 
    1300        13000    45.458883    45.458883    45.458883    3.1421901    93941.238    9.0913891 -0.046122992    12.879318    14.440972   -5357.4257    24.777195   -5357.4257    151.18346   -5206.2422 
    1350        13500    45.471496    45.471496    45.471496     3.139576    94019.454    8.4860479    8.4094417   -2.0981211    19.146823   -5349.6124    24.224284   -5349.6124    147.80975   -5201.8026 
    1400        14000    45.480492    45.480492    45.480492    3.1377133    94075.269   0.52650302    -3.690411   -11.915801    17.185721   -5347.1617     24.64513   -5347.1617    150.37764   -5196.7841 
    1450        14500    45.485622    45.485622    45.485622    3.1366519    94107.104   -6.6392236   -6.1039121   -10.897032   -2.9167269   -5346.2848    24.755432   -5346.2848    151.05067   -5195.2342 
    1500        15000    45.470987    45.470987    45.470987    3.1396815    94016.294   -3.5115987     2.567949   -2.3526368   -10.750108    -5354.141    25.493575    -5354.141    155.55461   -5198.5864 
    1550        15500    45.461315    45.461315    45.461315    3.1416857    93956.318    3.7482567    5.4355993   -6.2514206    12.060591   -5357.2063    25.069174   -5357.2063    152.96503   -5204.2413 
    1600        16000    45.459394    45.459394    45.459394    3.1420841    93944.406     8.553474    2.6713771    10.620169    12.368876   -5356.6264     24.60361   -5356.6264     150.1243   -5206.5021 
    1650        16500    45.464895    45.464895    45.464895    3.1409437    93978.515    4.0177756    4.4967284    2.6022998    4.9542986   -5354.8227    24.564426   -5354.8227     149.8852   -5204.9375 
    1700        17000    45.479221    45.479221    45.479221    3.1379764    94067.381   -10.031606   -5.1094869   -22.572582    -2.412749   -5350.5128    24.700761   -5350.5128    150.71708   -5199.7958 
    1750        17500    45.486569    45.486569    45.486569    3.1364559    94112.984   -13.827881   -17.160643   -8.1015739   -16.221425   -5347.8098     24.95715   -5347.8098    152.28149   -5195.5283 
    1800        18000    45.464963    45.464963    45.464963    3.1409295    93978.939    13.773175    6.0746239    16.459835    18.785066   -5353.0256    25.708283   -5353.0256     156.8647   -5196.1609 
    1850        18500    45.446835    45.446835    45.446835    3.1446897    93866.566    54.326276    45.516631    47.752178     69.71002   -5352.0214    24.639393   -5352.0214    150.34263   -5201.6788 
    1900        19000    45.444321    45.444321    45.444321    3.1452117    93850.988    38.520214    35.267903    32.569305    47.723434   -5357.5752    24.894802   -5357.5752    151.90106   -5205.6742 
    1950        19500    45.501712    45.501712    45.501712    3.1333255     94207.01   -76.608699   -91.854018   -68.401356   -69.570725   -5355.2873    24.438265   -5355.2873    149.11541   -5206.1719 
    2000        20000    45.502241    45.502241    45.502241    3.1332163    94210.292   -73.697612   -88.062883   -66.815021   -66.214932   -5354.7693    24.977395   -5354.7693    152.40503   -5202.3643 
    2050        20500       45.466       45.466       45.466    3.1407147    93985.366    6.8740533   -3.5223747    18.208904    5.9356307   -5354.3394    25.648223   -5354.3394    156.49823   -5197.8411 
    2100        21000    45.465245    45.465245    45.465245    3.1408712    93980.684    25.084585    16.062412    23.850505    35.340838   -5349.9553     25.39499   -5349.9553    154.95307   -5195.0023 
    2150        21500    45.471597    45.471597    45.471597    3.1395552    94020.078    10.535568    5.2963475    16.608097    9.7022598   -5349.8474      24.8152   -5349.8474    151.41536   -5198.4321 
    2200        22000    45.476085    45.476085    45.476085    3.1386258     94047.92   -7.3795464   -9.1530332   -8.6443457   -4.3412603   -5351.3805    24.223997   -5351.3805      147.808   -5203.5725 
    2250        22500    45.467395    45.467395    45.467395    3.1404256    93994.019    -8.463489   -18.832066  -0.92220238   -5.6361989   -5356.6031    24.802048   -5356.6031    151.33511    -5205.268 
    2300        23000    45.473182    45.473182    45.473182    3.1392268    94029.914   -1.5292055   -7.1886054    3.7178046   -1.1168156   -5351.2564    24.016361   -5351.2564    146.54107   -5204.7154 
    2350        23500    45.466455    45.466455    45.466455    3.1406203    93988.191    9.8352107   0.73826823    20.771665    7.9956984   -5352.8872    25.092409   -5352.8872    153.10681   -5199.7804 
    2400        24000    45.472193    45.472193    45.472193    3.1394317    94023.776    6.1082358   -4.8665383    3.0045631    20.186683    -5351.093    25.349785    -5351.093    154.67724   -5196.4158 
    2450        24500    45.475587    45.475587    45.475587    3.1387287    94044.834   -5.6720464   -3.3057469   -14.787344    1.0769518   -5352.0657    25.313025   -5352.0657    154.45294   -5197.6128 
    2500        25000    45.475417    45.475417    45.475417    3.1387639     94043.78   -18.440618    -29.55478   -14.276743   -11.490331   -5354.8632    24.468121   -5354.8632    149.29758   -5205.5656 
    2550        25500    45.464256    45.464256    45.464256    3.1410761    93974.553   -4.1316584   -11.007444    -1.087666  -0.29986499    -5357.245    24.557812    -5357.245    149.84485   -5207.4001 
    2600        26000    45.441243    45.441243    45.441243    3.1458509    93831.919    45.157508    50.324197    47.198943    37.949383   -5357.3692    25.121528   -5357.3692    153.28448   -5204.0847 
    2650        26500    45.438689    45.438689    45.438689    3.1463813    93816.101    65.823657    74.451807    72.916957    50.102205   -5353.4594    25.033218   -5353.4594    152.74564   -5200.7138 
    2700        27000    45.483065    45.483065    45.483065    3.1371809    94091.236   -31.291776   -33.679872   -20.643736    -39.55172   -5354.8912    26.001001   -5354.8912    158.65078   -5196.2404 
    2750        27500    45.517078    45.517078    45.517078    3.1301533    94302.482   -85.226192   -91.216371    -88.18075   -76.281456   -5349.8404     25.01944   -5349.8404    152.66157   -5197.1788 
    2800        28000    45.476615    45.476615    45.476615    3.1385159    94051.213   -19.500162   -20.692898   -6.6873385    -31.12025   -5354.6049    25.043545   -5354.6049    152.80865   -5201.7963 
    2850        28500    45.450493    45.450493    45.450493    3.1439305    93889.232    25.887878    28.512885     34.14561     15.00514   -5357.2269    25.064093   -5357.2269    152.93403   -5204.2929 
    2900        29000    45.450766    45.450766    45.450766    3.1438738    93890.926    21.167448     11.92668    29.857169    21.718497   -5358.2441    25.319581   -5358.2441    154.49295   -5203.7512 
    2950        29500    45.472081    45.472081    45.472081    3.1394549    94023.083   0.77150186   -9.2567854    12.714023   -1.1427316   -5351.7136    24.505512   -5351.7136    149.52573   -5202.1879 
    3000        30000    45.480834    45.480834    45.480834    3.1376427    94077.388   -11.678312   -19.109432    1.1713582   -17.096863   -5350.1946    24.941784   -5350.1946    152.18774   -5198.0069 
    3050        30500     45.48052     45.48052     45.48052    3.1377076    94075.441   -8.1710178   -26.226809   -1.7878384    3.5015938   -5349.7792    25.241639   -5349.7792    154.01737   -5195.7618 
    3100        31000     45.47909     45.47909     45.47909    3.1380036    94066.566    1.4494041   -9.3555891    10.573466     3.130336   -5347.3344    24.132391   -5347.3344    147.24905   -5200.0853 
    3150        31500    45.457923    45.457923    45.457923     3.142389    93935.289    13.765063    10.769088    15.689231    14.836869   -5355.9182    24.523721   -5355.9182    149.63683   -5206.2814 
    3200        32000    45.455206    45.455206    45.455206    3.1429527    93918.442     6.120235    3.3727962    3.4280145    11.559894   -5359.7008    25.262794   -5359.7008    154.14645   -5205.5544 
    3250        32500    45.480474    45.480474    45.480474     3.137717    94075.158   -20.369129   -28.077974   -11.355326   -21.674087   -5352.6103     24.63022   -5352.6103    150.28666   -5202.3236 
    3300        33000    45.485418    45.485418    45.485418    3.1366941    94105.837   -29.341026   -36.661349    -29.01142   -22.350309   -5352.7055    25.284831   -5352.7055    154.28092   -5198.4246 
    3350        33500    45.461341    45.461341    45.461341    3.1416804    93956.478    16.614256    17.918453    14.402329    17.521987   -5354.1288    25.490319   -5354.1288    155.53474   -5198.5941 
    3400        34000    45.427009    45.427009    45.427009    3.1488089    93743.771    86.225833    73.121252    93.700177     91.85607    -5354.571    25.267773    -5354.571    154.17683   -5200.3942 
    3450        34500    45.443537    45.443537    45.443537    3.1453745    93846.131    47.096158    42.020424    45.791773    53.476276   -5355.6553    25.108727   -5355.6553    153.20637   -5202.4489 
    3500        35000    45.488802    45.488802    45.488802    3.1359941    94126.842   -47.067914   -55.407019   -44.311725   -41.484999   -5355.0178    25.003589   -5355.0178    152.56485    -5202.453 
    3550        35500    45.491519    45.491519    45.491519    3.1354323    94143.709   -44.784904   -43.016032   -40.097669   -51.241011   -5353.2805    25.215352   -5353.2805    153.85697   -5199.4235 
    3600        36000    45.483112    45.483112    45.483112    3.1371711    94091.528   -2.1127849    -1.949815   -5.4234114    1.0348716   -5347.0436    25.244833   -5347.0436    154.03685   -5193.0067 
    3650        36500    45.462286    45.462286    45.462286    3.1414846    93962.334    21.508025    35.564513    21.097525    7.8620369   -5353.0196    26.349894   -5353.0196    160.77963     -5192.24 
    3700        37000    45.463169    45.463169    45.463169    3.1413014    93967.814     13.45117    6.5064697    25.318957    8.5280819    -5353.826    25.512799    -5353.826    155.67191   -5198.1541 
    3750        37500    45.466607    45.466607    45.466607    3.1405889    93989.131   -2.5362145   -3.9858475    6.9137904   -10.536587   -5356.0844    25.510759   -5356.0844    155.65946   -5200.4249 
    3800        38000      45.4708      45.4708      45.4708    3.1397203    94015.135   -11.071939     -4.72412   -14.798659   -13.693039   -5355.8659    25.124343   -5355.8659    153.30166   -5202.5643 
    3850        38500    45.468083    45.468083    45.468083    3.1402831    93998.286   -2.4843217    2.2559112   -5.3159869   -4.3928895    -5354.487    24.643457    -5354.487    150.36743   -5204.1196 
    3900        39000    45.462543    45.462543    45.462543    3.1414313    93963.929    13.846971    26.996651    7.7825541    6.7617081   -5353.4164    24.677391   -5353.4164    150.57448   -5202.8419 
    3950        39500     45.46445     45.46445     45.46445    3.1410359    93975.757    18.949973    31.645504    15.910714    9.2937025   -5351.0541    25.059085   -5351.0541    152.90348   -5198.1506 
    4000        40000    45.476572    45.476572    45.476572    3.1385248    94050.946   -5.4946399   -4.6438682    4.0321251   -15.872177   -5351.5893    25.829818   -5351.5893    157.60627    -5193.983 
    4050        40500    45.494205    45.494205    45.494205     3.134877    94160.386   -45.333421   -49.957119   -39.490823    -46.55232   -5351.7483    25.372262   -5351.7483    154.81439   -5196.9339 
    4100        41000     45.48497     45.48497     45.48497    3.1367867    94103.058   -33.382346   -15.189406   -47.401292   -37.556341   -5353.2299    24.518736   -5353.2299    149.60642   -5203.6235 
    4150        41500    45.434854    45.434854    45.434854     3.147178    93792.351    65.667281    74.692588     57.56236    64.746895      -5355.3    24.733262      -5355.3    150.91539   -5204.3846 
    4200        42000     45.42309     45.42309     45.42309    3.1496239    93719.516    84.889947     88.41257    80.147123    86.110147   -5357.4173    25.589454   -5357.4173    156.13964   -5201.2777 
    4250        42500    45.474313    45.474313    45.474313    3.1389925    94036.931    -1.104376    2.4331249   -9.8934364    4.1471835   -5351.0551    25.060946   -5351.0551    152.91483   -5198.1403 
    4300        43000    45.494547    45.494547    45.494547    3.1348062    94162.513   -37.368736   -37.837775   -33.690082    -40.57835   -5349.6815    25.498084   -5349.6815    155.58212   -5194.0994 
    4350        43500    45.486473    45.486473    45.486473    3.1364759    94112.385   -15.897267   -6.0038626   -19.369689   -22.318249    -5348.513    25.382599    -5348.513    154.87747   -5193.6355 
    4400        44000    45.464899    45.464899    45.464899    3.1409428    93978.541    11.347232    19.845544    2.1969731    11.999181   -5352.8157    24.832174   -5352.8157    151.51893   -5201.2968 
    4450        44500    45.461863    45.461863    45.461863    3.1415722    93959.714    14.236947    23.834256    12.910519    5.9660668    -5353.729     24.52335    -5353.729    149.63457   -5204.0945 
    4500        45000     45.46882     45.46882     45.46882    3.1401304    94002.857    2.4104431    3.0928236   -2.6100253    6.7485309    -5352.565    24.386644    -5352.565    148.80043   -5203.7646 
    4550        45500    45.474486    45.474486    45.474486    3.1389567    94038.004   -9.5219554   -6.0210861   -13.500678   -9.0441021   -5353.4329    25.280926   -5353.4329    154.25708   -5199.1758 
    4600        46000     45.48511     45.48511     45.48511    3.1367577     94103.93   -11.188038   -7.7090303   -20.327761   -5.5273224   -5347.8442    25.302094   -5347.8442    154.38625   -5193.4579 
    4650        46500    45.470636    45.470636    45.470636    3.1397542    94014.119    9.2535446    8.4096492    3.8742811    15.476703   -5351.1429    25.668798   -5351.1429    156.62377   -5194.5191 
    4700        47000    45.451553    45.451553    45.451553    3.1437106      93895.8    28.444249    34.087405    21.578424    29.666917   -5355.7903    24.990782   -5355.7903    152.48671   -5203.3036 
    4750        47500    45.452291    45.452291    45.452291    3.1435574    93900.376    18.296237     18.24684    19.789709    16.852163   -5357.8891    25.208061   -5357.8891    153.81248   -5204.0766 
    4800        48000    45.485954    45.485954    45.485954    3.1365832    94109.164    -40.69865   -41.025138   -39.764685   -41.306127   -5354.8548    25.060294   -5354.8548    152.91085   -5201.9439 
    4850        48500    45.510882    45.510882    45.510882     3.131432    94263.974   -77.281496   -81.941903   -80.966579   -68.936005   -5350.8912    25.103345   -5350.8912    153.17353   -5197.7177 
    4900        49000    45.479161    45.479161    45.479161    3.1379888     94067.01    2.7254043  0.087384959    4.9189102    3.1699177   -5347.3169    24.738336   -5347.3169    150.94636   -5196.3706 
    4950        49500    45.442415    45.442415    45.442415    3.1456074    93839.181    69.790262    86.455695    60.841885    62.073205   -5350.3319    24.892206   -5350.3319    151.88523   -5198.4467 
    5000        50000    45.443384    45.443384    45.443384    3.1454062    93845.185    31.395416    30.355269    30.345839     33.48514   -5359.6834     25.29025   -5359.6834    154.31398   -5205.3694 
    5050        50500    45.475387    45.475387    45.475387    3.1387701    94043.595   -18.649799   -28.026676   -12.798214   -15.124507   -5354.2075    24.089344   -5354.2075    146.98639   -5207.2211 
    5100        51000    45.476441    45.476441    45.476441    3.1385519    94050.133   -19.695545   -24.757307   -24.614432    -9.714895   -5354.3692    24.755885   -5354.3692    151.05344   -5203.3157 
    5150        51500    45.469979    45.469979    45.469979    3.1398903    94010.043  -0.81281162   -4.3890124    -7.445516    9.3960935   -5353.4594    25.213568   -5353.4594    153.84609   -5199.6134 
    5200        52000    45.465979    45.465979    45.465979     3.140719    93985.237    13.600864    21.486507    5.4921719    13.823914   -5352.0854     24.86683   -5352.0854    151.73039    -5200.355 
    5250        52500    45.464563    45.464563    45.464563    3.1410124    93976.458    11.691526    16.144921    2.3734996    16.556156   -5353.4653      25.1515   -5353.4653    153.46736    -5199.998 
    5300        53000    45.484284    45.484284    45.484284    3.1369287    94098.799   -12.001684   -4.7181329   -25.079811   -6.2071067   -5347.7489    23.743859   -5347.7489    144.87833   -5202.8706 
    5350        53500    45.464932    45.464932    45.464932     3.140936    93978.746   -16.345568   -15.015689   -23.194256    -10.82676   -5359.2694    24.452699   -5359.2694    149.20348   -5210.0659 
    5400        54000    45.459018    45.459018    45.459018     3.142162    93942.078   -5.2023474   -7.9436722   -3.1802374   -4.4831327   -5360.3472    24.942717   -5360.3472    152.19343   -5208.1537 
    5450        54500    45.450794    45.450794    45.450794    3.1438681    93891.098    29.046334    31.734096    18.900458    36.504448   -5355.9541    24.888064   -5355.9541    151.85995   -5204.0941 
    5500        55000    45.451257    45.451257    45.451257     3.143772    93893.968     47.68161    46.656669    41.247344    55.140817   -5350.8368     24.39993   -5350.8368     148.8815   -5201.9553 
    5550        55500    45.475161    45.475161    45.475161    3.1388169    94042.192   -11.447927   -14.741071   -13.125439   -6.4772719   -5353.5779    25.422887   -5353.5779    155.12329   -5198.4546 
    5600        56000    45.517452    45.517452    45.517452    3.1300761    94304.807   -87.849671    -86.74391   -96.718332   -80.086773   -5349.8058    24.775484   -5349.8058    151.17302   -5198.6328 
    5650        56500     45.48576     45.48576     45.48576    3.1366233    94107.962   -42.726972   -40.719572   -53.064597   -34.396747   -5355.2851    24.425875   -5355.2851     149.0398   -5206.2453 
    5700        57000    45.447224    45.447224    45.447224    3.1446089    93868.978    31.092346    26.138163    29.551095    37.587779   -5356.8982    24.047341   -5356.8982     146.7301   -5210.1681 
    5750        57500    45.442089    45.442089    45.442089    3.1456751    93837.163    38.532805    38.783539    24.757419    52.057456   -5358.2206     24.92961   -5358.2206    152.11346   -5206.1072 
    5800        58000    45.462674    45.462674    45.462674    3.1414041    93964.742    7.0326648    3.7183556  -0.74017627    18.119815   -5355.4823    25.106961   -5355.4823     153.1956   -5202.2867 
    5850        58500    45.473277    45.473277    45.473277    3.1392071    94030.504   -16.509229   -16.979667   -26.033608   -6.5144131   -5355.9903    25.430301   -5355.9903    155.16853   -5200.8218 
    5900        59000    45.479764    45.479764    45.479764     3.137864    94070.753   -14.470854   -7.2260393   -36.006403  -0.18011875   -5351.5248    24.815696   -5351.5248    151.41838   -5200.1064 
    5950        59500    45.474858    45.474858    45.474858    3.1388798    94040.308    1.9964636   -9.1526327    6.9286542    8.2133694   -5349.9321    24.980051   -5349.9321    152.42123   -5197.5109 
    6000        60000    45.463554    45.463554    45.463554    3.1412217    93970.198    22.123937    23.483288    10.550818    32.337704   -5351.7386    25.647111   -5351.7386    156.49144   -5195.2472 
    6050        60500    45.473009    45.473009    45.473009    3.1392627    94028.838    10.331046    6.0508279  -0.47649918     25.41881   -5348.8968    25.031119   -5348.8968    152.73283    -5196.164 
    6100        61000    45.474194    45.474194    45.474194    3.1390172    94036.192    -17.88093    -25.66932   -11.057293   -16.916176   -5355.5917     25.22339   -5355.5917    153.90601   -5201.6857 
    6150        61500    45.484726    45.484726    45.484726    3.1368372    94101.543   -36.945987   -41.996175   -39.762663   -29.079124   -5354.0385    24.328571   -5354.0385    148.44608   -5205.5925 
    6200        62000    45.465035    45.465035    45.465035    3.1409148    93979.381    -1.452296   -9.3420435   -11.149793    16.134949   -5356.0378    24.860898   -5356.0378    151.69419   -5204.3436 
    6250        62500    45.440727    45.440727    45.440727    3.1459579    93828.726    68.100761    53.100077    75.929521    75.272684   -5351.5399    24.625519   -5351.5399    150.25798   -5201.2819 
    6300        63000    45.449307    45.449307    45.449307    3.1441766    93881.886    60.441317    50.221553     67.60048     63.50192   -5349.1414    24.935079   -5349.1414    152.14683   -5196.9946 
    6350        63500    45.482518    45.482518    45.482518    3.1372941    94087.841    -24.59024   -36.499158   -24.653269   -12.618292   -5353.1496    25.749744   -5353.1496    157.11768   -5196.0319 
    6400        64000    45.503254    45.503254    45.503254    3.1330071    94216.584   -56.056687   -49.479533   -66.317478   -52.373051   -5349.7668    24.963835   -5349.7668    152.32228   -5197.4445 
    6450        64500    45.474018    45.474018    45.474018    3.1390537      94035.1   -12.562038   -18.776712   -15.560022   -3.3493799    -5354.445    25.143776    -5354.445    153.42023   -5201.0248 
    6500        65000    45.452918    45.452918    45.452918    3.1434274    93904.261    24.421693    8.3443469    23.540883     41.37985   -5356.3367    24.867389   -5356.3367     151.7338   -5204.6029 
    6550        65500    45.451037    45.451037    45.451037    3.1438175    93892.608    21.348065    14.821656    25.601362    23.621177   -5358.3876    25.356251   -5358.3876    154.71669   -5203.6709 
    6600        66000    45.474539    45.474539    45.474539    3.1389458     94038.33   -2.1209534   -3.6490994   -0.6529853   -2.0607755   -5351.1316    24.979303   -5351.1316    152.41667   -5198.7149 
    6650        66500    45.488656    45.488656    45.488656    3.1360242    94125.941   -18.773787   -28.102781   -26.326289   -1.8922926   -5348.2419    25.344765   -5348.2419    154.64661   -5193.5953 
    6700        67000    45.483066    45.483066    45.483066    3.1371808    94091.239   -12.695616    -23.73172   -16.254273    1.8991447   -5349.4651    25.192069   -5349.4651     153.7149   -5195.7502 
    6750        67500    45.463383    45.463383    45.463383     3.141257    93969.142     14.68682    13.156784    16.918901    13.984775    -5352.931    24.786238    -5352.931    151.23864   -5201.6923 
    6800        68000    45.454621    45.454621    45.454621    3.1430741    93914.816    31.934673     18.63167    43.474539    33.697811   -5353.0856    24.545488   -5353.0856    149.76965   -5203.3159 
    6850        68500    45.462624    45.462624    45.462624    3.1414144    93964.432    8.5064849   -3.4268635  0.076294695    28.870023   -5355.4049    25.084264   -5355.4049    153.05711   -5202.3478 
    6900        69000    45.500141    45.500141    45.500141      3.13365    94197.253   -55.674694   -62.147717   -62.062498   -42.813868   -5351.3354    24.820934   -5351.3354    151.45034    -5199.885 
    6950        69500    45.508052    45.508052    45.508052    3.1320161    94246.394   -60.797504   -59.560236   -59.211413   -63.620863   -5348.0798    25.010493   -5348.0798    152.60698   -5195.4728 
    7000        70000    45.460692    45.460692    45.460692    3.1418149    93952.456    27.300303     11.33101    37.789427    32.780473   -5352.0421    25.755896   -5352.0421    157.15522   -5194.8869 
    7050        70500    45.448242    45.448242    45.448242    3.1443976    93875.285    61.537982    51.680177    68.019547     64.91422    -5348.531    24.092253    -5348.531    147.00414   -5201.5268 
    7100        71000    45.457583    45.457583    45.457583    3.1424596    93933.181    19.208087    18.502779    16.546277    22.575205    -5354.561    24.509013    -5354.561    149.54709   -5205.0139 
    7150        71500    45.477443    45.477443    45.477443    3.1383446    94056.346   -24.052539   -20.420959   -27.622084   -24.114573    -5355.123    24.611166    -5355.123     150.1704   -5204.9526 
    7200        72000    45.475675    45.475675    45.475675    3.1387106    94045.378   -22.695177   -29.741026   -25.267657   -13.076848   -5356.5003    25.628453   -5356.5003     156.3776   -5200.1227 
    7250        72500    45.480082    45.480082    45.480082    3.1377983    94072.722   0.12695786    7.4554906   -3.1576836   -3.9169334   -5347.6464    24.833792   -5347.6464     151.5288   -5196.1176 
    7300        73000    45.465337    45.465337    45.465337     3.140852    93981.259    19.298836    25.958126    18.523207    13.415175   -5351.3443    25.390459   -5351.3443    154.92543   -5196.4189 
    7350        73500    45.459476    45.459476    45.459476    3.1420672    93944.912    17.773837    29.090971    3.9843971    20.246144   -5354.7344    25.586773   -5354.7344    156.12328   -5198.6111 
    7400        74000    45.471129    45.471129    45.471129     3.139652    94017.178   -7.4144805    0.2314735   -14.983949   -7.4909657   -5354.5069    25.121999   -5354.5069    153.28736   -5201.2195 
    7450        74500    45.486075    45.486075    45.486075    3.1365582    94109.915   -31.895166   -26.098389   -33.104443   -36.482665   -5351.9562     24.39028   -5351.9562    148.82262   -5203.1336 
    7500        75000    45.471908    45.471908    45.471908    3.1394907    94022.009   -14.288024   -11.281144   -17.522678    -14.06025   -5355.7126    24.944568   -5355.7126    152.20472   -5203.5078 
    7550        75500    45.450059    45.450059    45.450059    3.1440206    93886.543    40.533546    44.970075    27.810025    48.820537   -5353.7781     25.46818   -5353.7781    155.39966   -5198.3784 
    7600        76000    45.436802    45.436802    45.436802    3.1467733    93804.414    69.471653    75.708714    75.897959    56.808286   -5354.3277    26.026249   -5354.3277    158.80484   -5195.5228 
    7650        76500    45.473231    45.473231    45.473231    3.1392167    94030.217   -2.2237322   -1.2804776    -8.135461    2.7447419   -5352.4401    25.138584   -5352.4401    153.38856   -5199.0515 
    7700        77000    45.504243    45.504243    45.504243    3.1328027    94222.732   -69.099968   -69.141881   -67.189544   -70.968478   -5352.0122    24.625347   -5352.0122    150.25693   -5201.7552 
    7750        77500    45.484911    45.484911    45.484911    3.1367989    94102.693   -35.544007   -40.815426   -35.016354    -30.80024   -5353.9052    24.660744   -5353.9052    150.47291   -5203.4323 
    7800        78000    45.448778    45.448778    45.448778    3.1442865    93878.604    22.269233    21.476138     21.08663    24.244931   -5359.3155    25.733769   -5359.3155    157.02021   -5202.2953 
    7850        78500      45.4685      45.4685      45.4685    3.1401967    94000.872    29.640391    16.726681    29.954091      42.2404   -5346.5945    25.083685   -5346.5945    153.05358    -5193.541 
    7900        79000    45.475666    45.475666    45.475666    3.1387125    94045.322    4.3519361     1.616071       7.2936    4.1461372   -5349.9284    25.822103   -5349.9284     157.5592   -5192.3692 
    7950        79500    45.476518    45.476518    45.476518    3.1385361    94050.607   -15.220345   -14.193168   -16.252148   -15.215718   -5353.8694    25.491675   -5353.8694    155.54302   -5198.3264 
    8000        80000    45.479348    45.479348    45.479348    3.1379501     94068.17   -15.335787    -21.37567   -25.493422   0.86173134   -5351.5067    24.554911   -5351.5067    149.82715   -5201.6795 
    8050        80500    45.459762    45.459762    45.459762    3.1420077     93946.69    8.5427048 -0.015509457    9.2884894    16.355134    -5356.344    25.090372    -5356.344    153.09438   -5203.2497 
    8100        81000    45.453561    45.453561    45.453561    3.1432939    93908.248     23.96664    13.701241    35.213093    22.985586   -5355.7305    24.916842   -5355.7305    152.03554    -5203.695 
    8150        81500    45.459861    45.459861    45.459861    3.1419873    93947.301    16.188393    4.4333824    17.261146     26.87065   -5354.2677    25.047901   -5354.2677    152.83523   -5201.4325 
    8200        82000    45.491693    45.491693    45.491693    3.1353963     94144.79   -33.398422   -26.301756   -41.487184   -32.406327   -5350.1626    25.361824   -5350.1626     154.7507   -5195.4119 
    8250        82500    45.504743    45.504743    45.504743    3.1326994    94225.838   -53.989979   -61.233867    -43.94248    -56.79359   -5348.5552    25.009486   -5348.5552    152.60084   -5195.9543 
    8300        83000    45.460617    45.460617    45.460617    3.1418306    93951.986    8.4187626    12.120084    13.187816 -0.051611795   -5356.3947    25.218055   -5356.3947    153.87346   -5202.5212 
    8350        83500    45.420698    45.420698    45.420698    3.1501215     93704.71    80.354645    76.212901    77.722349    87.128684   -5359.5321    25.131116   -5359.5321    153.34298   -5206.1891 
    8400        84000    45.447266    45.447266    45.447266    3.1446003    93869.234    40.444508    32.739091    54.168878    34.425555   -5354.8207    24.559952   -5354.8207    149.85791   -5204.9628 
    8450        84500    45.475915    45.475915    45.475915    3.1386608    94046.869   -24.799763   -30.054785   -18.245824   -26.098681   -5356.4543    25.390312   -5356.4543    154.92453   -5201.5298 
    8500        85000    45.486807    45.486807    45.486807    3.1364067    94114.461   -35.162085   -30.777306   -34.484379   -40.224571   -5353.0586    25.045117   -5353.0586    152.81825   -5200.2404 
    8550        85500    45.466817    45.466817    45.466817    3.1405454    93990.433   -2.8363639    3.0636556  -0.10794762     -11.4648   -5356.0837    25.757016   -5356.0837    157.16205   -5198.9217 
    8600        86000    45.468522    45.468522    45.468522    3.1401922    94001.006    21.609835     12.55097    38.713207    13.565329   -5348.6616    25.308558   -5348.6616    154.42569   -5194.2359 
    8650        86500    45.469374    45.469374    45.469374    3.1400155    94006.294    19.726117    14.410975    23.031249    21.736129   -5349.0441     25.82822   -5349.0441    157.59652   -5191.4476 
    8700        87000    45.476542    45.476542    45.476542     3.138531     94050.76   -4.3079251   -11.318723    2.0806067   -3.6856594    -5351.006    25.142325    -5351.006    153.41138   -5197.5946 
    8750        87500    45.483909    45.483909    45.483909    3.1370062    94096.474   -23.474457   -17.592063   -22.777468   -30.053841    -5351.453    24.632428    -5351.453    150.30014   -5201.1529 
    8800        88000    45.471182    45.471182    45.471182     3.139641    94017.508   -10.069337   -5.8198949     -12.5285   -11.859616   -5355.1967    24.999155   -5355.1967     152.5378   -5202.6589 
    8850        88500    45.452095    45.452095    45.452095    3.1435981     93899.16    27.797251     43.72172    25.529524     14.14051   -5355.6053     24.63426   -5355.6053    150.31131    -5205.294 
    8900        89000    45.443884    45.443884    45.443884    3.1453023    93848.283    46.467974    54.127885    46.709162    38.566875   -5355.5097    24.854464   -5355.5097    151.65494   -5203.8547 
    8950        89500    45.476292    45.476292    45.476292    3.1385829    94049.206   -3.0866604    4.4143133   -1.6326973   -12.041597   -5350.7998    25.129145   -5350.7998    153.33096   -5197.4688 
    9000        90000    45.514803    45.514803    45.514803    3.1306227    94288.342   -72.103379   -63.089035   -66.953649   -86.267453   -5347.4574    25.252621   -5347.4574    154.08438   -5193.3731 
    9050        90500    45.495249    45.495249    45.495249    3.1346611    94166.869   -47.336561   -51.986087   -44.499365   -45.524231   -5352.1588    25.553505   -5352.1588    155.92029   -5196.2385 
    9100        91000    45.448429    45.448429    45.448429    3.1443588    93876.445    33.161848    29.917841    26.306696    43.261009   -5356.4609    25.071883   -5356.4609    152.98156   -5203.4793 
    9150        91500    45.442623    45.442623    45.442623    3.1455643    93840.467    45.594666    44.097188    46.299618    46.387192   -5356.2297    24.812382   -5356.2297    151.39816   -5204.8315 
    9200        92000    45.465835    45.465835    45.465835    3.1407488    93984.346    5.6343845    12.772939    10.553575    -6.423361   -5353.8925    24.815455   -5353.8925    151.41692   -5202.4756 
    9250        92500      45.4916      45.4916      45.4916    3.1354154    94144.216   -25.491124   -25.326308   -20.402919   -30.744146   -5347.6387    24.462258   -5347.6387     149.2618   -5198.3769 
    9300        93000    45.482956    45.482956    45.482956    3.1372034     94090.56    -15.13408   -14.084949   -16.382746   -14.934543   -5350.7189    25.778389   -5350.7189    157.29246   -5193.4265 
    9350        93500    45.473888    45.473888    45.473888    3.1390805    94034.295    10.237884    12.887974    7.3735655    10.452111   -5349.1599    25.854215   -5349.1599    157.75513   -5191.4048 
    9400        94000    45.458142    45.458142    45.458142    3.1423436    93936.648    21.590915    30.101048    30.825775    3.8459228   -5353.9465    25.279314   -5353.9465    154.24725   -5199.6992 
    9450        94500    45.465253    45.465253    45.465253    3.1408696    93980.732    6.7103885    -1.697045      26.0456   -4.2173899   -5353.7182    24.458633   -5353.7182    149.23969   -5204.4785 
    9500        95000    45.479009    45.479009    45.479009    3.1380202    94066.068   -28.029675   -25.258371   -31.481909   -27.348744   -5355.0208     24.71637   -5355.0208    150.81232   -5204.2085 
    9550        95500    45.471825    45.471825    45.471825    3.1395078    94021.497   -27.261779   -39.870138   -23.090218   -18.824981   -5359.8166    26.063929   -5359.8166    159.03475   -5200.7819 
    9600        96000    45.466951    45.466951    45.466951    3.1405177    93991.263    16.370025    12.800892    19.697422     16.61176   -5350.8323     25.13018   -5350.8323    153.33728    -5197.495 
    9650        96500     45.43843     45.43843     45.43843    3.1464351    93814.495    74.225841    66.034847    79.578716    77.063958   -5351.7253    25.284775   -5351.7253    154.28057   -5197.4447 
    9700        97000    45.446506    45.446506    45.446506     3.144758    93864.527    35.909603    32.551024    47.796466     27.38132   -5356.8144    24.909439   -5356.8144    151.99037    -5204.824 
    9750        97500    45.488078    45.488078    45.488078    3.1361438     94122.35   -46.571585   -49.673034   -47.699115   -42.342607   -5354.9321    24.221232   -5354.9321    147.79113    -5207.141 
    9800        98000    45.485293    45.485293    45.485293      3.13672    94105.061   -45.877879   -42.577963   -43.830472   -51.225201    -5356.693    24.997112    -5356.693    152.52533   -5204.1677 
    9850        98500    45.470407    45.470407    45.470407    3.1398017    94012.697   0.71220012   -12.117306    16.826595   -2.5726883    -5352.707    24.976595    -5352.707    152.40014   -5200.3069 
    9900        99000    45.463961    45.463961    45.463961    3.1411373    93972.723    27.822193    17.586932    29.683522    36.196124   -5349.4279    24.739629   -5349.4279    150.95424   -5198.4737 
    9950        99500    45.461474    45.461474    45.461474    3.1416528    93957.302    17.773826    14.120883    25.630936    13.569661   -5353.6065    25.502921   -5353.6065    155.61164   -5197.9949 
   10000       100000    45.475802    45.475802    45.475802    3.1386842    94046.167   -10.131509      -29.067   -2.5690038    1.2414777   -5352.1475    24.794808   -5352.1475    151.29093   -5200.8566 
   10050       100500    45.482616    45.482616    45.482616    3.1372739    94088.446   -23.794499   -26.523737   -26.938117   -17.921643   -5351.8075    24.445437   -5351.8075    149.15917   -5202.6483 
   10100       101000    45.479889    45.479889    45.479889    3.1378381    94071.529   -6.8160355   -5.6548722   -2.3538152   -12.439419   -5348.9802    24.206047   -5348.9802    147.69848   -5201.2817 
   10150       101500    45.465146    45.465146    45.465146    3.1408917    93980.069    24.748585    22.531713    19.604857    32.109185   -5349.1185    24.453856   -5349.1185    149.21054   -5199.9079 
   10200       102000    45.455992    45.455992    45.455992    3.1427896    93923.319    33.283445    27.065353    36.584454    36.200528   -5352.3045    24.841416   -5352.3045    151.57532   -5200.7292 
   10250       102500    45.471903    45.471903    45.471903    3.1394917    94021.981   -11.946447   -12.439791   -22.308333   -1.0912174   -5355.5683    24.995856   -5355.5683    152.51767   -5203.0506 
   10300       103000    45.497149    45.497149    45.497149    3.1342684    94178.669   -65.494917    -67.40568   -70.842791   -58.236279   -5354.8487    24.278811   -5354.8487    148.14246   -5206.7063 
   10350       103500    45.478774    45.478774    45.478774    3.1380689    94064.608   -37.413898   -51.114066   -34.886669    -26.24096   -5357.8166    25.038951   -5357.8166    152.78062    -5205.036 
   10400       104000    45.450423    45.450423    45.450423     3.143945    93888.801    45.702915    52.530508    43.841063    40.737176   -5352.3342    25.217965   -5352.3342    153.87291   -5198.4613 
   10450       104500    45.455465    45.455465    45.455465    3.1428989    93920.052    52.603171    54.934683    50.171161    52.703668    -5347.367    24.567178    -5347.367      149.902    -5197.465 
   10500       105000    45.467166    45.467166    45.467166    3.1404731    93992.597    4.3313696    1.8563692    7.3792717     3.758468   -5353.9186    25.502952   -5353.9186    155.61183   -5198.3067 
   10550       105500    45.478914    45.478914    45.478914    3.1380399    94065.478   -27.685255    -29.37893   -24.719205   -28.957629   -5355.3446    24.953816   -5355.3446    152.26115   -5203.0834 
   10600       106000    45.478427    45.478427    45.478427    3.1381408    94062.453    -21.32931    -25.22186   -26.357656   -12.408414   -5353.9099    24.370793   -5353.9099    148.70371   -5205.2062 
   10650       106500    45.464645    45.464645    45.464645    3.1409954    93976.967    11.174803    5.2094425    17.049266    11.265699   -5352.9299    24.340293   -5352.9299    148.51761   -5204.4123 
   10700       107000    45.453289    45.453289    45.453289    3.1433504     93906.56    27.136384    24.567277    39.272579    17.569297    -5355.317    25.029474    -5355.317     152.7228   -5202.5942 
   10750       107500    45.459661    45.459661    45.459661    3.1420288     93946.06    10.519525   -4.5858316    18.047167    18.097239   -5356.2729    25.417509   -5356.2729    155.09048   -5201.1824 
   10800       108000    45.484762    45.484762    45.484762    3.1368298    94101.767   -32.162906   -43.538586    -27.12055   -25.829582   -5353.8626    25.398556   -5353.8626    154.97483   -5198.8878 
   10850       108500    45.507547    45.507547    45.507547    3.1321205    94243.253    -60.50951   -64.617099   -59.308153   -57.603278    -5348.682    25.446449    -5348.682    155.26706    -5193.415 
   10900       109000    45.468915    45.468915    45.468915    3.1401106    94003.449     20.56395    12.694638    30.302176    18.695035   -5348.9029    25.633663   -5348.9029    156.40939   -5192.4935 
   10950       109500    45.428637    45.428637    45.428637    3.1484705    93753.849    81.536344    79.404645     84.23701    80.967377   -5355.3259    25.473154   -5355.3259    155.43001   -5199.8958 
   11000       110000    45.449096    45.449096    45.449096    3.1442204    93880.576    29.326105    30.118403    21.160869    36.699044   -5357.0838    25.305521   -5357.0838    154.40716   -5202.6766 
   11050       110500    45.481362    45.481362    45.481362    3.1375333    94080.667   -28.270297   -32.848074   -18.122908   -33.839908    -5354.212    24.837157    -5354.212    151.54933   -5202.6627 
   11100       111000    45.485568    45.485568    45.485568     3.136663     94106.77    -31.19237   -42.094892   -24.333857   -27.148359    -5352.442    24.629687    -5352.442    150.28341   -5202.1586 
   11150       111500    45.476139    45.476139    45.476139    3.1386144     94048.26   -2.4253405    3.7123386   -5.2672185   -5.7211417   -5350.7739    25.050462   -5350.7739    152.85086    -5197.923 
   11200       112000    45.462304    45.462304    45.462304    3.1414807     93962.45    31.026219    36.543515    32.805048    23.730095   -5349.7986    25.525066   -5349.7986    155.74676   -5194.0518 
   11250       112500    45.461316    45.461316    45.461316    3.1416856    93956.322    27.129067    25.709095    27.582342    28.095764   -5351.3725    25.341791   -5351.3725    154.62847    -5196.744 
   11300       113000    45.469331    45.469331    45.469331    3.1400246    94006.023   -14.690616   -22.776216   -4.3029981   -16.992633   -5357.5489    25.186754   -5357.5489    153.68247   -5203.8664 
   11350       113500    45.481183    45.481183    45.481183    3.1375703    94079.559   -48.034215   -52.549921   -44.105491   -47.447233   -5359.7773    25.484038   -5359.7773    155.49642   -5204.2809 
   11400       114000    45.485693    45.485693    45.485693    3.1366372    94107.543   -33.805089   -20.194624   -34.460662   -46.759982   -5352.8601    24.621818   -5352.8601    150.23539   -5202.6247 
   11450       114500    45.429724    45.429724    45.429724    3.1482443    93760.585    95.698559     92.99795    92.016395    102.08133   -5350.6099    24.784799   -5350.6099    151.22986   -5199.3801 
   11500       115000     45.42933     45.42933     45.42933    3.1483262    93758.145    81.547173    68.330028    83.909866    92.401625   -5355.3202      25.9965   -5355.3202    158.62331   -5196.6968 
   11550       115500    45.471116    45.471116    45.471116    3.1396548    94017.095   -5.5353668   -9.9520895   -6.6202158 -0.033795173   -5354.1583    25.279901   -5354.1583    154.25083   -5199.9074 
   11600       116000    45.490323    45.490323    45.490323    3.1356795    94136.286   -51.646616   -48.085841   -48.467227   -58.386779   -5354.9751    24.297304   -5354.9751     148.2553   -5206.7198 
   11650       116500    45.473929    45.473929    45.473929    3.1390721    94034.547   -23.952452    -18.19148   -26.694159   -26.971717   -5357.1088    24.788196   -5357.1088    151.25059   -5205.8582 
   11700       117000     45.45986     45.45986     45.45986    3.1419875    93947.295    21.107001    12.320933    24.144306    26.855763   -5353.3084    24.816141   -5353.3084     151.4211   -5201.8873 
   11750       117500    45.456603    45.456603    45.456603    3.1426629    93927.104    35.138774    44.157321    29.171386    32.087614   -5351.6986    25.196569   -5351.6986    153.74236   -5197.9562 
   11800       118000    45.474614    45.474614    45.474614    3.1389303    94038.794    3.4736085     17.31211   -3.6961946   -3.1950903   -5349.8564    25.045722   -5349.8564    152.82193   -5197.0344 
   11850       118500     45.48021     45.48021     45.48021    3.1377718    94073.515   -23.958987   -35.456506   -13.415148   -23.005308   -5354.2293    24.993988   -5354.2293    152.50627    -5201.723 
   11900       119000    45.471831    45.471831    45.471831    3.1395066    94021.533   -20.618463   -26.797643    -19.00215   -16.055596   -5356.9851    24.477131   -5356.9851    149.35256   -5207.6326 
   11950       119500    45.457639    45.457639    45.457639     3.142448    93933.527    12.395462     32.80145    13.350242   -8.9653057   -5356.3983    24.664589   -5356.3983    150.49637   -5205.9019 
   12000       120000     45.44244     45.44244     45.44244    3.1456023    93839.334    57.796454    61.927805    55.056557    56.404999   -5353.1798    24.646029   -5353.1798    150.38312   -5202.7967 
   12050       120500    45.453973    45.453973    45.453973    3.1432085    93910.801    34.689091    45.109015    28.458508    30.499749   -5353.5313    25.354073   -5353.5313    154.70341   -5198.8279 
   12100       121000    45.505563    45.505563    45.505563    3.1325301    94230.931   -62.555098   -54.241096   -59.325626   -74.098573   -5350.3333    25.135702   -5350.3333    153.37097   -5196.9624 
   12150       121500     45.50429     45.50429     45.50429    3.1327931    94223.021   -64.937504   -60.004083   -61.482546   -73.325884   -5351.0878    24.768483   -5351.0878     151.1303   -5199.9575 
   12200       122000     45.46384     45.46384     45.46384    3.1411624    93971.971    1.4810694    5.0272463   -9.9434567    9.3594186   -5355.4536    23.825692   -5355.4536    145.37766   -5210.0759 
   12250       122500    45.445654    45.445654    45.445654    3.1449349    93859.249    35.359555    34.097924    41.164967    30.815774   -5356.6595     23.87792   -5356.6595    145.69634   -5210.9632 
   12300       123000    45.452066    45.452066    45.452066    3.1436041    93898.983    22.285674    25.804841    18.841346    22.210834   -5356.9176    24.854423   -5356.9176    151.65468    -5205.263 
   12350       123500    45.475832    45.475832    45.475832    3.1386781    94046.351   -14.761005   -18.486141   -18.727089   -7.0697863   -5354.1535    25.283711   -5354.1535    154.27408   -5199.8794 
   12400       124000    45.495623    45.495623    45.495623    3.1345837    94169.195   -34.904262   -34.092864   -42.310999   -28.308923   -5348.1495    24.523383   -5348.1495    149.63477   -5198.5147 
   12450       124500    45.473315    45.473315    45.473315    3.1391993    94030.739    -6.800736   -9.3593772  -0.74252417   -10.300307   -5353.1539    25.204311   -5353.1539     153.7896   -5199.3643 
   12500       125000    45.452106    45.452106    45.452106    3.1435957    93899.232    32.360766     32.33245     27.52324    37.226609   -5354.5919    24.671894   -5354.5919    150.54095   -5204.0509 
   12550       125500    45.437436    45.437436    45.437436    3.1466417    93808.338    42.509376    40.965001    43.735586     42.82754   -5359.5441    24.484099   -5359.5441    149.39507    -5210.149 
   12600       126000    45.465067    45.465067    45.465067     3.140908    93979.582   -9.2235509   -13.151087   -1.9863118   -12.533254   -5358.2257    24.662571   -5358.2257    150.48406   -5207.7416 
   12650       126500    45.512477    45.512477    45.512477    3.1311028    94273.885   -85.821456   -84.605721   -98.020471   -74.838177   -5352.1341    24.664205   -5352.1341    150.49403   -5201.6401 
   12700       127000    45.512194    45.512194    45.512194    3.1311612    94272.126   -67.782693   -70.490758   -73.486784   -59.370537   -5347.4784    24.174136   -5347.4784    147.50376   -5199.9746 
   12750       127500    45.443446    45.443446    45.443446    3.1453933    93845.568    60.493237    50.590662    74.755626    56.133424   -5352.3034    24.977981   -5352.3034     152.4086   -5199.8948 
   12800       128000    45.446886    45.446886    45.446886    3.1446792     93866.88    50.151407    45.999091     51.95981    52.495319   -5352.9583    25.039171   -5352.9583    152.78197   -5200.1764 
   12850       128500    45.458429    45.458429    45.458429    3.1422841    93938.427    4.4967179    8.2015368   0.48135503    4.8072619   -5358.2963    25.121764   -5358.2963    153.28592   -5205.0104 
   12900       129000    45.477116    45.477116    45.477116    3.1384122     94054.32   -30.304625   -38.020771   -28.801767   -24.091338    -5356.494    24.190687    -5356.494    147.60475   -5208.8893 
   12950       129500    45.474528    45.474528    45.474528    3.1389481    94038.263   -24.081996   -30.062451   -26.840924   -15.342613   -5356.7055    24.675333   -5356.7055    150.56193   -5206.1435 
   13000       130000    45.461142    45.461142    45.461142    3.1417216    93955.246     12.23331    10.406538    10.887819    15.405574   -5355.2221    25.189158   -5355.2221    153.69714    -5201.525 
   13050       130500    45.455777    45.455777    45.455777    3.1428341    93921.986    36.030514    27.086168    35.167229    45.838145   -5351.7016     24.78817   -5351.7016    151.25043   -5200.4512 
   13100       131000    45.466649    45.466649    45.466649    3.1405802    93989.394    16.180129    4.9147531    20.581343    23.044292   -5351.0342    24.903445   -5351.0342     151.9538   -5199.0804 
   13150       131500    45.486564    45.486564    45.486564    3.1364569    94112.953   -37.559969   -46.009801   -26.516688   -40.153417   -5354.2166    25.299407   -5354.2166    154.36985   -5199.8467 
   13200       132000     45.49465     45.49465     45.49465    3.1347849    94163.151   -70.190897   -70.012223   -75.681654   -64.878813   -5357.7263    24.904661   -5357.7263    151.96122   -5205.7651 
   13250       132500    45.461272    45.461272    45.461272    3.1416948    93956.047    1.0552816   -7.6212904   -5.0288741    15.816009   -5357.1887    24.217582   -5357.1887    147.76886   -5209.4199 
   13300       133000    45.432362    45.432362    45.432362     3.147696    93776.915    70.071394    64.448924     73.43957    72.325688   -5355.3749    24.402635   -5355.3749      148.898   -5206.4769 
   13350       133500    45.453927    45.453927    45.453927     3.143218    93910.517    28.053926    35.065836     17.94005    31.155892    -5355.112     25.06173    -5355.112    152.91961   -5202.1924 
   13400       134000    45.477137    45.477137    45.477137    3.1384078    94054.453    -11.11898   -13.082853   -10.112024   -10.162064   -5352.4139    24.935659   -5352.4139    152.15036   -5200.2635 
   13450       134500    45.487139    45.487139    45.487139    3.1363379    94116.524   -23.090834   -14.138927   -24.235209   -30.898367   -5349.6751    24.728081   -5349.6751    150.88378   -5198.7913 
   13500       135000    45.473237    45.473237    45.473237    3.1392154    94030.255   -5.8426357    -5.489128    -7.792888   -4.2458913   -5353.1864    25.171213   -5353.1864    153.58765   -5199.5988 
   13550       135500    45.453676    45.453676    45.453676      3.14327    93908.963     21.19833    7.2686378    30.071389    26.254963   -5356.4848    24.699611   -5356.4848    150.71007   -5205.7747 
   13600       136000    45.449242    45.449242    45.449242    3.1441901    93881.482    23.134893    16.321572    23.619146    29.463961   -5358.2666     24.50301   -5358.2666    149.51046   -5208.7561 
   13650       136500    45.466683    45.466683    45.466683    3.1405732    93989.603   -6.1771407   -10.048379   -10.418346    1.9353033   -5356.8231    25.032821   -5356.8231    152.74322   -5204.0798 
   13700       137000    45.498771    45.498771    45.498771    3.1339332    94188.741   -50.303109   -60.811551   -45.352371   -44.745406   -5350.6544    24.912701   -5350.6544    152.01028   -5198.6441 
   13750       137500    45.487623    45.487623    45.487623    3.1362379    94119.526   -30.881577   -24.405013   -25.389439   -42.850279   -5351.7283     25.14438   -5351.7283    153.42392   -5198.3044 
   13800       138000    45.443304    45.443304    45.443304    3.1454228     93844.69    46.231668    37.843479    52.769647    48.081879   -5356.1297    25.467174   -5356.1297    155.39352   -5200.7362 
   13850       138500    45.437739    45.437739    45.437739    3.1465787    93810.216    62.078984    52.074824    67.395352    66.766776   -5354.3889    24.382204   -5354.3889    148.77334   -5205.6156 
   13900       139000    45.462252    45.462252    45.462252    3.1414915    93962.128    3.6893062    6.8010115   0.61174313    3.6551641   -5355.8996    24.013194   -5355.8996    146.52174   -5209.3779 
   13950       139500    45.486275    45.486275    45.486275    3.1365169    94111.155   -48.683348   -53.142252   -40.014653   -52.893138    -5355.924    23.703888    -5355.924    144.63444   -5211.2895 
   14000       140000    45.487911    45.487911    45.487911    3.1361784    94121.311   -37.174707   -31.675254   -36.734557   -43.114309   -5352.2623    24.001083   -5352.2623    146.44785   -5205.8145 
   14050       140500     45.45544     45.45544     45.45544    3.1429041    93919.895    23.040751    29.054713     25.04371    15.023829   -5355.5215    25.430795   -5355.5215    155.17155     -5200.35 
   14100       141000    45.446892    45.446892    45.446892    3.1446779    93866.918    45.752255    47.729688     49.77973    39.747348   -5354.7312    25.683135   -5354.7312    156.71125   -5198.0199 
   14150       141500    45.466335    45.466335    45.466335    3.1406452    93987.447    12.002735    15.223719    7.3284958    13.455991   -5352.5106    25.116987   -5352.5106    153.25677   -5199.2538 
   14200       142000    45.484724    45.484724    45.484724    3.1368376    94101.532   -32.966198   -47.686471   -19.594067   -31.618056   -5353.3343    24.474389   -5353.3343    149.33582   -5203.9985 
   14250       142500    45.481366    45.481366    45.481366    3.1375324    94080.694   -36.617774   -36.533104   -34.064013   -39.256205   -5356.1813    24.445436   -5356.1813    149.15916   -5207.0222 
   14300       143000    45.463774    45.463774    45.463774     3.141176    93971.564    8.4220988    14.220739    1.3836785    9.6618785   -5354.1511    24.365504   -5354.1511    148.67144   -5205.4796 
   14350       143500    45.443384    45.443384    45.443384    3.1454061    93845.187    54.763034     54.58878    61.532812    48.167509   -5353.8523    24.825254   -5353.8523    151.47671   -5202.3756 
   14400       144000     45.45064     45.45064     45.45064       3.1439    93890.146    35.768537    27.689027    29.599655     50.01693   -5354.8061    25.019591   -5354.8061     152.6625   -5202.1436 
   14450       144500    45.489581    45.489581    45.489581     3.135833     94131.68   -42.875721   -42.074912    -52.23059    -34.32166   -5353.8751    25.170414   -5353.8751    153.58278   -5200.2924 
   14500       145000    45.501172    45.501172    45.501172    3.1334372    94203.652   -61.709344   -56.010709   -68.579524     -60.5378   -5352.4544     24.97134   -5352.4544    152.36808   -5200.0863 
   14550       145500    45.469231    45.469231    45.469231    3.1400453    94005.404   -1.0899001    8.5050272   0.50636573   -12.281093   -5354.1763    25.071803   -5354.1763    152.98108   -5201.1952 
   14600       146000     45.45832     45.45832     45.45832    3.1423068    93937.748    34.262166    33.924193    34.292622    34.569682   -5350.8103    24.577688   -5350.8103    149.96613   -5200.8441 
   14650       146500    45.462021    45.462021    45.462021    3.1415394    93960.695    21.112954     13.98647    20.842507    28.509884   -5352.5138    25.129215   -5352.5138    153.33139   -5199.1824 
   14700       147000     45.47915     45.47915     45.47915    3.1379911     94066.94   -8.6635516   -13.247684    -4.463018   -8.2799525   -5350.9092    24.877427   -5350.9092    151.79505   -5199.1141 
   14750       147500    45.479967    45.479967    45.479967     3.137822    94072.011   -22.608929   -26.530823   -24.545337   -16.750628   -5353.9108    25.150971   -5353.9108    153.46414   -5200.4466 
   14800       148000    45.465823    45.465823    45.465823    3.1407514    93984.268   -3.8316871   -9.9712414   -7.1779544    5.6541344   -5356.3632    24.641891   -5356.3632    150.35788   -5206.0053 
   14850       148500    45.456493    45.456493    45.456493    3.1426858    93926.419    21.142533    17.316886    19.494858    26.615854   -5355.1084     24.37456   -5355.1084     148.7267   -5206.3817 
   14900       149000    45.454786    45.454786    45.454786    3.1430397    93915.843    31.779909    28.760037    43.329489    23.250203   -5353.6907    25.189629   -5353.6907    153.70001   -5199.9907 
   14950       149500    45.485893    45.485893    45.485893    3.1365957    94108.788   -16.950596   -22.069986   -14.083872    -14.69793   -5348.9536     25.16523   -5348.9536    153.55114   -5195.4025 
   15000       150000    45.510744    45.510744    45.510744    3.1314603    94263.121   -77.774757   -79.683044   -79.697018   -73.944208    -5351.874    25.472678    -5351.874     155.4271   -5196.4469 
   15050       150500    45.482915    45.482915    45.482915    3.1372119    94090.305    -35.39909   -44.410897   -26.045911   -35.740462   -5355.3356    25.318771   -5355.3356    154.48801   -5200.8476 
   15100       151000    45.440907    45.440907    45.440907    3.1459206     93829.84    47.218024    47.573239      44.2986    49.782233   -5357.4185    24.982363   -5357.4185    152.43534   -5204.9832 
   15150       151500    45.441764    45.441764    45.441764    3.1457426    93835.149    45.627177     35.34251    49.397365    52.141656   -5356.8127    25.019551   -5356.8127    152.66225   -5204.1505 
   15200       152000    45.468016    45.468016    45.468016    3.1402969    93997.872  -0.69509274   -11.562797  -0.65520323    10.132722    -5354.394    24.886619    -5354.394    151.85114   -5202.5429 
   15250       152500    45.480478    45.480478    45.480478    3.1377163    94075.179   -26.417629   -15.291009   -35.230335   -28.731542    -5354.562    25.182005    -5354.562     153.6535   -5200.9085 
   15300       153000    45.475855    45.475855    45.475855    3.1386733    94046.497   -16.312565   -19.972158   -15.854069   -13.111468   -5354.6813    25.233521   -5354.6813    153.96783   -5200.7135 
   15350       153500    45.460571    45.460571    45.460571    3.1418401    93951.701    14.838095    2.4420976    19.727586    22.344599   -5355.2096    25.422702   -5355.2096    155.12216   -5200.0874 
   15400       154000      45.4606      45.4606      45.4606    3.1418341    93951.881    33.616374     19.05571    38.923772     42.86964   -5349.9004    25.051472   -5349.9004    152.85702   -5197.0434 
   15450       154500     45.47292     45.47292     45.47292    3.1392811    94028.288    10.807183    4.9326628    9.0159651    18.472922   -5349.4269    25.152526   -5349.4269    153.47363   -5195.9533 
   15500       155000    45.500224    45.500224    45.500224     3.133633    94197.764   -61.252781   -71.555112   -61.975139   -50.228091    -5352.534    24.988894    -5352.534    152.47519   -5200.0588 
   15550       155500    45.518885    45.518885    45.518885    3.1297805    94313.715    -104.5132   -95.546997   -108.01495   -109.97766   -5353.3438    24.629075   -5353.3438    150.27968   -5203.0642 
   15600       156000    45.450677    45.450677    45.450677    3.1438924    93890.372    26.115926    7.6122112    38.429302    32.306263    -5356.981    24.855683    -5356.981    151.66237   -5205.3186 
   15650       156500    45.428337    45.428337    45.428337    3.1485327    93751.996    73.690911    64.356935    77.346565    79.369232   -5357.4245    25.393637   -5357.4245    154.94482   -5202.4797 
   15700       157000    45.464595    45.464595    45.464595    3.1410058    93976.657    27.909214     23.16678    28.991571    31.569291   -5349.5689    25.593616   -5349.5689    156.16503   -5193.4039 
   15750       157500    45.491486    45.491486    45.491486    3.1354391    94143.506   -27.978154   -34.318477   -24.017436    -25.59855   -5349.3332    25.724858   -5349.3332    156.96584   -5192.3674 
   15800       158000    45.484125    45.484125    45.484125    3.1369615    94097.817   -32.489373   -34.957745   -32.667913   -29.842462   -5354.4536    25.754606   -5354.4536    157.14735   -5197.3062 
   15850       158500    45.463913    45.463913    45.463913    3.1411472    93972.426    1.0061327   0.33212389    4.8904893   -2.2042151   -5356.3979    25.152601   -5356.3979    153.47408   -5202.9239 
   15900       159000    45.452734    45.452734    45.452734    3.1434654    93903.125    25.185241    36.923389    13.420242    25.212094   -5356.2367    24.956705   -5356.2367    152.27878    -5203.958 
   15950       159500    45.450841    45.450841    45.450841    3.1438583    93891.391    24.924718     19.66319    27.145608    27.965356   -5357.3708    25.131039   -5357.3708    153.34252   -5204.0283 
   16000       160000    45.475078    45.475078    45.475078    3.1388342    94041.674   -9.4855348   -8.5173749   -10.685173   -9.2540568   -5353.1474    25.214427   -5353.1474    153.85133   -5199.2961 
   16050       160500    45.504109    45.504109    45.504109    3.1328305    94221.895   -43.261983   -55.378526   -46.151959   -28.255464   -5345.7359    24.806337   -5345.7359    151.36127   -5194.3747 
   16100       161000    45.484136    45.484136    45.484136    3.1369592    94097.884   -22.390094   -29.540579   -21.684239   -15.945464     -5351.74    25.486896     -5351.74    155.51386   -5196.2261 
   16150       161500    45.430502    45.430502    45.430502    3.1480827    93765.398    62.919242    63.953996    63.358563    61.445169   -5358.8656    25.366749   -5358.8656    154.78076   -5204.0849 
   16200       162000    45.423496    45.423496    45.423496    3.1495396    93722.024    78.544285    74.586246    80.910713    80.135896   -5358.4465    24.969128   -5358.4465    152.35458    -5206.092 
   16250       162500    45.474603    45.474603    45.474603    3.1389326    94038.727   -5.2190762    4.4241826   -10.267332   -9.8140788   -5351.7258    24.179742   -5351.7258    147.53797   -5204.1878 
   16300       163000    45.487733    45.487733    45.487733    3.1362152    94120.207   -42.214371    -37.27819   -40.312067   -49.052856   -5355.0435    25.555268   -5355.0435    155.93104   -5199.1125 
   16350       163500    45.479721    45.479721    45.479721    3.1378729    94070.486    -21.79631   -27.058188   -7.4580684   -30.872672   -5353.9385    25.491434   -5353.9385    155.54155    -5198.397 
   16400       164000    45.462847    45.462847    45.462847    3.1413683    93965.813    16.599942    12.747694    19.916532      17.1356   -5353.0464     24.95048   -5353.0464     152.2408   -5200.8056 
   16450       164500    45.456764    45.456764    45.456764    3.1426294    93928.104    30.234525    28.774717    26.216548    35.712309   -5351.7695    23.701409   -5351.7695    144.61932   -5207.1502 
   16500       165000    45.455219    45.455219    45.455219    3.1429499    93918.526    12.199932    5.1705218    17.279521    14.149753    -5357.547    24.240467    -5357.547     147.9085   -5209.6385 
   16550       165500    45.481797    45.481797    45.481797    3.1374433    94083.366   -27.284643   -36.031958   -16.801909   -29.020061   -5353.5989    24.312564   -5353.5989    148.34842   -5205.2505 
   16600       166000    45.485724    45.485724    45.485724    3.1366307    94107.739     -36.8474   -38.785478   -30.169301   -41.587421   -5354.3829    25.342204   -5354.3829    154.63099   -5199.7519 
   16650       166500    45.462324    45.462324    45.462324    3.1414767     93962.57    5.2350378    3.1782226    1.1522825    11.374608   -5357.0561    25.910163   -5357.0561    158.09651   -5198.9596 
   16700       167000    45.437823    45.437823    45.437823    3.1465612    93810.736    60.518061    48.687958    63.822999    69.043224   -5355.6072    25.378135   -5355.6072    154.85023    -5200.757 
   16750       167500    45.442372    45.442372    45.442372    3.1456163    93838.916    54.189068    46.283157    67.733361    48.550686   -5354.3078    24.856424   -5354.3078     151.6669   -5202.6409 
   16800       168000     45.48503     45.48503     45.48503    3.1367743    94103.432   -51.849551    -48.99985   -52.561542    -53.98726   -5358.3969    24.552383   -5358.3969    149.81172   -5208.5852 
   16850       168500    45.506552    45.506552    45.506552    3.1323258    94237.075   -95.404053   -92.488899     -100.686   -93.037265   -5357.1861    24.374853   -5357.1861    148.72848   -5208.4576 
   16900       169000    45.471583    45.471583    45.471583     3.139558    94019.996   -10.062128   -14.291987   -20.254909    4.3605115   -5354.4636    24.580989   -5354.4636    149.98627   -5204.4773 
   16950       169500     45.45373     45.45373     45.45373    3.1432588    93909.298    31.829601    25.722687     45.18055    24.585567   -5353.7642    24.810808   -5353.7642    151.38856   -5202.3757 
   17000       170000    45.456475    45.456475    45.456475    3.1426894    93926.311    27.612375    27.781618    31.975125    23.080381   -5353.0971    24.926461   -5353.0971    152.09424   -5201.0028 
   17050       170500    45.472588    45.472588    45.472588    3.1393498     94026.23   -4.1039103    1.9837382   -6.0388393   -8.2566298   -5353.0384    25.327301   -5353.0384    154.54005   -5198.4984 
   17100       171000    45.491117    45.491117    45.491117    3.1355153    94141.216    -32.11363   -36.336774   -16.575183   -43.428933   -5349.9831    25.061702   -5349.9831    152.91944   -5197.0636 
   17150       171500    45.473599    45.473599    45.473599    3.1391404    94032.502   -16.436182   -26.655759   -1.9147087   -20.738079   -5355.6475    25.713068   -5355.6475     156.8939   -5198.7536 
   17200       172000    45.446088    45.446088    45.446088    3.1448449    93861.935    29.891416    30.947823    40.274675     18.45175   -5358.6944    25.270944   -5358.6944    154.19618   -5204.4982 
   17250       172500    45.432143    45.432143    45.432143    3.1477415     93775.56    59.909016    48.532129    75.837772    55.357146   -5358.2176    24.757936   -5358.2176    151.06595   -5207.1517 
   17300       173000    45.460202    45.460202    45.460202    3.1419165    93949.418    6.0638407    14.796987    7.0199334   -3.6253979   -5357.0684    25.246492   -5357.0684    154.04698   -5203.0214 
   17350       173500     45.51521     45.51521     45.51521    3.1305387    94290.871   -82.201318   -74.772605    -78.87434   -92.957008   -5349.6616     25.06516   -5349.6616    152.94054   -5196.7211 
   17400       174000    45.490564    45.490564    45.490564    3.1356297    94137.782   -48.206604    -44.93762   -44.777124   -54.905067   -5355.1392      25.9264   -5355.1392    158.19559   -5196.9436 
   17450       174500    45.454766    45.454766    45.454766    3.1430438     93915.72    19.966809    26.311699    24.296329    9.2924001   -5356.9367    25.752678   -5356.9367    157.13558   -5199.8012 
   17500       175000    45.451002    45.451002    45.451002    3.1438249    93892.386    30.354314    33.386419    37.938088    19.738436   -5355.8782    25.300446   -5355.8782    154.37619    -5201.502 
   17550       175500    45.460378    45.460378    45.460378    3.1418802    93950.504    9.7943297    6.3692714    14.350467    8.6632504   -5355.4346    24.924317   -5355.4346    152.08116   -5203.3534 
   17600       176000    45.470823    45.470823    45.470823    3.1397154     94015.28   -19.038606    -10.04893   -21.401941   -25.664948   -5357.1644    24.479151   -5357.1644    149.36488   -5207.7995 
   17650       176500    45.470551    45.470551    45.470551    3.1397718    94013.591   -27.284292   -27.416782   -30.251091   -24.185004   -5359.7114    24.546195   -5359.7114    149.77396   -5209.9374 
   17700       177000     45.46253     45.46253     45.46253     3.141434    93963.847    3.8940105    6.3690161    11.795051   -6.4820359   -5356.2774     24.84706   -5356.2774    151.60976   -5204.6677 
   17750       177500     45.44673     45.44673     45.44673    3.1447115    93865.915    50.584913    50.679843    58.625963    42.448934   -5352.9266    24.933462   -5352.9266    152.13696   -5200.7896 
   17800       178000    45.443224    45.443224    45.443224    3.1454394    93844.195    46.211976    44.182281    44.234322    50.219324    -5356.743    25.933931    -5356.743    158.24154   -5198.5015 
   17850       178500    45.494593    45.494593    45.494593    3.1347966    94162.798   -45.898229   -47.686715   -49.370003   -40.637969    -5351.846    24.892179    -5351.846    151.88506   -5199.9609 
   17900       179000    45.508037    45.508037    45.508037    3.1320193    94246.299   -81.285258   -84.311314   -88.900038   -70.644423   -5353.1861    24.521278   -5353.1861    149.62193   -5203.5641 
   17950       179500     45.46799     45.46799     45.46799    3.1403023    93997.711   -7.9572362   -10.351053   -10.224357   -3.2962978    -5355.401    23.741547    -5355.401    144.86423   -5210.5368 
   18000       180000    45.437676    45.437676    45.437676    3.1465917    93809.826    28.325531    26.950116    27.018586    31.007892   -5363.0629    24.379517   -5363.0629    148.75694   -5214.3059 
   18050       180500    45.451394    45.451394    45.451394    3.1437436    93894.816    19.218099   -1.4803967    37.837097    21.297597   -5358.3171    24.959908   -5358.3171    152.29833   -5206.0188 
   18100       181000    45.467221    45.467221    45.467221    3.1404617    93992.937   -3.2661822   -5.9098607   -2.1105876   -1.7780983   -5355.6164    25.270501   -5355.6164    154.19347   -5201.4229 
   18150       181500    45.484986    45.484986    45.484986    3.1367833     94103.16   -21.350907    -26.86502   -14.377204   -22.810496   -5350.5117    24.921671   -5350.5117    152.06501   -5198.4467 
   18200       182000    45.479994    45.479994    45.479994    3.1378165    94072.176   -11.257822   -13.178715   -2.5290544   -18.065695   -5350.9146    25.066676   -5350.9146    152.94979   -5197.9648 
   18250       182500    45.457396    45.457396    45.457396    3.1424985    93932.018    22.261112    11.353173    32.212235    23.217928   -5355.0609    25.538636   -5355.0609    155.82956   -5199.2313 
   18300       183000    45.442025    45.442025    45.442025    3.1456885    93836.763    46.014162    45.396627    45.625638    47.020221   -5356.4215    24.804398   -5356.4215    151.34945   -5205.0721 
   18350       183500    45.462421    45.462421    45.462421    3.1414566    93963.172    2.2806823   -5.7955005    23.492023   -10.854475   -5356.3694    24.452161   -5356.3694     149.2002   -5207.1692 
   18400       184000    45.491142    45.491142    45.491142    3.1355102     94141.37   -60.652604   -51.619722   -72.170959    -58.16713   -5357.6602    25.362745   -5357.6602    154.75632   -5202.9039 
   18450       184500    45.498191    45.498191    45.498191    3.1340531    94185.138   -44.226808   -32.111094   -48.525412   -52.043918   -5349.6767    25.278262   -5349.6767    154.24083   -5195.4359 
   18500       185000    45.465616    45.465616    45.465616    3.1407942    93982.987    26.078034    26.468199    42.177116     9.588786   -5349.3849    25.114268   -5349.3849    153.24018   -5196.1447 
   18550       185500    45.446958    45.446958    45.446958    3.1446642    93867.329    50.637338    47.422588     58.35649    46.132935   -5352.8618    25.133172   -5352.8618    153.35553   -5199.5063 
   18600       186000    45.469535    45.469535    45.469535    3.1399823    94007.289    9.9909738     20.67145    7.0679179     2.233553   -5350.1745    23.857755   -5350.1745    145.57329   -5204.6012 
   18650       186500    45.481185    45.481185    45.481185    3.1375699     94079.57   -31.450499   -12.680385   -24.915828   -56.755284   -5355.1986    24.966409   -5355.1986    152.33799   -5202.8606 
   18700       187000    45.487283    45.487283    45.487283    3.1363082    94117.417   -32.501394   -33.916781   -9.4672289   -54.120173   -5351.8624    24.696782   -5351.8624     150.6928   -5201.1696 
   18750       187500    45.470859    45.470859    45.470859     3.139708    94015.502    6.7908644    13.353384    1.2663536    5.7528562   -5350.9002    24.953149   -5350.9002    152.25708   -5198.6431 
   18800       188000    45.463995    45.463995    45.463995    3.1411302    93972.935    41.862684    55.422751    40.125781     30.03952   -5345.9496    25.197018   -5345.9496     153.7451   -5192.2045 
   18850       188500    45.463728    45.463728    45.463728    3.1411856    93971.278    29.264706    28.776765    39.330673     19.68668   -5350.0064    26.197075   -5350.0064    159.84717   -5190.1592 
   18900       189000    45.502331    45.502331    45.502331    3.1331977    94210.853    -57.41446   -49.258769   -43.448418   -79.536191   -5350.5007    25.329575   -5350.5007    154.55393   -5195.9467 
   18950       189500    45.515963    45.515963    45.515963    3.1303833    94295.553   -95.709449   -91.360517   -92.856305   -102.91153   -5353.0823    25.365271   -5353.0823    154.77174   -5198.3106 
   19000       190000    45.463154    45.463154    45.463154    3.1413046    93967.719    2.6982071    12.679632   0.89585897   -5.4808694    -5356.187    25.087754    -5356.187    153.07841   -5203.1086 
   19050       190500    45.440258    45.440258    45.440258    3.1460555    93825.817    44.897329    42.070974    51.924948    40.696064     -5358.24    24.996498     -5358.24    152.52159   -5205.7184 
   19100       191000    45.451926    45.451926    45.451926    3.1436331    93898.114    25.588289    27.931586    31.342765    17.490518    -5356.534     24.94904    -5356.534    152.23201    -5204.302 
   19150       191500    45.478078    45.478078    45.478078    3.1382131    94060.287   -12.861426   -7.0797661    -19.50356   -12.000952   -5352.5759    25.586195   -5352.5759    156.11975   -5196.4562 
   19200       192000    45.476722    45.476722    45.476722    3.1384938    94051.875   -23.210013   -17.836135   -22.885543   -28.908361   -5356.4641    26.268226   -5356.4641    160.28131   -5196.1828 
   19250       192500    45.478135    45.478135    45.478135    3.1382012    94060.644   -9.4738598   -14.818914   -5.1863753   -8.4162899   -5350.8412     24.70619   -5350.8412    150.75021    -5200.091 
   19300       193000    45.458051    45.458051    45.458051    3.1423625    93936.083    22.956446    17.577338    29.430032    21.861966    -5353.642    24.653256    -5353.642    150.42722   -5203.2148 
   19350       193500    45.444062    45.444062    45.444062    3.1452654    93849.385    36.853781    35.841047    46.648086    28.072211   -5358.0691    25.288831   -5358.0691    154.30532   -5203.7638 
   19400       194000    45.473554    45.473554    45.473554    3.1391499    94032.218    -5.418617    -6.169756   -9.0294533   -1.0566417   -5352.2136    24.527521   -5352.2136    149.66002   -5202.5536 
   19450       194500    45.506872    45.506872    45.506872    3.1322598    94239.062   -81.496834   -75.537134    -84.69463   -84.258738   -5354.3386    25.271176   -5354.3386    154.19759   -5200.1411 
   19500       195000    45.501609    45.501609    45.501609    3.1333468    94206.369   -53.664343   -51.526337   -62.259587   -47.207107   -5349.2429    24.393479   -5349.2429    148.84213   -5200.4008 
   19550       195500     45.46068     45.46068     45.46068    3.1418175    93952.378     33.29466    42.634875    23.872829    33.376275   -5349.4541    24.777847   -5349.4541    151.18744   -5198.2666 
   19600       196000    45.448165    45.448165    45.448165    3.1444136    93874.807    55.015204    60.774878     60.93833    43.332404   -5351.5519    25.627174   -5351.5519     156.3698   -5195.1822 
   19650       196500    45.467653    45.467653    45.467653    3.1403721    93995.621    11.590292    16.444178    3.9824632    14.344235   -5352.1302    25.814397   -5352.1302    157.51218    -5194.618 
   19700       197000    45.483696    45.483696    45.483696    3.1370503    94095.153   -33.997336    -32.17458   -36.316449    -33.50098   -5355.0724    25.284588   -5355.0724    154.27943    -5200.793 
   19750       197500    45.481109    45.481109    45.481109    3.1375856    94079.097    -31.33577   -24.676037   -38.882255   -30.449017   -5354.9611    24.664885   -5354.9611    150.49818   -5204.4629 
   19800       198000    45.458824    45.458824    45.458824    3.1422022    93940.876    10.966729    15.829199    2.2579896       14.813   -5356.2652    24.904986   -5356.2652     151.9632    -5204.302 
   19850       198500    45.451327    45.451327    45.451327    3.1437574    93894.403    42.313757    48.215923    36.039856    42.685492   -5352.7917    24.942867   -5352.7917    152.19434   -5200.5974 
   19900       199000    45.463838    45.463838    45.463838    3.1411628     93971.96    23.490083    31.275515    23.917904     15.27683   -5351.3315    25.549832   -5351.3315    155.89787   -5195.4336 
   19950       199500    45.490607    45.490607    45.490607    3.1356208     94138.05   -35.782334   -34.492176    -46.18947   -26.665356   -5351.6935    25.623479   -5351.6935    156.34725   -5195.3462 
   20000       200000    45.519874    45.519874    45.519874    3.1295765    94319.862    -81.92786   -78.036497   -83.383303   -84.363781   -5346.8706    24.525077   -5346.8706    149.64511   -5197.2255 
Loop time of 28.5027 on 4 procs for 20000 steps with 2048 atoms

Performance: 606.257 ns/day, 0.040 hours/ns, 701.687 timesteps/s
99.8% CPU use with 4 MPI tasks x no OpenMP threads

MPI task timing breakdown:
Section |  min time  |  avg time  |  max time  |%varavg| %total
---------------------------------------------------------------
Pair    | 23.715     | 24.541     | 24.976     |   9.8 | 86.10
Neigh   | 0.0046642  | 0.0047553  | 0.0049291  |   0.2 |  0.02
Comm    | 1.9576     | 2.384      | 3.2034     |  31.2 |  8.36
Output  | 0.32316    | 0.32369    | 0.32516    |   0.1 |  1.14
Modify  | 1.0354     | 1.0453     | 1.0562     |   0.9 |  3.67
Other   |            | 0.2042     |            |       |  0.72

Nlocal:    512 ave 528 max 494 min
Histogram: 1 0 0 1 0 0 0 1 0 1
Nghost:    3136.25 ave 3161 max 3114 min
Histogram: 1 1 0 0 0 0 0 1 0 1
Neighs:    61716.2 ave 63262 max 59008 min
Histogram: 1 0 0 0 0 0 1 0 1 1

Total # of neighbors = 246865
Ave neighs/atom = 120.54
Neighbor list builds = 2
Dangerous builds = 1

write_restart phasetrans.lastconfig
quit
