run 20000
All restart file global fix info was re-assigned
Neighbor list info ...
  1 neighbor list requests
  update every 1 steps, delay 10 steps, check yes
  max neighbors/atom: 2000, page size: 100000
  master list distance cutoff = 14
  ghost atom cutoff = 14
  binsize = 7 -> bins = 58 58 58
Memory usage per processor = 3.80327 Mbytes
Step Time Lx Ly Lz Density Volume Press Pxx Pyy Pzz PotEng Temp PotEng KinEng TotEng 
       0            0    403.94905    403.94905    403.94905 0.0044782563     65914322   0.99528538    0.9781434    1.0080884   0.99962428   -7.3864738    235.35386   -7.3864738    1436.0629    1428.6764 
      50          500    406.75113    406.75113    406.75113 0.0043863413     67295545    1.0352547    1.0192274    1.0347949    1.0517418   -8.3346334    251.84283   -8.3346334     1536.674    1528.3394 
     100         1000    411.86523    411.86523    411.86523 0.0042249671     69865923    1.0692814    1.0513124    1.0690215    1.0875103   -7.1912699    268.31257   -7.1912699    1637.1677    1629.9764 
     150         1500    417.79696    417.79696    417.79696 0.0040475564     72928255    1.0678999    1.0547404    1.0652722     1.083687   -6.9738751    279.69504   -6.9738751    1706.6203    1699.6464 
     200         2000    424.06798    424.06798    424.06798 0.0038706356     76261694    1.0276751    1.0123744    1.0261579    1.0444929   -6.0964673    282.96006   -6.0964673    1726.5426    1720.4461 
     250         2500    428.71988    428.71988    428.71988 0.0037460007     78799031    1.0023389   0.98276593   0.99418195    1.0300688   -4.3159517    281.80115   -4.3159517    1719.4712    1715.1553 
     300         3000    430.43749    430.43749    430.43749 0.0037013355     79749923   0.97766222   0.96280797   0.97787042   0.99230826   -6.9128227    281.49648   -6.9128227    1717.6122    1710.6994 
     350         3500    429.83582    429.83582    429.83582 0.0037169003     79415965   0.98639254    0.9671429    0.9850156    1.0070191   -7.6306336    280.93964   -7.6306336    1714.2145    1706.5839 
     400         4000    428.15511    428.15511    428.15511 0.0037608443     78488021   0.98509435   0.96958439   0.98186157    1.0038371   -7.9753581    279.63051   -7.9753581    1706.2266    1698.2512 
     450         4500    425.69583    425.69583    425.69583 0.0038264016     77143293    1.0075971   0.99101817    1.0081544    1.0236188   -7.5699021    279.00869   -7.5699021    1702.4324    1694.8625 
     500         5000    424.25742    424.25742    424.25742 0.0038654529     76363943    1.0097286   0.99664539    1.0017701    1.0307703   -6.9046492    278.18321   -6.9046492    1697.3955    1690.4909 
     550         5500    424.04064    424.04064    424.04064 0.0038713843     76246946    1.0134434   0.99941032    1.0036309    1.0372891   -6.0974582    278.64034   -6.0974582    1700.1849    1694.0874 
     600         6000    425.41202    425.41202    425.41202  0.003834065     76989103    1.0140106    1.0006365    1.0044376    1.0369578   -6.9863386    281.58349   -6.9863386    1718.1431    1711.1568 
     650         6500    429.56709    429.56709    429.56709 0.0037238804     79267106   0.98952147   0.97732405   0.98105382    1.0101865   -8.2324827    282.88247   -8.2324827    1726.0691    1717.8366 
     700         7000    434.10042    434.10042    434.10042 0.0036084286     81803259   0.97075497   0.95958968   0.95997743   0.99269781    -6.671817     282.9493    -6.671817    1726.4769    1719.8051 
     750         7500     435.0546     435.0546     435.0546  0.003584738     82343877   0.96780451   0.95908845   0.96063188   0.98369321   -6.9871624      287.766   -6.9871624     1755.867    1748.8799 
     800         8000    432.76078    432.76078    432.76078 0.0036420428     81048259   0.98026012    0.9690251   0.97617192   0.99558334   -4.5124154    283.74303   -4.5124154      1731.32    1726.8076 
     850         8500    428.50533    428.50533    428.50533 0.0037516304     78680784   0.98303997   0.96472939   0.97883696    1.0055536   -5.1471247    278.16705   -5.1471247     1697.297    1692.1498 
     900         9000    425.25674    425.25674    425.25674 0.0038382663     76904832    1.0106661   0.99285149    1.0064661    1.0326809   -6.2066349    280.03532   -6.2066349    1708.6966    1702.4899 
     950         9500    424.76995    424.76995    424.76995 0.0038514776     76641033    1.0132708    1.0007959    1.0050244    1.0339922   -6.4689862     278.3414   -6.4689862    1698.3608    1691.8918 
    1000        10000    425.50192    425.50192    425.50192 0.0038316352     77037924   0.99498258   0.97888197   0.99019013    1.0158756   -6.4528173    275.99716   -6.4528173    1684.0569    1677.6041 
    1050        10500     426.2358     426.2358     426.2358 0.0038118778     77437221    1.0130746    1.0006929    1.0057719    1.0327591   -5.5653905    282.05149   -5.5653905    1720.9987    1715.4333 
    1100        11000    428.65541    428.65541    428.65541 0.0037476913     78763485    1.0063684   0.99173755   0.99834419    1.0290236   -5.1075468    285.16838   -5.1075468    1740.0171    1734.9095 
    1150        11500    431.91943    431.91943    431.91943 0.0036633677     80576465   0.96372083    0.9474876   0.96283637   0.98083852   -4.9914665    277.92264   -4.9914665    1695.8056    1690.8142 
    1200        12000    431.32502    431.32502    431.32502 0.0036785341     80244253   0.94648873    0.9374772   0.93976426   0.96222473     -5.08394    273.66882     -5.08394      1669.85    1664.7661 
    1250        12500    425.01169    425.01169    425.01169 0.0038449095     76771957    1.0293312     1.020565    1.0218897    1.0455389   -4.6391815    283.41976   -4.6391815    1729.3475    1724.7083 
    1300        13000    422.90875    422.90875    422.90875 0.0039025522     75637995    1.0541886    1.0359896    1.0436632    1.0829129   -4.4632633    284.54382   -4.4632633    1736.2062     1731.743 
    1350        13500    424.82556    424.82556    424.82556 0.0038499654     76671137   0.98825991   0.97510704   0.98332021    1.0063525   -4.7597455    272.26482   -4.7597455    1661.2832    1656.5234 
    1400        14000    425.23834    425.23834    425.23834 0.0038387645     76894850   0.99717214   0.98409561    0.9913445    1.0160763   -4.8615568    275.63658   -4.8615568    1681.8567    1676.9951 
    1450        14500    425.50441    425.50441    425.50441 0.0038315679     77039277    1.0216041     1.009697    1.0116634     1.043452   -5.4192107    283.67155   -5.4192107    1730.8839    1725.4647 
    1500        15000    427.75495    427.75495    427.75495 0.0037714086     78268163   0.99712736   0.98869909   0.98517048    1.0175125   -4.7734211    279.93003   -4.7734211    1708.0541    1703.2807 
    1550        15500     429.8186     429.8186     429.8186 0.0037173471     79406420   0.97573108   0.97082798   0.96105547   0.99530979   -4.6302924    277.26098   -4.6302924    1691.7684    1687.1381 
    1600        16000    429.61312    429.61312    429.61312 0.0037226834     79292593   0.99782417   0.99119868   0.98750585     1.014768   -6.5229979      283.363   -6.5229979    1729.0011    1722.4782 
    1650        16500    428.91913    428.91913    428.91913 0.0037407827     78908948     1.033389    1.0303335    1.0177813    1.0520522    -6.670462    293.39216    -6.670462    1790.1963    1783.5258 
    1700        17000    431.75512    431.75512    431.75512 0.0036675517     80484545   0.96295502    0.9535397   0.95446919   0.98085616   -6.2288471    279.92964   -6.2288471    1708.0518    1701.8229 
    1750        17500    432.91643    432.91643    432.91643 0.0036381158     81135741   0.93509788     0.930592   0.92234627   0.95235536   -6.2186726    272.70719   -6.2186726    1663.9824    1657.7637 
    1800        18000    427.73644    427.73644    427.73644 0.0037718985     78257999    1.0162757    1.0035396     1.006405    1.0388824    -6.512813    285.78649    -6.512813    1743.7886    1737.2758 
    1850        18500     424.8339     424.8339     424.8339 0.0038497384     76675657    1.0401129    1.0324669    1.0285745    1.0592973   -5.2795143    285.61582   -5.2795143    1742.7472    1737.4677 
    1900        19000    425.54722    425.54722    425.54722 0.0038304118     77062531   0.98792375   0.97602253   0.97632464    1.0114241    -5.643707    274.83684    -5.643707    1676.9769    1671.3332 
    1950        19500     425.6897     425.6897     425.6897 0.0038265668     77139965    1.0088677    1.0057895   0.99635098    1.0244627   -4.3722368    277.07178   -4.3722368    1690.6139    1686.2417 
    2000        20000    426.33455    426.33455    426.33455 0.0038092294     77491060    1.0211559    1.0008174    1.0187974    1.0438528     -4.85783    281.84168     -4.85783    1719.7185    1714.8607 
    2050        20500    429.28409    429.28409    429.28409 0.0037312499     79110547   0.98802989   0.97068518   0.98394772    1.0094568   -5.6363267    280.68683   -5.6363267    1712.6719    1707.0356 
    2100        21000    433.66761    433.66761    433.66761 0.0036192433     81558823   0.96767362   0.96723486   0.94884461   0.98694138   -2.4021003    279.90336   -2.4021003    1707.8914    1705.4893 
    2150        21500    436.62171    436.62171    436.62171 0.0035462778     83236915   0.95861352   0.94238331   0.95218044   0.98127682   -4.3152447    287.22716   -4.3152447    1752.5792    1748.2639 
    2200        22000    435.74055    435.74055    435.74055 0.0035678352     82733985    0.9591267   0.94247618   0.95491337   0.97999055   -5.0222012    285.00073   -5.0222012    1738.9941    1733.9719 
    2250        22500    428.90337    428.90337    428.90337 0.0037411952     78900247   0.99943194   0.98471032   0.98979877    1.0237867   -5.9589259     282.9648   -5.9589259    1726.5715    1720.6126 
    2300        23000    424.59948    424.59948    424.59948 0.0038561184     76548798    1.0249075    1.0077164    1.0213961      1.04561   -4.6116386    282.39503   -4.6116386    1723.0949    1718.4832 
    2350        23500    424.09989    424.09989    424.09989  0.003869762     76278908     1.012381   0.99699447    1.0092487    1.0308999   -3.5105402    277.68983   -3.5105402    1694.3851    1690.8745 
    2400        24000     424.9037     424.9037     424.9037 0.0038478416     76713455      1.00264   0.98526346   0.99858967     1.024067   -3.6491606    276.21864   -3.6491606    1685.4083    1681.7591 
    2450        24500    426.50789    426.50789    426.50789  0.003804587     77585615    1.0269539    1.0142538    1.0239609    1.0426468   -3.2781029    285.00597   -3.2781029    1739.0261     1735.748 
    2500        25000    430.74607    430.74607    430.74607 0.0036933866     79921561   0.99012966   0.97299311   0.98756545    1.0098304   -4.6468366    284.97113   -4.6468366    1738.8135    1734.1667 
    2550        25500    433.85705    433.85705    433.85705 0.0036145042     81665757   0.95393933   0.92899003   0.94259339   0.99023455    -3.426387    277.59027    -3.426387    1693.7776    1690.3512 
    2600        26000    431.90393    431.90393    431.90393 0.0036637621     80567792   0.96773848   0.94873289   0.96637319   0.98810937   -5.3150719     280.8301   -5.3150719    1713.5461     1708.231 
    2650        26500    428.65432    428.65432    428.65432 0.0037477198     78762884    1.0054342   0.98603347    1.0008045    1.0294647   -6.7431186    284.10436   -6.7431186    1733.5247    1726.7816 
    2700        27000    427.84586    427.84586    427.84586 0.0037690052     78318072    1.0004855   0.98235722   0.99754824     1.021551   -8.3438064    281.10607   -8.3438064      1715.23    1706.8862 
    2750        27500    427.58524    427.58524    427.58524 0.0037759011     78175042   0.99310819   0.97595926   0.98546146    1.0179039   -7.7500149    277.69459   -7.7500149    1694.4141    1686.6641 
    2800        28000    426.73163    426.73163    426.73163 0.0037986058     77707780   0.99447828   0.97214884    0.9926881    1.0185979   -6.8192665     279.2048   -6.8192665     1703.629    1696.8097 
    2850        28500    425.88667    425.88667    425.88667   0.00382126     77247093    1.0362784     1.016968    1.0317929    1.0600743   -5.7175508    288.53201   -5.7175508     1760.541    1754.8235 
    2900        29000    428.53815    428.53815    428.53815 0.0037507685     78698866    1.0140477   0.98807157     1.011683    1.0423886   -5.0837915     285.0374   -5.0837915    1739.2179    1734.1341 
    2950        29500    432.43734    432.43734    432.43734  0.003650221     80866673   0.93538563   0.91906559   0.93573665   0.95135464   -5.4348064    270.94284   -5.4348064    1653.2168     1647.782 
    3000        30000    430.09367    430.09367    430.09367 0.0037102193     79558969   0.97196634   0.95226877   0.97024514   0.99338512   -6.8529402    279.41424   -6.8529402     1704.907     1698.054 
    3050        30500    426.12286    426.12286    426.12286 0.0038149095     77375682    1.0395095    1.0164303    1.0407401    1.0613581   -7.8065236     288.9237   -7.8065236     1762.931    1755.1245 
    3100        31000    426.67326    426.67326    426.67326  0.003800165     77675896    1.0174292    1.0034678     1.008488    1.0403318   -6.5135016    282.15455   -6.5135016    1721.6275     1715.114 
    3150        31500    428.05529    428.05529    428.05529 0.0037634758     78433140    0.9791843   0.96107354   0.98135992   0.99511942   -5.7887057    277.11932   -5.7887057     1690.904    1685.1153 
    3200        32000    427.71079    427.71079    427.71079  0.003772577     78243924   0.99370304   0.97502708     0.994458     1.011624   -4.2925707    279.82351   -4.2925707    1707.4042    1703.1116 
    3250        32500    427.05426    427.05426    427.05426 0.0037900031     77884165    1.0403619     1.008577    1.0381666    1.0743421    -2.136484    286.37299    -2.136484    1747.3673    1745.2308 
    3300        33000    429.09335    429.09335    429.09335  0.003736228     79005143   0.99096308   0.96991274   0.99491464    1.0080619   -5.7934325    282.14087   -5.7934325    1721.5441    1715.7506 
    3350        33500    430.59971    430.59971    430.59971 0.0036971538     79840125   0.93952534   0.92187924   0.94197482   0.95472195    -5.900728    270.56835    -5.900728    1650.9318    1645.0311 
    3400        34000    426.16246    426.16246    426.16246 0.0038138461     77397257    1.0099191   0.99047919    1.0129006    1.0263774   -5.7576236    281.72723   -5.7576236    1719.0202    1713.2626 
    3450        34500    421.54822    421.54822    421.54822 0.0039404602     74910343    1.0751598    1.0571073    1.0784743    1.0898979   -6.4569096    290.73043   -6.4569096    1773.9551    1767.4982 
    3500        35000    423.71594    423.71594    423.71594 0.0038802912     76071927    1.0125269    1.0009596    1.0121481    1.0244729   -6.2628363    276.72024   -6.2628363    1688.4689    1682.2061 
    3550        35500    426.14981    426.14981    426.14981 0.0038141858     77390364   0.99075217   0.97913675   0.98564162    1.0074781   -5.4083727    275.10914   -5.4083727    1678.6384    1673.2301 
    3600        36000    427.05303    427.05303    427.05303 0.0037900358     77883492    1.0052253   0.99489208    1.0069537      1.01383   -5.9041124    282.17563   -5.9041124    1721.7562    1715.8521 
    3650        36500    428.35927    428.35927    428.35927 0.0037554693     78600357    1.0020785   0.99337944    1.0023301    1.0105258   -5.9125468    283.91116   -5.9125468    1732.3459    1726.4333 
    3700        37000    429.63198    429.63198    429.63198 0.0037221934     79303033   0.97335876   0.96655437    0.9749045   0.97861741   -5.3652441    277.72054   -5.3652441    1694.5725    1689.2072 
    3750        37500    428.13851    428.13851    428.13851 0.0037612815     78478898   0.95926871   0.95193862   0.96004465   0.96582288   -6.1832429    271.80271   -6.1832429    1658.4636    1652.2803 
    3800        38000      423.304      423.304      423.304 0.0038916307     75850266    1.0220316    1.0169788     1.019829    1.0292871   -6.5046801    279.20878   -6.5046801    1703.6533    1697.1486 
    3850        38500    422.23774    422.23774    422.23774 0.0039211872     75278535     1.065321    1.0572563    1.0643995    1.0743071   -6.9849228    288.93741   -6.9849228    1763.0147    1756.0297 
    3900        39000    425.17796    425.17796    425.17796 0.0038404004     76862096    1.0081782   0.99816459    1.0065381     1.019832   -7.4695233    279.59779   -7.4695233    1706.0269    1698.5574 
    3950        39500    426.90745    426.90745    426.90745 0.0037939144     77803871   0.96627772   0.95467692    0.9618547   0.98230154   -6.6095878    270.10253   -6.6095878    1648.0895    1641.4799 
    4000        40000    425.74449    425.74449    425.74449 0.0038250898     77169751    1.0195967    1.0221324    1.0120481    1.0246095   -4.6158716    279.68963   -4.6158716    1706.5873    1701.9714 
    4050        40500    425.56088    425.56088    425.56088  0.003830043     77069951    1.0228516    1.0193524    1.0197338    1.0294687   -5.5753178    282.88739   -5.5753178    1726.0991    1720.5238 
    4100        41000    427.63063    427.63063    427.63063 0.0037746988     78199941   0.98383744    0.9765983   0.97941628   0.99549774   -5.5386164    277.89232   -5.5386164    1695.6206     1690.082 
    4150        41500    429.19615    429.19615    429.19615 0.0037335439     79061939   0.97481498    0.9709111   0.96997278   0.98356105    -5.904606    277.52758    -5.904606    1693.3951    1687.4905 
    4200        42000    428.94161    428.94161    428.94161 0.0037401947     78921353    1.0108879    1.0040955    1.0033956    1.0251727   -6.8371754    287.37105   -6.8371754    1753.4572      1746.62 
    4250        42500    429.67395    429.67395    429.67395 0.0037211026     79326280    1.0048562    1.0018194   0.99550891    1.0172404   -6.1454028    285.85552   -6.1454028    1744.2098    1738.0644 
    4300        43000    431.04074    431.04074    431.04074 0.0036858169     80085699    0.9415139   0.93200553    0.9373046   0.95523156   -6.4002544    270.89855   -6.4002544    1652.9466    1646.5464 
    4350        43500    427.10969    427.10969    427.10969 0.0037885275     77914499   0.99559771   0.98817851    0.9877243    1.0108903   -6.2127363    279.17774   -6.2127363    1703.4639    1697.2512 
    4400        44000    423.18682    423.18682    423.18682 0.0038948643     75787295    1.0470172    1.0372832    1.0385296    1.0652388   -5.9748217     286.1398   -5.9748217    1745.9444    1739.9696 
    4450        44500    423.98216    423.98216    423.98216 0.0038729865     76215403    1.0098187   0.99995314    1.0017603    1.0277427   -5.0962213    276.70582   -5.0962213    1688.3809    1683.2847 
    4500        45000    425.60133    425.60133    425.60133 0.0038289508     77091934   0.98342824   0.97680092      0.97794    0.9955438   -5.1435701    272.54211   -5.1435701    1662.9751    1657.8316 
    4550        45500    425.85936    425.85936    425.85936 0.0038219952     77232234    1.0069196   0.99728335   0.99674338     1.026732   -6.0572667    279.74858   -6.0572667     1706.947    1700.8898 
    4600        46000    426.56604    426.56604    426.56604 0.0038030313     77617353     1.004965   0.99902192   0.99297847    1.0228947   -6.6979068    280.24095   -6.6979068    1709.9513    1703.2534 
    4650        46500    429.07165    429.07165    429.07165  0.003736795     78993154   0.97431237   0.96610281   0.96787515   0.98895913   -7.6208128    277.85023   -7.6208128    1695.3638     1687.743 
    4700        47000    432.37607    432.37607    432.37607  0.003651773     80832303   0.95934373   0.95257297   0.95135071   0.97410752   -6.9432559    279.54671   -6.9432559    1705.7152     1698.772 
    4750        47500    433.12721    433.12721    433.12721 0.0036328069     81254311   0.99303384   0.99228258   0.97821281    1.0086061    -4.845534    286.36009    -4.845534    1747.2885     1742.443 
    4800        48000    431.73687    431.73687    431.73687 0.0036680167     80474340   0.97699682   0.97002545   0.97059587   0.99036913   -7.2546147     284.0623   -7.2546147    1733.2681    1726.0135 
    4850        48500    427.42355    427.42355    427.42355  0.003780188     78086388    0.9919761    0.9818143   0.97804485    1.0160692   -6.8521182    277.88373   -6.8521182    1695.5682    1688.7161 
    4900        49000    423.23515    423.23515    423.23515 0.0038935302     75813263     1.040872    1.0418501    1.0225673    1.0581988   -5.3354027    281.77136   -5.3354027    1719.2894     1713.954 
    4950        49500    423.07176    423.07176    423.07176  0.003898043     75725492    1.0209407    1.0095062    1.0099099    1.0434059   -6.6042592    278.79717   -6.6042592    1701.1418    1694.5375 
    5000        50000    424.84542    424.84542    424.84542 0.0038494253     76681894   0.99841295   0.99563305   0.98188038    1.0177254   -6.4921546    274.32761   -6.4921546    1673.8698    1667.3776 
    5050        50500    426.57961    426.57961    426.57961 0.0038026685     77624759    1.0115636    1.0048152    0.9982636    1.0316119   -6.5745414     282.5267   -6.5745414    1723.8983    1717.3238 
    5100        51000     429.0732     429.0732     429.0732 0.0037367546     78994009    1.0009785   0.99524965   0.98429608    1.0233899   -5.8963567    285.00408   -5.8963567    1739.0146    1733.1182 
    5150        51500    431.00148    431.00148    431.00148 0.0036868243     80063816   0.97176145   0.96133966   0.96249416   0.99145053   -5.7533025    278.74466   -5.7533025    1700.8213     1695.068 
    5200        52000    430.07459    430.07459    430.07459 0.0037107131     79548382   0.97181035   0.96802927   0.95998911   0.98741268   -5.7803163     277.9611   -5.7803163    1696.0403      1690.26 
    5250        52500    427.30873    427.30873    427.30873  0.003783236     78023476    1.0115059    1.0059237    1.0002041    1.0283899   -5.4244326    284.46424   -5.4244326    1735.7206    1730.2962 
    5300        53000    426.44615    426.44615    426.44615 0.0038062396     77551929    1.0211902    1.0165255    1.0070005    1.0400445   -5.1659085    285.12796   -5.1659085    1739.7705    1734.6046 
    5350        53500    427.50713    427.50713    427.50713 0.0037779712     78132207   0.97849713   0.97158685   0.96344975    1.0004548   -5.4307041    274.64386   -5.4307041    1675.7994    1670.3687 
    5400        54000    426.93712    426.93712    426.93712 0.0037931236     77820092   0.98311706   0.97647326   0.97221006    1.0006679   -5.8363809    275.92338   -5.8363809    1683.6067    1677.7703 
    5450        54500    425.00763    425.00763    425.00763 0.0038450196     76769759    1.0474653    1.0398703    1.0317484    1.0707772   -4.5044033    286.96955   -4.5044033    1751.0073    1746.5029 
    5500        55000    426.88397    426.88397    426.88397 0.0037945405     77791032    1.0158058   0.99740468    1.0115719    1.0384409   -5.3922866    281.92644   -5.3922866    1720.2357    1714.8434 
    5550        55500    431.92332    431.92332    431.92332 0.0036632688     80578643   0.90821794   0.89914251   0.89884213   0.92666918   -6.4296535    264.17995   -6.4296535    1611.9516     1605.522 
    5600        56000    429.38577    429.38577    429.38577 0.0037285999     79166774   0.97024546   0.96194577    0.9586569   0.99013372    -6.649741    276.58347    -6.649741    1687.6344    1680.9846 
    5650        56500    424.35703    424.35703    424.35703 0.0038627316     76417742    1.0402584    1.0294065     1.037237    1.0541317   -6.3115811    285.37856   -6.3115811    1741.2995     1734.988 
    5700        57000    424.27948    424.27948    424.27948   0.00386485     76375855    1.0139204     1.006332     1.000995    1.0344341   -6.4849514    278.59488   -6.4849514    1699.9075    1693.4225 
    5750        57500    425.33464    425.33464    425.33464 0.0038361579     76947100   0.98988359    0.9745049   0.97783869    1.0173072   -6.3583728    273.24102   -6.3583728    1667.2397    1660.8813 
    5800        58000    425.65445    425.65445    425.65445 0.0038275176     77120801    1.0134422   0.99954396     1.005678    1.0351046   -5.6539801    281.11351   -5.6539801    1715.2754    1709.6214 
    5850        58500    427.16368    427.16368    427.16368 0.0037870912     77944049    1.0204366    1.0157474    1.0112573     1.034305    -4.324218     284.5184    -4.324218    1736.0511    1731.7269 
    5900        59000    430.13999    430.13999    430.13999 0.0037090208     79584678   0.96961986   0.96320913   0.95841732   0.98723312   -5.9384955    278.33721   -5.9384955    1698.3352    1692.3967 
    5950        59500    430.66059    430.66059    430.66059 0.0036955862     79873992   0.96789179   0.95919646    0.9625792   0.98189969   -6.3196535    278.20689   -6.3196535      1697.54    1691.2204 
    6000        60000     428.4301     428.4301     428.4301 0.0037536071     78639350     1.041539    1.0345148    1.0310793     1.059023   -5.7768896    293.42927   -5.7768896    1790.4227    1784.6458 
    6050        60500    429.25195    429.25195    429.25195 0.0037320882     79092777    1.0357964     1.025555    1.0228343    1.0589999   -6.5104898     292.3064   -6.5104898    1783.5713    1777.0608 
    6100        61000    433.63746    433.63746    433.63746 0.0036199981     81541818   0.95266798   0.94979462   0.93535029   0.97285904   -4.8148427    275.44537   -4.8148427      1680.69    1675.8752 
    6150        61500    433.07928    433.07928    433.07928 0.0036340134     81227336   0.95100832   0.94446211   0.94049734   0.96806549   -5.2614124    278.23341   -5.2614124    1697.7019    1692.4404 
    6200        62000    428.28187    428.28187    428.28187 0.0037575057     78557758    1.0238402    1.0202448    1.0149261    1.0363498   -4.5864227    288.95601   -4.5864227    1763.1281    1758.5417 
    6250        62500    427.12275    427.12275    427.12275   0.00378818     77921647   0.99420719   0.99061847   0.98515932    1.0068438   -4.9331966    279.55086   -4.9331966    1705.7406    1700.8074 
    6300        63000    426.48187    426.48187    426.48187 0.0038052835     77571415   0.99393011    0.9814074   0.98228098     1.018102   -4.1349192    275.46449   -4.1349192    1680.8067    1676.6718 
    6350        63500    425.58672    425.58672    425.58672 0.0038293453     77083993    1.0192641    1.0057657    1.0228373    1.0291893   -3.7251295    280.38353   -3.7251295    1710.8213    1707.0962 
    6400        64000    426.12529    426.12529    426.12529 0.0038148442     77377006    1.0159412    1.0089271    1.0071341    1.0317624    -5.657565    283.03532    -5.657565    1727.0017    1721.3442 
    6450        64500    428.27176    428.27176    428.27176 0.0037577719     78552193   0.98457675   0.97868289   0.97784588   0.99720147   -5.9536509    277.88731   -5.9536509      1695.59    1689.6364 
    6500        65000    429.06667    429.06667    429.06667 0.0037369251     78990404   0.95672277   0.94973617   0.94831559   0.97211654   -6.6253174    272.42716   -6.6253174    1662.2738    1655.6485 
    6550        65500     425.2702     425.2702     425.2702  0.003837902     76912132    1.0290211     1.024093    1.0230896    1.0398808   -6.6269743    284.30797   -6.6269743    1734.7671    1728.1401 
    6600        66000    422.13444    422.13444    422.13444 0.0039240668     75223293    1.0706816    1.0736591    1.0525878     1.085798   -7.8616902    289.51129   -7.8616902    1766.5163    1758.6546 
    6650        66500    425.69878    425.69878    425.69878 0.0038263221     77144897   0.98115071   0.97706716   0.96727852   0.99910645   -7.0670851    273.20157   -7.0670851     1666.999    1659.9319 
    6700        67000    430.62998    430.62998    430.62998 0.0036963743     79856963   0.94944577   0.94408649   0.94234089   0.96190994   -4.8845482    270.99135   -4.8845482    1653.5128    1648.6283 
    6750        67500      431.105      431.105      431.105 0.0036841691     80121520   0.97557987   0.97227329   0.97099246   0.98347384   -4.6175667    280.40023   -4.6175667    1710.9232    1706.3056 
    6800        68000     428.3219     428.3219     428.3219 0.0037564523     78579788    1.0162562    1.0195628    1.0037744    1.0254313    -4.288088    286.44262    -4.288088    1747.7921    1743.5041 
    6850        68500    424.55193    424.55193    424.55193 0.0038574141     76523085    1.0288875    1.0260578    1.0213866     1.039218   -4.8535295    282.14612   -4.8535295    1721.5761    1716.7226 
    6900        69000    421.47385    421.47385    421.47385 0.0039425466     74870699    1.0361907    1.0340878    1.0290245    1.0454599   -6.6487401    279.29084   -6.6487401     1704.154    1697.5053 
    6950        69500    421.04874    421.04874    421.04874 0.0039545004     74644379    1.0357697    1.0372695    1.0208919    1.0491476   -7.2804082    278.54899   -7.2804082    1699.6274     1692.347 
    7000        70000    425.30248    425.30248    425.30248 0.0038370282     76929647   0.99667388    0.9957315   0.99128778    1.0030023   -7.2325934    275.83875   -7.2325934    1683.0903    1675.8577 
    7050        70500    430.32155    430.32155    430.32155 0.0037043281     79685496     1.003461    1.0169324   0.99399541   0.99945503    -3.880706    282.52177    -3.880706    1723.8682    1719.9875 
    7100        71000    432.78934    432.78934    432.78934 0.0036413217     81064307   0.96249871   0.95899589   0.95764417   0.97085606   -6.4083916    282.16244   -6.4083916    1721.6757    1715.2673 
    7150        71500    431.29823    431.29823    431.29823 0.0036792194     80229307   0.98068359   0.96835035   0.98521462    0.9884858   -6.5018049     281.2984   -6.5018049    1716.4036    1709.9018 
    7200        72000    427.88737    427.88737    427.88737 0.0037679082     78340875   0.99106906   0.98578868   0.98099905    1.0064194   -8.3145109    279.38704   -8.3145109     1704.741    1696.4265 
    7250        72500    424.38128    424.38128    424.38128 0.0038620694     76430844    1.0006469   0.98897622   0.99588615    1.0170782   -8.0398356    275.12214   -8.0398356    1678.7177    1670.6779 
    7300        73000    421.73073    421.73073    421.73073 0.0039353467     75007680    1.0216382     1.007166    1.0263631    1.0313854   -7.6387994     275.0432   -7.6387994    1678.2361    1670.5973 
    7350        73500    421.43716    421.43716    421.43716 0.0039435763     74851151    1.0531699    1.0527281    1.0372941    1.0694874   -6.0526029    281.63557   -6.0526029    1718.4608    1712.4082 
    7400        74000     425.7088     425.7088     425.7088 0.0038260519     77150345    1.0161004    1.0073479    1.0091955    1.0317578    -6.776555    283.33844    -6.776555    1728.8513    1722.0747 
    7450        74500    430.29668    430.29668    430.29668 0.0037049704     79671682   0.97649295   0.97471403   0.96020909   0.99455573   -6.1448138    278.96422   -6.1448138     1702.161    1696.0162 
    7500        75000     431.0246     431.0246     431.0246  0.003686231     80076703   0.97943583    0.9721556    0.9691297    0.9970222   -7.9104295     282.7258   -7.9104295    1725.1132    1717.2027 
    7550        75500    429.92835    429.92835    429.92835 0.0037145009     79467264    1.0092771    1.0034352   0.99847857    1.0259177    -8.606663    288.02441    -8.606663    1757.4437    1748.8371 
    7600        76000    429.37615    429.37615    429.37615 0.0037288506     79161451   0.97333658   0.96738419   0.96367559   0.98894996   -7.5546983    277.39748   -7.5546983    1692.6012    1685.0465 
    7650        76500    426.50377    426.50377    426.50377 0.0038046972     77583368   0.98604666   0.97994712   0.97632605    1.0018668   -6.8013038    276.29074   -6.8013038    1685.8482    1679.0469 
    7700        77000    422.81071    422.81071    422.81071 0.0039052676     75585402    1.0471535    1.0320481    1.0493091    1.0601034   -6.2665157    283.46172   -6.2665157    1729.6036     1723.337 
    7750        77500    423.57627    423.57627    423.57627  0.003884131     75996722    1.0206441    1.0172581    1.0107195    1.0339547   -6.2585275    278.79024   -6.2585275    1701.0995    1694.8409 
    7800        78000    425.89347    425.89347    425.89347 0.0038210769     77250794   0.95574926   0.94814918    0.9490921   0.97000652   -6.2692239    266.02048   -6.2692239     1623.182    1616.9128 
    7850        78500     424.7961     424.7961     424.7961 0.0038507662     76655192    1.0069918   0.99763923    1.0005006    1.0228355   -7.1046302    278.18035   -7.1046302    1697.3781    1690.2734 
    7900        79000    424.13562    424.13562    424.13562  0.003868784     76298192    1.0362653    1.0205169    1.0342322    1.0540468   -6.6528803    283.75182   -6.6528803    1731.3737    1724.7208 
    7950        79500    426.99304    426.99304    426.99304 0.0037916334     77850676   0.98790082   0.97595962   0.98632139    1.0014215    -5.680339      277.109    -5.680339     1690.841    1685.1607 
    8000        80000    429.27511    429.27511    429.27511 0.0037314841     79105582   0.97181436   0.95391528   0.97218397   0.98934383   -5.3675159    276.15731   -5.3675159     1685.034    1679.6665 
    8050        80500    429.21261    429.21261    429.21261 0.0037331144     79071037    1.0136533   0.99978391    1.0094257    1.0317503   -5.5822137    287.63586   -5.5822137     1755.073    1749.4908 
    8100        81000    429.94124    429.94124    429.94124 0.0037141669     79474411   0.99434965    0.9786752   0.99694771    1.0074261   -6.2993359    284.64863   -6.2993359    1736.8457    1730.5464 
    8150        81500    430.65954    430.65954    430.65954 0.0036956132     79873408   0.96732459   0.94916729   0.96710952   0.98569695   -6.7116677       277.93   -6.7116677    1695.8505    1689.1389 
    8200        82000    428.24575    428.24575    428.24575 0.0037584566     78537884    0.9958486   0.97682308   0.99964053    1.0110822   -6.0678952    281.12187   -6.0678952    1715.3264    1709.2585 
    8250        82500     424.6126     424.6126     424.6126 0.0038557609     76555894     1.031426     1.009577    1.0377551    1.0469459   -5.7646374    283.64378   -5.7646374    1730.7144    1724.9498 
    8300        83000     423.4893     423.4893     423.4893 0.0038865244     75949922    1.0121668   0.99183864     1.023304    1.0213577    -6.236927    276.21951    -6.236927    1685.4136    1679.1767 
    8350        83500    423.67847    423.67847    423.67847 0.0038813209     76051744    1.0020531   0.98142598    1.0142765    1.0104569    -6.748354    273.52048    -6.748354    1668.9449    1662.1966 
    8400        84000    424.63141    424.63141    424.63141 0.0038552486     76566067    1.0346088    1.0255296    1.0371808     1.041116   -7.1293278    284.41009   -7.1293278    1735.3902    1728.2609 
    8450        84500    429.54585    429.54585    429.54585 0.0037244328     79255350   0.99508051   0.97815408   0.99887216    1.0082153   -7.5923149    284.24947   -7.5923149    1734.4101    1726.8178 
    8500        85000    433.54745    433.54745    433.54745 0.0036222534     81491048   0.94633061   0.92710287    0.9548383   0.95705067   -7.2403335    276.93289   -7.2403335    1689.7665    1682.5261 
    8550        85500     431.7116     431.7116     431.7116 0.0036686609     80460208   0.97225952   0.95554458   0.98065419   0.98057978   -8.5918603     281.8558   -8.5918603    1719.8047    1711.2128 
    8600        86000    428.71447    428.71447    428.71447 0.0037461425     78796048    1.0067963   0.98432568    1.0152106    1.0208527   -8.1450091    285.67483   -8.1450091    1743.1073    1734.9623 
    8650        86500    427.14394    427.14394    427.14394 0.0037876164     77933241   0.98327449   0.96428031   0.98921493   0.99632823   -8.5025201    276.65189   -8.5025201    1688.0519    1679.5494 
    8700        87000    425.26182    425.26182    425.26182 0.0038381287     76907588   0.99840866   0.98132714    1.0073308    1.0065681   -8.4287227    276.26008   -8.4287227    1685.6612    1677.2324 
    8750        87500    424.17495    424.17495    424.17495  0.003867708     76319419     1.039053    1.0097792     1.057555    1.0498247   -5.2371667    281.10794   -5.2371667    1715.2414    1710.0043 
    8800        88000    425.94532    425.94532    425.94532 0.0038196818     77279010    1.0119142    0.9924853    1.0151671    1.0280902   -7.0923214    282.30308   -7.0923214    1722.5338    1715.4415 
    8850        88500    429.85468    429.85468    429.85468 0.0037164112     79426417   0.99400396   0.96864332    1.0025396     1.010829   -6.5892268    283.25717   -6.5892268    1728.3554    1721.7662 
    8900        89000    434.84351    434.84351    434.84351 0.0035899612     82224071   0.95134401   0.93085256   0.95306579   0.97011368   -7.6031831    282.47177   -7.6031831    1723.5631    1715.9599 
    8950        89500    435.88129    435.88129    435.88129 0.0035643803     82814178   0.95124641   0.93746161    0.9491159   0.96716173   -6.7403442    282.57904   -6.7403442    1724.2176    1717.4773 
    9000        90000    431.42197    431.42197    431.42197 0.0036760546     80298378   0.97989951   0.95957474   0.98163018    0.9984936   -6.0815351    283.43332   -6.0815351    1729.4302    1723.3487 
    9050        90500    426.03694    426.03694    426.03694 0.0038172179     77328890   0.99772072   0.97749136   0.99814994    1.0175209   -6.2589015    278.52816   -6.2589015    1699.5004    1693.2415 
    9100        91000    423.78265    423.78265    423.78265 0.0038784589     76107864    1.0285228    1.0101117    1.0303363    1.0451205   -4.4185557    278.00519   -4.4185557    1696.3093    1691.8908 
    9150        91500      424.195      424.195      424.195 0.0038671596     76330241    1.0201324    0.9914352    1.0149854    1.0539768   -6.0291527    278.92872   -6.0291527    1701.9444    1695.9153 
    9200        92000    426.16979    426.16979    426.16979 0.0038136493     77401250    1.0190116   0.99398041    1.0161953    1.0468592   -5.9962446    282.74691   -5.9962446     1725.242    1719.2457 
    9250        92500    429.56742    429.56742    429.56742 0.0037238718     79267289    1.0162453   0.99734445    1.0154466    1.0359447   -5.4188929    289.08899   -5.4188929    1763.9395    1758.5206 
    9300        93000    432.63292    432.63292    432.63292 0.0036452728     80976442   0.96064917   0.94318539   0.95797544   0.98078668   -5.7546034    280.55295   -5.7546034     1711.855    1706.1004 
    9350        93500    431.21046    431.21046    431.21046 0.0036814668     80180332   0.94663673   0.92382148   0.94683696   0.96925177   -6.5808125    273.44595   -6.5808125    1668.4901    1661.9093 
    9400        94000    426.94977    426.94977    426.94977 0.0037927864     77827010    1.0078355   0.98635693    1.0075882    1.0295615   -6.5257205    280.76156   -6.5257205    1713.1279    1706.6022 
    9450        94500    426.18659    426.18659    426.18659 0.0038131984     77410404    1.0636037    1.0412133    1.0648986    1.0846991   -6.5501391    296.06672   -6.5501391    1806.5157    1799.9655 
    9500        95000    430.01733    430.01733    430.01733 0.0037121957     79516613   0.98453334   0.96661643   0.98549602    1.0014876   -6.2037894    281.66602   -6.2037894    1718.6467    1712.4429 
    9550        95500    431.61945    431.61945    431.61945 0.0036710111     80408699   0.95061848   0.92567743   0.95630235   0.96987567   -6.2375993    274.68912   -6.2375993    1676.0756     1669.838 
    9600        96000     428.7399     428.7399     428.7399  0.003745476     78810069    1.0072099   0.97693309    1.0052111    1.0394857   -4.3399364    282.71738   -4.3399364    1725.0618    1720.7219 
    9650        96500     426.2322     426.2322     426.2322 0.0038119743     77435261    1.0334763    1.0089283    1.0381288    1.0533719     -6.00609     286.2783     -6.00609    1746.7895    1740.7834 
    9700        97000    426.45863    426.45863    426.45863 0.0038059057     77558734   0.97295923   0.95134635   0.97108515   0.99644618   -5.9508453    272.05867   -5.9508453    1660.0254    1654.0745 
    9750        97500    424.93425    424.93425    424.93425 0.0038470118     76730003   0.99642744   0.97601201   0.99647553    1.0167948   -5.4970811    275.84681   -5.4970811    1683.1395    1677.6424 
    9800        98000    422.44138    422.44138    422.44138 0.0039155194     75387502    1.0485398    1.0282661    1.0478144     1.069539   -5.6075491    284.44711   -5.6075491    1735.6161    1730.0085 
    9850        98500    424.01578    424.01578    424.01578 0.0038720653     76233534    1.0174554    1.0003633    1.0142637    1.0377394   -5.8683645     279.7252   -5.8683645    1706.8043     1700.936 
    9900        99000    430.39596    430.39596    430.39596 0.0037024071     79726842   0.93340647    0.9155323   0.93085419   0.95383292   -5.7032483    268.30372   -5.7032483    1637.1137    1631.4105 
    9950        99500    431.43051    431.43051    431.43051 0.0036758364     80303145   0.97918906   0.95977673   0.97760174    1.0001887   -6.6062123    283.59436   -6.6062123    1730.4129    1723.8066 
   10000       100000    429.94303    429.94303    429.94303 0.0037141205     79475403    1.0102886   0.98657488    1.0153749     1.028916   -6.0869708    286.59251   -6.0869708    1748.7067    1742.6197 
   10050       100500    428.58622    428.58622    428.58622 0.0037495066     78725351   0.97979852    0.9582757   0.97980899    1.0013109   -8.1050713    278.71903   -8.1050713     1700.665    1692.5599 
   10100       101000    425.56928    425.56928    425.56928  0.003829816     77074519   0.99654002   0.97543514    0.9931111    1.0210738   -8.5925379    277.79545   -8.5925379    1695.0296     1686.437 
   10150       101500    422.65355    422.65355    422.65355 0.0039096254     75501152    1.0357027    1.0108807    1.0347742    1.0614532   -8.0907917    281.27158   -8.0907917    1716.2399    1708.1491 
   10200       102000    423.10091    423.10091    423.10091 0.0038972373     75741147    1.0222247    1.0031347    1.0143851    1.0491543    -7.453164     277.4476    -7.453164    1692.9071    1685.4539 
   10250       102500     427.3408     427.3408     427.3408 0.0037823844     78041043   0.95562176   0.93176882   0.95204534   0.98305113   -7.0639633    269.14156   -7.0639633     1642.226     1635.162 
   10300       103000    432.68621    432.68621    432.68621 0.0036439262     81006366   0.94520449   0.92258162   0.94399572   0.96903615   -6.9293959    276.00898   -6.9293959     1684.129    1677.1996 
   10350       103500    434.95492    434.95492    434.95492 0.0035872032     82287288   0.95527055   0.93537426   0.95457698    0.9758604   -6.3283692    281.18739   -6.3283692    1715.7262    1709.3978 
   10400       104000    432.11075    432.11075    432.11075 0.0036585039     80683590   0.98629499   0.96345023    0.9842581    1.0111766   -6.3826643    287.03137   -6.3826643    1751.3845    1745.0019 
   10450       104500     426.3031     426.3031     426.3031 0.0038100726     77473911    1.0191571   0.99756712    1.0182097    1.0416946   -6.7401837    283.59249   -6.7401837    1730.4014    1723.6613 
   10500       105000    423.68076    423.68076    423.68076 0.0038812579     76052979    1.0200145   0.99624171    1.0191441    1.0446578   -7.1781876    279.16022   -7.1781876     1703.357    1696.1788 
   10550       105500    423.77453    423.77453    423.77453 0.0038786821     76103484    1.0228048   0.99808831    1.0245552     1.045771   -6.2125339    277.13968   -6.2125339    1691.0282    1684.8157 
   10600       106000    425.82769    425.82769    425.82769  0.003822848     77215005    1.0008157    0.9758971    1.0036817    1.0228681    -6.264901    279.06868    -6.264901    1702.7984    1696.5335 
   10650       106500      428.688      428.688      428.688 0.0037468365     78781453    1.0066936    0.9808378    1.0106616    1.0285815   -5.3824337    285.89377   -5.3824337    1744.4432    1739.0608 
   10700       107000     432.0914     432.0914     432.0914 0.0036589953     80672752   0.97117647   0.94679231   0.97583915   0.99089795   -5.6617655    282.48221   -5.6617655    1723.6268    1717.9651 
   10750       107500    432.50154    432.50154    432.50154 0.0036485958     80902693   0.94680343   0.92319724    0.9527087   0.96450436   -5.3179478    274.55305   -5.3179478    1675.2454    1669.9274 
   10800       108000    427.27962    427.27962    427.27962 0.0037840092     78007534   0.96065457   0.93770501   0.96746006   0.97679863   -5.7230101    269.15464   -5.7230101    1642.3058    1636.5827 
   10850       108500    422.51818    422.51818    422.51818 0.0039133847     75428625    1.0352722    1.0103672    1.0430004    1.0524489   -6.4586121    280.84537   -6.4586121    1713.6393    1707.1807 
   10900       109000    423.29731    423.29731    423.29731 0.0038918152     75846671    1.0414803    1.0134286    1.0493606    1.0616517   -5.5814293    283.66681   -5.5814293    1730.8549    1725.2735 
   10950       109500    427.05716    427.05716    427.05716 0.0037899258     77885753   0.98748417   0.96719236   0.99070618     1.004554   -5.3470509    276.84426   -5.3470509    1689.2256    1683.8786 
   11000       110000    429.12424    429.12424    429.12424 0.0037354213     79022203   0.99288213   0.97537836   0.99603256    1.0072355   -5.3656236    282.08415   -5.3656236     1721.198    1715.8324 
   11050       110500    430.55885    430.55885    430.55885 0.0036982065     79817398    1.0127511   0.99511507    1.0154883    1.0276499   -5.6656437    290.67767   -5.6656437    1773.6332    1767.9676 
   11100       111000    432.56694    432.56694    432.56694 0.0036469411     80939399   0.96169997   0.95006319   0.95616234   0.97887439   -5.7500806    278.21763   -5.7500806    1697.6056    1691.8555 
   11150       111500    430.67556    430.67556    430.67556 0.0036952009     79882322   0.96259941   0.94831884   0.96505471   0.97442466   -7.0296189    276.68619   -7.0296189    1688.2612    1681.2316 
   11200       112000     425.5069     425.5069     425.5069 0.0038315006     77040631    1.0272726     1.010495    1.0286244    1.0426984   -6.7563459    284.99062   -6.7563459    1738.9325    1732.1761 
   11250       112500     424.1601     424.1601     424.1601 0.0038681143     76311401    1.0117017   0.99214388    1.0163259    1.0266353   -6.0972409    278.14852   -6.0972409    1697.1839    1691.0867 
   11300       113000     424.1914     424.1914     424.1914 0.0038672581     76328297   0.98916752   0.96692961   0.99685073    1.0037222   -6.2013864    271.22739   -6.2013864    1654.9531    1648.7517 
   11350       113500    423.79741    423.79741    423.79741 0.0038780537     76115816    1.0156707   0.99283667    1.0247542    1.0294212   -6.7345382    279.10762   -6.7345382    1703.0361    1696.3015 
   11400       114000     424.9706     424.9706     424.9706 0.0038460246     76749697    1.0211402    1.0052184    1.0226674    1.0355349   -6.3143537    281.37547   -6.3143537    1716.8738    1710.5595 
   11450       114500    427.75707    427.75707    427.75707 0.0037713526     78269326   0.98849373   0.97036735    0.9909706    1.0041432   -6.2291451    278.02366   -6.2291451     1696.422    1690.1929 
   11500       115000    429.30207    429.30207    429.30207 0.0037307812     79120486   0.98041427   0.95732994   0.98766713   0.99624573   -5.0220922     279.4622   -5.0220922    1705.1996    1700.1775 
   11550       115500    429.14177    429.14177    429.14177 0.0037349634     79031892    1.0238738    1.0070314    1.0324383    1.0321518   -4.2131017    290.29327   -4.2131017    1771.2877    1767.0746 
   11600       116000    431.22134    431.22134    431.22134  0.003681188     80186403    1.0110482   0.99454976    1.0195546    1.0190402   -4.9408534    290.78505   -4.9408534    1774.2884    1769.3476 
   11650       116500    434.74686    434.74686    434.74686 0.0035923559     82169259   0.92181419   0.89879714   0.93740374    0.9292417   -5.1460192    271.67214   -5.1460192    1657.6669    1652.5208 
   11700       117000     430.8476     430.8476     430.8476 0.0036907761     79978090   0.97737011   0.95932303   0.98759026   0.98519704   -5.7091852    280.45857   -5.7091852    1711.2792      1705.57 
   11750       117500    425.55275    425.55275    425.55275 0.0038302623     77065538     1.040138    1.0218366    1.0543366    1.0442407   -5.8283775     289.1108   -5.8283775    1764.0726    1758.2442 
   11800       118000     425.4594     425.4594     425.4594  0.003832784     77014834    1.0072239   0.99018792    1.0166889    1.0147949   -4.7592571    277.17371   -4.7592571    1691.2359    1686.4766 
   11850       118500    425.96898    425.96898    425.96898 0.0038190452     77291891   0.99156876   0.97361933    1.0051325   0.99595447   -5.6530574    275.63386   -5.6530574    1681.8401    1676.1871 
   11900       119000    425.92693    425.92693    425.92693 0.0038201765     77269003    1.0168096    0.9935537    1.0286026    1.0282725   -4.6627079    280.94327   -4.6627079    1714.2366    1709.5739 
   11950       119500     427.1543     427.1543     427.1543 0.0037873408     77938913     1.010526   0.98838174    1.0236998    1.0194965   -5.5041905    282.74899   -5.5041905    1725.2546    1719.7504 
   12000       120000     429.9445     429.9445     429.9445 0.0037140825     79476216   0.97423895   0.95926142   0.98057909   0.98287634   -5.1804204     277.1779   -5.1804204    1691.2615     1686.081 
   12050       120500    431.22633    431.22633    431.22633 0.0036810601     80189188   0.94993886   0.93028906   0.95685962   0.96266791   -5.9954657    273.56498   -5.9954657    1669.2164    1663.2209 
   12100       121000    426.30702    426.30702    426.30702 0.0038099674     77476049    1.0313617    1.0156908    1.0394568    1.0389375   -6.3269434    287.84582   -6.3269434    1756.3541    1750.0271 
   12150       121500    422.03966    422.03966    422.03966 0.0039267111     75172637    1.0630474    1.0463019    1.0751831    1.0676573   -6.5661901     288.3878   -6.5661901    1759.6611    1753.0949 
   12200       122000    423.71148    423.71148    423.71148 0.0038804138     76069522    1.0123043   0.99391789    1.0298891     1.013106   -6.1267975    275.61249   -6.1267975    1681.7098     1675.583 
   12250       122500    426.66339    426.66339    426.66339 0.0038004287     77670507   0.98345059   0.96741615     0.993486   0.98944961   -8.0583468    274.91418   -8.0583468    1677.4489    1669.3905 
   12300       123000    428.47335    428.47335    428.47335 0.0037524704     78663172    1.0028999    0.9914355     1.011629    1.0056351   -7.1696897    282.08496   -7.1696897    1721.2029    1714.0332 
   12350       123500    430.17598    430.17598    430.17598   0.00370809     79604655   0.98202181   0.96248894   0.99193385   0.99164264   -7.6465913    282.43297   -7.6465913    1723.3264    1715.6798 
   12400       124000    430.55289    430.55289    430.55289 0.0036983601     79814084   0.97891213   0.96841335   0.98603677   0.98228627   -6.6016041    279.36405   -6.6016041    1704.6007    1697.9991 
   12450       124500    427.71002    427.71002    427.71002 0.0037725975     78243499   0.99251544   0.98401956    0.9955458   0.99798096   -6.5179347    275.94217   -6.5179347    1683.7213    1677.2034 
   12500       125000    419.56595    419.56595    419.56595 0.0039965754     73858539    1.0409785    1.0219132     1.051644    1.0493783   -6.9304902    276.08691   -6.9304902    1684.6045     1677.674 
   12550       125500    417.04289    417.04289    417.04289 0.0040695516     72534091    1.0660538    1.0449052    1.0724052    1.0808508   -5.5383602    277.02702   -5.5383602    1690.3408    1684.8025 
   12600       126000    420.13845    420.13845    420.13845 0.0039802601     74161290    1.0420107    1.0266439    1.0513203    1.0480678   -6.2992984    278.89054   -6.2992984    1701.7115    1695.4122 
   12650       126500     425.6633     425.6633     425.6633 0.0038272789     77125611     1.023067    1.0069179    1.0342257    1.0280573    -5.765792    283.90297    -5.765792    1732.2959    1726.5301 
   12700       127000    430.04888    430.04888    430.04888 0.0037113786     79534117   0.99137195   0.98060114   0.99831508   0.99519962   -3.7224955    278.95608   -3.7224955    1702.1114    1698.3889 
   12750       127500    431.06277    431.06277    431.06277  0.003685252     80097975   0.97015301   0.95956147   0.97814312   0.97275445   -7.0216171    279.65346   -7.0216171    1706.3666     1699.345 
   12800       128000    429.48317    429.48317    429.48317 0.0037260636     79220661    1.0090977   0.99271335    1.0162691    1.0183107   -5.8266085    286.38493   -5.8266085    1747.4402    1741.6135 
   12850       128500    428.70728    428.70728    428.70728  0.003746331     78792084    1.0178151    1.0127198    1.0193936     1.021332   -5.9791311    288.00486   -5.9791311    1757.3245    1751.3454 
   12900       129000    429.13232    429.13232    429.13232 0.0037352103     79026668    0.9715846   0.96128971   0.97200633   0.98145777   -5.3496864    275.17342   -5.3496864    1679.0307     1673.681 
   12950       129500    426.64731    426.64731    426.64731 0.0038008583     77661727   0.99051494   0.98117752   0.99101862   0.99934868   -6.4521271    277.73392   -6.4521271    1694.6541     1688.202 
   13000       130000    422.52133    422.52133    422.52133 0.0039132971     75430312    1.0579146    1.0456113    1.0652785    1.0628541   -6.2432626    286.73227   -6.2432626    1749.5595    1743.3162 
   13050       130500    423.07151    423.07151    423.07151   0.00389805     75725357    1.0136647    1.0041967     1.015886    1.0209113   -5.9192804    276.63789   -5.9192804    1687.9664    1682.0472 
   13100       131000    426.17364    426.17364    426.17364  0.003813546     77403347   0.96134769   0.95203468   0.96283434   0.96917406   -5.4155998    267.87491   -5.4155998    1634.4972    1629.0816 
   13150       131500    427.33566    427.33566    427.33566 0.0037825209     78038227   0.98453923   0.97429147   0.98660277   0.99272345   -6.1863646    276.57166   -6.1863646    1687.5623     1681.376 
   13200       132000    427.21754    427.21754    427.21754  0.003785659     77973537    1.0066586   0.99322552    1.0122292    1.0145211   -6.8437876     282.2116   -6.8437876    1721.9756    1715.1319 
   13250       132500    427.83182    427.83182    427.83182 0.0037693762     78310365    0.9986339   0.98276071     1.011569     1.001572   -7.0337417     281.7114   -7.0337417    1718.9236    1711.8898 
   13300       133000    428.58613    428.58613    428.58613 0.0037495088     78725304   0.97840286   0.97069419     0.981031   0.98348338   -6.8230983    276.38468   -6.8230983    1686.4214    1679.5983 
   13350       133500    426.92342    426.92342    426.92342 0.0037934887     77812602   0.98135884   0.97357466   0.98584312   0.98465873   -7.3219099    275.41952   -7.3219099    1680.5323    1673.2104 
   13400       134000    422.92432    422.92432    422.92432 0.0039021212     75646349    1.0466373    1.0392098    1.0576297    1.0430724    -7.630447    284.93937    -7.630447    1738.6198    1730.9893 
   13450       134500     422.9139     422.9139     422.9139 0.0039024097     75640757    1.0453643    1.0318569     1.051284    1.0529521   -7.4829907    284.25711   -7.4829907    1734.4568    1726.9738 
   13500       135000    427.15452    427.15452    427.15452 0.0037873348     77939036   0.96486602   0.95973913    0.9732929   0.96156604    -7.237449    269.73729    -7.237449    1645.8609    1638.6235 
   13550       135500    428.53792    428.53792    428.53792 0.0037507744     78698741   0.96939433   0.96109644   0.97796927   0.96911729   -7.3563255    275.49337   -7.3563255    1680.9829    1673.6266 
   13600       136000    427.07253    427.07253    427.07253 0.0037895166     77894164    1.0168572    1.0046814    1.0267087    1.0191816   -6.6127452    284.18798   -6.6127452     1734.035    1727.4222 
   13650       136500    426.72103    426.72103    426.72103 0.0037988889     77701989    1.0047622    1.0004207    1.0147325   0.99913323   -6.8779071    281.28427   -6.8779071    1716.3173    1709.4394 
   13700       137000    427.19586    427.19586    427.19586 0.0037862355     77961665   0.98140287   0.97289555   0.99191173   0.97940134   -5.5550154    275.13798   -5.5550154    1678.8144    1673.2594 
   13750       137500    426.09823    426.09823    426.09823  0.003815571     77362268    1.0042642     1.001319    1.0126362   0.99883722   -5.0981251    279.42689   -5.0981251    1704.9842     1699.886 
   13800       138000    424.82465    424.82465    424.82465 0.0038499899     76670648    1.0581119    1.0499331    1.0681096     1.056293   -5.4078289    292.11323   -5.4078289    1782.3926    1776.9848 
   13850       138500    428.92252    428.92252    428.92252 0.0037406939     78910820   0.99001641   0.97174068    0.9913161    1.0069924   -4.7611987     278.8573   -4.7611987    1701.5086    1696.7474 
   13900       139000    432.20464    432.20464    432.20464 0.0036561202     80736194   0.93339449   0.92492293   0.94233383   0.93292671   -6.1550974      271.229   -6.1550974    1654.9629    1648.8078 
   13950       139500    429.14891    429.14891    429.14891  0.003734777     79035837   0.99100757   0.98849623   0.99829462   0.98623185   -5.4930682    281.03185   -5.4930682    1714.7772    1709.2841 
   14000       140000    426.17104    426.17104    426.17104 0.0038136158     77401931    1.0506282    1.0400977    1.0834275    1.0283592   0.43308024     284.5049   0.43308024    1735.9687    1736.4018 
   14050       140500    426.28597    426.28597    426.28597 0.0038105319     77464572   0.99190347   0.98193601    1.0082144   0.98555996   -6.7914354    276.89622   -6.7914354    1689.5427    1682.7513 
   14100       141000      425.994      425.994      425.994 0.0038183724     77305510   0.98398895   0.97464681    1.0022334   0.97508662   -7.9400964    274.86686   -7.9400964    1677.1601      1669.22 
   14150       141500    424.98255    424.98255    424.98255 0.0038457002     76756171    1.0225684    1.0094325    1.0427633    1.0155093   -8.4489404     282.1246   -8.4489404    1721.4448    1712.9959 
   14200       142000    426.11171    426.11171    426.11171 0.0038152089     77369609    1.0117859   0.99205788     1.028642    1.0146577   -8.3364659    282.99267   -8.3364659    1726.7415     1718.405 
   14250       142500    427.53223    427.53223    427.53223 0.0037773058     78145970   0.96690239   0.94505827    0.9845851   0.97106381   -8.0582268    273.10198   -8.0582268    1666.3913    1658.3331 
   14300       143000    425.85169    425.85169    425.85169 0.0038222016     77228062    0.9562859   0.93918906   0.97267411   0.95699453   -7.6977475    265.99918   -7.6977475    1623.0521    1615.3543 
   14350       143500    422.74363    422.74363    422.74363  0.003907127     75549432    1.0407263    1.0164074    1.0633254    1.0424461   -6.1058975    282.26053   -6.1058975    1722.2742    1716.1683 
   14400       144000    423.69717    423.69717    423.69717  0.003880807     76061814     1.040794    1.0173443     1.058396    1.0466415    -5.847656    284.26956    -5.847656    1734.5327    1728.6851 
   14450       144500    427.38205    427.38205    427.38205 0.0037812893     78063645    0.9824885   0.96309174   0.99470647    0.9896673   -5.4086428    274.89834   -5.4086428    1677.3522    1671.9436 
   14500       145000    428.50204    428.50204    428.50204 0.0037517167     78678974     0.977203    0.9557343   0.99246511   0.98340959   -5.7578314     276.5163   -5.7578314    1687.2245    1681.4667 
   14550       145500    427.76285    427.76285    427.76285 0.0037711998     78272496    1.0303198    1.0056215    1.0454592    1.0398787   -5.9000359     288.3405   -5.9000359    1759.3725    1753.4725 
   14600       146000     429.4777     429.4777     429.4777  0.003726206     79217634   0.98726953   0.97443911   0.99882616   0.98854334   -6.5566353    282.37333   -6.5566353    1722.9625    1716.4059 
   14650       146500    430.86223    430.86223    430.86223 0.0036904002     79986237   0.96064246   0.94892955   0.97218072   0.96081711    -5.954083    276.57393    -5.954083    1687.5761    1681.6221 
   14700       147000    427.58036    427.58036    427.58036 0.0037760303     78172366    1.0031142   0.98697742    1.0159822    1.0063829   -6.1488705    282.54236   -6.1488705    1723.9939     1717.845 
   14750       147500    420.14597    420.14597    420.14597 0.0039800462     74165277     1.078855    1.0635389    1.0935848    1.0794413   -6.5782643     288.3626   -6.5782643    1759.5073     1752.929 
   14800       148000    420.34893    420.34893    420.34893 0.0039742839     74272809    1.0452961    1.0341182     1.060008     1.041762   -6.8333713    279.44025   -6.8333713    1705.0657    1698.2323 
   14850       148500    424.36328    424.36328    424.36328  0.003862561     76421117    1.0034864   0.98515832    1.0106634    1.0146373   -6.4892998    273.99697   -6.4892998    1671.8523     1665.363 
   14900       149000    427.38329    427.38329    427.38329 0.0037812563     78064327   0.99826009   0.97702296    1.0195829   0.99817441   -7.8519551    279.42247   -7.8519551    1704.9571    1697.1052 
   14950       149500    429.38257    429.38257    429.38257 0.0037286832     79165005   0.99648201    0.9897169    1.0066839   0.99304519   -7.5884265    282.41283   -7.5884265    1723.2035    1715.6151 
   15000       150000    430.49808    430.49808    430.49808 0.0036997729     79783607   0.98073555   0.96645111   0.99404039   0.98171516   -7.5328899    280.35476   -7.5328899    1710.6457    1703.1128 
   15050       150500    429.34269    429.34269    429.34269 0.0037297225     79142945   0.98109628   0.97686011   0.98938397   0.97704475   -7.8051693    279.81187   -7.8051693    1707.3332     1699.528 
   15100       151000    425.89932    425.89932    425.89932 0.0038209196     77253975   0.99191067   0.98416575    1.0054279   0.98613836   -7.6042797    274.94968   -7.6042797    1677.6654    1670.0612 
   15150       151500    421.88162    421.88162    421.88162 0.0039311256     75088219    1.0092816    1.0025102    1.0205209    1.0048136   -7.7005747    273.81353   -7.7005747     1670.733    1663.0324 
   15200       152000    419.91698    419.91698    419.91698 0.0039865611     74044075    1.0621782    1.0511398    1.0791497     1.056245   -7.7793367       281.99   -7.7793367    1720.6235    1712.8442 
   15250       152500    423.61827    423.61827    423.61827 0.0038829759     76019330    1.0476473    1.0367283    1.0639319    1.0422819   -6.2323907     282.8989   -6.2323907    1726.1694     1719.937 
   15300       153000    429.28632    429.28632    429.28632 0.0037311919     79111777   0.99259798   0.98450102    1.0060954   0.98719751   -6.2939693    282.35562   -6.2939693    1722.8544    1716.5604 
   15350       153500    432.31963    432.31963    432.31963 0.0036532036     80800651   0.99104029   0.97907038    1.0047982   0.98925225   -5.5685003    288.30227   -5.5685003    1759.1392    1753.5707 
   15400       154000    433.45551    433.45551    433.45551 0.0036245587     81439217   0.96328069   0.95094378   0.97559362   0.96330466   -5.4413306    281.80068   -5.4413306    1719.4683     1714.027 
   15450       154500    430.49653    430.49653    430.49653  0.003699813     79782742   0.96511003    0.9542301   0.98470304   0.95639695   -5.7044878    276.76503   -5.7044878    1688.7422    1683.0378 
   15500       155000    425.22496    425.22496    425.22496 0.0038391271     76887588    1.0249964    1.0189384    1.0375888    1.0184619   -5.9000015    282.43841   -5.9000015    1723.3596    1717.4596 
   15550       155500    424.12041    424.12041    424.12041 0.0038692003     76289982    1.0215868     1.012122    1.0375526    1.0150857   -6.4218039    281.29113   -6.4218039    1716.3592    1709.9374 
   15600       156000    425.27587    425.27587    425.27587 0.0038377485     76915208    1.0026423   0.98968989    1.0274855   0.99075165   -6.4638608    277.09277   -6.4638608     1690.742    1684.2781 
   15650       156500    426.68483    426.68483    426.68483 0.0037998558     77682218   0.99690131    0.9885629    1.0146457   0.98749531    -6.594272    278.83062    -6.594272    1701.3459    1694.7516 
   15700       157000    428.44426    428.44426    428.44426  0.003753235     78647147    1.0259689    1.0200993    1.0421908    1.0156165   -5.8998563    290.41655   -5.8998563    1772.0399    1766.1401 
   15750       157500      432.142      432.142      432.142 0.0036577102     80701098   0.97100406   0.96118364   0.98652858   0.96529996     -5.81264    282.64827     -5.81264    1724.6401    1718.8275 
   15800       158000    432.97048    432.97048    432.97048 0.0036367534     81166136   0.95387315   0.94567807   0.96991534   0.94602603   -5.1844852    277.76798   -5.1844852    1694.8619    1689.6774 
   15850       158500    429.78003    429.78003    429.78003  0.003718348     79385046   0.99160944   0.98440075    1.0086457   0.98178193   -5.4386665    282.30243   -5.4386665    1722.5299    1717.0912 
   15900       159000    427.22711    427.22711    427.22711 0.0037854048     77978773    1.0058912   0.99451377    1.0265109   0.99664891   -7.7853233    282.19535   -7.7853233    1721.8765    1714.0911 
   15950       159500     426.3832     426.3832     426.3832 0.0038079257     77517590   0.98287434   0.97233606    1.0059184   0.97036856   -7.2550181    271.26634   -7.2550181    1655.1908    1647.9357 
   16000       160000    424.49087    424.49087    424.49087 0.0038590791     76490069   0.98671552   0.97337013    1.0107106   0.97606581   -8.1045675    271.66583   -8.1045675    1657.6283    1649.5238 
   16050       160500    423.29076    423.29076    423.29076 0.0038919958     75843150    1.0685926    1.0559609    1.0923309    1.0574861    -7.179516    290.48337    -7.179516    1772.4477    1765.2681 
   16100       161000    427.17138    427.17138    427.17138 0.0037868866     77948262    0.9916911   0.98296376    1.0112996   0.98080996   -6.0291818    279.32172   -6.0291818    1704.3424    1698.3132 
   16150       161500    428.98671    428.98671    428.98671 0.0037390151     78946250    0.9631042   0.95112926   0.98016928   0.95801406   -5.6849498    272.99101   -5.6849498    1665.7142    1660.0293 
   16200       162000     427.5704     427.5704     427.5704 0.0037762944     78166900     1.007033   0.99965019    1.0324021   0.98904666    -6.520798    282.98906    -6.520798    1726.7195    1720.1987 
   16250       162500    427.37011    427.37011    427.37011 0.0037816063     78057102    1.0270206    1.0187214      1.04895    1.0133905   -5.4864808    286.26527   -5.4864808      1746.71    1741.2235 
   16300       163000    428.64349    428.64349    428.64349 0.0037480038     78756917   0.97646477   0.97124762   0.99921685   0.95892985   -4.9154855    275.53555   -4.9154855    1681.2403    1676.3248 
   16350       163500    427.64083    427.64083    427.64083 0.0037744289     78205533   0.97164904   0.96588976   0.99082159   0.95823577   -4.3497899    273.31416   -4.3497899     1667.686    1663.3362 
   16400       164000    426.09987    426.09987    426.09987  0.003815527     77363160     1.050271    1.0417752    1.0712559    1.0377821   -3.9859509    292.17461   -3.9859509    1782.7671    1778.7812 
   16450       164500    428.23569    428.23569    428.23569 0.0037587214     78532350    1.0148327    1.0078075    1.0374871   0.99920362    -4.040341    287.24899    -4.040341    1752.7124     1748.672 
   16500       165000    430.32457    430.32457    430.32457 0.0037042501     79687174   0.96012837   0.95432628    0.9803123   0.94574654   -3.7334367    275.56522   -3.7334367    1681.4213    1677.6879 
   16550       165500    428.68642    428.68642    428.68642  0.003746878     78780580   0.97976425    0.9728523    1.0015293   0.96491114   -3.7691349    278.18467   -3.7691349    1697.4045    1693.6353 
   16600       166000    425.78158    425.78158    425.78158 0.0038240902     77189922    1.0390279    1.0300238    1.0565045    1.0305553   -4.1901041    287.04369   -4.1901041    1751.4597    1747.2696 
   16650       166500    426.33124    426.33124    426.33124 0.0038093183     77489252    1.0002893   0.99297893    1.0233627    0.9845264   -4.3677936    279.08997   -4.3677936    1702.9284    1698.5606 
   16700       167000    427.01237    427.01237    427.01237 0.0037911184     77861251   0.96604776    0.9548258   0.99525582   0.94806165    -4.266507    270.47969    -4.266507    1650.3908    1646.1243 
   16750       167500    424.60193    424.60193    424.60193 0.0038560517     76550121    1.0236344    1.0135009    1.0513629    1.0060395   -5.9016279     281.0915   -5.9016279    1715.1411    1709.2395 
   16800       168000     423.3237     423.3237     423.3237 0.0038910874     75860858    1.0404669    1.0289978    1.0657316    1.0266712   -5.9550188    284.58223   -5.9550188    1736.4406    1730.4855 
   16850       168500    426.94453    426.94453    426.94453 0.0037929259     77824148   0.98311877   0.97774002    1.0025647   0.96905159   -5.9299689    276.01334   -5.9299689    1684.1556    1678.2257 
   16900       169000    431.91993    431.91993    431.91993 0.0036633549     80576749   0.94128721   0.93213902   0.96191325   0.92980936   -5.9495193    273.52841   -5.9495193    1668.9933    1663.0438 
   16950       169500    431.40827    431.40827    431.40827 0.0036764049     80290728   0.97463303   0.97390226   0.98793589   0.96206095   -6.1403193    280.53514   -6.1403193    1711.7464     1705.606 
   17000       170000    427.97922    427.97922    427.97922 0.0037654829     78391333    1.0136758     1.001957    1.0268924    1.0121781   -6.4926709    284.74388   -6.4926709    1737.4269    1730.9342 
   17050       170500    425.59298    425.59298    425.59298 0.0038291763     77087394    1.0079759    1.0035706    1.0192077    1.0011493   -6.6920899    279.49465   -6.6920899    1705.3976    1698.7055 
   17100       171000    424.27852    424.27852    424.27852 0.0038648762     76375338     1.002935   0.99457271    1.0136911    1.0005411   -6.1614786    275.86267   -6.1614786    1683.2363    1677.0748 
   17150       171500    423.39457    423.39457    423.39457 0.0038891337     75898965    1.0263412    1.0291142    1.0380711    1.0118384   -6.4022709    279.64135   -6.4022709    1706.2927    1699.8904 
   17200       172000    425.31197    425.31197    425.31197 0.0038367713     76934798    1.0287114    1.0202638    1.0424298    1.0234405   -6.5696966    284.52575   -6.5696966    1736.0959    1729.5262 
   17250       172500    432.44175    432.44175    432.44175 0.0036501095     80869143   0.99203971   0.99068634    1.0017342   0.98369861   -6.3421244    288.60464   -6.3421244    1760.9842     1754.642 
   17300       173000    435.98629    435.98629    435.98629 0.0035618056     82874040   0.94564492   0.94427103   0.95504782   0.93761592   -5.7717787    281.59828   -5.7717787    1718.2333    1712.4616 
   17350       173500    433.31677    433.31677    433.31677 0.0036280414     81361042   0.95183721   0.93915747   0.96753163   0.94882252   -5.2197642    278.48172   -5.2197642     1699.217    1693.9972 
   17400       174000    428.24736    428.24736    428.24736 0.0037584143     78538766   0.97396983   0.96347116    0.9892269   0.96921144   -5.2545967    275.93874   -5.2545967    1683.7004    1678.4458 
   17450       174500    424.07733    424.07733    424.07733 0.0038703797     76266736   0.98307716   0.96951446    1.0008347   0.97888235   -5.2364428    269.31987   -5.2364428    1643.3139    1638.0775 
   17500       175000    421.40263    421.40263    421.40263 0.0039445459     74832752    1.0414191    1.0277991     1.054549    1.0419093   -4.8773903    277.88923   -4.8773903    1695.6017    1690.7243 
   17550       175500    422.57845    422.57845    422.57845 0.0039117103     75460912     1.032172     1.027545    1.0436669     1.025304   -5.4749457    280.21348   -5.4749457    1709.7837    1704.3087 
   17600       176000    426.19281    426.19281    426.19281 0.0038130313     77413795   0.99520456   0.98621868    1.0086392   0.99075579   -5.8410074    277.75446   -5.8410074    1694.7795    1688.9384 
   17650       176500    428.80436    428.80436    428.80436 0.0037437871     78845622    0.9958277    0.9927516    1.0085272    0.9862043   -6.4651587    281.63883   -6.4651587    1718.4808    1712.0156 
   17700       177000    430.59677    430.59677    430.59677 0.0036972297     79838486    1.0047917   0.99882643    1.0164246   0.99912403   -7.4581162     289.5907   -7.4581162    1767.0008    1759.5427 
   17750       177500     432.3138     432.3138     432.3138 0.0036533512     80797386   0.96883389   0.96908472   0.97617593   0.96124102   -6.9622642    280.99405   -6.9622642    1714.5465    1707.5842 
   17800       178000      430.802      430.802      430.802 0.0036919482     79952699   0.95517639   0.94415238   0.97259249    0.9487843   -5.0264435    271.80645   -5.0264435    1658.4863    1653.4599 
   17850       178500    426.98652    426.98652    426.98652 0.0037918072     77847107    1.0070428    1.0041589    1.0173133   0.99965615    -6.728618    282.68947    -6.728618    1724.8915    1718.1629 
   17900       179000    426.35018    426.35018    426.35018 0.0038088105     77499583    1.0275689    1.0251673    1.0320561    1.0254834   -5.6753196    285.33116   -5.6753196    1741.0103     1735.335 
   17950       179500    427.72621    427.72621    427.72621  0.003772169     78252386   0.97361626   0.96984134   0.98427635   0.96673109    -5.074292     274.2681    -5.074292    1673.5066    1668.4323 
   18000       180000    426.73225    426.73225    426.73225 0.0037985893     77708118   0.97959593   0.97189218   0.98878088   0.97811475   -4.7576739    273.05109   -4.7576739    1666.0808    1661.3231 
   18050       180500    424.24828    424.24828    424.24828 0.0038657027     76359009    1.0556013     1.046521    1.0680242    1.0522588   -5.7301967    290.38511   -5.7301967    1771.8481    1766.1179 
   18100       181000    426.45217    426.45217    426.45217 0.0038060786     77555211    1.0267899    1.0194696    1.0411202      1.01978   -4.4904698    285.42386   -4.4904698    1741.5759    1737.0855 
   18150       181500     430.8464     430.8464     430.8464 0.0036908069     79977423   0.96118913   0.94882225   0.97205173   0.96269342   -3.7803125    275.07218   -3.7803125    1678.4129    1674.6326 
   18200       182000    430.76204    430.76204    430.76204 0.0036929757     79930455   0.97011814   0.95818332   0.98321345   0.96895764    -3.979896    279.49998    -3.979896    1705.4301    1701.4502 
   18250       182500    428.97152    428.97152    428.97152 0.0037394122     78937868    1.0182651    1.0069887    1.0283305    1.0194761   -4.6032293    287.95927   -4.6032293    1757.0463    1752.4431 
   18300       183000    429.14477    429.14477    429.14477 0.0037348853     79033545   0.97603289   0.96453047   0.98698376   0.97658443   -5.7780499    277.80173   -5.7780499    1695.0678    1689.2898 
   18350       183500    427.58102    427.58102    427.58102  0.003776013     78172725   0.97502222   0.96939774   0.98495604   0.97071288   -5.4938097    273.03048   -5.4938097    1665.9551    1660.4613 
   18400       184000    424.53692    424.53692    424.53692 0.0038578233     76514968    1.0324136    1.0248258    1.0458273    1.0265877    -6.024897    282.10008    -6.024897    1721.2952    1715.2703 
   18450       184500    424.62166    424.62166    424.62166 0.0038555141     76560795    1.0258083    1.0179467     1.036036    1.0234423   -6.5864956    282.78611   -6.5864956    1725.4812    1718.8947 
   18500       185000    427.19769    427.19769    427.19769 0.0037861869     77962665   0.97628226   0.96162849   0.99177583   0.97544246   -5.8039504    272.99866   -5.8039504    1665.7609    1659.9569 
   18550       185500     427.6512     427.6512     427.6512 0.0037741541     78211227   0.96503049    0.9486319   0.97966256   0.96679701   -6.0009567    270.99352   -6.0009567    1653.5261    1647.5251 
   18600       186000    425.31003    425.31003    425.31003 0.0038368237     76933747    1.0428414    1.0371547    1.0519138    1.0394557   -4.9470737     287.1826   -4.9470737    1752.3073    1747.3602 
   18650       186500    426.23144    426.23144    426.23144 0.0038119948     77434845    1.0240378    1.0061944    1.0317239    1.0341953   -3.9132773    283.30448   -3.9132773    1728.6441    1724.7308 
   18700       187000    429.30098    429.30098    429.30098 0.0037308096     79119883   0.96251769   0.95381271   0.97105918   0.96268117    -4.157656    273.02096    -4.157656     1665.897    1661.7393 
   18750       187500    429.05308    429.05308    429.05308 0.0037372801     78982901   0.98129111   0.97037931   0.99819146   0.97530257   -5.1472552    279.20152   -5.1472552     1703.609    1698.4618 
   18800       188000    426.93696    426.93696    426.93696 0.0037931278     77820006    1.0335743    1.0193633    1.0520242    1.0293353   -5.2981821     288.7663   -5.2981821    1761.9706    1756.6724 
   18850       188500    427.27507    427.27507    427.27507 0.0037841303     78005037    1.0111845    1.0022515    1.0229977    1.0083043    -6.553858    283.62518    -6.553858    1730.6009     1724.047 
   18900       189000    429.61875    429.61875    429.61875 0.0037225373     79295706   0.96803645   0.95739346   0.98499502   0.96172087   -7.2151703    277.03765   -7.2151703    1690.4057    1683.1905 
   18950       189500    430.32688    430.32688    430.32688 0.0037041903     79688460   0.97136802   0.96073165   0.98583189   0.96754052    -7.116934    278.19307    -7.116934    1697.4557    1690.3388 
   19000       190000    427.93637    427.93637    427.93637 0.0037666142     78367789    1.0177785    1.0092437     1.034287    1.0098049    -7.312862    288.31553    -7.312862    1759.2201    1751.9072 
   19050       190500    426.48051    426.48051    426.48051 0.0038053198     77570674    1.0172789    1.0099514    1.0349549    1.0069305   -6.6143578    282.91912   -6.6143578    1726.2927    1719.6784 
   19100       191000    426.65142    426.65142    426.65142 0.0038007487     77663968   0.98211616    0.9662989    1.0030749   0.97697469   -7.1008476    273.44932   -7.1008476    1668.5107    1661.4099 
   19150       191500     425.6721     425.6721     425.6721 0.0038270415     77130395    1.0038625   0.99111856    1.0236516   0.99681737   -6.6321968    279.57423   -6.6321968    1705.8832     1699.251 
   19200       192000    424.86912    424.86912    424.86912 0.0038487812     76694728    1.0328466     1.022352    1.0536371    1.0225506   -6.1168499    285.07152   -6.1168499    1739.4261    1733.3092 
   19250       192500    427.32508    427.32508    427.32508 0.0037828017     78032434   0.98757954   0.97552925    1.0116484   0.97556094   -6.0314782    276.95049   -6.0314782    1689.8738    1683.8423 
   19300       193000     429.9684     429.9684     429.9684  0.003713463     79489475   0.92711498   0.91438027   0.94571682   0.92124784   -6.1459871    266.05276   -6.1459871     1623.379     1617.233 
   19350       193500    426.43291    426.43291    426.43291 0.0038065943     77544703    1.0229356    1.0065468    1.0396528    1.0226071   -5.1324787     283.9099   -5.1324787    1732.3382    1727.2057 
   19400       194000    423.83815    423.83815    423.83815 0.0038769357     76137767    1.0547514    1.0422401    1.0748008    1.0472134   -5.4884803    288.08417   -5.4884803    1757.8084    1752.3199 
   19450       194500    425.95561    425.95561    425.95561 0.0038194048     77284613   0.98819205   0.97402559    1.0108757   0.97967484   -7.2374463    275.77762   -7.2374463    1682.7173    1675.4799 
   19500       195000    427.97234    427.97234    427.97234 0.0037656646     78387551   0.97320195   0.96039599   0.99256665    0.9666432    -7.236572    273.88296    -7.236572    1671.1566      1663.92 
   19550       195500    428.26093    428.26093    428.26093 0.0037580571     78546232    1.0065661   0.98563483    1.0297447    1.0043187    -5.236487    282.74994    -5.236487    1725.2604     1720.024 
   19600       196000     429.1123     429.1123     429.1123 0.0037357331     79015609   0.99933265   0.98444637    1.0208308   0.99272076   -5.7291624    282.78356   -5.7291624    1725.4656    1719.7364 
   19650       196500     430.8159     430.8159     430.8159 0.0036915909     79960437   0.97000339   0.96421002   0.98639692   0.95940323   -5.8898916     278.1791   -5.8898916    1697.3705    1691.4806 
   19700       197000    429.92769    429.92769    429.92769  0.003714518     79466899   0.98164535   0.97893115   0.98888173   0.97712317   -6.2693404    280.13791   -6.2693404    1709.3226    1703.0532 
   19750       197500    426.12376    426.12376    426.12376 0.0038148853     77376173    1.0263569    1.0188768    1.0353351    1.0248588   -5.7282465    285.23781   -5.7282465    1740.4407    1734.7125 
   19800       198000    423.11144    423.11144    423.11144 0.0038969463     75746803    1.0066289    1.0004261    1.0207911   0.99866962   -6.5681657    275.20034   -6.5681657    1679.1949    1672.6268 
   19850       198500    420.75127    420.75127    420.75127 0.0039628936     74486285    1.0330049    1.0277522    1.0432069    1.0280555   -7.7363577    275.60775   -7.7363577    1681.6808    1673.9445 
   19900       199000    421.32551    421.32551    421.32551 0.0039467124     74791674    1.0466538      1.03225    1.0677011    1.0400102   -7.1008329    280.96738   -7.1008329    1714.3838    1707.2829 
   19950       199500    427.52688    427.52688    427.52688 0.0037774477     78143035   0.99365796   0.98515043    1.0078342   0.98798922   -5.6219825     279.7358   -5.6219825     1706.869     1701.247 
   20000       200000    431.71375    431.71375    431.71375 0.0036686063     80461408   0.97437191   0.96667056   0.98696481   0.96948036   -5.1194374    282.55607   -5.1194374    1724.0775    1718.9581 
Loop time of 1.99273 on 4 procs for 20000 steps with 2048 atoms

Performance: 8671.515 ns/day, 0.003 hours/ns, 10036.476 timesteps/s
99.2% CPU use with 4 MPI tasks x no OpenMP threads

MPI task timing breakdown:
Section |  min time  |  avg time  |  max time  |%varavg| %total
---------------------------------------------------------------
Pair    | 0.10851    | 0.11125    | 0.11411    |   0.7 |  5.58
Neigh   | 0.30221    | 0.30425    | 0.30781    |   0.4 | 15.27
Comm    | 0.38193    | 0.40446    | 0.41977    |   2.3 | 20.30
Output  | 0.098003   | 0.098548   | 0.10011    |   0.3 |  4.95
Modify  | 1.0023     | 1.0146     | 1.0322     |   1.2 | 50.91
Other   |            | 0.05965    |            |       |  2.99

Nlocal:    512 ave 524 max 502 min
Histogram: 2 0 0 0 0 0 0 0 1 1
Nghost:    184 ave 198 max 173 min
Histogram: 1 1 0 0 0 0 1 0 0 1
Neighs:    69.5 ave 84 max 60 min
Histogram: 1 1 0 0 1 0 0 0 0 1

Total # of neighbors = 278
Ave neighs/atom = 0.135742
Neighbor list builds = 1844
Dangerous builds = 1256

write_restart phasetrans.lastconfig
quit
